2019-11-05 03:07:54,697 [main] INFO com.odoo.webutils.MyTestListener - Framework execution starts
2019-11-05 03:08:03,225 [main] INFO com.odoo.webutils.MyTestListener - Browser Launched and maximized
2019-11-05 03:08:05,897 [main] INFO com.odoo.webutils.MyTestListener - newCustomer script execution starts
2019-11-05 03:09:02,249 [main] INFO com.odoo.webutils.MyTestListener - newCustomer script is passed
2019-11-05 03:09:14,960 [main] INFO com.odoo.webutils.MyTestListener - createOpportunity script execution starts
2019-11-05 03:10:09,817 [main] INFO com.odoo.webutils.MyTestListener - createOpportunity script is passed
2019-11-05 03:10:22,282 [main] INFO com.odoo.webutils.MyTestListener - scheduledActivity script execution starts
2019-11-05 03:10:39,194 [main] FATAL com.odoo.webutils.MyTestListener - no such element: Unable to locate element: {"method":"xpath","selector":"//div[@name='activity_type_id']//input"}
  (Session info: chrome=78.0.3904.87)
For documentation on this error, please visit: https://www.seleniumhq.org/exceptions/no_such_element.html
Build info: version: '3.141.59', revision: 'e82be7d358', time: '2018-11-14T08:17:03'
System info: host: 'ALAM-PC', ip: '192.168.2.105', os.name: 'Windows 7', os.arch: 'amd64', os.version: '6.1', java.version: '1.8.0_201'
Driver info: org.openqa.selenium.chrome.ChromeDriver
Capabilities {acceptInsecureCerts: false, browserName: chrome, browserVersion: 78.0.3904.87, chrome: {chromedriverVersion: 78.0.3904.70 (edb9c9f3de024..., userDataDir: C:\Users\Alam\AppData\Local...}, goog:chromeOptions: {debuggerAddress: localhost:53834}, javascriptEnabled: true, networkConnectionEnabled: false, pageLoadStrategy: normal, platform: XP, platformName: XP, proxy: Proxy(), setWindowRect: true, strictFileInteractability: false, timeouts: {implicit: 0, pageLoad: 300000, script: 30000}, unhandledPromptBehavior: dismiss and notify}
Session ID: 0dc2a34501de531808b8daff4c1fa7e3
*** Element info: {Using=xpath, value=//div[@name='activity_type_id']//input}
2019-11-05 03:10:39,322 [main] WARN com.odoo.webutils.MyTestListener - scheduledActivity script is failed
2019-11-05 03:10:41,199 [main] INFO com.odoo.webutils.MyTestListener - Screenshot has been taken 
2019-11-05 03:10:46,393 [main] FATAL com.odoo.webutils.MyTestListener - element click intercepted: Element <a aria-expanded="false" class="dropdown-toggle" data-display="static" data-toggle="dropdown" href="#" role="button">...</a> is not clickable at point (1263, 23). Other element would receive the click: <div role="dialog" class="modal o_technical_modal show" tabindex="-1" data-backdrop="static" id="modal_122" open="open" aria-modal="true" style="display: block;">...</div>
  (Session info: chrome=78.0.3904.87)
Build info: version: '3.141.59', revision: 'e82be7d358', time: '2018-11-14T08:17:03'
System info: host: 'ALAM-PC', ip: '192.168.2.105', os.name: 'Windows 7', os.arch: 'amd64', os.version: '6.1', java.version: '1.8.0_201'
Driver info: org.openqa.selenium.chrome.ChromeDriver
Capabilities {acceptInsecureCerts: false, browserName: chrome, browserVersion: 78.0.3904.87, chrome: {chromedriverVersion: 78.0.3904.70 (edb9c9f3de024..., userDataDir: C:\Users\Alam\AppData\Local...}, goog:chromeOptions: {debuggerAddress: localhost:53834}, javascriptEnabled: true, networkConnectionEnabled: false, pageLoadStrategy: normal, platform: XP, platformName: XP, proxy: Proxy(), setWindowRect: true, strictFileInteractability: false, timeouts: {implicit: 0, pageLoad: 300000, script: 30000}, unhandledPromptBehavior: dismiss and notify}
Session ID: 0dc2a34501de531808b8daff4c1fa7e3
2019-11-05 03:10:46,436 [main] INFO com.odoo.webutils.MyTestListener - creatSalesAct script execution starts
2019-11-05 03:10:46,440 [main] INFO com.odoo.webutils.MyTestListener - creatSalesAct script is skipped
2019-11-05 03:10:46,447 [main] INFO com.odoo.webutils.MyTestListener - createEmailAct script execution starts
2019-11-05 03:10:46,453 [main] INFO com.odoo.webutils.MyTestListener - createEmailAct script is skipped
2019-11-05 03:10:49,329 [main] INFO com.odoo.webutils.MyTestListener - Browser Closed
2019-11-05 03:10:49,826 [main] INFO com.odoo.webutils.MyTestListener - ExcelReport generated
2019-11-05 03:10:49,827 [main] INFO com.odoo.webutils.MyTestListener - Framework execution Time Taken: 175.0seconds
2019-11-05 03:10:49,828 [main] INFO com.odoo.webutils.MyTestListener - Framework execution ends
