2019-10-21 00:49:29,855 [main] INFO com.odoo.webutils.MyTestListener - Framework execution starts
2019-10-21 00:49:40,646 [main] INFO com.odoo.webutils.MyTestListener - Browser Launched and maximized
2019-10-21 00:49:45,396 [main] INFO com.odoo.webutils.MyTestListener - createSalesTeam script execution starts
2019-10-21 00:50:51,984 [main] FATAL com.odoo.webutils.MyTestListener - element click intercepted: Element <input class="o_field_char o_field_widget o_input oe_inline" name="alias_name" placeholder="" type="text" id="o_field_input_122"> is not clickable at point (256, 342). Other element would receive the click: <div class="blockUI blockOverlay" style="z-index: 1100; border: none; margin: 0px; padding: 0px; width: 100%; height: 100%; top: 0px; left: 0px; background-color: rgb(0, 0, 0); opacity: 0.6; cursor: wait; position: fixed;"></div>
  (Session info: chrome=77.0.3865.120)
Build info: version: '3.141.59', revision: 'e82be7d358', time: '2018-11-14T08:17:03'
System info: host: 'LAPTOP-RQOJ408I', ip: '192.168.0.120', os.name: 'Windows 10', os.arch: 'amd64', os.version: '10.0', java.version: '1.8.0_211'
Driver info: org.openqa.selenium.chrome.ChromeDriver
Capabilities {acceptInsecureCerts: false, browserName: chrome, browserVersion: 77.0.3865.120, chrome: {chromedriverVersion: 77.0.3865.40 (f484704e052e0..., userDataDir: C:\Users\ASUS\AppData\Local...}, goog:chromeOptions: {debuggerAddress: localhost:56834}, javascriptEnabled: true, networkConnectionEnabled: false, pageLoadStrategy: normal, platform: XP, platformName: XP, proxy: Proxy(), setWindowRect: true, strictFileInteractability: false, timeouts: {implicit: 0, pageLoad: 300000, script: 30000}, unhandledPromptBehavior: dismiss and notify}
Session ID: 2a05fc6de3f8fc281d26007d0a28a91e
2019-10-21 00:50:51,988 [main] WARN com.odoo.webutils.MyTestListener - createSalesTeam script is failed
2019-10-21 00:50:52,386 [main] INFO com.odoo.webutils.MyTestListener - Screenshot has been taken 
2019-10-21 00:51:08,639 [main] INFO com.odoo.webutils.MyTestListener - deleteSalesTeam script execution starts
2019-10-21 00:51:11,692 [main] FATAL com.odoo.webutils.MyTestListener - no such element: Unable to locate element: {"method":"xpath","selector":"//input[@id='login']"}
  (Session info: chrome=77.0.3865.120)
For documentation on this error, please visit: https://www.seleniumhq.org/exceptions/no_such_element.html
Build info: version: '3.141.59', revision: 'e82be7d358', time: '2018-11-14T08:17:03'
System info: host: 'LAPTOP-RQOJ408I', ip: '192.168.0.120', os.name: 'Windows 10', os.arch: 'amd64', os.version: '10.0', java.version: '1.8.0_211'
Driver info: org.openqa.selenium.chrome.ChromeDriver
Capabilities {acceptInsecureCerts: false, browserName: chrome, browserVersion: 77.0.3865.120, chrome: {chromedriverVersion: 77.0.3865.40 (f484704e052e0..., userDataDir: C:\Users\ASUS\AppData\Local...}, goog:chromeOptions: {debuggerAddress: localhost:56834}, javascriptEnabled: true, networkConnectionEnabled: false, pageLoadStrategy: normal, platform: XP, platformName: XP, proxy: Proxy(), setWindowRect: true, strictFileInteractability: false, timeouts: {implicit: 0, pageLoad: 300000, script: 30000}, unhandledPromptBehavior: dismiss and notify}
Session ID: 2a05fc6de3f8fc281d26007d0a28a91e
*** Element info: {Using=xpath, value=//input[@id='login']}
2019-10-21 00:51:11,708 [main] WARN com.odoo.webutils.MyTestListener - deleteSalesTeam script is failed
2019-10-21 00:51:12,504 [main] INFO com.odoo.webutils.MyTestListener - Screenshot has been taken 
2019-10-21 00:51:29,343 [main] INFO com.odoo.webutils.MyTestListener - Browser Closed
2019-10-21 00:51:29,393 [main] INFO com.odoo.webutils.MyTestListener - ExcelReport generated
2019-10-21 00:51:29,393 [main] INFO com.odoo.webutils.MyTestListener - Framework execution Time Taken: 119.0seconds
2019-10-21 00:51:29,393 [main] INFO com.odoo.webutils.MyTestListener - Framework execution ends
