2019-10-16 12:06:50,013 [main] INFO com.odoo.webutils.MyTestListener - Framework execution starts
2019-10-16 12:07:00,610 [main] INFO com.odoo.webutils.MyTestListener - Browser Launched and maximized
2019-10-16 12:07:02,284 [main] INFO com.odoo.webutils.MyTestListener - validLoginTest script execution starts
2019-10-16 12:07:02,302 [main] WARN com.odoo.webutils.MyTestListener - validLoginTest script is failed
2019-10-16 12:07:03,107 [main] INFO com.odoo.webutils.MyTestListener - Screenshot has been taken 
2019-10-16 12:07:03,139 [main] FATAL com.odoo.webutils.MyTestListener - no such element: Unable to locate element: {"method":"xpath","selector":"//li[@class='o_user_menu']/a"}
  (Session info: chrome=77.0.3865.120)
For documentation on this error, please visit: https://www.seleniumhq.org/exceptions/no_such_element.html
Build info: version: '3.141.59', revision: 'e82be7d358', time: '2018-11-14T08:17:03'
System info: host: 'LAPTOP-VVD7DET5', ip: '192.168.0.120', os.name: 'Windows 10', os.arch: 'amd64', os.version: '10.0', java.version: '1.8.0_201'
Driver info: org.openqa.selenium.chrome.ChromeDriver
Capabilities {acceptInsecureCerts: false, browserName: chrome, browserVersion: 77.0.3865.120, chrome: {chromedriverVersion: 77.0.3865.40 (f484704e052e0..., userDataDir: C:\Users\HP\AppData\Local\T...}, goog:chromeOptions: {debuggerAddress: localhost:49464}, javascriptEnabled: true, networkConnectionEnabled: false, pageLoadStrategy: normal, platform: XP, platformName: XP, proxy: Proxy(), setWindowRect: true, strictFileInteractability: false, timeouts: {implicit: 0, pageLoad: 300000, script: 30000}, unhandledPromptBehavior: dismiss and notify}
Session ID: 913ec79c91c2b381c57107415ae3d9c8
*** Element info: {Using=xpath, value=//li[@class='o_user_menu']/a}
2019-10-16 12:07:03,154 [main] INFO com.odoo.webutils.MyTestListener - createCustomer script execution starts
2019-10-16 12:07:03,154 [main] INFO com.odoo.webutils.MyTestListener - createCustomer script is skipped
2019-10-16 12:07:03,170 [main] INFO com.odoo.webutils.MyTestListener - createOppExitingCus script execution starts
2019-10-16 12:07:03,170 [main] INFO com.odoo.webutils.MyTestListener - createOppExitingCus script is skipped
2019-10-16 12:07:03,951 [main] INFO com.odoo.webutils.MyTestListener - Browser Closed
2019-10-16 12:07:04,485 [main] INFO com.odoo.webutils.MyTestListener - ExcelReport generated
2019-10-16 12:07:04,485 [main] INFO com.odoo.webutils.MyTestListener - Framework execution Time Taken: 14.0seconds
2019-10-16 12:07:04,485 [main] INFO com.odoo.webutils.MyTestListener - Framework execution ends
