2019-10-18 22:49:50,203 [main] INFO com.odoo.webutils.MyTestListener - Framework execution starts
2019-10-18 22:49:55,550 [main] INFO com.odoo.webutils.MyTestListener - Browser Launched and maximized
2019-10-18 22:50:02,959 [main] INFO com.odoo.webutils.MyTestListener - createCustomer script execution starts
2019-10-18 22:50:20,839 [main] FATAL com.odoo.webutils.MyTestListener - no such element: Unable to locate element: {"method":"xpath","selector":"//div[text()='CRM']"}
  (Session info: chrome=77.0.3865.120)
For documentation on this error, please visit: https://www.seleniumhq.org/exceptions/no_such_element.html
Build info: version: '3.141.59', revision: 'e82be7d358', time: '2018-11-14T08:17:03'
System info: host: 'ADARSH', ip: '192.168.1.225', os.name: 'Windows 8', os.arch: 'amd64', os.version: '6.2', java.version: '1.8.0_201'
Driver info: org.openqa.selenium.chrome.ChromeDriver
Capabilities {acceptInsecureCerts: false, browserName: chrome, browserVersion: 77.0.3865.120, chrome: {chromedriverVersion: 77.0.3865.40 (f484704e052e0..., userDataDir: C:\Users\ANSHU\AppData\Loca...}, goog:chromeOptions: {debuggerAddress: localhost:59175}, javascriptEnabled: true, networkConnectionEnabled: false, pageLoadStrategy: normal, platform: XP, platformName: XP, proxy: Proxy(), setWindowRect: true, strictFileInteractability: false, timeouts: {implicit: 0, pageLoad: 300000, script: 30000}, unhandledPromptBehavior: dismiss and notify}
Session ID: 8f1d2612d77d8acb59449b17e76e753b
*** Element info: {Using=xpath, value=//div[text()='CRM']}
2019-10-18 22:50:20,867 [main] WARN com.odoo.webutils.MyTestListener - createCustomer script is failed
2019-10-18 22:50:21,370 [main] INFO com.odoo.webutils.MyTestListener - Screenshot has been taken 
2019-10-18 22:50:21,402 [main] FATAL com.odoo.webutils.MyTestListener - no such element: Unable to locate element: {"method":"xpath","selector":"//li[@class='o_user_menu']/a"}
  (Session info: chrome=77.0.3865.120)
For documentation on this error, please visit: https://www.seleniumhq.org/exceptions/no_such_element.html
Build info: version: '3.141.59', revision: 'e82be7d358', time: '2018-11-14T08:17:03'
System info: host: 'ADARSH', ip: '192.168.1.225', os.name: 'Windows 8', os.arch: 'amd64', os.version: '6.2', java.version: '1.8.0_201'
Driver info: org.openqa.selenium.chrome.ChromeDriver
Capabilities {acceptInsecureCerts: false, browserName: chrome, browserVersion: 77.0.3865.120, chrome: {chromedriverVersion: 77.0.3865.40 (f484704e052e0..., userDataDir: C:\Users\ANSHU\AppData\Loca...}, goog:chromeOptions: {debuggerAddress: localhost:59175}, javascriptEnabled: true, networkConnectionEnabled: false, pageLoadStrategy: normal, platform: XP, platformName: XP, proxy: Proxy(), setWindowRect: true, strictFileInteractability: false, timeouts: {implicit: 0, pageLoad: 300000, script: 30000}, unhandledPromptBehavior: dismiss and notify}
Session ID: 8f1d2612d77d8acb59449b17e76e753b
*** Element info: {Using=xpath, value=//li[@class='o_user_menu']/a}
2019-10-18 22:50:21,433 [main] INFO com.odoo.webutils.MyTestListener - deleteCustomer script execution starts
2019-10-18 22:50:21,448 [main] INFO com.odoo.webutils.MyTestListener - deleteCustomer script is skipped
2019-10-18 22:50:23,344 [main] INFO com.odoo.webutils.MyTestListener - Browser Closed
2019-10-18 22:50:23,517 [main] INFO com.odoo.webutils.MyTestListener - ExcelReport generated
2019-10-18 22:50:23,517 [main] INFO com.odoo.webutils.MyTestListener - Framework execution Time Taken: 33.0seconds
2019-10-18 22:50:23,517 [main] INFO com.odoo.webutils.MyTestListener - Framework execution ends
