2019-10-28 11:25:01,380 [main] INFO com.odoo.webutils.MyTestListener - Framework execution starts
2019-10-28 11:25:08,379 [main] INFO com.odoo.webutils.MyTestListener - Browser Launched and maximized
2019-10-28 11:25:12,173 [main] INFO com.odoo.webutils.MyTestListener - newCustomer script execution starts
2019-10-28 11:26:11,567 [main] INFO com.odoo.webutils.MyTestListener - newCustomer script is passed
2019-10-28 11:26:34,408 [main] INFO com.odoo.webutils.MyTestListener - createOpportunity script execution starts
2019-10-28 11:27:43,308 [main] FATAL com.odoo.webutils.MyTestListener - stale element reference: element is not attached to the page document
  (Session info: chrome=77.0.3865.120)
For documentation on this error, please visit: https://www.seleniumhq.org/exceptions/stale_element_reference.html
Build info: version: '3.141.59', revision: 'e82be7d358', time: '2018-11-14T08:17:03'
System info: host: 'ALAM-PC', ip: '192.168.0.103', os.name: 'Windows 7', os.arch: 'amd64', os.version: '6.1', java.version: '1.8.0_201'
Driver info: org.openqa.selenium.chrome.ChromeDriver
Capabilities {acceptInsecureCerts: false, browserName: chrome, browserVersion: 77.0.3865.120, chrome: {chromedriverVersion: 77.0.3865.40 (f484704e052e0..., userDataDir: C:\Users\Alam\AppData\Local...}, goog:chromeOptions: {debuggerAddress: localhost:52587}, javascriptEnabled: true, networkConnectionEnabled: false, pageLoadStrategy: normal, platform: XP, platformName: XP, proxy: Proxy(), setWindowRect: true, strictFileInteractability: false, timeouts: {implicit: 0, pageLoad: 300000, script: 30000}, unhandledPromptBehavior: dismiss and notify}
Session ID: 42ab34ce6b0be97d8ab10cd564deb5e9
2019-10-28 11:27:54,827 [main] INFO com.odoo.webutils.MyTestListener - createOpportunity script is passed
2019-10-28 11:28:17,539 [main] INFO com.odoo.webutils.MyTestListener - deleteOpportunity script execution starts
2019-10-28 11:29:12,639 [main] INFO com.odoo.webutils.MyTestListener - deleteOpportunity script is passed
2019-10-28 11:29:35,048 [main] INFO com.odoo.webutils.MyTestListener - dltNewCustomer script execution starts
2019-10-28 11:30:05,996 [main] FATAL com.odoo.webutils.MyTestListener - element not interactable
  (Session info: chrome=77.0.3865.120)
Build info: version: '3.141.59', revision: 'e82be7d358', time: '2018-11-14T08:17:03'
System info: host: 'ALAM-PC', ip: '192.168.0.103', os.name: 'Windows 7', os.arch: 'amd64', os.version: '6.1', java.version: '1.8.0_201'
Driver info: org.openqa.selenium.chrome.ChromeDriver
Capabilities {acceptInsecureCerts: false, browserName: chrome, browserVersion: 77.0.3865.120, chrome: {chromedriverVersion: 77.0.3865.40 (f484704e052e0..., userDataDir: C:\Users\Alam\AppData\Local...}, goog:chromeOptions: {debuggerAddress: localhost:52587}, javascriptEnabled: true, networkConnectionEnabled: false, pageLoadStrategy: normal, platform: XP, platformName: XP, proxy: Proxy(), setWindowRect: true, strictFileInteractability: false, timeouts: {implicit: 0, pageLoad: 300000, script: 30000}, unhandledPromptBehavior: dismiss and notify}
Session ID: 42ab34ce6b0be97d8ab10cd564deb5e9
2019-10-28 11:30:06,007 [main] WARN com.odoo.webutils.MyTestListener - dltNewCustomer script is failed
2019-10-28 11:30:07,399 [main] INFO com.odoo.webutils.MyTestListener - Screenshot has been taken 
2019-10-28 11:30:30,293 [main] INFO com.odoo.webutils.MyTestListener - Browser Closed
2019-10-28 11:30:30,839 [main] INFO com.odoo.webutils.MyTestListener - ExcelReport generated
2019-10-28 11:30:30,840 [main] INFO com.odoo.webutils.MyTestListener - Framework execution Time Taken: 329.0seconds
2019-10-28 11:30:30,843 [main] INFO com.odoo.webutils.MyTestListener - Framework execution ends
