2019-10-16 23:28:57,066 [main] INFO com.odoo.webutils.MyTestListener - Framework execution starts
2019-10-16 23:29:03,174 [main] INFO com.odoo.webutils.MyTestListener - Browser Launched and maximized
2019-10-16 23:29:21,100 [main] INFO com.odoo.webutils.MyTestListener - newCustomer script execution starts
2019-10-16 23:30:04,539 [main] FATAL com.odoo.webutils.MyTestListener - no such element: Unable to locate element: {"method":"xpath","selector":"//div[text()='CRM']"}
  (Session info: chrome=77.0.3865.120)
For documentation on this error, please visit: https://www.seleniumhq.org/exceptions/no_such_element.html
Build info: version: '3.141.59', revision: 'e82be7d358', time: '2018-11-14T08:17:03'
System info: host: 'ALAM-PC', ip: '192.168.43.227', os.name: 'Windows 7', os.arch: 'amd64', os.version: '6.1', java.version: '1.8.0_201'
Driver info: org.openqa.selenium.chrome.ChromeDriver
Capabilities {acceptInsecureCerts: false, browserName: chrome, browserVersion: 77.0.3865.120, chrome: {chromedriverVersion: 77.0.3865.40 (f484704e052e0..., userDataDir: C:\Users\Alam\AppData\Local...}, goog:chromeOptions: {debuggerAddress: localhost:51108}, javascriptEnabled: true, networkConnectionEnabled: false, pageLoadStrategy: normal, platform: XP, platformName: XP, proxy: Proxy(), setWindowRect: true, strictFileInteractability: false, timeouts: {implicit: 0, pageLoad: 300000, script: 30000}, unhandledPromptBehavior: dismiss and notify}
Session ID: b325b585270cb7e61b6cfe7780b9bbdd
*** Element info: {Using=xpath, value=//div[text()='CRM']}
2019-10-16 23:30:04,562 [main] WARN com.odoo.webutils.MyTestListener - newCustomer script is failed
2019-10-16 23:30:05,719 [main] INFO com.odoo.webutils.MyTestListener - Screenshot has been taken 
2019-10-16 23:30:08,717 [main] INFO com.odoo.webutils.MyTestListener - dltNewCustomer script execution starts
2019-10-16 23:30:24,414 [main] FATAL com.odoo.webutils.MyTestListener - no such element: Unable to locate element: {"method":"xpath","selector":"//div[@class='btn-group o_dropdown show']//button"}
  (Session info: chrome=77.0.3865.120)
For documentation on this error, please visit: https://www.seleniumhq.org/exceptions/no_such_element.html
Build info: version: '3.141.59', revision: 'e82be7d358', time: '2018-11-14T08:17:03'
System info: host: 'ALAM-PC', ip: '192.168.43.227', os.name: 'Windows 7', os.arch: 'amd64', os.version: '6.1', java.version: '1.8.0_201'
Driver info: org.openqa.selenium.chrome.ChromeDriver
Capabilities {acceptInsecureCerts: false, browserName: chrome, browserVersion: 77.0.3865.120, chrome: {chromedriverVersion: 77.0.3865.40 (f484704e052e0..., userDataDir: C:\Users\Alam\AppData\Local...}, goog:chromeOptions: {debuggerAddress: localhost:51108}, javascriptEnabled: true, networkConnectionEnabled: false, pageLoadStrategy: normal, platform: XP, platformName: XP, proxy: Proxy(), setWindowRect: true, strictFileInteractability: false, timeouts: {implicit: 0, pageLoad: 300000, script: 30000}, unhandledPromptBehavior: dismiss and notify}
Session ID: b325b585270cb7e61b6cfe7780b9bbdd
*** Element info: {Using=xpath, value=//div[@class='btn-group o_dropdown show']//button}
2019-10-16 23:30:24,426 [main] WARN com.odoo.webutils.MyTestListener - dltNewCustomer script is failed
2019-10-16 23:30:25,092 [main] INFO com.odoo.webutils.MyTestListener - Screenshot has been taken 
2019-10-16 23:30:28,183 [main] INFO com.odoo.webutils.MyTestListener - Browser Closed
2019-10-16 23:30:28,622 [main] INFO com.odoo.webutils.MyTestListener - ExcelReport generated
2019-10-16 23:30:28,622 [main] INFO com.odoo.webutils.MyTestListener - Framework execution Time Taken: 91.0seconds
2019-10-16 23:30:28,623 [main] INFO com.odoo.webutils.MyTestListener - Framework execution ends
