2019-10-31 00:40:45,556 [main] INFO com.odoo.webutils.MyTestListener - Framework execution starts
2019-10-31 00:40:53,603 [main] INFO com.odoo.webutils.MyTestListener - Browser Launched and maximized
2019-10-31 00:40:57,954 [main] INFO com.odoo.webutils.MyTestListener - scheduledActivity script execution starts
2019-10-31 00:41:35,217 [main] FATAL com.odoo.webutils.MyTestListener - no such element: Unable to locate element: {"method":"xpath","selector":"//div[@name='activity_type_id']//input"}
  (Session info: chrome=77.0.3865.120)
For documentation on this error, please visit: https://www.seleniumhq.org/exceptions/no_such_element.html
Build info: version: '3.141.59', revision: 'e82be7d358', time: '2018-11-14T08:17:03'
System info: host: 'ALAM-PC', ip: '192.168.2.105', os.name: 'Windows 7', os.arch: 'amd64', os.version: '6.1', java.version: '1.8.0_201'
Driver info: org.openqa.selenium.chrome.ChromeDriver
Capabilities {acceptInsecureCerts: false, browserName: chrome, browserVersion: 77.0.3865.120, chrome: {chromedriverVersion: 77.0.3865.40 (f484704e052e0..., userDataDir: C:\Users\Alam\AppData\Local...}, goog:chromeOptions: {debuggerAddress: localhost:55414}, javascriptEnabled: true, networkConnectionEnabled: false, pageLoadStrategy: normal, platform: XP, platformName: XP, proxy: Proxy(), setWindowRect: true, strictFileInteractability: false, timeouts: {implicit: 0, pageLoad: 300000, script: 30000}, unhandledPromptBehavior: dismiss and notify}
Session ID: ad8d522696ea0b939f9d300703510012
*** Element info: {Using=xpath, value=//div[@name='activity_type_id']//input}
2019-10-31 00:41:35,244 [main] WARN com.odoo.webutils.MyTestListener - scheduledActivity script is failed
2019-10-31 00:41:35,997 [main] INFO com.odoo.webutils.MyTestListener - Screenshot has been taken 
2019-10-31 00:41:46,213 [main] FATAL com.odoo.webutils.MyTestListener - element click intercepted: Element <a aria-expanded="false" class="dropdown-toggle" data-display="static" data-toggle="dropdown" href="#" role="button">...</a> is not clickable at point (1263, 23). Other element would receive the click: <div class="blockUI blockOverlay" style="z-index: 1100; border: none; margin: 0px; padding: 0px; width: 100%; height: 100%; top: 0px; left: 0px; background-color: rgb(0, 0, 0); opacity: 0.6; cursor: wait; position: fixed;"></div>
  (Session info: chrome=77.0.3865.120)
Build info: version: '3.141.59', revision: 'e82be7d358', time: '2018-11-14T08:17:03'
System info: host: 'ALAM-PC', ip: '192.168.2.105', os.name: 'Windows 7', os.arch: 'amd64', os.version: '6.1', java.version: '1.8.0_201'
Driver info: org.openqa.selenium.chrome.ChromeDriver
Capabilities {acceptInsecureCerts: false, browserName: chrome, browserVersion: 77.0.3865.120, chrome: {chromedriverVersion: 77.0.3865.40 (f484704e052e0..., userDataDir: C:\Users\Alam\AppData\Local...}, goog:chromeOptions: {debuggerAddress: localhost:55414}, javascriptEnabled: true, networkConnectionEnabled: false, pageLoadStrategy: normal, platform: XP, platformName: XP, proxy: Proxy(), setWindowRect: true, strictFileInteractability: false, timeouts: {implicit: 0, pageLoad: 300000, script: 30000}, unhandledPromptBehavior: dismiss and notify}
Session ID: ad8d522696ea0b939f9d300703510012
2019-10-31 00:41:49,119 [main] INFO com.odoo.webutils.MyTestListener - Browser Closed
2019-10-31 00:41:50,283 [main] INFO com.odoo.webutils.MyTestListener - ExcelReport generated
2019-10-31 00:41:50,284 [main] INFO com.odoo.webutils.MyTestListener - Framework execution Time Taken: 64.0seconds
2019-10-31 00:41:50,285 [main] INFO com.odoo.webutils.MyTestListener - Framework execution ends
