2019-10-18 11:49:17,186 [main] INFO com.odoo.webutils.MyTestListener - Framework execution starts
2019-10-18 11:49:24,385 [main] INFO com.odoo.webutils.MyTestListener - Browser Launched and maximized
2019-10-18 11:49:31,756 [main] INFO com.odoo.webutils.MyTestListener - createCustomer script execution starts
2019-10-18 11:50:53,665 [main] FATAL com.odoo.webutils.MyTestListener - no such element: Unable to locate element: {"method":"xpath","selector":"//button[@class='btn btn-primary']/span[text()='Ok']"}
  (Session info: chrome=77.0.3865.120)
For documentation on this error, please visit: https://www.seleniumhq.org/exceptions/no_such_element.html
Build info: version: '3.141.59', revision: 'e82be7d358', time: '2018-11-14T08:17:03'
System info: host: 'JENSEN-PC', ip: '192.168.0.115', os.name: 'Windows 7', os.arch: 'x86', os.version: '6.1', java.version: '1.8.0_181'
Driver info: org.openqa.selenium.chrome.ChromeDriver
Capabilities {acceptInsecureCerts: false, browserName: chrome, browserVersion: 77.0.3865.120, chrome: {chromedriverVersion: 77.0.3865.40 (f484704e052e0..., userDataDir: C:\Users\jensen\AppData\Loc...}, goog:chromeOptions: {debuggerAddress: localhost:50153}, javascriptEnabled: true, networkConnectionEnabled: false, pageLoadStrategy: normal, platform: XP, platformName: XP, proxy: Proxy(), setWindowRect: true, strictFileInteractability: false, timeouts: {implicit: 0, pageLoad: 300000, script: 30000}, unhandledPromptBehavior: dismiss and notify}
Session ID: 9ff28f175624c18681b08670af8164cb
*** Element info: {Using=xpath, value=//button[@class='btn btn-primary']/span[text()='Ok']}
2019-10-18 11:50:53,685 [main] WARN com.odoo.webutils.MyTestListener - createCustomer script is failed
2019-10-18 11:50:54,217 [main] INFO com.odoo.webutils.MyTestListener - Screenshot has been taken 
2019-10-18 11:50:56,131 [main] INFO com.odoo.webutils.MyTestListener - deleteCustomer2 script execution starts
2019-10-18 11:51:01,169 [main] FATAL com.odoo.webutils.MyTestListener - invalid selector: Unable to locate an element with the xpath expression (//(//div[@class='btn-group o_dropdown'])[2]/button[contains(text(),'Action')] because of the following error:
SyntaxError: Failed to execute 'evaluate' on 'Document': The string '(//(//div[@class='btn-group o_dropdown'])[2]/button[contains(text(),'Action')]' is not a valid XPath expression.
  (Session info: chrome=77.0.3865.120)
For documentation on this error, please visit: https://www.seleniumhq.org/exceptions/invalid_selector_exception.html
Build info: version: '3.141.59', revision: 'e82be7d358', time: '2018-11-14T08:17:03'
System info: host: 'JENSEN-PC', ip: '192.168.0.115', os.name: 'Windows 7', os.arch: 'x86', os.version: '6.1', java.version: '1.8.0_181'
Driver info: org.openqa.selenium.chrome.ChromeDriver
Capabilities {acceptInsecureCerts: false, browserName: chrome, browserVersion: 77.0.3865.120, chrome: {chromedriverVersion: 77.0.3865.40 (f484704e052e0..., userDataDir: C:\Users\jensen\AppData\Loc...}, goog:chromeOptions: {debuggerAddress: localhost:50153}, javascriptEnabled: true, networkConnectionEnabled: false, pageLoadStrategy: normal, platform: XP, platformName: XP, proxy: Proxy(), setWindowRect: true, strictFileInteractability: false, timeouts: {implicit: 0, pageLoad: 300000, script: 30000}, unhandledPromptBehavior: dismiss and notify}
Session ID: 9ff28f175624c18681b08670af8164cb
*** Element info: {Using=xpath, value=(//(//div[@class='btn-group o_dropdown'])[2]/button[contains(text(),'Action')]}
2019-10-18 11:51:01,173 [main] WARN com.odoo.webutils.MyTestListener - deleteCustomer2 script is failed
2019-10-18 11:51:02,367 [main] INFO com.odoo.webutils.MyTestListener - Screenshot has been taken 
2019-10-18 11:51:04,536 [main] INFO com.odoo.webutils.MyTestListener - ExcelReport generated
2019-10-18 11:51:04,537 [main] INFO com.odoo.webutils.MyTestListener - Framework execution Time Taken: 107.0seconds
2019-10-18 11:51:04,537 [main] INFO com.odoo.webutils.MyTestListener - Framework execution ends
