2019-10-18 22:58:11,787 [main] INFO com.odoo.webutils.MyTestListener - Framework execution starts
2019-10-18 22:58:17,326 [main] INFO com.odoo.webutils.MyTestListener - Browser Launched and maximized
2019-10-18 22:58:21,939 [main] INFO com.odoo.webutils.MyTestListener - createCustomer script execution starts
2019-10-18 22:59:19,877 [main] INFO com.odoo.webutils.MyTestListener - createCustomer script is passed
2019-10-18 22:59:26,746 [main] INFO com.odoo.webutils.MyTestListener - deleteCustomer script execution starts
2019-10-18 22:59:36,418 [main] FATAL com.odoo.webutils.MyTestListener - no such element: Unable to locate element: {"method":"xpath","selector":"//div[text()='CRM']"}
  (Session info: chrome=77.0.3865.120)
For documentation on this error, please visit: https://www.seleniumhq.org/exceptions/no_such_element.html
Build info: version: '3.141.59', revision: 'e82be7d358', time: '2018-11-14T08:17:03'
System info: host: 'ADARSH', ip: '192.168.1.225', os.name: 'Windows 8', os.arch: 'amd64', os.version: '6.2', java.version: '1.8.0_201'
Driver info: org.openqa.selenium.chrome.ChromeDriver
Capabilities {acceptInsecureCerts: false, browserName: chrome, browserVersion: 77.0.3865.120, chrome: {chromedriverVersion: 77.0.3865.40 (f484704e052e0..., userDataDir: C:\Users\ANSHU\AppData\Loca...}, goog:chromeOptions: {debuggerAddress: localhost:59692}, javascriptEnabled: true, networkConnectionEnabled: false, pageLoadStrategy: normal, platform: XP, platformName: XP, proxy: Proxy(), setWindowRect: true, strictFileInteractability: false, timeouts: {implicit: 0, pageLoad: 300000, script: 30000}, unhandledPromptBehavior: dismiss and notify}
Session ID: ce9a40e9981c9e7c9fb33e51b4328e3a
*** Element info: {Using=xpath, value=//div[text()='CRM']}
2019-10-18 22:59:36,435 [main] WARN com.odoo.webutils.MyTestListener - deleteCustomer script is failed
2019-10-18 22:59:36,968 [main] INFO com.odoo.webutils.MyTestListener - Screenshot has been taken 
2019-10-18 22:59:36,984 [main] FATAL com.odoo.webutils.MyTestListener - no such element: Unable to locate element: {"method":"xpath","selector":"//li[@class='o_user_menu']/a"}
  (Session info: chrome=77.0.3865.120)
For documentation on this error, please visit: https://www.seleniumhq.org/exceptions/no_such_element.html
Build info: version: '3.141.59', revision: 'e82be7d358', time: '2018-11-14T08:17:03'
System info: host: 'ADARSH', ip: '192.168.1.225', os.name: 'Windows 8', os.arch: 'amd64', os.version: '6.2', java.version: '1.8.0_201'
Driver info: org.openqa.selenium.chrome.ChromeDriver
Capabilities {acceptInsecureCerts: false, browserName: chrome, browserVersion: 77.0.3865.120, chrome: {chromedriverVersion: 77.0.3865.40 (f484704e052e0..., userDataDir: C:\Users\ANSHU\AppData\Loca...}, goog:chromeOptions: {debuggerAddress: localhost:59692}, javascriptEnabled: true, networkConnectionEnabled: false, pageLoadStrategy: normal, platform: XP, platformName: XP, proxy: Proxy(), setWindowRect: true, strictFileInteractability: false, timeouts: {implicit: 0, pageLoad: 300000, script: 30000}, unhandledPromptBehavior: dismiss and notify}
Session ID: ce9a40e9981c9e7c9fb33e51b4328e3a
*** Element info: {Using=xpath, value=//li[@class='o_user_menu']/a}
2019-10-18 22:59:38,921 [main] INFO com.odoo.webutils.MyTestListener - Browser Closed
2019-10-18 22:59:39,094 [main] INFO com.odoo.webutils.MyTestListener - ExcelReport generated
2019-10-18 22:59:39,094 [main] INFO com.odoo.webutils.MyTestListener - Framework execution Time Taken: 87.0seconds
2019-10-18 22:59:39,094 [main] INFO com.odoo.webutils.MyTestListener - Framework execution ends
