2019-10-30 15:17:38,866 [main] INFO com.odoo.webutils.MyTestListener - Framework execution starts
2019-10-30 15:17:46,506 [main] INFO com.odoo.webutils.MyTestListener - Browser Launched and maximized
2019-10-30 15:19:03,613 [main] INFO com.odoo.webutils.MyTestListener - scheduledActivity script execution starts
2019-10-30 15:19:36,744 [main] FATAL com.odoo.webutils.MyTestListener - no such element: Unable to locate element: {"method":"xpath","selector":"//div[text()='CRM']"}
  (Session info: chrome=77.0.3865.120)
For documentation on this error, please visit: https://www.seleniumhq.org/exceptions/no_such_element.html
Build info: version: '3.141.59', revision: 'e82be7d358', time: '2018-11-14T08:17:03'
System info: host: 'ALAM-PC', ip: '10.0.0.105', os.name: 'Windows 7', os.arch: 'amd64', os.version: '6.1', java.version: '1.8.0_201'
Driver info: org.openqa.selenium.chrome.ChromeDriver
Capabilities {acceptInsecureCerts: false, browserName: chrome, browserVersion: 77.0.3865.120, chrome: {chromedriverVersion: 77.0.3865.40 (f484704e052e0..., userDataDir: C:\Users\Alam\AppData\Local...}, goog:chromeOptions: {debuggerAddress: localhost:54749}, javascriptEnabled: true, networkConnectionEnabled: false, pageLoadStrategy: normal, platform: XP, platformName: XP, proxy: Proxy(), setWindowRect: true, strictFileInteractability: false, timeouts: {implicit: 0, pageLoad: 300000, script: 30000}, unhandledPromptBehavior: dismiss and notify}
Session ID: 8b8c4e2b60da9b20bed75491fe8ce266
*** Element info: {Using=xpath, value=//div[text()='CRM']}
2019-10-30 15:19:36,877 [main] WARN com.odoo.webutils.MyTestListener - scheduledActivity script is failed
2019-10-30 15:19:37,477 [main] INFO com.odoo.webutils.MyTestListener - Screenshot has been taken 
2019-10-30 15:19:47,537 [main] FATAL com.odoo.webutils.MyTestListener - no such element: Unable to locate element: {"method":"xpath","selector":"//li[@class='o_user_menu']/a"}
  (Session info: chrome=77.0.3865.120)
For documentation on this error, please visit: https://www.seleniumhq.org/exceptions/no_such_element.html
Build info: version: '3.141.59', revision: 'e82be7d358', time: '2018-11-14T08:17:03'
System info: host: 'ALAM-PC', ip: '10.0.0.105', os.name: 'Windows 7', os.arch: 'amd64', os.version: '6.1', java.version: '1.8.0_201'
Driver info: org.openqa.selenium.chrome.ChromeDriver
Capabilities {acceptInsecureCerts: false, browserName: chrome, browserVersion: 77.0.3865.120, chrome: {chromedriverVersion: 77.0.3865.40 (f484704e052e0..., userDataDir: C:\Users\Alam\AppData\Local...}, goog:chromeOptions: {debuggerAddress: localhost:54749}, javascriptEnabled: true, networkConnectionEnabled: false, pageLoadStrategy: normal, platform: XP, platformName: XP, proxy: Proxy(), setWindowRect: true, strictFileInteractability: false, timeouts: {implicit: 0, pageLoad: 300000, script: 30000}, unhandledPromptBehavior: dismiss and notify}
Session ID: 8b8c4e2b60da9b20bed75491fe8ce266
*** Element info: {Using=xpath, value=//li[@class='o_user_menu']/a}
2019-10-30 15:19:50,692 [main] INFO com.odoo.webutils.MyTestListener - Browser Closed
2019-10-30 15:19:51,527 [main] INFO com.odoo.webutils.MyTestListener - ExcelReport generated
2019-10-30 15:19:51,528 [main] INFO com.odoo.webutils.MyTestListener - Framework execution Time Taken: 132.0seconds
2019-10-30 15:19:51,529 [main] INFO com.odoo.webutils.MyTestListener - Framework execution ends
