2019-10-17 10:50:25,023 [main] INFO com.odoo.webutils.MyTestListener - Framework execution starts
2019-10-17 10:50:30,990 [main] INFO com.odoo.webutils.MyTestListener - Browser Launched and maximized
2019-10-17 10:50:49,784 [main] INFO com.odoo.webutils.MyTestListener - newCustomer script execution starts
2019-10-17 10:51:23,462 [main] FATAL com.odoo.webutils.MyTestListener - no such element: Unable to locate element: {"method":"xpath","selector":"//div[text()='CRM']"}
  (Session info: chrome=77.0.3865.120)
For documentation on this error, please visit: https://www.seleniumhq.org/exceptions/no_such_element.html
Build info: version: '3.141.59', revision: 'e82be7d358', time: '2018-11-14T08:17:03'
System info: host: 'ALAM-PC', ip: '192.168.0.113', os.name: 'Windows 7', os.arch: 'amd64', os.version: '6.1', java.version: '1.8.0_201'
Driver info: org.openqa.selenium.chrome.ChromeDriver
Capabilities {acceptInsecureCerts: false, browserName: chrome, browserVersion: 77.0.3865.120, chrome: {chromedriverVersion: 77.0.3865.40 (f484704e052e0..., userDataDir: C:\Users\Alam\AppData\Local...}, goog:chromeOptions: {debuggerAddress: localhost:50138}, javascriptEnabled: true, networkConnectionEnabled: false, pageLoadStrategy: normal, platform: XP, platformName: XP, proxy: Proxy(), setWindowRect: true, strictFileInteractability: false, timeouts: {implicit: 0, pageLoad: 300000, script: 30000}, unhandledPromptBehavior: dismiss and notify}
Session ID: 613abfc38eb0954cdd9546bb5cdf4e86
*** Element info: {Using=xpath, value=//div[text()='CRM']}
2019-10-17 10:51:23,512 [main] WARN com.odoo.webutils.MyTestListener - newCustomer script is failed
2019-10-17 10:51:24,104 [main] INFO com.odoo.webutils.MyTestListener - Screenshot has been taken 
2019-10-17 10:51:24,143 [main] FATAL com.odoo.webutils.MyTestListener - no such element: Unable to locate element: {"method":"xpath","selector":"//li[@class='o_user_menu']/a"}
  (Session info: chrome=77.0.3865.120)
For documentation on this error, please visit: https://www.seleniumhq.org/exceptions/no_such_element.html
Build info: version: '3.141.59', revision: 'e82be7d358', time: '2018-11-14T08:17:03'
System info: host: 'ALAM-PC', ip: '192.168.0.113', os.name: 'Windows 7', os.arch: 'amd64', os.version: '6.1', java.version: '1.8.0_201'
Driver info: org.openqa.selenium.chrome.ChromeDriver
Capabilities {acceptInsecureCerts: false, browserName: chrome, browserVersion: 77.0.3865.120, chrome: {chromedriverVersion: 77.0.3865.40 (f484704e052e0..., userDataDir: C:\Users\Alam\AppData\Local...}, goog:chromeOptions: {debuggerAddress: localhost:50138}, javascriptEnabled: true, networkConnectionEnabled: false, pageLoadStrategy: normal, platform: XP, platformName: XP, proxy: Proxy(), setWindowRect: true, strictFileInteractability: false, timeouts: {implicit: 0, pageLoad: 300000, script: 30000}, unhandledPromptBehavior: dismiss and notify}
Session ID: 613abfc38eb0954cdd9546bb5cdf4e86
*** Element info: {Using=xpath, value=//li[@class='o_user_menu']/a}
2019-10-17 10:51:24,181 [main] INFO com.odoo.webutils.MyTestListener - dltNewCustomer script execution starts
2019-10-17 10:51:24,189 [main] INFO com.odoo.webutils.MyTestListener - dltNewCustomer script is skipped
2019-10-17 10:51:27,010 [main] INFO com.odoo.webutils.MyTestListener - Browser Closed
2019-10-17 10:51:27,454 [main] INFO com.odoo.webutils.MyTestListener - ExcelReport generated
2019-10-17 10:51:27,455 [main] INFO com.odoo.webutils.MyTestListener - Framework execution Time Taken: 62.0seconds
2019-10-17 10:51:27,456 [main] INFO com.odoo.webutils.MyTestListener - Framework execution ends
