2019-10-15 11:49:42,843 [main] INFO com.odoo.webutils.MyTestListener - Framework execution starts
2019-10-15 11:49:53,124 [main] INFO com.odoo.webutils.MyTestListener - Browser Launched and maximized
2019-10-15 11:49:58,366 [main] INFO com.odoo.webutils.MyTestListener - validLoginTest script execution starts
2019-10-15 11:50:08,741 [main] INFO com.odoo.webutils.MyTestListener - validLoginTest script is passed
2019-10-15 11:50:12,502 [main] INFO com.odoo.webutils.MyTestListener - createCustomer script execution starts
2019-10-15 11:50:35,924 [main] FATAL com.odoo.webutils.MyTestListener - no such element: Unable to locate element: {"method":"xpath","selector":"//div/input[@placeholder='Name']"}
  (Session info: chrome=77.0.3865.120)
For documentation on this error, please visit: https://www.seleniumhq.org/exceptions/no_such_element.html
Build info: version: '3.141.59', revision: 'e82be7d358', time: '2018-11-14T08:17:03'
System info: host: 'LAPTOP-VVD7DET5', ip: '192.168.0.120', os.name: 'Windows 10', os.arch: 'amd64', os.version: '10.0', java.version: '1.8.0_201'
Driver info: org.openqa.selenium.chrome.ChromeDriver
Capabilities {acceptInsecureCerts: false, browserName: chrome, browserVersion: 77.0.3865.120, chrome: {chromedriverVersion: 77.0.3865.40 (f484704e052e0..., userDataDir: C:\Users\HP\AppData\Local\T...}, goog:chromeOptions: {debuggerAddress: localhost:54998}, javascriptEnabled: true, networkConnectionEnabled: false, pageLoadStrategy: normal, platform: XP, platformName: XP, proxy: Proxy(), setWindowRect: true, strictFileInteractability: false, timeouts: {implicit: 0, pageLoad: 300000, script: 30000}, unhandledPromptBehavior: dismiss and notify}
Session ID: 6e733b80c405860f5fd94591b1b79f51
*** Element info: {Using=xpath, value=//div/input[@placeholder='Name']}
2019-10-15 11:50:35,938 [main] WARN com.odoo.webutils.MyTestListener - createCustomer script is failed
2019-10-15 11:50:36,379 [main] INFO com.odoo.webutils.MyTestListener - Screenshot has been taken 
2019-10-15 11:50:38,678 [main] INFO com.odoo.webutils.MyTestListener - Browser Closed
2019-10-15 11:50:38,935 [main] INFO com.odoo.webutils.MyTestListener - ExcelReport generated
2019-10-15 11:50:38,935 [main] INFO com.odoo.webutils.MyTestListener - Framework execution Time Taken: 56.0seconds
2019-10-15 11:50:38,936 [main] INFO com.odoo.webutils.MyTestListener - Framework execution ends
