2019-10-21 16:32:53,472 [main] INFO com.odoo.webutils.MyTestListener - Framework execution starts
2019-10-21 16:33:06,799 [main] INFO com.odoo.webutils.MyTestListener - Browser Launched and maximized
2019-10-21 16:33:12,240 [main] INFO com.odoo.webutils.MyTestListener - newCustomer script execution starts
2019-10-21 16:34:09,747 [main] FATAL com.odoo.webutils.MyTestListener - no such element: Unable to locate element: {"method":"xpath","selector":"//input[@placeholder='Name']"}
  (Session info: chrome=77.0.3865.90)
For documentation on this error, please visit: https://www.seleniumhq.org/exceptions/no_such_element.html
Build info: version: '3.141.59', revision: 'e82be7d358', time: '2018-11-14T08:17:03'
System info: host: 'DESKTOP-EUBAEQM', ip: '192.168.0.131', os.name: 'Windows 10', os.arch: 'amd64', os.version: '10.0', java.version: '1.8.0_201'
Driver info: org.openqa.selenium.chrome.ChromeDriver
Capabilities {acceptInsecureCerts: false, browserName: chrome, browserVersion: 77.0.3865.90, chrome: {chromedriverVersion: 77.0.3865.40 (f484704e052e0..., userDataDir: C:\Users\Admin\AppData\Loca...}, goog:chromeOptions: {debuggerAddress: localhost:65158}, javascriptEnabled: true, networkConnectionEnabled: false, pageLoadStrategy: normal, platform: XP, platformName: XP, proxy: Proxy(), setWindowRect: true, strictFileInteractability: false, timeouts: {implicit: 0, pageLoad: 300000, script: 30000}, unhandledPromptBehavior: dismiss and notify}
Session ID: 3c9c893fb3b62e3a493e17572b2ace28
*** Element info: {Using=xpath, value=//input[@placeholder='Name']}
2019-10-21 16:34:09,778 [main] WARN com.odoo.webutils.MyTestListener - newCustomer script is failed
2019-10-21 16:34:10,378 [main] INFO com.odoo.webutils.MyTestListener - Screenshot has been taken 
2019-10-21 16:34:10,394 [main] INFO com.odoo.webutils.MyTestListener - dltNewCustomer script execution starts
2019-10-21 16:34:10,410 [main] INFO com.odoo.webutils.MyTestListener - dltNewCustomer script is skipped
2019-10-21 16:34:11,581 [main] INFO com.odoo.webutils.MyTestListener - Browser Closed
2019-10-21 16:34:11,899 [main] INFO com.odoo.webutils.MyTestListener - ExcelReport generated
2019-10-21 16:34:11,899 [main] INFO com.odoo.webutils.MyTestListener - Framework execution Time Taken: 78.0seconds
2019-10-21 16:34:11,899 [main] INFO com.odoo.webutils.MyTestListener - Framework execution ends
