2019-10-16 23:26:25,423 [main] INFO com.odoo.webutils.MyTestListener - Framework execution starts
2019-10-16 23:26:31,554 [main] INFO com.odoo.webutils.MyTestListener - Browser Launched and maximized
2019-10-16 23:26:41,377 [main] INFO com.odoo.webutils.MyTestListener - dltNewCustomer script execution starts
2019-10-16 23:27:03,229 [main] FATAL com.odoo.webutils.MyTestListener - no such element: Unable to locate element: {"method":"xpath","selector":"//div[text()='CRM']"}
  (Session info: chrome=77.0.3865.120)
For documentation on this error, please visit: https://www.seleniumhq.org/exceptions/no_such_element.html
Build info: version: '3.141.59', revision: 'e82be7d358', time: '2018-11-14T08:17:03'
System info: host: 'ALAM-PC', ip: '192.168.43.227', os.name: 'Windows 7', os.arch: 'amd64', os.version: '6.1', java.version: '1.8.0_201'
Driver info: org.openqa.selenium.chrome.ChromeDriver
Capabilities {acceptInsecureCerts: false, browserName: chrome, browserVersion: 77.0.3865.120, chrome: {chromedriverVersion: 77.0.3865.40 (f484704e052e0..., userDataDir: C:\Users\Alam\AppData\Local...}, goog:chromeOptions: {debuggerAddress: localhost:50903}, javascriptEnabled: true, networkConnectionEnabled: false, pageLoadStrategy: normal, platform: XP, platformName: XP, proxy: Proxy(), setWindowRect: true, strictFileInteractability: false, timeouts: {implicit: 0, pageLoad: 300000, script: 30000}, unhandledPromptBehavior: dismiss and notify}
Session ID: 70ab91b9b7a89c9aef9d52b2f05af6f2
*** Element info: {Using=xpath, value=//div[text()='CRM']}
2019-10-16 23:27:03,272 [main] WARN com.odoo.webutils.MyTestListener - dltNewCustomer script is failed
2019-10-16 23:27:04,071 [main] INFO com.odoo.webutils.MyTestListener - Screenshot has been taken 
2019-10-16 23:27:04,125 [main] FATAL com.odoo.webutils.MyTestListener - no such element: Unable to locate element: {"method":"xpath","selector":"//li[@class='o_user_menu']/a"}
  (Session info: chrome=77.0.3865.120)
For documentation on this error, please visit: https://www.seleniumhq.org/exceptions/no_such_element.html
Build info: version: '3.141.59', revision: 'e82be7d358', time: '2018-11-14T08:17:03'
System info: host: 'ALAM-PC', ip: '192.168.43.227', os.name: 'Windows 7', os.arch: 'amd64', os.version: '6.1', java.version: '1.8.0_201'
Driver info: org.openqa.selenium.chrome.ChromeDriver
Capabilities {acceptInsecureCerts: false, browserName: chrome, browserVersion: 77.0.3865.120, chrome: {chromedriverVersion: 77.0.3865.40 (f484704e052e0..., userDataDir: C:\Users\Alam\AppData\Local...}, goog:chromeOptions: {debuggerAddress: localhost:50903}, javascriptEnabled: true, networkConnectionEnabled: false, pageLoadStrategy: normal, platform: XP, platformName: XP, proxy: Proxy(), setWindowRect: true, strictFileInteractability: false, timeouts: {implicit: 0, pageLoad: 300000, script: 30000}, unhandledPromptBehavior: dismiss and notify}
Session ID: 70ab91b9b7a89c9aef9d52b2f05af6f2
*** Element info: {Using=xpath, value=//li[@class='o_user_menu']/a}
2019-10-16 23:27:04,201 [main] INFO com.odoo.webutils.MyTestListener - newCustomer script execution starts
2019-10-16 23:27:04,206 [main] INFO com.odoo.webutils.MyTestListener - newCustomer script is skipped
2019-10-16 23:27:07,060 [main] INFO com.odoo.webutils.MyTestListener - Browser Closed
2019-10-16 23:27:07,514 [main] INFO com.odoo.webutils.MyTestListener - ExcelReport generated
2019-10-16 23:27:07,515 [main] INFO com.odoo.webutils.MyTestListener - Framework execution Time Taken: 42.0seconds
2019-10-16 23:27:07,516 [main] INFO com.odoo.webutils.MyTestListener - Framework execution ends
