2019-10-19 08:35:55,916 [main] INFO com.odoo.webutils.MyTestListener - Framework execution starts
2019-10-19 08:36:01,345 [main] INFO com.odoo.webutils.MyTestListener - Browser Launched and maximized
2019-10-19 08:36:05,184 [main] INFO com.odoo.webutils.MyTestListener - createCustomer script execution starts
2019-10-19 08:36:51,027 [main] INFO com.odoo.webutils.MyTestListener - createCustomer script is passed
2019-10-19 08:37:08,026 [main] INFO com.odoo.webutils.MyTestListener - createOpportunity script execution starts
2019-10-19 08:37:47,731 [main] FATAL com.odoo.webutils.MyTestListener - no such element: Unable to locate element: {"method":"xpath","selector":"//span[text()='Create']"}
  (Session info: chrome=77.0.3865.120)
For documentation on this error, please visit: https://www.seleniumhq.org/exceptions/no_such_element.html
Build info: version: '3.141.59', revision: 'e82be7d358', time: '2018-11-14T08:17:03'
System info: host: 'ADARSH', ip: '192.168.1.225', os.name: 'Windows 8', os.arch: 'amd64', os.version: '6.2', java.version: '1.8.0_201'
Driver info: org.openqa.selenium.chrome.ChromeDriver
Capabilities {acceptInsecureCerts: false, browserName: chrome, browserVersion: 77.0.3865.120, chrome: {chromedriverVersion: 77.0.3865.40 (f484704e052e0..., userDataDir: C:\Users\ANSHU\AppData\Loca...}, goog:chromeOptions: {debuggerAddress: localhost:50607}, javascriptEnabled: true, networkConnectionEnabled: false, pageLoadStrategy: normal, platform: XP, platformName: XP, proxy: Proxy(), setWindowRect: true, strictFileInteractability: false, timeouts: {implicit: 0, pageLoad: 300000, script: 30000}, unhandledPromptBehavior: dismiss and notify}
Session ID: fae4c1b68daceb2b84677cd30f13df32
*** Element info: {Using=xpath, value=//span[text()='Create']}
2019-10-19 08:37:47,744 [main] WARN com.odoo.webutils.MyTestListener - createOpportunity script is failed
2019-10-19 08:37:48,367 [main] INFO com.odoo.webutils.MyTestListener - Screenshot has been taken 
2019-10-19 08:38:03,720 [main] FATAL com.odoo.webutils.MyTestListener - element click intercepted: Element <a class="dropdown-item" data-menu="logout" href="#" role="menuitem">...</a> is not clickable at point (1261, 203). Other element would receive the click: <div role="dialog" class="modal o_technical_modal show" tabindex="-1" data-backdrop="static" id="modal_149" open="open" aria-modal="true" style="display: block;">...</div>
  (Session info: chrome=77.0.3865.120)
Build info: version: '3.141.59', revision: 'e82be7d358', time: '2018-11-14T08:17:03'
System info: host: 'ADARSH', ip: '192.168.1.225', os.name: 'Windows 8', os.arch: 'amd64', os.version: '6.2', java.version: '1.8.0_201'
Driver info: org.openqa.selenium.chrome.ChromeDriver
Capabilities {acceptInsecureCerts: false, browserName: chrome, browserVersion: 77.0.3865.120, chrome: {chromedriverVersion: 77.0.3865.40 (f484704e052e0..., userDataDir: C:\Users\ANSHU\AppData\Loca...}, goog:chromeOptions: {debuggerAddress: localhost:50607}, javascriptEnabled: true, networkConnectionEnabled: false, pageLoadStrategy: normal, platform: XP, platformName: XP, proxy: Proxy(), setWindowRect: true, strictFileInteractability: false, timeouts: {implicit: 0, pageLoad: 300000, script: 30000}, unhandledPromptBehavior: dismiss and notify}
Session ID: fae4c1b68daceb2b84677cd30f13df32
2019-10-19 08:38:03,753 [main] INFO com.odoo.webutils.MyTestListener - deleteCustomer script execution starts
2019-10-19 08:38:03,753 [main] INFO com.odoo.webutils.MyTestListener - deleteCustomer script is skipped
2019-10-19 08:38:07,595 [main] INFO com.odoo.webutils.MyTestListener - Browser Closed
2019-10-19 08:38:07,814 [main] INFO com.odoo.webutils.MyTestListener - ExcelReport generated
2019-10-19 08:38:07,814 [main] INFO com.odoo.webutils.MyTestListener - Framework execution Time Taken: 132.0seconds
2019-10-19 08:38:07,814 [main] INFO com.odoo.webutils.MyTestListener - Framework execution ends
