2019-11-02 11:33:45,810 [main] INFO com.odoo.webutils.MyTestListener - Framework execution starts
2019-11-02 11:33:49,954 [main] INFO com.odoo.webutils.MyTestListener - Browser Launched and maximized
2019-11-02 11:33:52,957 [main] INFO com.odoo.webutils.MyTestListener - createCustomer script execution starts
2019-11-02 11:35:24,300 [main] INFO com.odoo.webutils.MyTestListener - createCustomer script is passed
2019-11-02 11:35:40,938 [main] INFO com.odoo.webutils.MyTestListener - createOpportunity script execution starts
2019-11-02 11:37:08,477 [main] FATAL com.odoo.webutils.MyTestListener - no such element: Unable to locate element: {"method":"xpath","selector":"//h1/span[@name='name']"}
  (Session info: chrome=78.0.3904.70)
For documentation on this error, please visit: https://www.seleniumhq.org/exceptions/no_such_element.html
Build info: version: '3.141.59', revision: 'e82be7d358', time: '2018-11-14T08:17:03'
System info: host: 'LAPTOP-RQOJ408I', ip: '192.168.0.123', os.name: 'Windows 10', os.arch: 'amd64', os.version: '10.0', java.version: '1.8.0_211'
Driver info: org.openqa.selenium.chrome.ChromeDriver
Capabilities {acceptInsecureCerts: false, browserName: chrome, browserVersion: 78.0.3904.70, chrome: {chromedriverVersion: 77.0.3865.40 (f484704e052e0..., userDataDir: C:\Users\ASUS\AppData\Local...}, goog:chromeOptions: {debuggerAddress: localhost:62213}, javascriptEnabled: true, networkConnectionEnabled: false, pageLoadStrategy: normal, platform: XP, platformName: XP, proxy: Proxy(), setWindowRect: true, strictFileInteractability: false, timeouts: {implicit: 0, pageLoad: 300000, script: 30000}, unhandledPromptBehavior: dismiss and notify}
Session ID: c15365c5e12826d0dca49a146aa11639
*** Element info: {Using=xpath, value=//h1/span[@name='name']}
2019-11-02 11:37:08,509 [main] WARN com.odoo.webutils.MyTestListener - createOpportunity script is failed
2019-11-02 11:37:08,857 [main] INFO com.odoo.webutils.MyTestListener - Screenshot has been taken 
2019-11-02 11:37:29,495 [main] INFO com.odoo.webutils.MyTestListener - Browser Closed
2019-11-02 11:37:29,607 [main] INFO com.odoo.webutils.MyTestListener - ExcelReport generated
2019-11-02 11:37:29,608 [main] INFO com.odoo.webutils.MyTestListener - Framework execution Time Taken: 230.0seconds
2019-11-02 11:37:29,608 [main] INFO com.odoo.webutils.MyTestListener - Framework execution ends
