2019-10-15 11:47:41,073 [main] INFO com.odoo.webutils.MyTestListener - Framework execution starts
2019-10-15 11:47:51,433 [main] INFO com.odoo.webutils.MyTestListener - Browser Launched and maximized
2019-10-15 11:47:56,781 [main] INFO com.odoo.webutils.MyTestListener - validLoginTest script execution starts
2019-10-15 11:48:10,564 [main] INFO com.odoo.webutils.MyTestListener - validLoginTest script is passed
2019-10-15 11:48:12,740 [main] INFO com.odoo.webutils.MyTestListener - createCustomer script execution starts
2019-10-15 11:48:34,236 [main] FATAL com.odoo.webutils.MyTestListener - no such element: Unable to locate element: {"method":"xpath","selector":"//div/input[@placeholder='Name']"}
  (Session info: chrome=77.0.3865.120)
For documentation on this error, please visit: https://www.seleniumhq.org/exceptions/no_such_element.html
Build info: version: '3.141.59', revision: 'e82be7d358', time: '2018-11-14T08:17:03'
System info: host: 'LAPTOP-VVD7DET5', ip: '192.168.0.120', os.name: 'Windows 10', os.arch: 'amd64', os.version: '10.0', java.version: '1.8.0_201'
Driver info: org.openqa.selenium.chrome.ChromeDriver
Capabilities {acceptInsecureCerts: false, browserName: chrome, browserVersion: 77.0.3865.120, chrome: {chromedriverVersion: 77.0.3865.40 (f484704e052e0..., userDataDir: C:\Users\HP\AppData\Local\T...}, goog:chromeOptions: {debuggerAddress: localhost:54909}, javascriptEnabled: true, networkConnectionEnabled: false, pageLoadStrategy: normal, platform: XP, platformName: XP, proxy: Proxy(), setWindowRect: true, strictFileInteractability: false, timeouts: {implicit: 0, pageLoad: 300000, script: 30000}, unhandledPromptBehavior: dismiss and notify}
Session ID: 36b4444728f94c10ffe9bb75fc2d5cd5
*** Element info: {Using=xpath, value=//div/input[@placeholder='Name']}
2019-10-15 11:48:34,256 [main] WARN com.odoo.webutils.MyTestListener - createCustomer script is failed
2019-10-15 11:48:34,697 [main] INFO com.odoo.webutils.MyTestListener - Screenshot has been taken 
2019-10-15 11:48:36,641 [main] INFO com.odoo.webutils.MyTestListener - Browser Closed
2019-10-15 11:48:36,852 [main] INFO com.odoo.webutils.MyTestListener - ExcelReport generated
2019-10-15 11:48:36,853 [main] INFO com.odoo.webutils.MyTestListener - Framework execution Time Taken: 55.0seconds
2019-10-15 11:48:36,853 [main] INFO com.odoo.webutils.MyTestListener - Framework execution ends
