2019-11-04 01:09:32,538 [main] INFO com.odoo.webutils.MyTestListener - Framework execution starts
2019-11-04 01:09:39,717 [main] INFO com.odoo.webutils.MyTestListener - Browser Launched and maximized
2019-11-04 01:09:43,219 [main] INFO com.odoo.webutils.MyTestListener - creatSalesAct script execution starts
2019-11-04 01:10:14,999 [main] FATAL com.odoo.webutils.MyTestListener - no such element: Unable to locate element: {"method":"xpath","selector":"//input[@name='summary']"}
  (Session info: chrome=77.0.3865.120)
For documentation on this error, please visit: https://www.seleniumhq.org/exceptions/no_such_element.html
Build info: version: '3.141.59', revision: 'e82be7d358', time: '2018-11-14T08:17:03'
System info: host: 'ALAM-PC', ip: '192.168.2.105', os.name: 'Windows 7', os.arch: 'amd64', os.version: '6.1', java.version: '1.8.0_201'
Driver info: org.openqa.selenium.chrome.ChromeDriver
Capabilities {acceptInsecureCerts: false, browserName: chrome, browserVersion: 77.0.3865.120, chrome: {chromedriverVersion: 77.0.3865.40 (f484704e052e0..., userDataDir: C:\Users\Alam\AppData\Local...}, goog:chromeOptions: {debuggerAddress: localhost:56573}, javascriptEnabled: true, networkConnectionEnabled: false, pageLoadStrategy: normal, platform: XP, platformName: XP, proxy: Proxy(), setWindowRect: true, strictFileInteractability: false, timeouts: {implicit: 0, pageLoad: 300000, script: 30000}, unhandledPromptBehavior: dismiss and notify}
Session ID: 79558442518a844acd0ba8dae29f9312
*** Element info: {Using=xpath, value=//input[@name='summary']}
2019-11-04 01:10:15,083 [main] WARN com.odoo.webutils.MyTestListener - creatSalesAct script is failed
2019-11-04 01:10:15,785 [main] INFO com.odoo.webutils.MyTestListener - Screenshot has been taken 
2019-11-04 01:10:26,024 [main] FATAL com.odoo.webutils.MyTestListener - element click intercepted: Element <a aria-expanded="false" class="dropdown-toggle" data-display="static" data-toggle="dropdown" href="#" role="button">...</a> is not clickable at point (1263, 23). Other element would receive the click: <div role="dialog" class="modal o_technical_modal show" tabindex="-1" data-backdrop="static" id="modal_123" open="open" aria-modal="true" style="display: block;">...</div>
  (Session info: chrome=77.0.3865.120)
Build info: version: '3.141.59', revision: 'e82be7d358', time: '2018-11-14T08:17:03'
System info: host: 'ALAM-PC', ip: '192.168.2.105', os.name: 'Windows 7', os.arch: 'amd64', os.version: '6.1', java.version: '1.8.0_201'
Driver info: org.openqa.selenium.chrome.ChromeDriver
Capabilities {acceptInsecureCerts: false, browserName: chrome, browserVersion: 77.0.3865.120, chrome: {chromedriverVersion: 77.0.3865.40 (f484704e052e0..., userDataDir: C:\Users\Alam\AppData\Local...}, goog:chromeOptions: {debuggerAddress: localhost:56573}, javascriptEnabled: true, networkConnectionEnabled: false, pageLoadStrategy: normal, platform: XP, platformName: XP, proxy: Proxy(), setWindowRect: true, strictFileInteractability: false, timeouts: {implicit: 0, pageLoad: 300000, script: 30000}, unhandledPromptBehavior: dismiss and notify}
Session ID: 79558442518a844acd0ba8dae29f9312
2019-11-04 01:10:29,790 [main] INFO com.odoo.webutils.MyTestListener - Browser Closed
2019-11-04 01:10:31,035 [main] INFO com.odoo.webutils.MyTestListener - ExcelReport generated
2019-11-04 01:10:31,036 [main] INFO com.odoo.webutils.MyTestListener - Framework execution Time Taken: 58.0seconds
2019-11-04 01:10:31,036 [main] INFO com.odoo.webutils.MyTestListener - Framework execution ends
