2019-10-21 01:27:59,669 [main] INFO com.odoo.webutils.MyTestListener - Framework execution starts
2019-10-21 01:28:09,681 [main] INFO com.odoo.webutils.MyTestListener - Browser Launched and maximized
2019-10-21 01:28:13,310 [main] INFO com.odoo.webutils.MyTestListener - createSalesTeam script execution starts
2019-10-21 01:29:44,552 [main] INFO com.odoo.webutils.MyTestListener - createSalesTeam script is passed
2019-10-21 01:30:01,677 [main] INFO com.odoo.webutils.MyTestListener - deleteSalesTeam script execution starts
2019-10-21 01:30:33,250 [main] FATAL com.odoo.webutils.MyTestListener - no such element: Unable to locate element: {"method":"xpath","selector":"//li//a[text()='Sales Teams']"}
  (Session info: chrome=77.0.3865.120)
For documentation on this error, please visit: https://www.seleniumhq.org/exceptions/no_such_element.html
Build info: version: '3.141.59', revision: 'e82be7d358', time: '2018-11-14T08:17:03'
System info: host: 'LAPTOP-RQOJ408I', ip: '192.168.0.120', os.name: 'Windows 10', os.arch: 'amd64', os.version: '10.0', java.version: '1.8.0_211'
Driver info: org.openqa.selenium.chrome.ChromeDriver
Capabilities {acceptInsecureCerts: false, browserName: chrome, browserVersion: 77.0.3865.120, chrome: {chromedriverVersion: 77.0.3865.40 (f484704e052e0..., userDataDir: C:\Users\ASUS\AppData\Local...}, goog:chromeOptions: {debuggerAddress: localhost:58112}, javascriptEnabled: true, networkConnectionEnabled: false, pageLoadStrategy: normal, platform: XP, platformName: XP, proxy: Proxy(), setWindowRect: true, strictFileInteractability: false, timeouts: {implicit: 0, pageLoad: 300000, script: 30000}, unhandledPromptBehavior: dismiss and notify}
Session ID: b197a00156465436a4ade42991fd32d9
*** Element info: {Using=xpath, value=//li//a[text()='Sales Teams']}
2019-10-21 01:30:33,265 [main] WARN com.odoo.webutils.MyTestListener - deleteSalesTeam script is failed
2019-10-21 01:30:33,611 [main] INFO com.odoo.webutils.MyTestListener - Screenshot has been taken 
2019-10-21 01:30:50,777 [main] INFO com.odoo.webutils.MyTestListener - Browser Closed
2019-10-21 01:30:50,908 [main] INFO com.odoo.webutils.MyTestListener - ExcelReport generated
2019-10-21 01:30:50,908 [main] INFO com.odoo.webutils.MyTestListener - Framework execution Time Taken: 171.0seconds
2019-10-21 01:30:50,908 [main] INFO com.odoo.webutils.MyTestListener - Framework execution ends
