2019-10-21 14:48:26,865 [main] INFO com.odoo.webutils.MyTestListener - Framework execution starts
2019-10-21 14:48:37,118 [main] INFO com.odoo.webutils.MyTestListener - Browser Launched and maximized
2019-10-21 14:48:46,739 [main] INFO com.odoo.webutils.MyTestListener - CreatingSalesTeam script execution starts
2019-10-21 14:51:44,393 [main] FATAL com.odoo.webutils.MyTestListener - no such element: Unable to locate element: {"method":"xpath","selector":"//div[text()='CRM']"}
  (Session info: chrome=77.0.3865.120)
For documentation on this error, please visit: https://www.seleniumhq.org/exceptions/no_such_element.html
Build info: version: '3.141.59', revision: 'e82be7d358', time: '2018-11-14T08:17:03'
System info: host: 'LAPTOP-VVD7DET5', ip: '192.168.43.254', os.name: 'Windows 10', os.arch: 'amd64', os.version: '10.0', java.version: '1.8.0_201'
Driver info: org.openqa.selenium.chrome.ChromeDriver
Capabilities {acceptInsecureCerts: false, browserName: chrome, browserVersion: 77.0.3865.120, chrome: {chromedriverVersion: 77.0.3865.40 (f484704e052e0..., userDataDir: C:\Users\HP\AppData\Local\T...}, goog:chromeOptions: {debuggerAddress: localhost:63367}, javascriptEnabled: true, networkConnectionEnabled: false, pageLoadStrategy: normal, platform: XP, platformName: XP, proxy: Proxy(), setWindowRect: true, strictFileInteractability: false, timeouts: {implicit: 0, pageLoad: 300000, script: 30000}, unhandledPromptBehavior: dismiss and notify}
Session ID: a410850d132628c1dde057d1956a51ff
*** Element info: {Using=xpath, value=//div[text()='CRM']}
2019-10-21 14:51:44,420 [main] WARN com.odoo.webutils.MyTestListener - CreatingSalesTeam script is failed
2019-10-21 14:51:44,785 [main] INFO com.odoo.webutils.MyTestListener - Screenshot has been taken 
2019-10-21 14:51:44,807 [main] FATAL com.odoo.webutils.MyTestListener - no such element: Unable to locate element: {"method":"xpath","selector":"//li[@class='o_user_menu']/a"}
  (Session info: chrome=77.0.3865.120)
For documentation on this error, please visit: https://www.seleniumhq.org/exceptions/no_such_element.html
Build info: version: '3.141.59', revision: 'e82be7d358', time: '2018-11-14T08:17:03'
System info: host: 'LAPTOP-VVD7DET5', ip: '192.168.43.254', os.name: 'Windows 10', os.arch: 'amd64', os.version: '10.0', java.version: '1.8.0_201'
Driver info: org.openqa.selenium.chrome.ChromeDriver
Capabilities {acceptInsecureCerts: false, browserName: chrome, browserVersion: 77.0.3865.120, chrome: {chromedriverVersion: 77.0.3865.40 (f484704e052e0..., userDataDir: C:\Users\HP\AppData\Local\T...}, goog:chromeOptions: {debuggerAddress: localhost:63367}, javascriptEnabled: true, networkConnectionEnabled: false, pageLoadStrategy: normal, platform: XP, platformName: XP, proxy: Proxy(), setWindowRect: true, strictFileInteractability: false, timeouts: {implicit: 0, pageLoad: 300000, script: 30000}, unhandledPromptBehavior: dismiss and notify}
Session ID: a410850d132628c1dde057d1956a51ff
*** Element info: {Using=xpath, value=//li[@class='o_user_menu']/a}
2019-10-21 14:51:49,635 [main] INFO com.odoo.webutils.MyTestListener - Browser Closed
2019-10-21 14:51:49,896 [main] INFO com.odoo.webutils.MyTestListener - ExcelReport generated
2019-10-21 14:51:49,896 [main] INFO com.odoo.webutils.MyTestListener - Framework execution Time Taken: 203.0seconds
2019-10-21 14:51:49,897 [main] INFO com.odoo.webutils.MyTestListener - Framework execution ends
