2019-10-21 13:26:49,630 [main] INFO com.odoo.webutils.MyTestListener - Framework execution starts
2019-10-21 13:27:01,216 [main] INFO com.odoo.webutils.MyTestListener - Browser Launched and maximized
2019-10-21 13:27:04,026 [main] INFO com.odoo.webutils.MyTestListener - createCustomer script execution starts
2019-10-21 13:27:49,605 [main] INFO com.odoo.webutils.MyTestListener - createCustomer script is passed
2019-10-21 13:27:52,377 [main] INFO com.odoo.webutils.MyTestListener - creadteOpp script execution starts
2019-10-21 13:28:02,866 [main] FATAL com.odoo.webutils.MyTestListener - no such element: Unable to locate element: {"method":"xpath","selector":"//input[@name='name']"}
  (Session info: chrome=77.0.3865.120)
For documentation on this error, please visit: https://www.seleniumhq.org/exceptions/no_such_element.html
Build info: version: '3.141.59', revision: 'e82be7d358', time: '2018-11-14T08:17:03'
System info: host: 'LAPTOP-VVD7DET5', ip: '192.168.43.254', os.name: 'Windows 10', os.arch: 'amd64', os.version: '10.0', java.version: '1.8.0_201'
Driver info: org.openqa.selenium.chrome.ChromeDriver
Capabilities {acceptInsecureCerts: false, browserName: chrome, browserVersion: 77.0.3865.120, chrome: {chromedriverVersion: 77.0.3865.40 (f484704e052e0..., userDataDir: C:\Users\HP\AppData\Local\T...}, goog:chromeOptions: {debuggerAddress: localhost:61250}, javascriptEnabled: true, networkConnectionEnabled: false, pageLoadStrategy: normal, platform: XP, platformName: XP, proxy: Proxy(), setWindowRect: true, strictFileInteractability: false, timeouts: {implicit: 0, pageLoad: 300000, script: 30000}, unhandledPromptBehavior: dismiss and notify}
Session ID: 40af516c9444f598a9eca7612e3de4d6
*** Element info: {Using=xpath, value=//input[@name='name']}
2019-10-21 13:28:02,885 [main] WARN com.odoo.webutils.MyTestListener - creadteOpp script is failed
2019-10-21 13:28:03,236 [main] INFO com.odoo.webutils.MyTestListener - Screenshot has been taken 
2019-10-21 13:28:05,618 [main] INFO com.odoo.webutils.MyTestListener - Browser Closed
2019-10-21 13:28:05,783 [main] INFO com.odoo.webutils.MyTestListener - ExcelReport generated
2019-10-21 13:28:05,783 [main] INFO com.odoo.webutils.MyTestListener - Framework execution Time Taken: 76.0seconds
2019-10-21 13:28:05,783 [main] INFO com.odoo.webutils.MyTestListener - Framework execution ends
