2019-10-15 14:53:06,790 [main] INFO com.odoo.webutils.MyTestListener - Framework execution starts
2019-10-15 14:53:17,024 [main] INFO com.odoo.webutils.MyTestListener - Browser Launched and maximized
2019-10-15 14:53:23,802 [main] INFO com.odoo.webutils.MyTestListener - validLoginTest script execution starts
2019-10-15 14:53:50,524 [main] INFO com.odoo.webutils.MyTestListener - validLoginTest script is passed
2019-10-15 14:53:52,621 [main] INFO com.odoo.webutils.MyTestListener - createCustomer script execution starts
2019-10-15 14:54:35,243 [main] INFO com.odoo.webutils.MyTestListener - createCustomer script is passed
2019-10-15 14:54:36,260 [main] INFO com.odoo.webutils.MyTestListener - createOppExitingCus script execution starts
2019-10-15 14:54:36,399 [main] FATAL com.odoo.webutils.MyTestListener - no such element: Unable to locate element: {"method":"xpath","selector":"//input[@id='login']"}
  (Session info: chrome=77.0.3865.120)
For documentation on this error, please visit: https://www.seleniumhq.org/exceptions/no_such_element.html
Build info: version: '3.141.59', revision: 'e82be7d358', time: '2018-11-14T08:17:03'
System info: host: 'LAPTOP-VVD7DET5', ip: '192.168.0.120', os.name: 'Windows 10', os.arch: 'amd64', os.version: '10.0', java.version: '1.8.0_201'
Driver info: org.openqa.selenium.chrome.ChromeDriver
Capabilities {acceptInsecureCerts: false, browserName: chrome, browserVersion: 77.0.3865.120, chrome: {chromedriverVersion: 77.0.3865.40 (f484704e052e0..., userDataDir: C:\Users\HP\AppData\Local\T...}, goog:chromeOptions: {debuggerAddress: localhost:59205}, javascriptEnabled: true, networkConnectionEnabled: false, pageLoadStrategy: normal, platform: XP, platformName: XP, proxy: Proxy(), setWindowRect: true, strictFileInteractability: false, timeouts: {implicit: 0, pageLoad: 300000, script: 30000}, unhandledPromptBehavior: dismiss and notify}
Session ID: 3b112037f21f574af8905d23e14d6f2e
*** Element info: {Using=xpath, value=//input[@id='login']}
2019-10-15 14:54:36,413 [main] WARN com.odoo.webutils.MyTestListener - createOppExitingCus script is failed
2019-10-15 14:54:36,822 [main] INFO com.odoo.webutils.MyTestListener - Screenshot has been taken 
2019-10-15 14:54:36,841 [main] FATAL com.odoo.webutils.MyTestListener - no such element: Unable to locate element: {"method":"xpath","selector":"//li[@class='o_user_menu']/a"}
  (Session info: chrome=77.0.3865.120)
For documentation on this error, please visit: https://www.seleniumhq.org/exceptions/no_such_element.html
Build info: version: '3.141.59', revision: 'e82be7d358', time: '2018-11-14T08:17:03'
System info: host: 'LAPTOP-VVD7DET5', ip: '192.168.0.120', os.name: 'Windows 10', os.arch: 'amd64', os.version: '10.0', java.version: '1.8.0_201'
Driver info: org.openqa.selenium.chrome.ChromeDriver
Capabilities {acceptInsecureCerts: false, browserName: chrome, browserVersion: 77.0.3865.120, chrome: {chromedriverVersion: 77.0.3865.40 (f484704e052e0..., userDataDir: C:\Users\HP\AppData\Local\T...}, goog:chromeOptions: {debuggerAddress: localhost:59205}, javascriptEnabled: true, networkConnectionEnabled: false, pageLoadStrategy: normal, platform: XP, platformName: XP, proxy: Proxy(), setWindowRect: true, strictFileInteractability: false, timeouts: {implicit: 0, pageLoad: 300000, script: 30000}, unhandledPromptBehavior: dismiss and notify}
Session ID: 3b112037f21f574af8905d23e14d6f2e
*** Element info: {Using=xpath, value=//li[@class='o_user_menu']/a}
2019-10-15 14:54:37,695 [main] INFO com.odoo.webutils.MyTestListener - Browser Closed
2019-10-15 14:54:37,863 [main] INFO com.odoo.webutils.MyTestListener - ExcelReport generated
2019-10-15 14:54:37,864 [main] INFO com.odoo.webutils.MyTestListener - Framework execution Time Taken: 91.0seconds
2019-10-15 14:54:37,864 [main] INFO com.odoo.webutils.MyTestListener - Framework execution ends
