2019-10-22 22:26:37,430 [main] INFO com.odoo.webutils.MyTestListener - Framework execution starts
2019-10-22 22:26:43,577 [main] INFO com.odoo.webutils.MyTestListener - Browser Launched and maximized
2019-10-22 22:26:47,861 [main] INFO com.odoo.webutils.MyTestListener - createSalesTeam script execution starts
2019-10-22 22:30:41,696 [main] FATAL com.odoo.webutils.MyTestListener - element click intercepted: Element <input class="o_field_char o_field_widget o_input oe_inline" name="alias_name" placeholder="" type="text" id="o_field_input_174"> is not clickable at point (356, 342). Other element would receive the click: <div role="dialog" class="modal o_technical_modal show" tabindex="-1" data-backdrop="static" id="modal_327" open="open" aria-modal="true" style="display: block;">...</div>
  (Session info: chrome=77.0.3865.120)
Build info: version: '3.141.59', revision: 'e82be7d358', time: '2018-11-14T08:17:03'
System info: host: 'ALAM-PC', ip: '192.168.0.105', os.name: 'Windows 7', os.arch: 'amd64', os.version: '6.1', java.version: '1.8.0_201'
Driver info: org.openqa.selenium.chrome.ChromeDriver
Capabilities {acceptInsecureCerts: false, browserName: chrome, browserVersion: 77.0.3865.120, chrome: {chromedriverVersion: 77.0.3865.40 (f484704e052e0..., userDataDir: C:\Users\Alam\AppData\Local...}, goog:chromeOptions: {debuggerAddress: localhost:61386}, javascriptEnabled: true, networkConnectionEnabled: false, pageLoadStrategy: normal, platform: XP, platformName: XP, proxy: Proxy(), setWindowRect: true, strictFileInteractability: false, timeouts: {implicit: 0, pageLoad: 300000, script: 30000}, unhandledPromptBehavior: dismiss and notify}
Session ID: 67f38e126bdba01478dd90b35649a702
2019-10-22 22:30:41,717 [main] WARN com.odoo.webutils.MyTestListener - createSalesTeam script is failed
2019-10-22 22:30:42,397 [main] INFO com.odoo.webutils.MyTestListener - Screenshot has been taken 
2019-10-22 22:30:47,562 [main] FATAL com.odoo.webutils.MyTestListener - element click intercepted: Element <a aria-expanded="false" class="dropdown-toggle" data-display="static" data-toggle="dropdown" href="#" role="button">...</a> is not clickable at point (1263, 23). Other element would receive the click: <div role="dialog" class="modal o_technical_modal show" tabindex="-1" data-backdrop="static" id="modal_327" open="open" aria-modal="true" style="display: block;">...</div>
  (Session info: chrome=77.0.3865.120)
Build info: version: '3.141.59', revision: 'e82be7d358', time: '2018-11-14T08:17:03'
System info: host: 'ALAM-PC', ip: '192.168.0.105', os.name: 'Windows 7', os.arch: 'amd64', os.version: '6.1', java.version: '1.8.0_201'
Driver info: org.openqa.selenium.chrome.ChromeDriver
Capabilities {acceptInsecureCerts: false, browserName: chrome, browserVersion: 77.0.3865.120, chrome: {chromedriverVersion: 77.0.3865.40 (f484704e052e0..., userDataDir: C:\Users\Alam\AppData\Local...}, goog:chromeOptions: {debuggerAddress: localhost:61386}, javascriptEnabled: true, networkConnectionEnabled: false, pageLoadStrategy: normal, platform: XP, platformName: XP, proxy: Proxy(), setWindowRect: true, strictFileInteractability: false, timeouts: {implicit: 0, pageLoad: 300000, script: 30000}, unhandledPromptBehavior: dismiss and notify}
Session ID: 67f38e126bdba01478dd90b35649a702
2019-10-22 22:30:47,582 [main] INFO com.odoo.webutils.MyTestListener - dltSalesTeam script execution starts
2019-10-22 22:30:47,586 [main] INFO com.odoo.webutils.MyTestListener - dltSalesTeam script is skipped
2019-10-22 22:30:50,534 [main] INFO com.odoo.webutils.MyTestListener - Browser Closed
2019-10-22 22:30:50,737 [main] INFO com.odoo.webutils.MyTestListener - ExcelReport generated
2019-10-22 22:30:50,737 [main] INFO com.odoo.webutils.MyTestListener - Framework execution Time Taken: 253.0seconds
2019-10-22 22:30:50,737 [main] INFO com.odoo.webutils.MyTestListener - Framework execution ends
