2019-11-05 02:56:32,658 [main] INFO com.odoo.webutils.MyTestListener - Framework execution starts
2019-11-05 02:56:39,202 [main] INFO com.odoo.webutils.MyTestListener - Browser Launched and maximized
2019-11-05 02:56:42,556 [main] INFO com.odoo.webutils.MyTestListener - newCustomer script execution starts
2019-11-05 02:57:37,594 [main] INFO com.odoo.webutils.MyTestListener - newCustomer script is passed
2019-11-05 02:57:50,295 [main] INFO com.odoo.webutils.MyTestListener - createOpportunity script execution starts
2019-11-05 02:58:34,204 [main] INFO com.odoo.webutils.MyTestListener - createOpportunity script is passed
2019-11-05 02:58:47,303 [main] INFO com.odoo.webutils.MyTestListener - scheduledActivity script execution starts
2019-11-05 02:59:04,527 [main] FATAL com.odoo.webutils.MyTestListener - no such element: Unable to locate element: {"method":"xpath","selector":"//div[@name='activity_type_id']//input"}
  (Session info: chrome=78.0.3904.87)
For documentation on this error, please visit: https://www.seleniumhq.org/exceptions/no_such_element.html
Build info: version: '3.141.59', revision: 'e82be7d358', time: '2018-11-14T08:17:03'
System info: host: 'ALAM-PC', ip: '192.168.2.105', os.name: 'Windows 7', os.arch: 'amd64', os.version: '6.1', java.version: '1.8.0_201'
Driver info: org.openqa.selenium.chrome.ChromeDriver
Capabilities {acceptInsecureCerts: false, browserName: chrome, browserVersion: 78.0.3904.87, chrome: {chromedriverVersion: 78.0.3904.70 (edb9c9f3de024..., userDataDir: C:\Users\Alam\AppData\Local...}, goog:chromeOptions: {debuggerAddress: localhost:53608}, javascriptEnabled: true, networkConnectionEnabled: false, pageLoadStrategy: normal, platform: XP, platformName: XP, proxy: Proxy(), setWindowRect: true, strictFileInteractability: false, timeouts: {implicit: 0, pageLoad: 300000, script: 30000}, unhandledPromptBehavior: dismiss and notify}
Session ID: 1ed45fcba0e42cb21b911d558ca53d25
*** Element info: {Using=xpath, value=//div[@name='activity_type_id']//input}
2019-11-05 02:59:04,555 [main] WARN com.odoo.webutils.MyTestListener - scheduledActivity script is failed
2019-11-05 02:59:05,898 [main] INFO com.odoo.webutils.MyTestListener - Screenshot has been taken 
2019-11-05 02:59:11,031 [main] FATAL com.odoo.webutils.MyTestListener - element click intercepted: Element <a aria-expanded="false" class="dropdown-toggle" data-display="static" data-toggle="dropdown" href="#" role="button">...</a> is not clickable at point (1263, 23). Other element would receive the click: <div role="dialog" class="modal o_technical_modal show" tabindex="-1" data-backdrop="static" id="modal_123" open="open" aria-modal="true" style="display: block;">...</div>
  (Session info: chrome=78.0.3904.87)
Build info: version: '3.141.59', revision: 'e82be7d358', time: '2018-11-14T08:17:03'
System info: host: 'ALAM-PC', ip: '192.168.2.105', os.name: 'Windows 7', os.arch: 'amd64', os.version: '6.1', java.version: '1.8.0_201'
Driver info: org.openqa.selenium.chrome.ChromeDriver
Capabilities {acceptInsecureCerts: false, browserName: chrome, browserVersion: 78.0.3904.87, chrome: {chromedriverVersion: 78.0.3904.70 (edb9c9f3de024..., userDataDir: C:\Users\Alam\AppData\Local...}, goog:chromeOptions: {debuggerAddress: localhost:53608}, javascriptEnabled: true, networkConnectionEnabled: false, pageLoadStrategy: normal, platform: XP, platformName: XP, proxy: Proxy(), setWindowRect: true, strictFileInteractability: false, timeouts: {implicit: 0, pageLoad: 300000, script: 30000}, unhandledPromptBehavior: dismiss and notify}
Session ID: 1ed45fcba0e42cb21b911d558ca53d25
2019-11-05 02:59:11,136 [main] INFO com.odoo.webutils.MyTestListener - creatSalesAct script execution starts
2019-11-05 02:59:11,142 [main] INFO com.odoo.webutils.MyTestListener - creatSalesAct script is skipped
2019-11-05 02:59:11,149 [main] INFO com.odoo.webutils.MyTestListener - createEmailAct script execution starts
2019-11-05 02:59:11,164 [main] INFO com.odoo.webutils.MyTestListener - createEmailAct script is skipped
2019-11-05 02:59:14,436 [main] INFO com.odoo.webutils.MyTestListener - Browser Closed
2019-11-05 02:59:14,934 [main] INFO com.odoo.webutils.MyTestListener - ExcelReport generated
2019-11-05 02:59:14,935 [main] INFO com.odoo.webutils.MyTestListener - Framework execution Time Taken: 162.0seconds
2019-11-05 02:59:14,936 [main] INFO com.odoo.webutils.MyTestListener - Framework execution ends
