2019-10-26 11:42:28,220 [main] INFO com.odoo.webutils.MyTestListener - Framework execution starts
2019-10-26 11:42:35,180 [main] INFO com.odoo.webutils.MyTestListener - Browser Launched and maximized
2019-10-26 11:42:58,818 [main] INFO com.odoo.webutils.MyTestListener - createOpportunity script execution starts
2019-10-26 11:43:01,700 [main] FATAL com.odoo.webutils.MyTestListener - no such element: Unable to locate element: {"method":"xpath","selector":"//input[@id='login']"}
  (Session info: chrome=77.0.3865.120)
For documentation on this error, please visit: https://www.seleniumhq.org/exceptions/no_such_element.html
Build info: version: '3.141.59', revision: 'e82be7d358', time: '2018-11-14T08:17:03'
System info: host: 'ALAM-PC', ip: '192.168.0.103', os.name: 'Windows 7', os.arch: 'amd64', os.version: '6.1', java.version: '1.8.0_201'
Driver info: org.openqa.selenium.chrome.ChromeDriver
Capabilities {acceptInsecureCerts: false, browserName: chrome, browserVersion: 77.0.3865.120, chrome: {chromedriverVersion: 77.0.3865.40 (f484704e052e0..., userDataDir: C:\Users\Alam\AppData\Local...}, goog:chromeOptions: {debuggerAddress: localhost:62896}, javascriptEnabled: true, networkConnectionEnabled: false, pageLoadStrategy: normal, platform: XP, platformName: XP, proxy: Proxy(), setWindowRect: true, strictFileInteractability: false, timeouts: {implicit: 0, pageLoad: 300000, script: 30000}, unhandledPromptBehavior: dismiss and notify}
Session ID: ef5ad123f9760cf02f45d70305fcb91e
*** Element info: {Using=xpath, value=//input[@id='login']}
2019-10-26 11:43:01,726 [main] WARN com.odoo.webutils.MyTestListener - createOpportunity script is failed
2019-10-26 11:43:02,305 [main] INFO com.odoo.webutils.MyTestListener - Screenshot has been taken 
2019-10-26 11:43:12,406 [main] FATAL com.odoo.webutils.MyTestListener - no such element: Unable to locate element: {"method":"xpath","selector":"//li[@class='o_user_menu']/a"}
  (Session info: chrome=77.0.3865.120)
For documentation on this error, please visit: https://www.seleniumhq.org/exceptions/no_such_element.html
Build info: version: '3.141.59', revision: 'e82be7d358', time: '2018-11-14T08:17:03'
System info: host: 'ALAM-PC', ip: '192.168.0.103', os.name: 'Windows 7', os.arch: 'amd64', os.version: '6.1', java.version: '1.8.0_201'
Driver info: org.openqa.selenium.chrome.ChromeDriver
Capabilities {acceptInsecureCerts: false, browserName: chrome, browserVersion: 77.0.3865.120, chrome: {chromedriverVersion: 77.0.3865.40 (f484704e052e0..., userDataDir: C:\Users\Alam\AppData\Local...}, goog:chromeOptions: {debuggerAddress: localhost:62896}, javascriptEnabled: true, networkConnectionEnabled: false, pageLoadStrategy: normal, platform: XP, platformName: XP, proxy: Proxy(), setWindowRect: true, strictFileInteractability: false, timeouts: {implicit: 0, pageLoad: 300000, script: 30000}, unhandledPromptBehavior: dismiss and notify}
Session ID: ef5ad123f9760cf02f45d70305fcb91e
*** Element info: {Using=xpath, value=//li[@class='o_user_menu']/a}
2019-10-26 11:43:15,573 [main] INFO com.odoo.webutils.MyTestListener - Browser Closed
2019-10-26 11:43:16,923 [main] INFO com.odoo.webutils.MyTestListener - ExcelReport generated
2019-10-26 11:43:16,924 [main] INFO com.odoo.webutils.MyTestListener - Framework execution Time Taken: 48.0seconds
2019-10-26 11:43:16,924 [main] INFO com.odoo.webutils.MyTestListener - Framework execution ends
