2019-10-15 14:55:25,804 [main] INFO com.odoo.webutils.MyTestListener - Framework execution starts
2019-10-15 14:55:31,611 [main] INFO com.odoo.webutils.MyTestListener - Browser Launched and maximized
2019-10-15 14:55:35,635 [main] INFO com.odoo.webutils.MyTestListener - cusotmercreate script execution starts
2019-10-15 14:55:43,641 [main] FATAL com.odoo.webutils.MyTestListener - no such element: Unable to locate element: {"method":"xpath","selector":"//div[text()='CRM']"}
  (Session info: chrome=77.0.3865.90)
For documentation on this error, please visit: https://www.seleniumhq.org/exceptions/no_such_element.html
Build info: version: '3.141.59', revision: 'e82be7d358', time: '2018-11-14T08:17:03'
System info: host: 'ABC-PC', ip: '192.168.1.118', os.name: 'Windows 7', os.arch: 'amd64', os.version: '6.1', java.version: '1.8.0_201'
Driver info: org.openqa.selenium.chrome.ChromeDriver
Capabilities {acceptInsecureCerts: false, browserName: chrome, browserVersion: 77.0.3865.90, chrome: {chromedriverVersion: 77.0.3865.40 (f484704e052e0..., userDataDir: C:\Users\abc\AppData\Local\...}, goog:chromeOptions: {debuggerAddress: localhost:53508}, javascriptEnabled: true, networkConnectionEnabled: false, pageLoadStrategy: normal, platform: XP, platformName: XP, proxy: Proxy(), setWindowRect: true, strictFileInteractability: false, timeouts: {implicit: 0, pageLoad: 300000, script: 30000}, unhandledPromptBehavior: dismiss and notify}
Session ID: 37a9cf5d0cfd9f8dc090ab4fdd78df63
*** Element info: {Using=xpath, value=//div[text()='CRM']}
2019-10-15 14:57:01,460 [main] FATAL com.odoo.webutils.MyTestListener - element not interactable
  (Session info: chrome=77.0.3865.90)
Build info: version: '3.141.59', revision: 'e82be7d358', time: '2018-11-14T08:17:03'
System info: host: 'ABC-PC', ip: '192.168.1.118', os.name: 'Windows 7', os.arch: 'amd64', os.version: '6.1', java.version: '1.8.0_201'
Driver info: org.openqa.selenium.chrome.ChromeDriver
Capabilities {acceptInsecureCerts: false, browserName: chrome, browserVersion: 77.0.3865.90, chrome: {chromedriverVersion: 77.0.3865.40 (f484704e052e0..., userDataDir: C:\Users\abc\AppData\Local\...}, goog:chromeOptions: {debuggerAddress: localhost:53508}, javascriptEnabled: true, networkConnectionEnabled: false, pageLoadStrategy: normal, platform: XP, platformName: XP, proxy: Proxy(), setWindowRect: true, strictFileInteractability: false, timeouts: {implicit: 0, pageLoad: 300000, script: 30000}, unhandledPromptBehavior: dismiss and notify}
Session ID: 37a9cf5d0cfd9f8dc090ab4fdd78df63
2019-10-15 14:57:01,468 [main] WARN com.odoo.webutils.MyTestListener - cusotmercreate script is failed
2019-10-15 14:57:01,824 [main] INFO com.odoo.webutils.MyTestListener - Screenshot has been taken 
2019-10-15 14:57:04,548 [main] INFO com.odoo.webutils.MyTestListener - Browser Closed
2019-10-15 14:57:04,741 [main] INFO com.odoo.webutils.MyTestListener - ExcelReport generated
2019-10-15 14:57:04,741 [main] INFO com.odoo.webutils.MyTestListener - Framework execution Time Taken: 99.0seconds
2019-10-15 14:57:04,741 [main] INFO com.odoo.webutils.MyTestListener - Framework execution ends
