2019-10-19 08:41:45,603 [main] INFO com.odoo.webutils.MyTestListener - Framework execution starts
2019-10-19 08:41:50,881 [main] INFO com.odoo.webutils.MyTestListener - Browser Launched and maximized
2019-10-19 08:41:54,244 [main] INFO com.odoo.webutils.MyTestListener - createCustomer script execution starts
2019-10-19 08:42:39,846 [main] INFO com.odoo.webutils.MyTestListener - createCustomer script is passed
2019-10-19 08:42:56,847 [main] INFO com.odoo.webutils.MyTestListener - createOpportunity script execution starts
2019-10-19 08:44:01,519 [main] FATAL com.odoo.webutils.MyTestListener - element not interactable
  (Session info: chrome=77.0.3865.120)
Build info: version: '3.141.59', revision: 'e82be7d358', time: '2018-11-14T08:17:03'
System info: host: 'ADARSH', ip: '192.168.1.225', os.name: 'Windows 8', os.arch: 'amd64', os.version: '6.2', java.version: '1.8.0_201'
Driver info: org.openqa.selenium.chrome.ChromeDriver
Capabilities {acceptInsecureCerts: false, browserName: chrome, browserVersion: 77.0.3865.120, chrome: {chromedriverVersion: 77.0.3865.40 (f484704e052e0..., userDataDir: C:\Users\ANSHU\AppData\Loca...}, goog:chromeOptions: {debuggerAddress: localhost:50943}, javascriptEnabled: true, networkConnectionEnabled: false, pageLoadStrategy: normal, platform: XP, platformName: XP, proxy: Proxy(), setWindowRect: true, strictFileInteractability: false, timeouts: {implicit: 0, pageLoad: 300000, script: 30000}, unhandledPromptBehavior: dismiss and notify}
Session ID: 303682079dcefcd4416468a2f1b1bf22
2019-10-19 08:44:01,529 [main] WARN com.odoo.webutils.MyTestListener - createOpportunity script is failed
2019-10-19 08:44:02,002 [main] INFO com.odoo.webutils.MyTestListener - Screenshot has been taken 
2019-10-19 08:44:07,121 [main] FATAL com.odoo.webutils.MyTestListener - element click intercepted: Element <a aria-expanded="false" class="dropdown-toggle" data-display="static" data-toggle="dropdown" href="#" role="button">...</a> is not clickable at point (1261, 23). Other element would receive the click: <div role="dialog" class="modal o_technical_modal show" tabindex="-1" data-backdrop="static" id="modal_149" open="open" aria-modal="true" style="display: block;">...</div>
  (Session info: chrome=77.0.3865.120)
Build info: version: '3.141.59', revision: 'e82be7d358', time: '2018-11-14T08:17:03'
System info: host: 'ADARSH', ip: '192.168.1.225', os.name: 'Windows 8', os.arch: 'amd64', os.version: '6.2', java.version: '1.8.0_201'
Driver info: org.openqa.selenium.chrome.ChromeDriver
Capabilities {acceptInsecureCerts: false, browserName: chrome, browserVersion: 77.0.3865.120, chrome: {chromedriverVersion: 77.0.3865.40 (f484704e052e0..., userDataDir: C:\Users\ANSHU\AppData\Loca...}, goog:chromeOptions: {debuggerAddress: localhost:50943}, javascriptEnabled: true, networkConnectionEnabled: false, pageLoadStrategy: normal, platform: XP, platformName: XP, proxy: Proxy(), setWindowRect: true, strictFileInteractability: false, timeouts: {implicit: 0, pageLoad: 300000, script: 30000}, unhandledPromptBehavior: dismiss and notify}
Session ID: 303682079dcefcd4416468a2f1b1bf22
2019-10-19 08:44:07,150 [main] INFO com.odoo.webutils.MyTestListener - deleteCustomer script execution starts
2019-10-19 08:44:07,178 [main] INFO com.odoo.webutils.MyTestListener - deleteCustomer script is skipped
2019-10-19 08:44:10,662 [main] INFO com.odoo.webutils.MyTestListener - Browser Closed
2019-10-19 08:44:10,863 [main] INFO com.odoo.webutils.MyTestListener - ExcelReport generated
2019-10-19 08:44:10,864 [main] INFO com.odoo.webutils.MyTestListener - Framework execution Time Taken: 145.0seconds
2019-10-19 08:44:10,865 [main] INFO com.odoo.webutils.MyTestListener - Framework execution ends
