2019-10-19 11:18:54,680 [main] INFO com.odoo.webutils.MyTestListener - Framework execution starts
2019-10-19 11:19:05,328 [main] INFO com.odoo.webutils.MyTestListener - Browser Launched and maximized
2019-10-19 11:19:12,844 [main] INFO com.odoo.webutils.MyTestListener - newCustomer script execution starts
2019-10-19 11:19:30,695 [main] FATAL com.odoo.webutils.MyTestListener - no such element: Unable to locate element: {"method":"xpath","selector":"//div[text()='CRM']"}
  (Session info: chrome=77.0.3865.120)
For documentation on this error, please visit: https://www.seleniumhq.org/exceptions/no_such_element.html
Build info: version: '3.141.59', revision: 'e82be7d358', time: '2018-11-14T08:17:03'
System info: host: 'LAPTOP-RQOJ408I', ip: '192.168.0.120', os.name: 'Windows 10', os.arch: 'amd64', os.version: '10.0', java.version: '1.8.0_211'
Driver info: org.openqa.selenium.chrome.ChromeDriver
Capabilities {acceptInsecureCerts: false, browserName: chrome, browserVersion: 77.0.3865.120, chrome: {chromedriverVersion: 77.0.3865.40 (f484704e052e0..., userDataDir: C:\Users\ASUS\AppData\Local...}, goog:chromeOptions: {debuggerAddress: localhost:57356}, javascriptEnabled: true, networkConnectionEnabled: false, pageLoadStrategy: normal, platform: XP, platformName: XP, proxy: Proxy(), setWindowRect: true, strictFileInteractability: false, timeouts: {implicit: 0, pageLoad: 300000, script: 30000}, unhandledPromptBehavior: dismiss and notify}
Session ID: f348cc0a8c901da5d4a2125724dde1be
*** Element info: {Using=xpath, value=//div[text()='CRM']}
2019-10-19 11:19:30,955 [main] WARN com.odoo.webutils.MyTestListener - newCustomer script is failed
2019-10-19 11:19:32,480 [main] INFO com.odoo.webutils.MyTestListener - Screenshot has been taken 
2019-10-19 11:19:43,845 [main] INFO com.odoo.webutils.MyTestListener - deleteCustomer script execution starts
2019-10-19 11:19:43,850 [main] INFO com.odoo.webutils.MyTestListener - deleteCustomer script is skipped
2019-10-19 11:19:45,542 [main] INFO com.odoo.webutils.MyTestListener - Browser Closed
2019-10-19 11:19:45,703 [main] INFO com.odoo.webutils.MyTestListener - ExcelReport generated
2019-10-19 11:19:45,703 [main] INFO com.odoo.webutils.MyTestListener - Framework execution Time Taken: 51.0seconds
2019-10-19 11:19:45,703 [main] INFO com.odoo.webutils.MyTestListener - Framework execution ends
