2019-10-21 01:01:55,472 [main] INFO com.odoo.webutils.MyTestListener - Framework execution starts
2019-10-21 01:02:05,401 [main] INFO com.odoo.webutils.MyTestListener - Browser Launched and maximized
2019-10-21 01:02:10,188 [main] INFO com.odoo.webutils.MyTestListener - createSalesTeam script execution starts
2019-10-21 01:03:33,487 [main] FATAL com.odoo.webutils.MyTestListener - no such element: Unable to locate element: {"method":"xpath","selector":"//span[@name='name']"}
  (Session info: chrome=77.0.3865.120)
For documentation on this error, please visit: https://www.seleniumhq.org/exceptions/no_such_element.html
Build info: version: '3.141.59', revision: 'e82be7d358', time: '2018-11-14T08:17:03'
System info: host: 'LAPTOP-RQOJ408I', ip: '192.168.0.120', os.name: 'Windows 10', os.arch: 'amd64', os.version: '10.0', java.version: '1.8.0_211'
Driver info: org.openqa.selenium.chrome.ChromeDriver
Capabilities {acceptInsecureCerts: false, browserName: chrome, browserVersion: 77.0.3865.120, chrome: {chromedriverVersion: 77.0.3865.40 (f484704e052e0..., userDataDir: C:\Users\ASUS\AppData\Local...}, goog:chromeOptions: {debuggerAddress: localhost:57258}, javascriptEnabled: true, networkConnectionEnabled: false, pageLoadStrategy: normal, platform: XP, platformName: XP, proxy: Proxy(), setWindowRect: true, strictFileInteractability: false, timeouts: {implicit: 0, pageLoad: 300000, script: 30000}, unhandledPromptBehavior: dismiss and notify}
Session ID: 90fad20f86ff2b89a0d61a8aec439509
*** Element info: {Using=xpath, value=//span[@name='name']}
2019-10-21 01:03:33,493 [main] WARN com.odoo.webutils.MyTestListener - createSalesTeam script is failed
2019-10-21 01:03:33,878 [main] INFO com.odoo.webutils.MyTestListener - Screenshot has been taken 
2019-10-21 01:03:50,877 [main] INFO com.odoo.webutils.MyTestListener - deleteSalesTeam script execution starts
2019-10-21 01:04:12,510 [main] FATAL com.odoo.webutils.MyTestListener - no such element: Unable to locate element: {"method":"xpath","selector":"//a[text()='Sales Teams']"}
  (Session info: chrome=77.0.3865.120)
For documentation on this error, please visit: https://www.seleniumhq.org/exceptions/no_such_element.html
Build info: version: '3.141.59', revision: 'e82be7d358', time: '2018-11-14T08:17:03'
System info: host: 'LAPTOP-RQOJ408I', ip: '192.168.0.120', os.name: 'Windows 10', os.arch: 'amd64', os.version: '10.0', java.version: '1.8.0_211'
Driver info: org.openqa.selenium.chrome.ChromeDriver
Capabilities {acceptInsecureCerts: false, browserName: chrome, browserVersion: 77.0.3865.120, chrome: {chromedriverVersion: 77.0.3865.40 (f484704e052e0..., userDataDir: C:\Users\ASUS\AppData\Local...}, goog:chromeOptions: {debuggerAddress: localhost:57258}, javascriptEnabled: true, networkConnectionEnabled: false, pageLoadStrategy: normal, platform: XP, platformName: XP, proxy: Proxy(), setWindowRect: true, strictFileInteractability: false, timeouts: {implicit: 0, pageLoad: 300000, script: 30000}, unhandledPromptBehavior: dismiss and notify}
Session ID: 90fad20f86ff2b89a0d61a8aec439509
*** Element info: {Using=xpath, value=//a[text()='Sales Teams']}
2019-10-21 01:04:12,513 [main] WARN com.odoo.webutils.MyTestListener - deleteSalesTeam script is failed
2019-10-21 01:04:12,900 [main] INFO com.odoo.webutils.MyTestListener - Screenshot has been taken 
2019-10-21 01:04:30,264 [main] INFO com.odoo.webutils.MyTestListener - Browser Closed
2019-10-21 01:04:30,330 [main] INFO com.odoo.webutils.MyTestListener - ExcelReport generated
2019-10-21 01:04:30,330 [main] INFO com.odoo.webutils.MyTestListener - Framework execution Time Taken: 154.0seconds
2019-10-21 01:04:30,330 [main] INFO com.odoo.webutils.MyTestListener - Framework execution ends
