2019-10-22 20:58:38,294 [main] INFO com.odoo.webutils.MyTestListener - Framework execution starts
2019-10-22 20:58:49,397 [main] INFO com.odoo.webutils.MyTestListener - Browser Launched and maximized
2019-10-22 20:58:53,397 [main] INFO com.odoo.webutils.MyTestListener - createCustomer script execution starts
2019-10-22 20:59:30,911 [main] FATAL com.odoo.webutils.MyTestListener - no such element: Unable to locate element: {"method":"xpath","selector":"//div[@name='name']//input"}
  (Session info: chrome=77.0.3865.120)
For documentation on this error, please visit: https://www.seleniumhq.org/exceptions/no_such_element.html
Build info: version: '3.141.59', revision: 'e82be7d358', time: '2018-11-14T08:17:03'
System info: host: 'LAPTOP-RQOJ408I', ip: '192.168.0.120', os.name: 'Windows 10', os.arch: 'amd64', os.version: '10.0', java.version: '1.8.0_211'
Driver info: org.openqa.selenium.chrome.ChromeDriver
Capabilities {acceptInsecureCerts: false, browserName: chrome, browserVersion: 77.0.3865.120, chrome: {chromedriverVersion: 77.0.3865.40 (f484704e052e0..., userDataDir: C:\Users\ASUS\AppData\Local...}, goog:chromeOptions: {debuggerAddress: localhost:60467}, javascriptEnabled: true, networkConnectionEnabled: false, pageLoadStrategy: normal, platform: XP, platformName: XP, proxy: Proxy(), setWindowRect: true, strictFileInteractability: false, timeouts: {implicit: 0, pageLoad: 300000, script: 30000}, unhandledPromptBehavior: dismiss and notify}
Session ID: ecef187b1d35a99171b16521d1bd470d
*** Element info: {Using=xpath, value=//div[@name='name']//input}
2019-10-22 20:59:31,699 [main] FATAL com.odoo.webutils.MyTestListener - no such element: Unable to locate element: {"method":"xpath","selector":"//div[@name='name']//input"}
  (Session info: chrome=77.0.3865.120)
For documentation on this error, please visit: https://www.seleniumhq.org/exceptions/no_such_element.html
Build info: version: '3.141.59', revision: 'e82be7d358', time: '2018-11-14T08:17:03'
System info: host: 'LAPTOP-RQOJ408I', ip: '192.168.0.120', os.name: 'Windows 10', os.arch: 'amd64', os.version: '10.0', java.version: '1.8.0_211'
Driver info: org.openqa.selenium.chrome.ChromeDriver
Capabilities {acceptInsecureCerts: false, browserName: chrome, browserVersion: 77.0.3865.120, chrome: {chromedriverVersion: 77.0.3865.40 (f484704e052e0..., userDataDir: C:\Users\ASUS\AppData\Local...}, goog:chromeOptions: {debuggerAddress: localhost:60467}, javascriptEnabled: true, networkConnectionEnabled: false, pageLoadStrategy: normal, platform: XP, platformName: XP, proxy: Proxy(), setWindowRect: true, strictFileInteractability: false, timeouts: {implicit: 0, pageLoad: 300000, script: 30000}, unhandledPromptBehavior: dismiss and notify}
Session ID: ecef187b1d35a99171b16521d1bd470d
*** Element info: {Using=xpath, value=//div[@name='name']//input}
2019-10-22 21:00:06,296 [main] INFO com.odoo.webutils.MyTestListener - createCustomer script is passed
2019-10-22 21:00:24,638 [main] INFO com.odoo.webutils.MyTestListener - createOpportunity script execution starts
2019-10-22 21:01:49,854 [main] FATAL com.odoo.webutils.MyTestListener - no such element: Unable to locate element: {"method":"xpath","selector":"//h1/span[@name='name']"}
  (Session info: chrome=77.0.3865.120)
For documentation on this error, please visit: https://www.seleniumhq.org/exceptions/no_such_element.html
Build info: version: '3.141.59', revision: 'e82be7d358', time: '2018-11-14T08:17:03'
System info: host: 'LAPTOP-RQOJ408I', ip: '192.168.0.120', os.name: 'Windows 10', os.arch: 'amd64', os.version: '10.0', java.version: '1.8.0_211'
Driver info: org.openqa.selenium.chrome.ChromeDriver
Capabilities {acceptInsecureCerts: false, browserName: chrome, browserVersion: 77.0.3865.120, chrome: {chromedriverVersion: 77.0.3865.40 (f484704e052e0..., userDataDir: C:\Users\ASUS\AppData\Local...}, goog:chromeOptions: {debuggerAddress: localhost:60467}, javascriptEnabled: true, networkConnectionEnabled: false, pageLoadStrategy: normal, platform: XP, platformName: XP, proxy: Proxy(), setWindowRect: true, strictFileInteractability: false, timeouts: {implicit: 0, pageLoad: 300000, script: 30000}, unhandledPromptBehavior: dismiss and notify}
Session ID: ecef187b1d35a99171b16521d1bd470d
*** Element info: {Using=xpath, value=//h1/span[@name='name']}
2019-10-22 21:01:49,868 [main] WARN com.odoo.webutils.MyTestListener - createOpportunity script is failed
2019-10-22 21:01:50,479 [main] INFO com.odoo.webutils.MyTestListener - Screenshot has been taken 
2019-10-22 21:02:07,211 [main] INFO com.odoo.webutils.MyTestListener - drgAndDrpOpportunity script execution starts
2019-10-22 21:02:07,217 [main] INFO com.odoo.webutils.MyTestListener - drgAndDrpOpportunity script is skipped
2019-10-22 21:02:07,225 [main] INFO com.odoo.webutils.MyTestListener - deleteCustomer script execution starts
2019-10-22 21:02:07,231 [main] INFO com.odoo.webutils.MyTestListener - deleteCustomer script is skipped
2019-10-22 21:02:08,054 [main] INFO com.odoo.webutils.MyTestListener - Browser Closed
2019-10-22 21:02:08,195 [main] INFO com.odoo.webutils.MyTestListener - ExcelReport generated
2019-10-22 21:02:08,197 [main] INFO com.odoo.webutils.MyTestListener - Framework execution Time Taken: 209.0seconds
2019-10-22 21:02:08,198 [main] INFO com.odoo.webutils.MyTestListener - Framework execution ends
