2019-10-15 00:43:19,757 [main] INFO com.odoo.webutils.MyTestListener - Framework execution starts
2019-10-15 00:43:29,966 [main] INFO com.odoo.webutils.MyTestListener - Browser Launched and maximized
2019-10-15 00:43:32,223 [main] INFO com.odoo.webutils.MyTestListener - validLoginTest script execution starts
2019-10-15 00:43:38,931 [main] INFO com.odoo.webutils.MyTestListener - validLoginTest script is passed
2019-10-15 00:43:40,255 [main] INFO com.odoo.webutils.MyTestListener - createCustomer script execution starts
2019-10-15 00:43:47,697 [main] FATAL com.odoo.webutils.MyTestListener - no such element: Unable to locate element: {"method":"xpath","selector":"//div/input[@placeholder='Name']"}
  (Session info: chrome=77.0.3865.120)
For documentation on this error, please visit: https://www.seleniumhq.org/exceptions/no_such_element.html
Build info: version: '3.141.59', revision: 'e82be7d358', time: '2018-11-14T08:17:03'
System info: host: 'LAPTOP-VVD7DET5', ip: '192.168.0.241', os.name: 'Windows 10', os.arch: 'amd64', os.version: '10.0', java.version: '1.8.0_201'
Driver info: org.openqa.selenium.chrome.ChromeDriver
Capabilities {acceptInsecureCerts: false, browserName: chrome, browserVersion: 77.0.3865.120, chrome: {chromedriverVersion: 77.0.3865.40 (f484704e052e0..., userDataDir: C:\Users\HP\AppData\Local\T...}, goog:chromeOptions: {debuggerAddress: localhost:62778}, javascriptEnabled: true, networkConnectionEnabled: false, pageLoadStrategy: normal, platform: XP, platformName: XP, proxy: Proxy(), setWindowRect: true, strictFileInteractability: false, timeouts: {implicit: 0, pageLoad: 300000, script: 30000}, unhandledPromptBehavior: dismiss and notify}
Session ID: 49b927509d9eaa176cca7b1ea9449ded
*** Element info: {Using=xpath, value=//div/input[@placeholder='Name']}
2019-10-15 00:43:47,709 [main] WARN com.odoo.webutils.MyTestListener - createCustomer script is failed
2019-10-15 00:43:48,053 [main] INFO com.odoo.webutils.MyTestListener - Screenshot has been taken 
2019-10-15 00:43:49,623 [main] INFO com.odoo.webutils.MyTestListener - Browser Closed
2019-10-15 00:43:49,804 [main] INFO com.odoo.webutils.MyTestListener - ExcelReport generated
2019-10-15 00:43:49,805 [main] INFO com.odoo.webutils.MyTestListener - Framework execution Time Taken: 30.0seconds
2019-10-15 00:43:49,805 [main] INFO com.odoo.webutils.MyTestListener - Framework execution ends
