2019-11-03 20:52:52,211 [main] INFO com.odoo.webutils.MyTestListener - Framework execution starts
2019-11-03 20:53:00,222 [main] INFO com.odoo.webutils.MyTestListener - Browser Launched and maximized
2019-11-03 20:53:04,861 [main] INFO com.odoo.webutils.MyTestListener - newCustomer script execution starts
2019-11-03 20:54:11,684 [main] INFO com.odoo.webutils.MyTestListener - newCustomer script is passed
2019-11-03 20:54:34,972 [main] INFO com.odoo.webutils.MyTestListener - createOpportunity script execution starts
2019-11-03 20:55:57,013 [main] INFO com.odoo.webutils.MyTestListener - createOpportunity script is passed
2019-11-03 20:56:19,680 [main] INFO com.odoo.webutils.MyTestListener - scheduledActivity script execution starts
2019-11-03 20:58:17,152 [main] FATAL com.odoo.webutils.MyTestListener - no such element: Unable to locate element: {"method":"xpath","selector":"//a[@title='Mark as done']"}
  (Session info: chrome=77.0.3865.120)
For documentation on this error, please visit: https://www.seleniumhq.org/exceptions/no_such_element.html
Build info: version: '3.141.59', revision: 'e82be7d358', time: '2018-11-14T08:17:03'
System info: host: 'ALAM-PC', ip: '192.168.2.105', os.name: 'Windows 7', os.arch: 'amd64', os.version: '6.1', java.version: '1.8.0_201'
Driver info: org.openqa.selenium.chrome.ChromeDriver
Capabilities {acceptInsecureCerts: false, browserName: chrome, browserVersion: 77.0.3865.120, chrome: {chromedriverVersion: 77.0.3865.40 (f484704e052e0..., userDataDir: C:\Users\Alam\AppData\Local...}, goog:chromeOptions: {debuggerAddress: localhost:50589}, javascriptEnabled: true, networkConnectionEnabled: false, pageLoadStrategy: normal, platform: XP, platformName: XP, proxy: Proxy(), setWindowRect: true, strictFileInteractability: false, timeouts: {implicit: 0, pageLoad: 300000, script: 30000}, unhandledPromptBehavior: dismiss and notify}
Session ID: 5d7accfa351faa791e8906f2ef424914
*** Element info: {Using=xpath, value=//a[@title='Mark as done']}
2019-11-03 20:58:17,215 [main] WARN com.odoo.webutils.MyTestListener - scheduledActivity script is failed
2019-11-03 20:58:18,512 [main] INFO com.odoo.webutils.MyTestListener - Screenshot has been taken 
2019-11-03 20:58:41,323 [main] INFO com.odoo.webutils.MyTestListener - Browser Closed
2019-11-03 20:58:41,982 [main] INFO com.odoo.webutils.MyTestListener - ExcelReport generated
2019-11-03 20:58:41,984 [main] INFO com.odoo.webutils.MyTestListener - Framework execution Time Taken: 350.0seconds
2019-11-03 20:58:41,984 [main] INFO com.odoo.webutils.MyTestListener - Framework execution ends
