2019-10-23 23:51:07,056 [main] INFO com.odoo.webutils.MyTestListener - Framework execution starts
2019-10-23 23:51:18,033 [main] INFO com.odoo.webutils.MyTestListener - Browser Launched and maximized
2019-10-23 23:51:21,352 [main] INFO com.odoo.webutils.MyTestListener - createUsers script execution starts
2019-10-23 23:52:36,465 [main] FATAL com.odoo.webutils.MyTestListener - element not interactable
  (Session info: chrome=78.0.3904.70)
Build info: version: '3.141.59', revision: 'e82be7d358', time: '2018-11-14T08:17:03'
System info: host: 'LAPTOP-RQOJ408I', ip: '192.168.0.120', os.name: 'Windows 10', os.arch: 'amd64', os.version: '10.0', java.version: '1.8.0_211'
Driver info: org.openqa.selenium.chrome.ChromeDriver
Capabilities {acceptInsecureCerts: false, browserName: chrome, browserVersion: 78.0.3904.70, chrome: {chromedriverVersion: 77.0.3865.40 (f484704e052e0..., userDataDir: C:\Users\ASUS\AppData\Local...}, goog:chromeOptions: {debuggerAddress: localhost:52618}, javascriptEnabled: true, networkConnectionEnabled: false, pageLoadStrategy: normal, platform: XP, platformName: XP, proxy: Proxy(), setWindowRect: true, strictFileInteractability: false, timeouts: {implicit: 0, pageLoad: 300000, script: 30000}, unhandledPromptBehavior: dismiss and notify}
Session ID: 7b6bf51f103fb78d9a78f88f30d62790
2019-10-23 23:52:36,514 [main] WARN com.odoo.webutils.MyTestListener - createUsers script is failed
2019-10-23 23:52:37,073 [main] INFO com.odoo.webutils.MyTestListener - Screenshot has been taken 
2019-10-23 23:52:47,222 [main] FATAL com.odoo.webutils.MyTestListener - element click intercepted: Element <a role="button" class="dropdown-toggle" data-toggle="dropdown" data-display="static" aria-expanded="false" href="#">...</a> is not clickable at point (1415, 23). Other element would receive the click: <div role="dialog" class="modal o_technical_modal show" tabindex="-1" data-backdrop="static" id="modal_177" open="open" aria-modal="true" style="display: block;">...</div>
  (Session info: chrome=78.0.3904.70)
Build info: version: '3.141.59', revision: 'e82be7d358', time: '2018-11-14T08:17:03'
System info: host: 'LAPTOP-RQOJ408I', ip: '192.168.0.120', os.name: 'Windows 10', os.arch: 'amd64', os.version: '10.0', java.version: '1.8.0_211'
Driver info: org.openqa.selenium.chrome.ChromeDriver
Capabilities {acceptInsecureCerts: false, browserName: chrome, browserVersion: 78.0.3904.70, chrome: {chromedriverVersion: 77.0.3865.40 (f484704e052e0..., userDataDir: C:\Users\ASUS\AppData\Local...}, goog:chromeOptions: {debuggerAddress: localhost:52618}, javascriptEnabled: true, networkConnectionEnabled: false, pageLoadStrategy: normal, platform: XP, platformName: XP, proxy: Proxy(), setWindowRect: true, strictFileInteractability: false, timeouts: {implicit: 0, pageLoad: 300000, script: 30000}, unhandledPromptBehavior: dismiss and notify}
Session ID: 7b6bf51f103fb78d9a78f88f30d62790
2019-10-23 23:52:48,163 [main] INFO com.odoo.webutils.MyTestListener - Browser Closed
2019-10-23 23:52:48,456 [main] INFO com.odoo.webutils.MyTestListener - ExcelReport generated
2019-10-23 23:52:48,457 [main] INFO com.odoo.webutils.MyTestListener - Framework execution Time Taken: 101.0seconds
2019-10-23 23:52:48,457 [main] INFO com.odoo.webutils.MyTestListener - Framework execution ends
