2019-11-05 15:29:21,270 [main] INFO com.odoo.webutils.MyTestListener - Framework execution starts
2019-11-05 15:29:28,462 [main] INFO com.odoo.webutils.MyTestListener - Browser Launched and maximized
2019-11-05 15:29:38,728 [main] INFO com.odoo.webutils.MyTestListener - newCustomer script execution starts
2019-11-05 15:29:58,637 [main] FATAL com.odoo.webutils.MyTestListener - no such element: Unable to locate element: {"method":"xpath","selector":"//div[text()='CRM']"}
  (Session info: chrome=78.0.3904.87)
For documentation on this error, please visit: https://www.seleniumhq.org/exceptions/no_such_element.html
Build info: version: '3.141.59', revision: 'e82be7d358', time: '2018-11-14T08:17:03'
System info: host: 'ALAM-PC', ip: '10.0.0.107', os.name: 'Windows 7', os.arch: 'amd64', os.version: '6.1', java.version: '1.8.0_201'
Driver info: org.openqa.selenium.chrome.ChromeDriver
Capabilities {acceptInsecureCerts: false, browserName: chrome, browserVersion: 78.0.3904.87, chrome: {chromedriverVersion: 78.0.3904.70 (edb9c9f3de024..., userDataDir: C:\Users\Alam\AppData\Local...}, goog:chromeOptions: {debuggerAddress: localhost:53494}, javascriptEnabled: true, networkConnectionEnabled: false, pageLoadStrategy: normal, platform: XP, platformName: XP, proxy: Proxy(), setWindowRect: true, strictFileInteractability: false, timeouts: {implicit: 0, pageLoad: 300000, script: 30000}, unhandledPromptBehavior: dismiss and notify}
Session ID: f87d0a54163ae31374b062bb927631d7
*** Element info: {Using=xpath, value=//div[text()='CRM']}
2019-11-05 15:29:58,714 [main] WARN com.odoo.webutils.MyTestListener - newCustomer script is failed
2019-11-05 15:29:59,624 [main] INFO com.odoo.webutils.MyTestListener - Screenshot has been taken 
2019-11-05 15:30:11,410 [main] INFO com.odoo.webutils.MyTestListener - createOpportunity script execution starts
2019-11-05 15:30:11,436 [main] INFO com.odoo.webutils.MyTestListener - createOpportunity script is skipped
2019-11-05 15:30:11,447 [main] INFO com.odoo.webutils.MyTestListener - scheduledActivity script execution starts
2019-11-05 15:30:11,453 [main] INFO com.odoo.webutils.MyTestListener - scheduledActivity script is skipped
2019-11-05 15:30:11,462 [main] INFO com.odoo.webutils.MyTestListener - creatSalesAct script execution starts
2019-11-05 15:30:11,484 [main] INFO com.odoo.webutils.MyTestListener - creatSalesAct script is skipped
2019-11-05 15:30:11,494 [main] INFO com.odoo.webutils.MyTestListener - createEmailAct script execution starts
2019-11-05 15:30:11,511 [main] INFO com.odoo.webutils.MyTestListener - createEmailAct script is skipped
2019-11-05 15:30:12,443 [main] INFO com.odoo.webutils.MyTestListener - Browser Closed
2019-11-05 15:30:12,813 [main] INFO com.odoo.webutils.MyTestListener - ExcelReport generated
2019-11-05 15:30:12,816 [main] INFO com.odoo.webutils.MyTestListener - Framework execution Time Taken: 51.0seconds
2019-11-05 15:30:12,817 [main] INFO com.odoo.webutils.MyTestListener - Framework execution ends
