2019-10-22 13:40:13,146 [main] INFO com.odoo.webutils.MyTestListener - Framework execution starts
2019-10-22 13:40:17,877 [main] INFO com.odoo.webutils.MyTestListener - Browser Launched and maximized
2019-10-22 13:40:23,522 [main] INFO com.odoo.webutils.MyTestListener - salesteam script execution starts
2019-10-22 13:41:49,046 [main] FATAL com.odoo.webutils.MyTestListener - element click intercepted: Element <button accesskey="s" class="btn btn-primary o_form_button_save" type="button">...</button> is not clickable at point (41, 106). Other element would receive the click: <div role="dialog" class="modal o_technical_modal show" tabindex="-1" data-backdrop="static" id="modal_213" open="open" aria-modal="true" style="display: block;">...</div>
  (Session info: chrome=77.0.3865.120)
Build info: version: '3.141.59', revision: 'e82be7d358', time: '2018-11-14T08:17:03'
System info: host: 'ABC-PC', ip: '192.168.0.129', os.name: 'Windows 7', os.arch: 'amd64', os.version: '6.1', java.version: '1.8.0_201'
Driver info: org.openqa.selenium.chrome.ChromeDriver
Capabilities {acceptInsecureCerts: false, browserName: chrome, browserVersion: 77.0.3865.120, chrome: {chromedriverVersion: 77.0.3865.40 (f484704e052e0..., userDataDir: C:\Users\abc\AppData\Local\...}, goog:chromeOptions: {debuggerAddress: localhost:49213}, javascriptEnabled: true, networkConnectionEnabled: false, pageLoadStrategy: normal, platform: XP, platformName: XP, proxy: Proxy(), setWindowRect: true, strictFileInteractability: false, timeouts: {implicit: 0, pageLoad: 300000, script: 30000}, unhandledPromptBehavior: dismiss and notify}
Session ID: e4439527bd3a19ae5a328f2ae23f23a1
2019-10-22 13:41:49,078 [main] WARN com.odoo.webutils.MyTestListener - salesteam script is failed
2019-10-22 13:41:49,485 [main] INFO com.odoo.webutils.MyTestListener - Screenshot has been taken 
2019-10-22 13:41:49,581 [main] FATAL com.odoo.webutils.MyTestListener - element click intercepted: Element <a aria-expanded="false" class="dropdown-toggle" data-display="static" data-toggle="dropdown" href="#" role="button">...</a> is not clickable at point (998, 23). Other element would receive the click: <div role="dialog" class="modal o_technical_modal show" tabindex="-1" data-backdrop="static" id="modal_213" open="open" aria-modal="true" style="display: block;">...</div>
  (Session info: chrome=77.0.3865.120)
Build info: version: '3.141.59', revision: 'e82be7d358', time: '2018-11-14T08:17:03'
System info: host: 'ABC-PC', ip: '192.168.0.129', os.name: 'Windows 7', os.arch: 'amd64', os.version: '6.1', java.version: '1.8.0_201'
Driver info: org.openqa.selenium.chrome.ChromeDriver
Capabilities {acceptInsecureCerts: false, browserName: chrome, browserVersion: 77.0.3865.120, chrome: {chromedriverVersion: 77.0.3865.40 (f484704e052e0..., userDataDir: C:\Users\abc\AppData\Local\...}, goog:chromeOptions: {debuggerAddress: localhost:49213}, javascriptEnabled: true, networkConnectionEnabled: false, pageLoadStrategy: normal, platform: XP, platformName: XP, proxy: Proxy(), setWindowRect: true, strictFileInteractability: false, timeouts: {implicit: 0, pageLoad: 300000, script: 30000}, unhandledPromptBehavior: dismiss and notify}
Session ID: e4439527bd3a19ae5a328f2ae23f23a1
2019-10-22 13:41:49,771 [main] INFO com.odoo.webutils.MyTestListener - ExcelReport generated
2019-10-22 13:41:49,789 [main] INFO com.odoo.webutils.MyTestListener - Framework execution Time Taken: 96.0seconds
2019-10-22 13:41:49,789 [main] INFO com.odoo.webutils.MyTestListener - Framework execution ends
