2019-11-02 22:48:07,282 [main] INFO com.odoo.webutils.MyTestListener - Framework execution starts
2019-11-02 22:48:11,486 [main] INFO com.odoo.webutils.MyTestListener - Browser Launched and maximized
2019-11-02 22:48:18,346 [main] INFO com.odoo.webutils.MyTestListener - createCustomer script execution starts
2019-11-02 22:49:19,268 [main] FATAL com.odoo.webutils.MyTestListener - no such element: Unable to locate element: {"method":"xpath","selector":"//div[@name='name']//input"}
  (Session info: chrome=78.0.3904.70)
For documentation on this error, please visit: https://www.seleniumhq.org/exceptions/no_such_element.html
Build info: version: '3.141.59', revision: 'e82be7d358', time: '2018-11-14T08:17:03'
System info: host: 'LAPTOP-RQOJ408I', ip: '192.168.0.123', os.name: 'Windows 10', os.arch: 'amd64', os.version: '10.0', java.version: '1.8.0_211'
Driver info: org.openqa.selenium.chrome.ChromeDriver
Capabilities {acceptInsecureCerts: false, browserName: chrome, browserVersion: 78.0.3904.70, chrome: {chromedriverVersion: 77.0.3865.40 (f484704e052e0..., userDataDir: C:\Users\ASUS\AppData\Local...}, goog:chromeOptions: {debuggerAddress: localhost:50544}, javascriptEnabled: true, networkConnectionEnabled: false, pageLoadStrategy: normal, platform: XP, platformName: XP, proxy: Proxy(), setWindowRect: true, strictFileInteractability: false, timeouts: {implicit: 0, pageLoad: 300000, script: 30000}, unhandledPromptBehavior: dismiss and notify}
Session ID: 694ef1d620003516e6f7c42617a7f392
*** Element info: {Using=xpath, value=//div[@name='name']//input}
2019-11-02 22:49:19,353 [main] WARN com.odoo.webutils.MyTestListener - createCustomer script is failed
2019-11-02 22:49:20,211 [main] INFO com.odoo.webutils.MyTestListener - Screenshot has been taken 
2019-11-02 22:49:36,596 [main] INFO com.odoo.webutils.MyTestListener - createOpportunity script execution starts
2019-11-02 22:49:36,611 [main] INFO com.odoo.webutils.MyTestListener - createOpportunity script is skipped
2019-11-02 22:49:36,622 [main] INFO com.odoo.webutils.MyTestListener - scheduleActivity script execution starts
2019-11-02 22:49:36,633 [main] INFO com.odoo.webutils.MyTestListener - scheduleActivity script is skipped
2019-11-02 22:49:36,649 [main] INFO com.odoo.webutils.MyTestListener - drgAndDrpOpportunity script execution starts
2019-11-02 22:49:36,658 [main] INFO com.odoo.webutils.MyTestListener - drgAndDrpOpportunity script is skipped
2019-11-02 22:49:36,671 [main] INFO com.odoo.webutils.MyTestListener - deleteCustomer script execution starts
2019-11-02 22:49:36,678 [main] INFO com.odoo.webutils.MyTestListener - deleteCustomer script is skipped
2019-11-02 22:49:38,045 [main] INFO com.odoo.webutils.MyTestListener - Browser Closed
2019-11-02 22:49:38,345 [main] INFO com.odoo.webutils.MyTestListener - ExcelReport generated
2019-11-02 22:49:38,346 [main] INFO com.odoo.webutils.MyTestListener - Framework execution Time Taken: 98.0seconds
2019-11-02 22:49:38,347 [main] INFO com.odoo.webutils.MyTestListener - Framework execution ends
