2019-10-25 18:07:03,075 [main] INFO com.odoo.webutils.MyTestListener - Framework execution starts
2019-10-25 18:07:14,559 [main] INFO com.odoo.webutils.MyTestListener - Browser Launched and maximized
2019-10-25 18:07:19,901 [main] INFO com.odoo.webutils.MyTestListener - validLoginTest script execution starts
2019-10-25 18:07:33,797 [main] FATAL com.odoo.webutils.MyTestListener - no such element: Unable to locate element: {"method":"xpath","selector":"//div[text()='CRM']"}
  (Session info: chrome=78.0.3904.70)
For documentation on this error, please visit: https://www.seleniumhq.org/exceptions/no_such_element.html
Build info: version: '3.141.59', revision: 'e82be7d358', time: '2018-11-14T08:17:03'
System info: host: 'LAPTOP-RQOJ408I', ip: '192.168.1.21', os.name: 'Windows 10', os.arch: 'amd64', os.version: '10.0', java.version: '1.8.0_211'
Driver info: org.openqa.selenium.chrome.ChromeDriver
Capabilities {acceptInsecureCerts: false, browserName: chrome, browserVersion: 78.0.3904.70, chrome: {chromedriverVersion: 77.0.3865.40 (f484704e052e0..., userDataDir: C:\Users\ASUS\AppData\Local...}, goog:chromeOptions: {debuggerAddress: localhost:59253}, javascriptEnabled: true, networkConnectionEnabled: false, pageLoadStrategy: normal, platform: XP, platformName: XP, proxy: Proxy(), setWindowRect: true, strictFileInteractability: false, timeouts: {implicit: 0, pageLoad: 300000, script: 30000}, unhandledPromptBehavior: dismiss and notify}
Session ID: 8e2bd4079809a46f322648d12b59cd04
*** Element info: {Using=xpath, value=//div[text()='CRM']}
2019-10-25 18:07:34,334 [main] FATAL com.odoo.webutils.MyTestListener - no such element: Unable to locate element: {"method":"xpath","selector":"//div[text()='CRM']"}
  (Session info: chrome=78.0.3904.70)
For documentation on this error, please visit: https://www.seleniumhq.org/exceptions/no_such_element.html
Build info: version: '3.141.59', revision: 'e82be7d358', time: '2018-11-14T08:17:03'
System info: host: 'LAPTOP-RQOJ408I', ip: '192.168.1.21', os.name: 'Windows 10', os.arch: 'amd64', os.version: '10.0', java.version: '1.8.0_211'
Driver info: org.openqa.selenium.chrome.ChromeDriver
Capabilities {acceptInsecureCerts: false, browserName: chrome, browserVersion: 78.0.3904.70, chrome: {chromedriverVersion: 77.0.3865.40 (f484704e052e0..., userDataDir: C:\Users\ASUS\AppData\Local...}, goog:chromeOptions: {debuggerAddress: localhost:59253}, javascriptEnabled: true, networkConnectionEnabled: false, pageLoadStrategy: normal, platform: XP, platformName: XP, proxy: Proxy(), setWindowRect: true, strictFileInteractability: false, timeouts: {implicit: 0, pageLoad: 300000, script: 30000}, unhandledPromptBehavior: dismiss and notify}
Session ID: 8e2bd4079809a46f322648d12b59cd04
*** Element info: {Using=xpath, value=//div[text()='CRM']}
2019-10-25 18:07:35,197 [main] INFO com.odoo.webutils.MyTestListener - validLoginTest script is passed
2019-10-25 18:07:53,882 [main] INFO com.odoo.webutils.MyTestListener - Browser Closed
2019-10-25 18:07:54,418 [main] INFO com.odoo.webutils.MyTestListener - ExcelReport generated
2019-10-25 18:07:54,418 [main] INFO com.odoo.webutils.MyTestListener - Framework execution Time Taken: 51.0seconds
2019-10-25 18:07:54,419 [main] INFO com.odoo.webutils.MyTestListener - Framework execution ends
