2019-10-14 22:35:51,515 [main] INFO com.odoo.webutils.MyTestListener - Framework execution starts
2019-10-14 22:36:03,146 [main] INFO com.odoo.webutils.MyTestListener - Browser Launched and maximized
2019-10-14 22:36:04,801 [main] INFO com.odoo.webutils.MyTestListener - validLoginTest script execution starts
2019-10-14 22:36:06,245 [main] FATAL com.odoo.webutils.MyTestListener - no such element: Unable to locate element: {"method":"xpath","selector":"//input[@id='login']"}
  (Session info: chrome=77.0.3865.90)
For documentation on this error, please visit: https://www.seleniumhq.org/exceptions/no_such_element.html
Build info: version: '3.141.59', revision: 'e82be7d358', time: '2018-11-14T08:17:03'
System info: host: 'ABC-PC', ip: '192.168.43.236', os.name: 'Windows 7', os.arch: 'amd64', os.version: '6.1', java.version: '1.8.0_201'
Driver info: org.openqa.selenium.chrome.ChromeDriver
Capabilities {acceptInsecureCerts: false, browserName: chrome, browserVersion: 77.0.3865.90, chrome: {chromedriverVersion: 77.0.3865.40 (f484704e052e0..., userDataDir: C:\Users\abc\AppData\Local\...}, goog:chromeOptions: {debuggerAddress: localhost:51897}, javascriptEnabled: true, networkConnectionEnabled: false, pageLoadStrategy: normal, platform: XP, platformName: XP, proxy: Proxy(), setWindowRect: true, strictFileInteractability: false, timeouts: {implicit: 0, pageLoad: 300000, script: 30000}, unhandledPromptBehavior: dismiss and notify}
Session ID: fabdc7f34533d13893e1c3c1d174ab09
*** Element info: {Using=xpath, value=//input[@id='login']}
2019-10-14 22:36:06,263 [main] WARN com.odoo.webutils.MyTestListener - validLoginTest script is failed
2019-10-14 22:36:06,760 [main] INFO com.odoo.webutils.MyTestListener - Screenshot has been taken 
2019-10-14 22:36:06,776 [main] FATAL com.odoo.webutils.MyTestListener - no such element: Unable to locate element: {"method":"xpath","selector":"//li[@class='o_user_menu']/a"}
  (Session info: chrome=77.0.3865.90)
For documentation on this error, please visit: https://www.seleniumhq.org/exceptions/no_such_element.html
Build info: version: '3.141.59', revision: 'e82be7d358', time: '2018-11-14T08:17:03'
System info: host: 'ABC-PC', ip: '192.168.43.236', os.name: 'Windows 7', os.arch: 'amd64', os.version: '6.1', java.version: '1.8.0_201'
Driver info: org.openqa.selenium.chrome.ChromeDriver
Capabilities {acceptInsecureCerts: false, browserName: chrome, browserVersion: 77.0.3865.90, chrome: {chromedriverVersion: 77.0.3865.40 (f484704e052e0..., userDataDir: C:\Users\abc\AppData\Local\...}, goog:chromeOptions: {debuggerAddress: localhost:51897}, javascriptEnabled: true, networkConnectionEnabled: false, pageLoadStrategy: normal, platform: XP, platformName: XP, proxy: Proxy(), setWindowRect: true, strictFileInteractability: false, timeouts: {implicit: 0, pageLoad: 300000, script: 30000}, unhandledPromptBehavior: dismiss and notify}
Session ID: fabdc7f34533d13893e1c3c1d174ab09
*** Element info: {Using=xpath, value=//li[@class='o_user_menu']/a}
2019-10-14 22:36:07,777 [main] INFO com.odoo.webutils.MyTestListener - Browser Closed
2019-10-14 22:36:08,131 [main] INFO com.odoo.webutils.MyTestListener - ExcelReport generated
2019-10-14 22:36:08,132 [main] INFO com.odoo.webutils.MyTestListener - Framework execution Time Taken: 16.0seconds
2019-10-14 22:36:08,132 [main] INFO com.odoo.webutils.MyTestListener - Framework execution ends
