2019-10-21 16:42:31,778 [main] INFO com.odoo.webutils.MyTestListener - Framework execution starts
2019-10-21 16:42:45,333 [main] INFO com.odoo.webutils.MyTestListener - Browser Launched and maximized
2019-10-21 16:42:50,402 [main] INFO com.odoo.webutils.MyTestListener - newCustomer script execution starts
2019-10-21 16:43:56,733 [main] INFO com.odoo.webutils.MyTestListener - newCustomer script is passed
2019-10-21 16:43:58,919 [main] INFO com.odoo.webutils.MyTestListener - dltNewCustomer script execution starts
2019-10-21 16:44:04,216 [main] FATAL com.odoo.webutils.MyTestListener - no such element: Unable to locate element: {"method":"xpath","selector":"//input[@id='login']"}
  (Session info: chrome=77.0.3865.90)
For documentation on this error, please visit: https://www.seleniumhq.org/exceptions/no_such_element.html
Build info: version: '3.141.59', revision: 'e82be7d358', time: '2018-11-14T08:17:03'
System info: host: 'DESKTOP-EUBAEQM', ip: '192.168.0.131', os.name: 'Windows 10', os.arch: 'amd64', os.version: '10.0', java.version: '1.8.0_201'
Driver info: org.openqa.selenium.chrome.ChromeDriver
Capabilities {acceptInsecureCerts: false, browserName: chrome, browserVersion: 77.0.3865.90, chrome: {chromedriverVersion: 77.0.3865.40 (f484704e052e0..., userDataDir: C:\Users\Admin\AppData\Loca...}, goog:chromeOptions: {debuggerAddress: localhost:65485}, javascriptEnabled: true, networkConnectionEnabled: false, pageLoadStrategy: normal, platform: XP, platformName: XP, proxy: Proxy(), setWindowRect: true, strictFileInteractability: false, timeouts: {implicit: 0, pageLoad: 300000, script: 30000}, unhandledPromptBehavior: dismiss and notify}
Session ID: f8601d886fb8e0c6637916902bf98fec
*** Element info: {Using=xpath, value=//input[@id='login']}
2019-10-21 16:44:04,224 [main] WARN com.odoo.webutils.MyTestListener - dltNewCustomer script is failed
2019-10-21 16:44:05,439 [main] INFO com.odoo.webutils.MyTestListener - Screenshot has been taken 
2019-10-21 16:44:08,942 [main] INFO com.odoo.webutils.MyTestListener - Browser Closed
2019-10-21 16:44:09,246 [main] INFO com.odoo.webutils.MyTestListener - ExcelReport generated
2019-10-21 16:44:09,246 [main] INFO com.odoo.webutils.MyTestListener - Framework execution Time Taken: 97.0seconds
2019-10-21 16:44:09,246 [main] INFO com.odoo.webutils.MyTestListener - Framework execution ends
