2019-10-21 13:16:23,901 [main] INFO com.odoo.webutils.MyTestListener - Framework execution starts
2019-10-21 13:16:33,708 [main] INFO com.odoo.webutils.MyTestListener - Browser Launched and maximized
2019-10-21 13:16:39,327 [main] INFO com.odoo.webutils.MyTestListener - createOpportunity script execution starts
2019-10-21 13:17:04,567 [main] FATAL com.odoo.webutils.MyTestListener - no such element: Unable to locate element: {"method":"xpath","selector":"//input[@name='name']"}
  (Session info: chrome=77.0.3865.120)
For documentation on this error, please visit: https://www.seleniumhq.org/exceptions/no_such_element.html
Build info: version: '3.141.59', revision: 'e82be7d358', time: '2018-11-14T08:17:03'
System info: host: 'LAPTOP-RQOJ408I', ip: '192.168.43.244', os.name: 'Windows 10', os.arch: 'amd64', os.version: '10.0', java.version: '1.8.0_211'
Driver info: org.openqa.selenium.chrome.ChromeDriver
Capabilities {acceptInsecureCerts: false, browserName: chrome, browserVersion: 77.0.3865.120, chrome: {chromedriverVersion: 77.0.3865.40 (f484704e052e0..., userDataDir: C:\Users\ASUS\AppData\Local...}, goog:chromeOptions: {debuggerAddress: localhost:63138}, javascriptEnabled: true, networkConnectionEnabled: false, pageLoadStrategy: normal, platform: XP, platformName: XP, proxy: Proxy(), setWindowRect: true, strictFileInteractability: false, timeouts: {implicit: 0, pageLoad: 300000, script: 30000}, unhandledPromptBehavior: dismiss and notify}
Session ID: 24c84d2a105eb232b4671ccd1a4414da
*** Element info: {Using=xpath, value=//input[@name='name']}
2019-10-21 13:17:04,574 [main] WARN com.odoo.webutils.MyTestListener - createOpportunity script is failed
2019-10-21 13:17:04,972 [main] INFO com.odoo.webutils.MyTestListener - Screenshot has been taken 
2019-10-21 13:17:15,048 [main] FATAL com.odoo.webutils.MyTestListener - element click intercepted: Element <a aria-expanded="false" class="dropdown-toggle" data-display="static" data-toggle="dropdown" href="#" role="button">...</a> is not clickable at point (1420, 23). Other element would receive the click: <div role="dialog" class="modal o_technical_modal show" tabindex="-1" data-backdrop="static" id="modal_188" open="open" aria-modal="true" style="display: block;">...</div>
  (Session info: chrome=77.0.3865.120)
Build info: version: '3.141.59', revision: 'e82be7d358', time: '2018-11-14T08:17:03'
System info: host: 'LAPTOP-RQOJ408I', ip: '192.168.43.244', os.name: 'Windows 10', os.arch: 'amd64', os.version: '10.0', java.version: '1.8.0_211'
Driver info: org.openqa.selenium.chrome.ChromeDriver
Capabilities {acceptInsecureCerts: false, browserName: chrome, browserVersion: 77.0.3865.120, chrome: {chromedriverVersion: 77.0.3865.40 (f484704e052e0..., userDataDir: C:\Users\ASUS\AppData\Local...}, goog:chromeOptions: {debuggerAddress: localhost:63138}, javascriptEnabled: true, networkConnectionEnabled: false, pageLoadStrategy: normal, platform: XP, platformName: XP, proxy: Proxy(), setWindowRect: true, strictFileInteractability: false, timeouts: {implicit: 0, pageLoad: 300000, script: 30000}, unhandledPromptBehavior: dismiss and notify}
Session ID: 24c84d2a105eb232b4671ccd1a4414da
2019-10-21 13:17:19,698 [main] INFO com.odoo.webutils.MyTestListener - Browser Closed
2019-10-21 13:17:19,806 [main] INFO com.odoo.webutils.MyTestListener - ExcelReport generated
2019-10-21 13:17:19,806 [main] INFO com.odoo.webutils.MyTestListener - Framework execution Time Taken: 55.0seconds
2019-10-21 13:17:19,806 [main] INFO com.odoo.webutils.MyTestListener - Framework execution ends
