2019-10-28 12:10:56,301 [main] INFO com.odoo.webutils.MyTestListener - Framework execution starts
2019-10-28 12:11:04,680 [main] INFO com.odoo.webutils.MyTestListener - Browser Launched and maximized
2019-10-28 12:11:08,144 [main] INFO com.odoo.webutils.MyTestListener - newCustomer script execution starts
2019-10-28 12:12:04,029 [main] INFO com.odoo.webutils.MyTestListener - newCustomer script is passed
2019-10-28 12:12:26,808 [main] INFO com.odoo.webutils.MyTestListener - scheduledActivity script execution starts
2019-10-28 12:12:45,058 [main] INFO com.odoo.webutils.MyTestListener - scheduledActivity script is passed
2019-10-28 12:13:07,774 [main] INFO com.odoo.webutils.MyTestListener - createOpportunity script execution starts
2019-10-28 12:14:14,903 [main] FATAL com.odoo.webutils.MyTestListener - stale element reference: element is not attached to the page document
  (Session info: chrome=77.0.3865.120)
For documentation on this error, please visit: https://www.seleniumhq.org/exceptions/stale_element_reference.html
Build info: version: '3.141.59', revision: 'e82be7d358', time: '2018-11-14T08:17:03'
System info: host: 'ALAM-PC', ip: '192.168.0.103', os.name: 'Windows 7', os.arch: 'amd64', os.version: '6.1', java.version: '1.8.0_201'
Driver info: org.openqa.selenium.chrome.ChromeDriver
Capabilities {acceptInsecureCerts: false, browserName: chrome, browserVersion: 77.0.3865.120, chrome: {chromedriverVersion: 77.0.3865.40 (f484704e052e0..., userDataDir: C:\Users\Alam\AppData\Local...}, goog:chromeOptions: {debuggerAddress: localhost:63958}, javascriptEnabled: true, networkConnectionEnabled: false, pageLoadStrategy: normal, platform: XP, platformName: XP, proxy: Proxy(), setWindowRect: true, strictFileInteractability: false, timeouts: {implicit: 0, pageLoad: 300000, script: 30000}, unhandledPromptBehavior: dismiss and notify}
Session ID: 85a6837d7c3114de79c6603b4dbba6aa
2019-10-28 12:14:26,329 [main] INFO com.odoo.webutils.MyTestListener - createOpportunity script is passed
2019-10-28 12:14:49,097 [main] INFO com.odoo.webutils.MyTestListener - Browser Closed
2019-10-28 12:14:49,531 [main] INFO com.odoo.webutils.MyTestListener - ExcelReport generated
2019-10-28 12:14:49,533 [main] INFO com.odoo.webutils.MyTestListener - Framework execution Time Taken: 233.0seconds
2019-10-28 12:14:49,533 [main] INFO com.odoo.webutils.MyTestListener - Framework execution ends
