2019-10-21 14:17:44,268 [main] INFO com.odoo.webutils.MyTestListener - Framework execution starts
2019-10-21 14:17:54,731 [main] INFO com.odoo.webutils.MyTestListener - Browser Launched and maximized
2019-10-21 14:18:36,544 [main] INFO com.odoo.webutils.MyTestListener - CreatingSalesTeam script execution starts
2019-10-21 14:18:43,677 [main] FATAL com.odoo.webutils.MyTestListener - no such element: Unable to locate element: {"method":"xpath","selector":"//div[text()='CRM']"}
  (Session info: chrome=77.0.3865.120)
For documentation on this error, please visit: https://www.seleniumhq.org/exceptions/no_such_element.html
Build info: version: '3.141.59', revision: 'e82be7d358', time: '2018-11-14T08:17:03'
System info: host: 'LAPTOP-VVD7DET5', ip: '192.168.43.254', os.name: 'Windows 10', os.arch: 'amd64', os.version: '10.0', java.version: '1.8.0_201'
Driver info: org.openqa.selenium.chrome.ChromeDriver
Capabilities {acceptInsecureCerts: false, browserName: chrome, browserVersion: 77.0.3865.120, chrome: {chromedriverVersion: 77.0.3865.40 (f484704e052e0..., userDataDir: C:\Users\HP\AppData\Local\T...}, goog:chromeOptions: {debuggerAddress: localhost:62054}, javascriptEnabled: true, networkConnectionEnabled: false, pageLoadStrategy: normal, platform: XP, platformName: XP, proxy: Proxy(), setWindowRect: true, strictFileInteractability: false, timeouts: {implicit: 0, pageLoad: 300000, script: 30000}, unhandledPromptBehavior: dismiss and notify}
Session ID: df9acd1ce5782d39fe49e7bac9857e53
*** Element info: {Using=xpath, value=//div[text()='CRM']}
2019-10-21 14:18:43,733 [main] WARN com.odoo.webutils.MyTestListener - CreatingSalesTeam script is failed
2019-10-21 14:18:44,140 [main] INFO com.odoo.webutils.MyTestListener - Screenshot has been taken 
2019-10-21 14:18:44,159 [main] FATAL com.odoo.webutils.MyTestListener - no such element: Unable to locate element: {"method":"xpath","selector":"//li[@class='o_user_menu']/a"}
  (Session info: chrome=77.0.3865.120)
For documentation on this error, please visit: https://www.seleniumhq.org/exceptions/no_such_element.html
Build info: version: '3.141.59', revision: 'e82be7d358', time: '2018-11-14T08:17:03'
System info: host: 'LAPTOP-VVD7DET5', ip: '192.168.43.254', os.name: 'Windows 10', os.arch: 'amd64', os.version: '10.0', java.version: '1.8.0_201'
Driver info: org.openqa.selenium.chrome.ChromeDriver
Capabilities {acceptInsecureCerts: false, browserName: chrome, browserVersion: 77.0.3865.120, chrome: {chromedriverVersion: 77.0.3865.40 (f484704e052e0..., userDataDir: C:\Users\HP\AppData\Local\T...}, goog:chromeOptions: {debuggerAddress: localhost:62054}, javascriptEnabled: true, networkConnectionEnabled: false, pageLoadStrategy: normal, platform: XP, platformName: XP, proxy: Proxy(), setWindowRect: true, strictFileInteractability: false, timeouts: {implicit: 0, pageLoad: 300000, script: 30000}, unhandledPromptBehavior: dismiss and notify}
Session ID: df9acd1ce5782d39fe49e7bac9857e53
*** Element info: {Using=xpath, value=//li[@class='o_user_menu']/a}
2019-10-21 14:18:48,967 [main] INFO com.odoo.webutils.MyTestListener - Browser Closed
2019-10-21 14:18:49,330 [main] INFO com.odoo.webutils.MyTestListener - ExcelReport generated
2019-10-21 14:18:49,331 [main] INFO com.odoo.webutils.MyTestListener - Framework execution Time Taken: 65.0seconds
2019-10-21 14:18:49,331 [main] INFO com.odoo.webutils.MyTestListener - Framework execution ends
