2019-10-16 19:16:19,067 [main] INFO com.odoo.webutils.MyTestListener - Framework execution starts
2019-10-16 19:16:30,402 [main] INFO com.odoo.webutils.MyTestListener - Browser Launched and maximized
2019-10-16 19:16:37,401 [main] INFO com.odoo.webutils.MyTestListener - createCustomer script execution starts
2019-10-16 19:16:45,338 [main] FATAL com.odoo.webutils.MyTestListener - no such element: Unable to locate element: {"method":"xpath","selector":"//div[text()='CRM']"}
  (Session info: chrome=77.0.3865.120)
For documentation on this error, please visit: https://www.seleniumhq.org/exceptions/no_such_element.html
Build info: version: '3.141.59', revision: 'e82be7d358', time: '2018-11-14T08:17:03'
System info: host: 'LAPTOP-RQOJ408I', ip: '192.168.1.105', os.name: 'Windows 10', os.arch: 'amd64', os.version: '10.0', java.version: '1.8.0_211'
Driver info: org.openqa.selenium.chrome.ChromeDriver
Capabilities {acceptInsecureCerts: false, browserName: chrome, browserVersion: 77.0.3865.120, chrome: {chromedriverVersion: 77.0.3865.40 (f484704e052e0..., userDataDir: C:\Users\ASUS\AppData\Local...}, goog:chromeOptions: {debuggerAddress: localhost:63759}, javascriptEnabled: true, networkConnectionEnabled: false, pageLoadStrategy: normal, platform: XP, platformName: XP, proxy: Proxy(), setWindowRect: true, strictFileInteractability: false, timeouts: {implicit: 0, pageLoad: 300000, script: 30000}, unhandledPromptBehavior: dismiss and notify}
Session ID: 9b60513d49f463901534b0e754f1997d
*** Element info: {Using=xpath, value=//div[text()='CRM']}
2019-10-16 19:16:45,894 [main] FATAL com.odoo.webutils.MyTestListener - no such element: Unable to locate element: {"method":"xpath","selector":"//div[text()='CRM']"}
  (Session info: chrome=77.0.3865.120)
For documentation on this error, please visit: https://www.seleniumhq.org/exceptions/no_such_element.html
Build info: version: '3.141.59', revision: 'e82be7d358', time: '2018-11-14T08:17:03'
System info: host: 'LAPTOP-RQOJ408I', ip: '192.168.1.105', os.name: 'Windows 10', os.arch: 'amd64', os.version: '10.0', java.version: '1.8.0_211'
Driver info: org.openqa.selenium.chrome.ChromeDriver
Capabilities {acceptInsecureCerts: false, browserName: chrome, browserVersion: 77.0.3865.120, chrome: {chromedriverVersion: 77.0.3865.40 (f484704e052e0..., userDataDir: C:\Users\ASUS\AppData\Local...}, goog:chromeOptions: {debuggerAddress: localhost:63759}, javascriptEnabled: true, networkConnectionEnabled: false, pageLoadStrategy: normal, platform: XP, platformName: XP, proxy: Proxy(), setWindowRect: true, strictFileInteractability: false, timeouts: {implicit: 0, pageLoad: 300000, script: 30000}, unhandledPromptBehavior: dismiss and notify}
Session ID: 9b60513d49f463901534b0e754f1997d
*** Element info: {Using=xpath, value=//div[text()='CRM']}
2019-10-16 19:16:46,453 [main] FATAL com.odoo.webutils.MyTestListener - no such element: Unable to locate element: {"method":"xpath","selector":"//div[text()='CRM']"}
  (Session info: chrome=77.0.3865.120)
For documentation on this error, please visit: https://www.seleniumhq.org/exceptions/no_such_element.html
Build info: version: '3.141.59', revision: 'e82be7d358', time: '2018-11-14T08:17:03'
System info: host: 'LAPTOP-RQOJ408I', ip: '192.168.1.105', os.name: 'Windows 10', os.arch: 'amd64', os.version: '10.0', java.version: '1.8.0_211'
Driver info: org.openqa.selenium.chrome.ChromeDriver
Capabilities {acceptInsecureCerts: false, browserName: chrome, browserVersion: 77.0.3865.120, chrome: {chromedriverVersion: 77.0.3865.40 (f484704e052e0..., userDataDir: C:\Users\ASUS\AppData\Local...}, goog:chromeOptions: {debuggerAddress: localhost:63759}, javascriptEnabled: true, networkConnectionEnabled: false, pageLoadStrategy: normal, platform: XP, platformName: XP, proxy: Proxy(), setWindowRect: true, strictFileInteractability: false, timeouts: {implicit: 0, pageLoad: 300000, script: 30000}, unhandledPromptBehavior: dismiss and notify}
Session ID: 9b60513d49f463901534b0e754f1997d
*** Element info: {Using=xpath, value=//div[text()='CRM']}
2019-10-16 19:16:47,024 [main] FATAL com.odoo.webutils.MyTestListener - no such element: Unable to locate element: {"method":"xpath","selector":"//div[text()='CRM']"}
  (Session info: chrome=77.0.3865.120)
For documentation on this error, please visit: https://www.seleniumhq.org/exceptions/no_such_element.html
Build info: version: '3.141.59', revision: 'e82be7d358', time: '2018-11-14T08:17:03'
System info: host: 'LAPTOP-RQOJ408I', ip: '192.168.1.105', os.name: 'Windows 10', os.arch: 'amd64', os.version: '10.0', java.version: '1.8.0_211'
Driver info: org.openqa.selenium.chrome.ChromeDriver
Capabilities {acceptInsecureCerts: false, browserName: chrome, browserVersion: 77.0.3865.120, chrome: {chromedriverVersion: 77.0.3865.40 (f484704e052e0..., userDataDir: C:\Users\ASUS\AppData\Local...}, goog:chromeOptions: {debuggerAddress: localhost:63759}, javascriptEnabled: true, networkConnectionEnabled: false, pageLoadStrategy: normal, platform: XP, platformName: XP, proxy: Proxy(), setWindowRect: true, strictFileInteractability: false, timeouts: {implicit: 0, pageLoad: 300000, script: 30000}, unhandledPromptBehavior: dismiss and notify}
Session ID: 9b60513d49f463901534b0e754f1997d
*** Element info: {Using=xpath, value=//div[text()='CRM']}
2019-10-16 19:16:47,579 [main] FATAL com.odoo.webutils.MyTestListener - no such element: Unable to locate element: {"method":"xpath","selector":"//div[text()='CRM']"}
  (Session info: chrome=77.0.3865.120)
For documentation on this error, please visit: https://www.seleniumhq.org/exceptions/no_such_element.html
Build info: version: '3.141.59', revision: 'e82be7d358', time: '2018-11-14T08:17:03'
System info: host: 'LAPTOP-RQOJ408I', ip: '192.168.1.105', os.name: 'Windows 10', os.arch: 'amd64', os.version: '10.0', java.version: '1.8.0_211'
Driver info: org.openqa.selenium.chrome.ChromeDriver
Capabilities {acceptInsecureCerts: false, browserName: chrome, browserVersion: 77.0.3865.120, chrome: {chromedriverVersion: 77.0.3865.40 (f484704e052e0..., userDataDir: C:\Users\ASUS\AppData\Local...}, goog:chromeOptions: {debuggerAddress: localhost:63759}, javascriptEnabled: true, networkConnectionEnabled: false, pageLoadStrategy: normal, platform: XP, platformName: XP, proxy: Proxy(), setWindowRect: true, strictFileInteractability: false, timeouts: {implicit: 0, pageLoad: 300000, script: 30000}, unhandledPromptBehavior: dismiss and notify}
Session ID: 9b60513d49f463901534b0e754f1997d
*** Element info: {Using=xpath, value=//div[text()='CRM']}
2019-10-16 19:16:48,137 [main] FATAL com.odoo.webutils.MyTestListener - no such element: Unable to locate element: {"method":"xpath","selector":"//div[text()='CRM']"}
  (Session info: chrome=77.0.3865.120)
For documentation on this error, please visit: https://www.seleniumhq.org/exceptions/no_such_element.html
Build info: version: '3.141.59', revision: 'e82be7d358', time: '2018-11-14T08:17:03'
System info: host: 'LAPTOP-RQOJ408I', ip: '192.168.1.105', os.name: 'Windows 10', os.arch: 'amd64', os.version: '10.0', java.version: '1.8.0_211'
Driver info: org.openqa.selenium.chrome.ChromeDriver
Capabilities {acceptInsecureCerts: false, browserName: chrome, browserVersion: 77.0.3865.120, chrome: {chromedriverVersion: 77.0.3865.40 (f484704e052e0..., userDataDir: C:\Users\ASUS\AppData\Local...}, goog:chromeOptions: {debuggerAddress: localhost:63759}, javascriptEnabled: true, networkConnectionEnabled: false, pageLoadStrategy: normal, platform: XP, platformName: XP, proxy: Proxy(), setWindowRect: true, strictFileInteractability: false, timeouts: {implicit: 0, pageLoad: 300000, script: 30000}, unhandledPromptBehavior: dismiss and notify}
Session ID: 9b60513d49f463901534b0e754f1997d
*** Element info: {Using=xpath, value=//div[text()='CRM']}
2019-10-16 19:16:48,689 [main] FATAL com.odoo.webutils.MyTestListener - no such element: Unable to locate element: {"method":"xpath","selector":"//div[text()='CRM']"}
  (Session info: chrome=77.0.3865.120)
For documentation on this error, please visit: https://www.seleniumhq.org/exceptions/no_such_element.html
Build info: version: '3.141.59', revision: 'e82be7d358', time: '2018-11-14T08:17:03'
System info: host: 'LAPTOP-RQOJ408I', ip: '192.168.1.105', os.name: 'Windows 10', os.arch: 'amd64', os.version: '10.0', java.version: '1.8.0_211'
Driver info: org.openqa.selenium.chrome.ChromeDriver
Capabilities {acceptInsecureCerts: false, browserName: chrome, browserVersion: 77.0.3865.120, chrome: {chromedriverVersion: 77.0.3865.40 (f484704e052e0..., userDataDir: C:\Users\ASUS\AppData\Local...}, goog:chromeOptions: {debuggerAddress: localhost:63759}, javascriptEnabled: true, networkConnectionEnabled: false, pageLoadStrategy: normal, platform: XP, platformName: XP, proxy: Proxy(), setWindowRect: true, strictFileInteractability: false, timeouts: {implicit: 0, pageLoad: 300000, script: 30000}, unhandledPromptBehavior: dismiss and notify}
Session ID: 9b60513d49f463901534b0e754f1997d
*** Element info: {Using=xpath, value=//div[text()='CRM']}
2019-10-16 19:16:49,670 [main] FATAL com.odoo.webutils.MyTestListener - no such element: Unable to locate element: {"method":"xpath","selector":"//ul[@class='o_menu_sections']//a[contains(text(),'Sales')]"}
  (Session info: chrome=77.0.3865.120)
For documentation on this error, please visit: https://www.seleniumhq.org/exceptions/no_such_element.html
Build info: version: '3.141.59', revision: 'e82be7d358', time: '2018-11-14T08:17:03'
System info: host: 'LAPTOP-RQOJ408I', ip: '192.168.1.105', os.name: 'Windows 10', os.arch: 'amd64', os.version: '10.0', java.version: '1.8.0_211'
Driver info: org.openqa.selenium.chrome.ChromeDriver
Capabilities {acceptInsecureCerts: false, browserName: chrome, browserVersion: 77.0.3865.120, chrome: {chromedriverVersion: 77.0.3865.40 (f484704e052e0..., userDataDir: C:\Users\ASUS\AppData\Local...}, goog:chromeOptions: {debuggerAddress: localhost:63759}, javascriptEnabled: true, networkConnectionEnabled: false, pageLoadStrategy: normal, platform: XP, platformName: XP, proxy: Proxy(), setWindowRect: true, strictFileInteractability: false, timeouts: {implicit: 0, pageLoad: 300000, script: 30000}, unhandledPromptBehavior: dismiss and notify}
Session ID: 9b60513d49f463901534b0e754f1997d
*** Element info: {Using=xpath, value=//ul[@class='o_menu_sections']//a[contains(text(),'Sales')]}
2019-10-16 19:16:50,209 [main] FATAL com.odoo.webutils.MyTestListener - no such element: Unable to locate element: {"method":"xpath","selector":"//ul[@class='o_menu_sections']//a[contains(text(),'Sales')]"}
  (Session info: chrome=77.0.3865.120)
For documentation on this error, please visit: https://www.seleniumhq.org/exceptions/no_such_element.html
Build info: version: '3.141.59', revision: 'e82be7d358', time: '2018-11-14T08:17:03'
System info: host: 'LAPTOP-RQOJ408I', ip: '192.168.1.105', os.name: 'Windows 10', os.arch: 'amd64', os.version: '10.0', java.version: '1.8.0_211'
Driver info: org.openqa.selenium.chrome.ChromeDriver
Capabilities {acceptInsecureCerts: false, browserName: chrome, browserVersion: 77.0.3865.120, chrome: {chromedriverVersion: 77.0.3865.40 (f484704e052e0..., userDataDir: C:\Users\ASUS\AppData\Local...}, goog:chromeOptions: {debuggerAddress: localhost:63759}, javascriptEnabled: true, networkConnectionEnabled: false, pageLoadStrategy: normal, platform: XP, platformName: XP, proxy: Proxy(), setWindowRect: true, strictFileInteractability: false, timeouts: {implicit: 0, pageLoad: 300000, script: 30000}, unhandledPromptBehavior: dismiss and notify}
Session ID: 9b60513d49f463901534b0e754f1997d
*** Element info: {Using=xpath, value=//ul[@class='o_menu_sections']//a[contains(text(),'Sales')]}
2019-10-16 19:16:50,754 [main] FATAL com.odoo.webutils.MyTestListener - no such element: Unable to locate element: {"method":"xpath","selector":"//ul[@class='o_menu_sections']//a[contains(text(),'Sales')]"}
  (Session info: chrome=77.0.3865.120)
For documentation on this error, please visit: https://www.seleniumhq.org/exceptions/no_such_element.html
Build info: version: '3.141.59', revision: 'e82be7d358', time: '2018-11-14T08:17:03'
System info: host: 'LAPTOP-RQOJ408I', ip: '192.168.1.105', os.name: 'Windows 10', os.arch: 'amd64', os.version: '10.0', java.version: '1.8.0_211'
Driver info: org.openqa.selenium.chrome.ChromeDriver
Capabilities {acceptInsecureCerts: false, browserName: chrome, browserVersion: 77.0.3865.120, chrome: {chromedriverVersion: 77.0.3865.40 (f484704e052e0..., userDataDir: C:\Users\ASUS\AppData\Local...}, goog:chromeOptions: {debuggerAddress: localhost:63759}, javascriptEnabled: true, networkConnectionEnabled: false, pageLoadStrategy: normal, platform: XP, platformName: XP, proxy: Proxy(), setWindowRect: true, strictFileInteractability: false, timeouts: {implicit: 0, pageLoad: 300000, script: 30000}, unhandledPromptBehavior: dismiss and notify}
Session ID: 9b60513d49f463901534b0e754f1997d
*** Element info: {Using=xpath, value=//ul[@class='o_menu_sections']//a[contains(text(),'Sales')]}
2019-10-16 19:16:51,307 [main] FATAL com.odoo.webutils.MyTestListener - no such element: Unable to locate element: {"method":"xpath","selector":"//ul[@class='o_menu_sections']//a[contains(text(),'Sales')]"}
  (Session info: chrome=77.0.3865.120)
For documentation on this error, please visit: https://www.seleniumhq.org/exceptions/no_such_element.html
Build info: version: '3.141.59', revision: 'e82be7d358', time: '2018-11-14T08:17:03'
System info: host: 'LAPTOP-RQOJ408I', ip: '192.168.1.105', os.name: 'Windows 10', os.arch: 'amd64', os.version: '10.0', java.version: '1.8.0_211'
Driver info: org.openqa.selenium.chrome.ChromeDriver
Capabilities {acceptInsecureCerts: false, browserName: chrome, browserVersion: 77.0.3865.120, chrome: {chromedriverVersion: 77.0.3865.40 (f484704e052e0..., userDataDir: C:\Users\ASUS\AppData\Local...}, goog:chromeOptions: {debuggerAddress: localhost:63759}, javascriptEnabled: true, networkConnectionEnabled: false, pageLoadStrategy: normal, platform: XP, platformName: XP, proxy: Proxy(), setWindowRect: true, strictFileInteractability: false, timeouts: {implicit: 0, pageLoad: 300000, script: 30000}, unhandledPromptBehavior: dismiss and notify}
Session ID: 9b60513d49f463901534b0e754f1997d
*** Element info: {Using=xpath, value=//ul[@class='o_menu_sections']//a[contains(text(),'Sales')]}
2019-10-16 19:16:52,737 [main] WARN com.odoo.webutils.MyTestListener - createCustomer script is failed
2019-10-16 19:16:53,315 [main] INFO com.odoo.webutils.MyTestListener - Screenshot has been taken 
