2019-10-24 09:35:07,814 [main] INFO com.odoo.webutils.MyTestListener - Framework execution starts
2019-10-24 09:35:14,985 [main] INFO com.odoo.webutils.MyTestListener - Browser Launched and maximized
2019-10-24 09:35:18,005 [main] INFO com.odoo.webutils.MyTestListener - createSalesCallTeam script execution starts
2019-10-24 09:35:20,332 [main] FATAL com.odoo.webutils.MyTestListener - no such element: Unable to locate element: {"method":"xpath","selector":"//input[@id='login']"}
  (Session info: chrome=77.0.3865.120)
For documentation on this error, please visit: https://www.seleniumhq.org/exceptions/no_such_element.html
Build info: version: '3.141.59', revision: 'e82be7d358', time: '2018-11-14T08:17:03'
System info: host: 'ALAM-PC', ip: '127.0.0.1', os.name: 'Windows 7', os.arch: 'amd64', os.version: '6.1', java.version: '1.8.0_201'
Driver info: org.openqa.selenium.chrome.ChromeDriver
Capabilities {acceptInsecureCerts: false, browserName: chrome, browserVersion: 77.0.3865.120, chrome: {chromedriverVersion: 77.0.3865.40 (f484704e052e0..., userDataDir: C:\Users\Alam\AppData\Local...}, goog:chromeOptions: {debuggerAddress: localhost:49398}, javascriptEnabled: true, networkConnectionEnabled: false, pageLoadStrategy: normal, platform: XP, platformName: XP, proxy: Proxy(), setWindowRect: true, strictFileInteractability: false, timeouts: {implicit: 0, pageLoad: 300000, script: 30000}, unhandledPromptBehavior: dismiss and notify}
Session ID: 86fa90f1f2fb1c54fea80e4c5834795c
*** Element info: {Using=xpath, value=//input[@id='login']}
2019-10-24 09:35:20,350 [main] WARN com.odoo.webutils.MyTestListener - createSalesCallTeam script is failed
2019-10-24 09:35:21,496 [main] INFO com.odoo.webutils.MyTestListener - Screenshot has been taken 
2019-10-24 09:35:26,542 [main] FATAL com.odoo.webutils.MyTestListener - no such element: Unable to locate element: {"method":"xpath","selector":"//li[@class='o_user_menu']/a"}
  (Session info: chrome=77.0.3865.120)
For documentation on this error, please visit: https://www.seleniumhq.org/exceptions/no_such_element.html
Build info: version: '3.141.59', revision: 'e82be7d358', time: '2018-11-14T08:17:03'
System info: host: 'ALAM-PC', ip: '127.0.0.1', os.name: 'Windows 7', os.arch: 'amd64', os.version: '6.1', java.version: '1.8.0_201'
Driver info: org.openqa.selenium.chrome.ChromeDriver
Capabilities {acceptInsecureCerts: false, browserName: chrome, browserVersion: 77.0.3865.120, chrome: {chromedriverVersion: 77.0.3865.40 (f484704e052e0..., userDataDir: C:\Users\Alam\AppData\Local...}, goog:chromeOptions: {debuggerAddress: localhost:49398}, javascriptEnabled: true, networkConnectionEnabled: false, pageLoadStrategy: normal, platform: XP, platformName: XP, proxy: Proxy(), setWindowRect: true, strictFileInteractability: false, timeouts: {implicit: 0, pageLoad: 300000, script: 30000}, unhandledPromptBehavior: dismiss and notify}
Session ID: 86fa90f1f2fb1c54fea80e4c5834795c
*** Element info: {Using=xpath, value=//li[@class='o_user_menu']/a}
2019-10-24 09:35:26,716 [main] INFO com.odoo.webutils.MyTestListener - createSalesEamilTeam script execution starts
2019-10-24 09:35:26,725 [main] INFO com.odoo.webutils.MyTestListener - createSalesEamilTeam script is skipped
2019-10-24 09:35:26,780 [main] INFO com.odoo.webutils.MyTestListener - createSalesMeetTeam script execution starts
2019-10-24 09:35:26,795 [main] INFO com.odoo.webutils.MyTestListener - createSalesMeetTeam script is skipped
2019-10-24 09:35:26,821 [main] INFO com.odoo.webutils.MyTestListener - createSalesSmsTeam script execution starts
2019-10-24 09:35:26,827 [main] INFO com.odoo.webutils.MyTestListener - createSalesSmsTeam script is skipped
2019-10-24 09:35:26,859 [main] INFO com.odoo.webutils.MyTestListener - dltSalesCallTeam script execution starts
2019-10-24 09:35:26,862 [main] INFO com.odoo.webutils.MyTestListener - dltSalesCallTeam script is skipped
2019-10-24 09:35:26,866 [main] INFO com.odoo.webutils.MyTestListener - dltSalesEamilTeam script execution starts
2019-10-24 09:35:26,873 [main] INFO com.odoo.webutils.MyTestListener - dltSalesEamilTeam script is skipped
2019-10-24 09:35:26,886 [main] INFO com.odoo.webutils.MyTestListener - dltSalesMeetTeam script execution starts
2019-10-24 09:35:26,889 [main] INFO com.odoo.webutils.MyTestListener - dltSalesMeetTeam script is skipped
2019-10-24 09:35:26,892 [main] INFO com.odoo.webutils.MyTestListener - dltSalesSmsTeam script execution starts
2019-10-24 09:35:26,903 [main] INFO com.odoo.webutils.MyTestListener - dltSalesSmsTeam script is skipped
2019-10-24 09:35:30,128 [main] INFO com.odoo.webutils.MyTestListener - Browser Closed
2019-10-24 09:35:30,500 [main] INFO com.odoo.webutils.MyTestListener - ExcelReport generated
2019-10-24 09:35:30,501 [main] INFO com.odoo.webutils.MyTestListener - Framework execution Time Taken: 22.0seconds
2019-10-24 09:35:30,501 [main] INFO com.odoo.webutils.MyTestListener - Framework execution ends
