2019-10-22 14:05:58,535 [main] INFO com.odoo.webutils.MyTestListener - Framework execution starts
2019-10-22 14:06:06,125 [main] INFO com.odoo.webutils.MyTestListener - Browser Launched and maximized
2019-10-22 14:06:12,014 [main] INFO com.odoo.webutils.MyTestListener - createSalesTeam script execution starts
2019-10-22 14:08:59,382 [main] INFO com.odoo.webutils.MyTestListener - createSalesTeam script is passed
2019-10-22 14:09:13,949 [main] INFO com.odoo.webutils.MyTestListener - dltSalesTeam script execution starts
2019-10-22 14:09:16,942 [main] FATAL com.odoo.webutils.MyTestListener - no such element: Unable to locate element: {"method":"xpath","selector":"(//div[@class='btn-group o_dropdown']//button)[2]"}
  (Session info: chrome=77.0.3865.120)
For documentation on this error, please visit: https://www.seleniumhq.org/exceptions/no_such_element.html
Build info: version: '3.141.59', revision: 'e82be7d358', time: '2018-11-14T08:17:03'
System info: host: 'ALAM-PC', ip: '192.168.0.117', os.name: 'Windows 7', os.arch: 'amd64', os.version: '6.1', java.version: '1.8.0_201'
Driver info: org.openqa.selenium.chrome.ChromeDriver
Capabilities {acceptInsecureCerts: false, browserName: chrome, browserVersion: 77.0.3865.120, chrome: {chromedriverVersion: 77.0.3865.40 (f484704e052e0..., userDataDir: C:\Users\Alam\AppData\Local...}, goog:chromeOptions: {debuggerAddress: localhost:52816}, javascriptEnabled: true, networkConnectionEnabled: false, pageLoadStrategy: normal, platform: XP, platformName: XP, proxy: Proxy(), setWindowRect: true, strictFileInteractability: false, timeouts: {implicit: 0, pageLoad: 300000, script: 30000}, unhandledPromptBehavior: dismiss and notify}
Session ID: 2b6884a3c2018b9a3e12c4b8cc08c732
*** Element info: {Using=xpath, value=(//div[@class='btn-group o_dropdown']//button)[2]}
2019-10-22 14:09:16,961 [main] WARN com.odoo.webutils.MyTestListener - dltSalesTeam script is failed
2019-10-22 14:09:17,705 [main] INFO com.odoo.webutils.MyTestListener - Screenshot has been taken 
2019-10-22 14:09:30,829 [main] INFO com.odoo.webutils.MyTestListener - Browser Closed
2019-10-22 14:09:31,225 [main] INFO com.odoo.webutils.MyTestListener - ExcelReport generated
2019-10-22 14:09:31,225 [main] INFO com.odoo.webutils.MyTestListener - Framework execution Time Taken: 212.0seconds
2019-10-22 14:09:31,226 [main] INFO com.odoo.webutils.MyTestListener - Framework execution ends
