2019-10-17 12:26:57,870 [main] INFO com.odoo.webutils.MyTestListener - Framework execution starts
2019-10-17 12:27:02,759 [main] INFO com.odoo.webutils.MyTestListener - Browser Launched and maximized
2019-10-17 12:27:05,191 [main] INFO com.odoo.webutils.MyTestListener - newCustomer script execution starts
2019-10-17 12:27:53,885 [main] INFO com.odoo.webutils.MyTestListener - newCustomer script is passed
2019-10-17 12:27:55,718 [main] INFO com.odoo.webutils.MyTestListener - dltNewCustomer script execution starts
2019-10-17 12:28:40,270 [main] FATAL com.odoo.webutils.MyTestListener - no such element: Unable to locate element: {"method":"xpath","selector":"//div[@class='btn-group o_dropdown show']//button"}
  (Session info: chrome=77.0.3865.120)
For documentation on this error, please visit: https://www.seleniumhq.org/exceptions/no_such_element.html
Build info: version: '3.141.59', revision: 'e82be7d358', time: '2018-11-14T08:17:03'
System info: host: 'DESKTOP-6TFCGIK', ip: '192.168.0.105', os.name: 'Windows 10', os.arch: 'amd64', os.version: '10.0', java.version: '1.8.0_221'
Driver info: org.openqa.selenium.chrome.ChromeDriver
Capabilities {acceptInsecureCerts: false, browserName: chrome, browserVersion: 77.0.3865.120, chrome: {chromedriverVersion: 77.0.3865.40 (f484704e052e0..., userDataDir: C:\Users\dell\AppData\Local...}, goog:chromeOptions: {debuggerAddress: localhost:60605}, javascriptEnabled: true, networkConnectionEnabled: false, pageLoadStrategy: normal, platform: XP, platformName: XP, proxy: Proxy(), setWindowRect: true, strictFileInteractability: false, timeouts: {implicit: 0, pageLoad: 300000, script: 30000}, unhandledPromptBehavior: dismiss and notify}
Session ID: 9b299d3fbccb6ee4878af6a941d52d2f
*** Element info: {Using=xpath, value=//div[@class='btn-group o_dropdown show']//button}
2019-10-17 12:28:40,286 [main] WARN com.odoo.webutils.MyTestListener - dltNewCustomer script is failed
2019-10-17 12:28:40,749 [main] INFO com.odoo.webutils.MyTestListener - Screenshot has been taken 
2019-10-17 12:28:42,837 [main] INFO com.odoo.webutils.MyTestListener - Browser Closed
2019-10-17 12:28:43,084 [main] INFO com.odoo.webutils.MyTestListener - ExcelReport generated
2019-10-17 12:28:43,084 [main] INFO com.odoo.webutils.MyTestListener - Framework execution Time Taken: 105.0seconds
2019-10-17 12:28:43,084 [main] INFO com.odoo.webutils.MyTestListener - Framework execution ends
