2019-10-15 16:00:20,327 [main] INFO com.odoo.webutils.MyTestListener - Framework execution starts
2019-10-15 16:00:25,879 [main] INFO com.odoo.webutils.MyTestListener - Browser Launched and maximized
2019-10-15 16:00:30,910 [main] INFO com.odoo.webutils.MyTestListener - CreateCustomerTest script execution starts
2019-10-15 16:00:37,038 [main] FATAL com.odoo.webutils.MyTestListener - no such element: Unable to locate element: {"method":"xpath","selector":"//input[@id='login']"}
  (Session info: chrome=77.0.3865.120)
For documentation on this error, please visit: https://www.seleniumhq.org/exceptions/no_such_element.html
Build info: version: '3.141.59', revision: 'e82be7d358', time: '2018-11-14T08:17:03'
System info: host: 'PRASHANT-PC', ip: '192.168.43.127', os.name: 'Windows 7', os.arch: 'x86', os.version: '6.1', java.version: '1.8.0_221'
Driver info: org.openqa.selenium.chrome.ChromeDriver
Capabilities {acceptInsecureCerts: false, browserName: chrome, browserVersion: 77.0.3865.120, chrome: {chromedriverVersion: 77.0.3865.40 (f484704e052e0..., userDataDir: C:\Users\prashant\AppData\L...}, goog:chromeOptions: {debuggerAddress: localhost:49874}, javascriptEnabled: true, networkConnectionEnabled: false, pageLoadStrategy: normal, platform: XP, platformName: XP, proxy: Proxy(), setWindowRect: true, strictFileInteractability: false, timeouts: {implicit: 0, pageLoad: 300000, script: 30000}, unhandledPromptBehavior: dismiss and notify}
Session ID: 75b6b29051b0d62c12746129a784f74b
*** Element info: {Using=xpath, value=//input[@id='login']}
2019-10-15 16:00:37,062 [main] WARN com.odoo.webutils.MyTestListener - CreateCustomerTest script is failed
2019-10-15 16:00:37,771 [main] INFO com.odoo.webutils.MyTestListener - Screenshot has been taken 
2019-10-15 16:00:37,858 [main] FATAL com.odoo.webutils.MyTestListener - no such element: Unable to locate element: {"method":"xpath","selector":"//li[@class='o_user_menu']/a"}
  (Session info: chrome=77.0.3865.120)
For documentation on this error, please visit: https://www.seleniumhq.org/exceptions/no_such_element.html
Build info: version: '3.141.59', revision: 'e82be7d358', time: '2018-11-14T08:17:03'
System info: host: 'PRASHANT-PC', ip: '192.168.43.127', os.name: 'Windows 7', os.arch: 'x86', os.version: '6.1', java.version: '1.8.0_221'
Driver info: org.openqa.selenium.chrome.ChromeDriver
Capabilities {acceptInsecureCerts: false, browserName: chrome, browserVersion: 77.0.3865.120, chrome: {chromedriverVersion: 77.0.3865.40 (f484704e052e0..., userDataDir: C:\Users\prashant\AppData\L...}, goog:chromeOptions: {debuggerAddress: localhost:49874}, javascriptEnabled: true, networkConnectionEnabled: false, pageLoadStrategy: normal, platform: XP, platformName: XP, proxy: Proxy(), setWindowRect: true, strictFileInteractability: false, timeouts: {implicit: 0, pageLoad: 300000, script: 30000}, unhandledPromptBehavior: dismiss and notify}
Session ID: 75b6b29051b0d62c12746129a784f74b
*** Element info: {Using=xpath, value=//li[@class='o_user_menu']/a}
2019-10-15 16:00:39,099 [main] INFO com.odoo.webutils.MyTestListener - Browser Closed
2019-10-15 16:00:39,426 [main] INFO com.odoo.webutils.MyTestListener - ExcelReport generated
2019-10-15 16:00:39,427 [main] INFO com.odoo.webutils.MyTestListener - Framework execution Time Taken: 19.0seconds
2019-10-15 16:00:39,427 [main] INFO com.odoo.webutils.MyTestListener - Framework execution ends
