2019-10-30 15:18:03,094 [main] INFO com.odoo.webutils.MyTestListener - Framework execution starts
2019-10-30 15:18:14,597 [main] INFO com.odoo.webutils.MyTestListener - Browser Launched and maximized
2019-10-30 15:18:18,775 [main] INFO com.odoo.webutils.MyTestListener - scheduleActivity script execution starts
2019-10-30 15:18:58,840 [main] FATAL com.odoo.webutils.MyTestListener - no such element: Unable to locate element: {"method":"xpath","selector":"//ul[@class='o_menu_sections']//a[contains(text(),'Sales')]"}
  (Session info: chrome=78.0.3904.70)
For documentation on this error, please visit: https://www.seleniumhq.org/exceptions/no_such_element.html
Build info: version: '3.141.59', revision: 'e82be7d358', time: '2018-11-14T08:17:03'
System info: host: 'LAPTOP-RQOJ408I', ip: '192.168.43.244', os.name: 'Windows 10', os.arch: 'amd64', os.version: '10.0', java.version: '1.8.0_211'
Driver info: org.openqa.selenium.chrome.ChromeDriver
Capabilities {acceptInsecureCerts: false, browserName: chrome, browserVersion: 78.0.3904.70, chrome: {chromedriverVersion: 77.0.3865.40 (f484704e052e0..., userDataDir: C:\Users\ASUS\AppData\Local...}, goog:chromeOptions: {debuggerAddress: localhost:62208}, javascriptEnabled: true, networkConnectionEnabled: false, pageLoadStrategy: normal, platform: XP, platformName: XP, proxy: Proxy(), setWindowRect: true, strictFileInteractability: false, timeouts: {implicit: 0, pageLoad: 300000, script: 30000}, unhandledPromptBehavior: dismiss and notify}
Session ID: 03e1cb0e25f261383c780c71625c4be3
*** Element info: {Using=xpath, value=//ul[@class='o_menu_sections']//a[contains(text(),'Sales')]}
2019-10-30 15:18:58,947 [main] WARN com.odoo.webutils.MyTestListener - scheduleActivity script is failed
2019-10-30 15:18:59,888 [main] INFO com.odoo.webutils.MyTestListener - Screenshot has been taken 
2019-10-30 15:19:10,042 [main] FATAL com.odoo.webutils.MyTestListener - element click intercepted: Element <a role="button" class="dropdown-toggle" data-toggle="dropdown" data-display="static" aria-expanded="false" href="#">...</a> is not clickable at point (1415, 23). Other element would receive the click: <div class="blockUI blockOverlay" style="z-index: 1100; border: none; margin: 0px; padding: 0px; width: 100%; height: 100%; top: 0px; left: 0px; background-color: rgb(0, 0, 0); opacity: 0.6; cursor: wait; position: fixed;"></div>
  (Session info: chrome=78.0.3904.70)
Build info: version: '3.141.59', revision: 'e82be7d358', time: '2018-11-14T08:17:03'
System info: host: 'LAPTOP-RQOJ408I', ip: '192.168.43.244', os.name: 'Windows 10', os.arch: 'amd64', os.version: '10.0', java.version: '1.8.0_211'
Driver info: org.openqa.selenium.chrome.ChromeDriver
Capabilities {acceptInsecureCerts: false, browserName: chrome, browserVersion: 78.0.3904.70, chrome: {chromedriverVersion: 77.0.3865.40 (f484704e052e0..., userDataDir: C:\Users\ASUS\AppData\Local...}, goog:chromeOptions: {debuggerAddress: localhost:62208}, javascriptEnabled: true, networkConnectionEnabled: false, pageLoadStrategy: normal, platform: XP, platformName: XP, proxy: Proxy(), setWindowRect: true, strictFileInteractability: false, timeouts: {implicit: 0, pageLoad: 300000, script: 30000}, unhandledPromptBehavior: dismiss and notify}
Session ID: 03e1cb0e25f261383c780c71625c4be3
2019-10-30 15:19:14,928 [main] INFO com.odoo.webutils.MyTestListener - Browser Closed
2019-10-30 15:19:15,566 [main] INFO com.odoo.webutils.MyTestListener - ExcelReport generated
2019-10-30 15:19:15,566 [main] INFO com.odoo.webutils.MyTestListener - Framework execution Time Taken: 72.0seconds
2019-10-30 15:19:15,566 [main] INFO com.odoo.webutils.MyTestListener - Framework execution ends
