2019-10-18 11:37:33,533 [main] INFO com.odoo.webutils.MyTestListener - Framework execution starts
2019-10-18 11:37:45,521 [main] INFO com.odoo.webutils.MyTestListener - Browser Launched and maximized
2019-10-18 11:37:52,004 [main] INFO com.odoo.webutils.MyTestListener - createCustomer script execution starts
2019-10-18 11:39:19,016 [main] FATAL com.odoo.webutils.MyTestListener - no such element: Unable to locate element: {"method":"xpath","selector":"//button[@class='btn btn-primary']/span[text()='Ok']"}
  (Session info: chrome=77.0.3865.120)
For documentation on this error, please visit: https://www.seleniumhq.org/exceptions/no_such_element.html
Build info: version: '3.141.59', revision: 'e82be7d358', time: '2018-11-14T08:17:03'
System info: host: 'JENSEN-PC', ip: '192.168.0.115', os.name: 'Windows 7', os.arch: 'x86', os.version: '6.1', java.version: '1.8.0_181'
Driver info: org.openqa.selenium.chrome.ChromeDriver
Capabilities {acceptInsecureCerts: false, browserName: chrome, browserVersion: 77.0.3865.120, chrome: {chromedriverVersion: 77.0.3865.40 (f484704e052e0..., userDataDir: C:\Users\jensen\AppData\Loc...}, goog:chromeOptions: {debuggerAddress: localhost:49432}, javascriptEnabled: true, networkConnectionEnabled: false, pageLoadStrategy: normal, platform: XP, platformName: XP, proxy: Proxy(), setWindowRect: true, strictFileInteractability: false, timeouts: {implicit: 0, pageLoad: 300000, script: 30000}, unhandledPromptBehavior: dismiss and notify}
Session ID: 71656a6ed6ffc6f20fbfe7d1f57225b4
*** Element info: {Using=xpath, value=//button[@class='btn btn-primary']/span[text()='Ok']}
2019-10-18 11:39:19,078 [main] WARN com.odoo.webutils.MyTestListener - createCustomer script is failed
2019-10-18 11:39:19,854 [main] INFO com.odoo.webutils.MyTestListener - Screenshot has been taken 
2019-10-18 11:39:21,854 [main] INFO com.odoo.webutils.MyTestListener - deleteCustomer2 script execution starts
2019-10-18 11:39:26,924 [main] FATAL com.odoo.webutils.MyTestListener - invalid selector: Unable to locate an element with the xpath expression btn-group o_dropdown because of the following error:
SyntaxError: Failed to execute 'evaluate' on 'Document': The string 'btn-group o_dropdown' is not a valid XPath expression.
  (Session info: chrome=77.0.3865.120)
For documentation on this error, please visit: https://www.seleniumhq.org/exceptions/invalid_selector_exception.html
Build info: version: '3.141.59', revision: 'e82be7d358', time: '2018-11-14T08:17:03'
System info: host: 'JENSEN-PC', ip: '192.168.0.115', os.name: 'Windows 7', os.arch: 'x86', os.version: '6.1', java.version: '1.8.0_181'
Driver info: org.openqa.selenium.chrome.ChromeDriver
Capabilities {acceptInsecureCerts: false, browserName: chrome, browserVersion: 77.0.3865.120, chrome: {chromedriverVersion: 77.0.3865.40 (f484704e052e0..., userDataDir: C:\Users\jensen\AppData\Loc...}, goog:chromeOptions: {debuggerAddress: localhost:49432}, javascriptEnabled: true, networkConnectionEnabled: false, pageLoadStrategy: normal, platform: XP, platformName: XP, proxy: Proxy(), setWindowRect: true, strictFileInteractability: false, timeouts: {implicit: 0, pageLoad: 300000, script: 30000}, unhandledPromptBehavior: dismiss and notify}
Session ID: 71656a6ed6ffc6f20fbfe7d1f57225b4
*** Element info: {Using=xpath, value=btn-group o_dropdown}
2019-10-18 11:39:26,937 [main] WARN com.odoo.webutils.MyTestListener - deleteCustomer2 script is failed
2019-10-18 11:39:27,342 [main] INFO com.odoo.webutils.MyTestListener - Screenshot has been taken 
2019-10-18 11:39:28,016 [main] INFO com.odoo.webutils.MyTestListener - ExcelReport generated
2019-10-18 11:39:28,016 [main] INFO com.odoo.webutils.MyTestListener - Framework execution Time Taken: 115.0seconds
2019-10-18 11:39:28,016 [main] INFO com.odoo.webutils.MyTestListener - Framework execution ends
