2019-10-18 22:59:54,861 [main] INFO com.odoo.webutils.MyTestListener - Framework execution starts
2019-10-18 23:00:00,230 [main] INFO com.odoo.webutils.MyTestListener - Browser Launched and maximized
2019-10-18 23:00:05,399 [main] INFO com.odoo.webutils.MyTestListener - createCustomer script execution starts
2019-10-18 23:00:24,647 [main] FATAL com.odoo.webutils.MyTestListener - no such element: Unable to locate element: {"method":"xpath","selector":"//div[text()='CRM']"}
  (Session info: chrome=77.0.3865.120)
For documentation on this error, please visit: https://www.seleniumhq.org/exceptions/no_such_element.html
Build info: version: '3.141.59', revision: 'e82be7d358', time: '2018-11-14T08:17:03'
System info: host: 'ADARSH', ip: '192.168.1.225', os.name: 'Windows 8', os.arch: 'amd64', os.version: '6.2', java.version: '1.8.0_201'
Driver info: org.openqa.selenium.chrome.ChromeDriver
Capabilities {acceptInsecureCerts: false, browserName: chrome, browserVersion: 77.0.3865.120, chrome: {chromedriverVersion: 77.0.3865.40 (f484704e052e0..., userDataDir: C:\Users\ANSHU\AppData\Loca...}, goog:chromeOptions: {debuggerAddress: localhost:59816}, javascriptEnabled: true, networkConnectionEnabled: false, pageLoadStrategy: normal, platform: XP, platformName: XP, proxy: Proxy(), setWindowRect: true, strictFileInteractability: false, timeouts: {implicit: 0, pageLoad: 300000, script: 30000}, unhandledPromptBehavior: dismiss and notify}
Session ID: 55d17417d6a4f4c3a6adf446f7044f91
*** Element info: {Using=xpath, value=//div[text()='CRM']}
2019-10-18 23:00:24,667 [main] WARN com.odoo.webutils.MyTestListener - createCustomer script is failed
2019-10-18 23:00:25,140 [main] INFO com.odoo.webutils.MyTestListener - Screenshot has been taken 
2019-10-18 23:00:33,018 [main] INFO com.odoo.webutils.MyTestListener - deleteCustomer script execution starts
2019-10-18 23:01:08,383 [main] FATAL com.odoo.webutils.MyTestListener - no such element: Unable to locate element: {"method":"xpath","selector":"//button[contains(text(),'Action')]"}
  (Session info: chrome=77.0.3865.120)
For documentation on this error, please visit: https://www.seleniumhq.org/exceptions/no_such_element.html
Build info: version: '3.141.59', revision: 'e82be7d358', time: '2018-11-14T08:17:03'
System info: host: 'ADARSH', ip: '192.168.1.225', os.name: 'Windows 8', os.arch: 'amd64', os.version: '6.2', java.version: '1.8.0_201'
Driver info: org.openqa.selenium.chrome.ChromeDriver
Capabilities {acceptInsecureCerts: false, browserName: chrome, browserVersion: 77.0.3865.120, chrome: {chromedriverVersion: 77.0.3865.40 (f484704e052e0..., userDataDir: C:\Users\ANSHU\AppData\Loca...}, goog:chromeOptions: {debuggerAddress: localhost:59816}, javascriptEnabled: true, networkConnectionEnabled: false, pageLoadStrategy: normal, platform: XP, platformName: XP, proxy: Proxy(), setWindowRect: true, strictFileInteractability: false, timeouts: {implicit: 0, pageLoad: 300000, script: 30000}, unhandledPromptBehavior: dismiss and notify}
Session ID: 55d17417d6a4f4c3a6adf446f7044f91
*** Element info: {Using=xpath, value=//button[contains(text(),'Action')]}
2019-10-18 23:01:08,383 [main] WARN com.odoo.webutils.MyTestListener - deleteCustomer script is failed
2019-10-18 23:01:08,949 [main] INFO com.odoo.webutils.MyTestListener - Screenshot has been taken 
2019-10-18 23:01:17,168 [main] INFO com.odoo.webutils.MyTestListener - Browser Closed
2019-10-18 23:01:17,372 [main] INFO com.odoo.webutils.MyTestListener - ExcelReport generated
2019-10-18 23:01:17,372 [main] INFO com.odoo.webutils.MyTestListener - Framework execution Time Taken: 82.0seconds
2019-10-18 23:01:17,387 [main] INFO com.odoo.webutils.MyTestListener - Framework execution ends
