2019-10-19 18:00:38,322 [main] INFO com.odoo.webutils.MyTestListener - Framework execution starts
2019-10-19 18:00:44,754 [main] INFO com.odoo.webutils.MyTestListener - Browser Launched and maximized
2019-10-19 18:00:49,207 [main] INFO com.odoo.webutils.MyTestListener - createOpportunity script execution starts
2019-10-19 18:01:43,298 [main] FATAL com.odoo.webutils.MyTestListener - no such element: Unable to locate element: {"method":"xpath","selector":"//span[text()='Create']"}
  (Session info: chrome=77.0.3865.120)
For documentation on this error, please visit: https://www.seleniumhq.org/exceptions/no_such_element.html
Build info: version: '3.141.59', revision: 'e82be7d358', time: '2018-11-14T08:17:03'
System info: host: 'ADARSH', ip: '192.168.1.2', os.name: 'Windows 8', os.arch: 'amd64', os.version: '6.2', java.version: '1.8.0_201'
Driver info: org.openqa.selenium.chrome.ChromeDriver
Capabilities {acceptInsecureCerts: false, browserName: chrome, browserVersion: 77.0.3865.120, chrome: {chromedriverVersion: 77.0.3865.40 (f484704e052e0..., userDataDir: C:\Users\ANSHU\AppData\Loca...}, goog:chromeOptions: {debuggerAddress: localhost:51854}, javascriptEnabled: true, networkConnectionEnabled: false, pageLoadStrategy: normal, platform: XP, platformName: XP, proxy: Proxy(), setWindowRect: true, strictFileInteractability: false, timeouts: {implicit: 0, pageLoad: 300000, script: 30000}, unhandledPromptBehavior: dismiss and notify}
Session ID: a7852e6f8e50cab94083e55be33fb302
*** Element info: {Using=xpath, value=//span[text()='Create']}
2019-10-19 18:01:43,315 [main] WARN com.odoo.webutils.MyTestListener - createOpportunity script is failed
2019-10-19 18:01:43,847 [main] INFO com.odoo.webutils.MyTestListener - Screenshot has been taken 
2019-10-19 18:01:59,207 [main] FATAL com.odoo.webutils.MyTestListener - element click intercepted: Element <a class="dropdown-item" data-menu="logout" href="#" role="menuitem">...</a> is not clickable at point (1261, 203). Other element would receive the click: <div role="dialog" class="modal o_technical_modal show" tabindex="-1" data-backdrop="static" id="modal_135" open="open" aria-modal="true" style="display: block;">...</div>
  (Session info: chrome=77.0.3865.120)
Build info: version: '3.141.59', revision: 'e82be7d358', time: '2018-11-14T08:17:03'
System info: host: 'ADARSH', ip: '192.168.1.2', os.name: 'Windows 8', os.arch: 'amd64', os.version: '6.2', java.version: '1.8.0_201'
Driver info: org.openqa.selenium.chrome.ChromeDriver
Capabilities {acceptInsecureCerts: false, browserName: chrome, browserVersion: 77.0.3865.120, chrome: {chromedriverVersion: 77.0.3865.40 (f484704e052e0..., userDataDir: C:\Users\ANSHU\AppData\Loca...}, goog:chromeOptions: {debuggerAddress: localhost:51854}, javascriptEnabled: true, networkConnectionEnabled: false, pageLoadStrategy: normal, platform: XP, platformName: XP, proxy: Proxy(), setWindowRect: true, strictFileInteractability: false, timeouts: {implicit: 0, pageLoad: 300000, script: 30000}, unhandledPromptBehavior: dismiss and notify}
Session ID: a7852e6f8e50cab94083e55be33fb302
2019-10-19 18:02:02,901 [main] INFO com.odoo.webutils.MyTestListener - Browser Closed
2019-10-19 18:02:03,089 [main] INFO com.odoo.webutils.MyTestListener - ExcelReport generated
2019-10-19 18:02:03,089 [main] INFO com.odoo.webutils.MyTestListener - Framework execution Time Taken: 84.0seconds
2019-10-19 18:02:03,089 [main] INFO com.odoo.webutils.MyTestListener - Framework execution ends
