2019-10-18 11:44:54,119 [main] INFO com.odoo.webutils.MyTestListener - Framework execution starts
2019-10-18 11:45:02,329 [main] INFO com.odoo.webutils.MyTestListener - Browser Launched and maximized
2019-10-18 11:47:55,618 [main] INFO com.odoo.webutils.MyTestListener - CreateCustomerTest script execution starts
2019-10-18 11:48:13,795 [main] FATAL com.odoo.webutils.MyTestListener - no such element: Unable to locate element: {"method":"xpath","selector":"//div[text()='CRM']"}
  (Session info: chrome=77.0.3865.120)
For documentation on this error, please visit: https://www.seleniumhq.org/exceptions/no_such_element.html
Build info: version: '3.141.59', revision: 'e82be7d358', time: '2018-11-14T08:17:03'
System info: host: 'PRASHANT-PC', ip: '192.168.0.117', os.name: 'Windows 7', os.arch: 'x86', os.version: '6.1', java.version: '1.8.0_221'
Driver info: org.openqa.selenium.chrome.ChromeDriver
Capabilities {acceptInsecureCerts: false, browserName: chrome, browserVersion: 77.0.3865.120, chrome: {chromedriverVersion: 77.0.3865.40 (f484704e052e0..., userDataDir: C:\Users\prashant\AppData\L...}, goog:chromeOptions: {debuggerAddress: localhost:59882}, javascriptEnabled: true, networkConnectionEnabled: false, pageLoadStrategy: normal, platform: XP, platformName: XP, proxy: Proxy(), setWindowRect: true, strictFileInteractability: false, timeouts: {implicit: 0, pageLoad: 300000, script: 30000}, unhandledPromptBehavior: dismiss and notify}
Session ID: ab926f555248b3ace30a352dcbfb0691
*** Element info: {Using=xpath, value=//div[text()='CRM']}
2019-10-18 11:48:13,821 [main] WARN com.odoo.webutils.MyTestListener - CreateCustomerTest script is failed
2019-10-18 11:48:14,488 [main] INFO com.odoo.webutils.MyTestListener - Screenshot has been taken 
2019-10-18 11:48:16,383 [main] INFO com.odoo.webutils.MyTestListener - deleteCustomerTest script execution starts
2019-10-18 11:48:16,596 [main] FATAL com.odoo.webutils.MyTestListener - no such element: Unable to locate element: {"method":"xpath","selector":"//input[@id='login']"}
  (Session info: chrome=77.0.3865.120)
For documentation on this error, please visit: https://www.seleniumhq.org/exceptions/no_such_element.html
Build info: version: '3.141.59', revision: 'e82be7d358', time: '2018-11-14T08:17:03'
System info: host: 'PRASHANT-PC', ip: '192.168.0.117', os.name: 'Windows 7', os.arch: 'x86', os.version: '6.1', java.version: '1.8.0_221'
Driver info: org.openqa.selenium.chrome.ChromeDriver
Capabilities {acceptInsecureCerts: false, browserName: chrome, browserVersion: 77.0.3865.120, chrome: {chromedriverVersion: 77.0.3865.40 (f484704e052e0..., userDataDir: C:\Users\prashant\AppData\L...}, goog:chromeOptions: {debuggerAddress: localhost:59882}, javascriptEnabled: true, networkConnectionEnabled: false, pageLoadStrategy: normal, platform: XP, platformName: XP, proxy: Proxy(), setWindowRect: true, strictFileInteractability: false, timeouts: {implicit: 0, pageLoad: 300000, script: 30000}, unhandledPromptBehavior: dismiss and notify}
Session ID: ab926f555248b3ace30a352dcbfb0691
*** Element info: {Using=xpath, value=//input[@id='login']}
2019-10-18 11:48:16,603 [main] WARN com.odoo.webutils.MyTestListener - deleteCustomerTest script is failed
2019-10-18 11:48:17,135 [main] INFO com.odoo.webutils.MyTestListener - Screenshot has been taken 
2019-10-18 11:48:20,169 [main] INFO com.odoo.webutils.MyTestListener - Browser Closed
2019-10-18 11:48:20,809 [main] INFO com.odoo.webutils.MyTestListener - ExcelReport generated
2019-10-18 11:48:20,810 [main] INFO com.odoo.webutils.MyTestListener - Framework execution Time Taken: 207.0seconds
2019-10-18 11:48:20,811 [main] INFO com.odoo.webutils.MyTestListener - Framework execution ends
