2019-11-04 13:51:55,898 [main] INFO com.odoo.webutils.MyTestListener - Framework execution starts
2019-11-04 13:52:01,892 [main] INFO com.odoo.webutils.MyTestListener - Browser Launched and maximized
2019-11-04 13:52:10,014 [main] INFO com.odoo.webutils.MyTestListener - newCustomer script execution starts
2019-11-04 13:53:16,629 [main] INFO com.odoo.webutils.MyTestListener - newCustomer script is passed
2019-11-04 13:53:40,982 [main] INFO com.odoo.webutils.MyTestListener - createOpportunity script execution starts
2019-11-04 13:54:20,073 [main] FATAL com.odoo.webutils.MyTestListener - no such element: Unable to locate element: {"method":"xpath","selector":"//input[@name='name']"}
  (Session info: chrome=77.0.3865.120)
For documentation on this error, please visit: https://www.seleniumhq.org/exceptions/no_such_element.html
Build info: version: '3.141.59', revision: 'e82be7d358', time: '2018-11-14T08:17:03'
System info: host: 'ALAM-PC', ip: '192.168.43.227', os.name: 'Windows 7', os.arch: 'amd64', os.version: '6.1', java.version: '1.8.0_201'
Driver info: org.openqa.selenium.chrome.ChromeDriver
Capabilities {acceptInsecureCerts: false, browserName: chrome, browserVersion: 77.0.3865.120, chrome: {chromedriverVersion: 77.0.3865.40 (f484704e052e0..., userDataDir: C:\Users\Alam\AppData\Local...}, goog:chromeOptions: {debuggerAddress: localhost:49728}, javascriptEnabled: true, networkConnectionEnabled: false, pageLoadStrategy: normal, platform: XP, platformName: XP, proxy: Proxy(), setWindowRect: true, strictFileInteractability: false, timeouts: {implicit: 0, pageLoad: 300000, script: 30000}, unhandledPromptBehavior: dismiss and notify}
Session ID: 303ee15d7deea8eee31a14ae5eb8fdab
*** Element info: {Using=xpath, value=//input[@name='name']}
2019-11-04 13:54:20,194 [main] WARN com.odoo.webutils.MyTestListener - createOpportunity script is failed
2019-11-04 13:54:20,743 [main] INFO com.odoo.webutils.MyTestListener - Screenshot has been taken 
2019-11-04 13:54:30,912 [main] FATAL com.odoo.webutils.MyTestListener - element click intercepted: Element <a aria-expanded="false" class="dropdown-toggle" data-display="static" data-toggle="dropdown" href="#" role="button">...</a> is not clickable at point (1263, 23). Other element would receive the click: <div role="dialog" class="modal o_technical_modal show" tabindex="-1" data-backdrop="static" id="modal_176" open="open" aria-modal="true" style="display: block;">...</div>
  (Session info: chrome=77.0.3865.120)
Build info: version: '3.141.59', revision: 'e82be7d358', time: '2018-11-14T08:17:03'
System info: host: 'ALAM-PC', ip: '192.168.43.227', os.name: 'Windows 7', os.arch: 'amd64', os.version: '6.1', java.version: '1.8.0_201'
Driver info: org.openqa.selenium.chrome.ChromeDriver
Capabilities {acceptInsecureCerts: false, browserName: chrome, browserVersion: 77.0.3865.120, chrome: {chromedriverVersion: 77.0.3865.40 (f484704e052e0..., userDataDir: C:\Users\Alam\AppData\Local...}, goog:chromeOptions: {debuggerAddress: localhost:49728}, javascriptEnabled: true, networkConnectionEnabled: false, pageLoadStrategy: normal, platform: XP, platformName: XP, proxy: Proxy(), setWindowRect: true, strictFileInteractability: false, timeouts: {implicit: 0, pageLoad: 300000, script: 30000}, unhandledPromptBehavior: dismiss and notify}
Session ID: 303ee15d7deea8eee31a14ae5eb8fdab
2019-11-04 13:54:31,047 [main] INFO com.odoo.webutils.MyTestListener - scheduledActivity script execution starts
2019-11-04 13:54:31,122 [main] INFO com.odoo.webutils.MyTestListener - scheduledActivity script is skipped
2019-11-04 13:54:31,132 [main] INFO com.odoo.webutils.MyTestListener - creatSalesAct script execution starts
2019-11-04 13:54:31,158 [main] INFO com.odoo.webutils.MyTestListener - creatSalesAct script is skipped
2019-11-04 13:54:32,308 [main] INFO com.odoo.webutils.MyTestListener - Browser Closed
2019-11-04 13:54:32,627 [main] INFO com.odoo.webutils.MyTestListener - ExcelReport generated
2019-11-04 13:54:32,628 [main] INFO com.odoo.webutils.MyTestListener - Framework execution Time Taken: 156.0seconds
2019-11-04 13:54:32,633 [main] INFO com.odoo.webutils.MyTestListener - Framework execution ends
