2019-10-17 13:03:04,309 [main] INFO com.odoo.webutils.MyTestListener - Framework execution starts
2019-10-17 13:03:14,063 [main] INFO com.odoo.webutils.MyTestListener - Browser Launched and maximized
2019-10-17 13:03:19,635 [main] INFO com.odoo.webutils.MyTestListener - newCustomer script execution starts
2019-10-17 13:04:02,419 [main] FATAL com.odoo.webutils.MyTestListener - no such element: Unable to locate element: {"method":"xpath","selector":"//div[@name='name']//input"}
  (Session info: chrome=77.0.3865.120)
For documentation on this error, please visit: https://www.seleniumhq.org/exceptions/no_such_element.html
Build info: version: '3.141.59', revision: 'e82be7d358', time: '2018-11-14T08:17:03'
System info: host: 'LAPTOP-RQOJ408I', ip: '192.168.0.114', os.name: 'Windows 10', os.arch: 'amd64', os.version: '10.0', java.version: '1.8.0_211'
Driver info: org.openqa.selenium.chrome.ChromeDriver
Capabilities {acceptInsecureCerts: false, browserName: chrome, browserVersion: 77.0.3865.120, chrome: {chromedriverVersion: 77.0.3865.40 (f484704e052e0..., userDataDir: C:\Users\ASUS\AppData\Local...}, goog:chromeOptions: {debuggerAddress: localhost:60240}, javascriptEnabled: true, networkConnectionEnabled: false, pageLoadStrategy: normal, platform: XP, platformName: XP, proxy: Proxy(), setWindowRect: true, strictFileInteractability: false, timeouts: {implicit: 0, pageLoad: 300000, script: 30000}, unhandledPromptBehavior: dismiss and notify}
Session ID: 81b8f3724f678a595f7454172029b965
*** Element info: {Using=xpath, value=//div[@name='name']//input}
2019-10-17 13:04:02,940 [main] FATAL com.odoo.webutils.MyTestListener - no such element: Unable to locate element: {"method":"xpath","selector":"//div[@name='name']//input"}
  (Session info: chrome=77.0.3865.120)
For documentation on this error, please visit: https://www.seleniumhq.org/exceptions/no_such_element.html
Build info: version: '3.141.59', revision: 'e82be7d358', time: '2018-11-14T08:17:03'
System info: host: 'LAPTOP-RQOJ408I', ip: '192.168.0.114', os.name: 'Windows 10', os.arch: 'amd64', os.version: '10.0', java.version: '1.8.0_211'
Driver info: org.openqa.selenium.chrome.ChromeDriver
Capabilities {acceptInsecureCerts: false, browserName: chrome, browserVersion: 77.0.3865.120, chrome: {chromedriverVersion: 77.0.3865.40 (f484704e052e0..., userDataDir: C:\Users\ASUS\AppData\Local...}, goog:chromeOptions: {debuggerAddress: localhost:60240}, javascriptEnabled: true, networkConnectionEnabled: false, pageLoadStrategy: normal, platform: XP, platformName: XP, proxy: Proxy(), setWindowRect: true, strictFileInteractability: false, timeouts: {implicit: 0, pageLoad: 300000, script: 30000}, unhandledPromptBehavior: dismiss and notify}
Session ID: 81b8f3724f678a595f7454172029b965
*** Element info: {Using=xpath, value=//div[@name='name']//input}
2019-10-17 13:04:04,741 [main] INFO com.odoo.webutils.MyTestListener - newCustomer script is passed
2019-10-17 13:04:06,015 [main] INFO com.odoo.webutils.MyTestListener - deleteCustomer script execution starts
2019-10-17 13:04:09,090 [main] FATAL com.odoo.webutils.MyTestListener - no such element: Unable to locate element: {"method":"xpath","selector":"//input[@id='login']"}
  (Session info: chrome=77.0.3865.120)
For documentation on this error, please visit: https://www.seleniumhq.org/exceptions/no_such_element.html
Build info: version: '3.141.59', revision: 'e82be7d358', time: '2018-11-14T08:17:03'
System info: host: 'LAPTOP-RQOJ408I', ip: '192.168.0.114', os.name: 'Windows 10', os.arch: 'amd64', os.version: '10.0', java.version: '1.8.0_211'
Driver info: org.openqa.selenium.chrome.ChromeDriver
Capabilities {acceptInsecureCerts: false, browserName: chrome, browserVersion: 77.0.3865.120, chrome: {chromedriverVersion: 77.0.3865.40 (f484704e052e0..., userDataDir: C:\Users\ASUS\AppData\Local...}, goog:chromeOptions: {debuggerAddress: localhost:60240}, javascriptEnabled: true, networkConnectionEnabled: false, pageLoadStrategy: normal, platform: XP, platformName: XP, proxy: Proxy(), setWindowRect: true, strictFileInteractability: false, timeouts: {implicit: 0, pageLoad: 300000, script: 30000}, unhandledPromptBehavior: dismiss and notify}
Session ID: 81b8f3724f678a595f7454172029b965
*** Element info: {Using=xpath, value=//input[@id='login']}
2019-10-17 13:04:09,095 [main] WARN com.odoo.webutils.MyTestListener - deleteCustomer script is failed
2019-10-17 13:04:09,913 [main] INFO com.odoo.webutils.MyTestListener - Screenshot has been taken 
2019-10-17 13:04:11,710 [main] INFO com.odoo.webutils.MyTestListener - Browser Closed
2019-10-17 13:04:11,822 [main] INFO com.odoo.webutils.MyTestListener - ExcelReport generated
2019-10-17 13:04:11,822 [main] INFO com.odoo.webutils.MyTestListener - Framework execution Time Taken: 67.0seconds
2019-10-17 13:04:11,822 [main] INFO com.odoo.webutils.MyTestListener - Framework execution ends
