2019-10-16 21:18:02,561 [main] INFO com.odoo.webutils.MyTestListener - Framework execution starts
2019-10-16 21:18:13,102 [main] INFO com.odoo.webutils.MyTestListener - Browser Launched and maximized
2019-10-16 21:18:17,231 [main] INFO com.odoo.webutils.MyTestListener - newCustomer script execution starts
2019-10-16 21:18:36,304 [main] FATAL com.odoo.webutils.MyTestListener - no such element: Unable to locate element: {"method":"xpath","selector":"//div[text()='CRM']"}
  (Session info: chrome=77.0.3865.120)
For documentation on this error, please visit: https://www.seleniumhq.org/exceptions/no_such_element.html
Build info: version: '3.141.59', revision: 'e82be7d358', time: '2018-11-14T08:17:03'
System info: host: 'LAPTOP-RQOJ408I', ip: '192.168.1.105', os.name: 'Windows 10', os.arch: 'amd64', os.version: '10.0', java.version: '1.8.0_211'
Driver info: org.openqa.selenium.chrome.ChromeDriver
Capabilities {acceptInsecureCerts: false, browserName: chrome, browserVersion: 77.0.3865.120, chrome: {chromedriverVersion: 77.0.3865.40 (f484704e052e0..., userDataDir: C:\Users\ASUS\AppData\Local...}, goog:chromeOptions: {debuggerAddress: localhost:49965}, javascriptEnabled: true, networkConnectionEnabled: false, pageLoadStrategy: normal, platform: XP, platformName: XP, proxy: Proxy(), setWindowRect: true, strictFileInteractability: false, timeouts: {implicit: 0, pageLoad: 300000, script: 30000}, unhandledPromptBehavior: dismiss and notify}
Session ID: 95808c7d611e13a2bba2d3d0e3cf41f3
*** Element info: {Using=xpath, value=//div[text()='CRM']}
2019-10-16 21:18:36,317 [main] WARN com.odoo.webutils.MyTestListener - newCustomer script is failed
2019-10-16 21:18:36,823 [main] INFO com.odoo.webutils.MyTestListener - Screenshot has been taken 
2019-10-16 21:18:36,878 [main] FATAL com.odoo.webutils.MyTestListener - no such element: Unable to locate element: {"method":"xpath","selector":"//li[@class='o_user_menu']/a"}
  (Session info: chrome=77.0.3865.120)
For documentation on this error, please visit: https://www.seleniumhq.org/exceptions/no_such_element.html
Build info: version: '3.141.59', revision: 'e82be7d358', time: '2018-11-14T08:17:03'
System info: host: 'LAPTOP-RQOJ408I', ip: '192.168.1.105', os.name: 'Windows 10', os.arch: 'amd64', os.version: '10.0', java.version: '1.8.0_211'
Driver info: org.openqa.selenium.chrome.ChromeDriver
Capabilities {acceptInsecureCerts: false, browserName: chrome, browserVersion: 77.0.3865.120, chrome: {chromedriverVersion: 77.0.3865.40 (f484704e052e0..., userDataDir: C:\Users\ASUS\AppData\Local...}, goog:chromeOptions: {debuggerAddress: localhost:49965}, javascriptEnabled: true, networkConnectionEnabled: false, pageLoadStrategy: normal, platform: XP, platformName: XP, proxy: Proxy(), setWindowRect: true, strictFileInteractability: false, timeouts: {implicit: 0, pageLoad: 300000, script: 30000}, unhandledPromptBehavior: dismiss and notify}
Session ID: 95808c7d611e13a2bba2d3d0e3cf41f3
*** Element info: {Using=xpath, value=//li[@class='o_user_menu']/a}
2019-10-16 21:18:37,744 [main] INFO com.odoo.webutils.MyTestListener - Browser Closed
2019-10-16 21:18:38,144 [main] INFO com.odoo.webutils.MyTestListener - ExcelReport generated
2019-10-16 21:18:38,144 [main] INFO com.odoo.webutils.MyTestListener - Framework execution Time Taken: 35.0seconds
2019-10-16 21:18:38,145 [main] INFO com.odoo.webutils.MyTestListener - Framework execution ends
