2019-10-17 11:12:57,264 [main] INFO com.odoo.webutils.MyTestListener - Framework execution starts
2019-10-17 11:13:03,330 [main] INFO com.odoo.webutils.MyTestListener - Browser Launched and maximized
2019-10-17 11:13:14,243 [main] INFO com.odoo.webutils.MyTestListener - newCustomer script execution starts
2019-10-17 11:14:07,879 [main] INFO com.odoo.webutils.MyTestListener - newCustomer script is passed
2019-10-17 11:14:10,239 [main] INFO com.odoo.webutils.MyTestListener - dltNewCustomer script execution starts
2019-10-17 11:14:13,236 [main] WARN com.odoo.webutils.MyTestListener - dltNewCustomer script is failed
2019-10-17 11:14:13,754 [main] INFO com.odoo.webutils.MyTestListener - Screenshot has been taken 
2019-10-17 11:14:13,821 [main] FATAL com.odoo.webutils.MyTestListener - no such element: Unable to locate element: {"method":"xpath","selector":"//li[@class='o_user_menu']/a"}
  (Session info: chrome=77.0.3865.120)
For documentation on this error, please visit: https://www.seleniumhq.org/exceptions/no_such_element.html
Build info: version: '3.141.59', revision: 'e82be7d358', time: '2018-11-14T08:17:03'
System info: host: 'ALAM-PC', ip: '192.168.0.113', os.name: 'Windows 7', os.arch: 'amd64', os.version: '6.1', java.version: '1.8.0_201'
Driver info: org.openqa.selenium.chrome.ChromeDriver
Capabilities {acceptInsecureCerts: false, browserName: chrome, browserVersion: 77.0.3865.120, chrome: {chromedriverVersion: 77.0.3865.40 (f484704e052e0..., userDataDir: C:\Users\Alam\AppData\Local...}, goog:chromeOptions: {debuggerAddress: localhost:51323}, javascriptEnabled: true, networkConnectionEnabled: false, pageLoadStrategy: normal, platform: XP, platformName: XP, proxy: Proxy(), setWindowRect: true, strictFileInteractability: false, timeouts: {implicit: 0, pageLoad: 300000, script: 30000}, unhandledPromptBehavior: dismiss and notify}
Session ID: 9cace1a43a159e000a8400fff65b42fc
*** Element info: {Using=xpath, value=//li[@class='o_user_menu']/a}
2019-10-17 11:14:16,668 [main] INFO com.odoo.webutils.MyTestListener - Browser Closed
2019-10-17 11:14:17,143 [main] INFO com.odoo.webutils.MyTestListener - ExcelReport generated
2019-10-17 11:14:17,145 [main] INFO com.odoo.webutils.MyTestListener - Framework execution Time Taken: 80.0seconds
2019-10-17 11:14:17,145 [main] INFO com.odoo.webutils.MyTestListener - Framework execution ends
