2019-10-29 21:02:55,216 [main] INFO com.odoo.webutils.MyTestListener - Framework execution starts
2019-10-29 21:03:04,008 [main] INFO com.odoo.webutils.MyTestListener - Browser Launched and maximized
2019-10-29 21:03:07,963 [main] INFO com.odoo.webutils.MyTestListener - newCustomer script execution starts
2019-10-29 21:04:00,602 [main] FATAL com.odoo.webutils.MyTestListener - no such element: Unable to locate element: {"method":"xpath","selector":"//div[@name='name']/input"}
  (Session info: chrome=77.0.3865.120)
For documentation on this error, please visit: https://www.seleniumhq.org/exceptions/no_such_element.html
Build info: version: '3.141.59', revision: 'e82be7d358', time: '2018-11-14T08:17:03'
System info: host: 'ALAM-PC', ip: '192.168.43.227', os.name: 'Windows 7', os.arch: 'amd64', os.version: '6.1', java.version: '1.8.0_201'
Driver info: org.openqa.selenium.chrome.ChromeDriver
Capabilities {acceptInsecureCerts: false, browserName: chrome, browserVersion: 77.0.3865.120, chrome: {chromedriverVersion: 77.0.3865.40 (f484704e052e0..., userDataDir: C:\Users\Alam\AppData\Local...}, goog:chromeOptions: {debuggerAddress: localhost:54293}, javascriptEnabled: true, networkConnectionEnabled: false, pageLoadStrategy: normal, platform: XP, platformName: XP, proxy: Proxy(), setWindowRect: true, strictFileInteractability: false, timeouts: {implicit: 0, pageLoad: 300000, script: 30000}, unhandledPromptBehavior: dismiss and notify}
Session ID: 954d0f93b0bc2b2e9a86ca8c1ce819b4
*** Element info: {Using=xpath, value=//div[@name='name']/input}
2019-10-29 21:04:00,626 [main] WARN com.odoo.webutils.MyTestListener - newCustomer script is failed
2019-10-29 21:04:01,412 [main] INFO com.odoo.webutils.MyTestListener - Screenshot has been taken 
2019-10-29 21:04:24,861 [main] INFO com.odoo.webutils.MyTestListener - createOpportunity script execution starts
2019-10-29 21:04:24,871 [main] INFO com.odoo.webutils.MyTestListener - createOpportunity script is skipped
2019-10-29 21:04:24,881 [main] INFO com.odoo.webutils.MyTestListener - scheduledActivity script execution starts
2019-10-29 21:04:24,890 [main] INFO com.odoo.webutils.MyTestListener - scheduledActivity script is skipped
2019-10-29 21:04:25,767 [main] INFO com.odoo.webutils.MyTestListener - Browser Closed
2019-10-29 21:04:26,003 [main] INFO com.odoo.webutils.MyTestListener - ExcelReport generated
2019-10-29 21:04:26,003 [main] INFO com.odoo.webutils.MyTestListener - Framework execution Time Taken: 91.0seconds
2019-10-29 21:04:26,004 [main] INFO com.odoo.webutils.MyTestListener - Framework execution ends
