2019-10-26 20:43:20,831 [main] INFO com.odoo.webutils.MyTestListener - Framework execution starts
2019-10-26 20:43:29,082 [main] INFO com.odoo.webutils.MyTestListener - Browser Launched and maximized
2019-10-26 20:43:38,722 [main] INFO com.odoo.webutils.MyTestListener - deleteOpportunity script execution starts
2019-10-26 20:44:29,780 [main] FATAL com.odoo.webutils.MyTestListener - no such element: Unable to locate element: {"method":"xpath","selector":"//span[text()='Ok']"}
  (Session info: chrome=77.0.3865.120)
For documentation on this error, please visit: https://www.seleniumhq.org/exceptions/no_such_element.html
Build info: version: '3.141.59', revision: 'e82be7d358', time: '2018-11-14T08:17:03'
System info: host: 'ALAM-PC', ip: '192.168.43.227', os.name: 'Windows 7', os.arch: 'amd64', os.version: '6.1', java.version: '1.8.0_201'
Driver info: org.openqa.selenium.chrome.ChromeDriver
Capabilities {acceptInsecureCerts: false, browserName: chrome, browserVersion: 77.0.3865.120, chrome: {chromedriverVersion: 77.0.3865.40 (f484704e052e0..., userDataDir: C:\Users\Alam\AppData\Local...}, goog:chromeOptions: {debuggerAddress: localhost:60414}, javascriptEnabled: true, networkConnectionEnabled: false, pageLoadStrategy: normal, platform: XP, platformName: XP, proxy: Proxy(), setWindowRect: true, strictFileInteractability: false, timeouts: {implicit: 0, pageLoad: 300000, script: 30000}, unhandledPromptBehavior: dismiss and notify}
Session ID: 31b67576650ef84a48c4f005bfa8cb62
*** Element info: {Using=xpath, value=//span[text()='Ok']}
2019-10-26 20:44:29,877 [main] WARN com.odoo.webutils.MyTestListener - deleteOpportunity script is failed
2019-10-26 20:44:30,650 [main] INFO com.odoo.webutils.MyTestListener - Screenshot has been taken 
2019-10-26 20:44:40,822 [main] FATAL com.odoo.webutils.MyTestListener - element click intercepted: Element <a aria-expanded="false" class="dropdown-toggle" data-display="static" data-toggle="dropdown" href="#" role="button">...</a> is not clickable at point (1263, 23). Other element would receive the click: <div role="dialog" class="modal o_technical_modal show" tabindex="-1" data-backdrop="static" id="modal_181" open="open" aria-modal="true" style="display: block;">...</div>
  (Session info: chrome=77.0.3865.120)
Build info: version: '3.141.59', revision: 'e82be7d358', time: '2018-11-14T08:17:03'
System info: host: 'ALAM-PC', ip: '192.168.43.227', os.name: 'Windows 7', os.arch: 'amd64', os.version: '6.1', java.version: '1.8.0_201'
Driver info: org.openqa.selenium.chrome.ChromeDriver
Capabilities {acceptInsecureCerts: false, browserName: chrome, browserVersion: 77.0.3865.120, chrome: {chromedriverVersion: 77.0.3865.40 (f484704e052e0..., userDataDir: C:\Users\Alam\AppData\Local...}, goog:chromeOptions: {debuggerAddress: localhost:60414}, javascriptEnabled: true, networkConnectionEnabled: false, pageLoadStrategy: normal, platform: XP, platformName: XP, proxy: Proxy(), setWindowRect: true, strictFileInteractability: false, timeouts: {implicit: 0, pageLoad: 300000, script: 30000}, unhandledPromptBehavior: dismiss and notify}
Session ID: 31b67576650ef84a48c4f005bfa8cb62
2019-10-26 20:44:41,791 [main] INFO com.odoo.webutils.MyTestListener - Browser Closed
2019-10-26 20:44:43,095 [main] INFO com.odoo.webutils.MyTestListener - ExcelReport generated
2019-10-26 20:44:43,095 [main] INFO com.odoo.webutils.MyTestListener - Framework execution Time Taken: 82.0seconds
2019-10-26 20:44:43,096 [main] INFO com.odoo.webutils.MyTestListener - Framework execution ends
