2019-11-03 12:40:13,001 [main] INFO com.odoo.webutils.MyTestListener - Framework execution starts
2019-11-03 12:40:19,804 [main] INFO com.odoo.webutils.MyTestListener - Browser Launched and maximized
2019-11-03 12:40:35,039 [main] INFO com.odoo.webutils.MyTestListener - newCustomer script execution starts
2019-11-03 12:41:39,314 [main] INFO com.odoo.webutils.MyTestListener - newCustomer script is passed
2019-11-03 12:42:02,420 [main] INFO com.odoo.webutils.MyTestListener - createOpportunity script execution starts
2019-11-03 12:43:10,356 [main] FATAL com.odoo.webutils.MyTestListener - stale element reference: element is not attached to the page document
  (Session info: chrome=77.0.3865.120)
For documentation on this error, please visit: https://www.seleniumhq.org/exceptions/stale_element_reference.html
Build info: version: '3.141.59', revision: 'e82be7d358', time: '2018-11-14T08:17:03'
System info: host: 'ALAM-PC', ip: '192.168.1.104', os.name: 'Windows 7', os.arch: 'amd64', os.version: '6.1', java.version: '1.8.0_201'
Driver info: org.openqa.selenium.chrome.ChromeDriver
Capabilities {acceptInsecureCerts: false, browserName: chrome, browserVersion: 77.0.3865.120, chrome: {chromedriverVersion: 77.0.3865.40 (f484704e052e0..., userDataDir: C:\Users\Alam\AppData\Local...}, goog:chromeOptions: {debuggerAddress: localhost:49788}, javascriptEnabled: true, networkConnectionEnabled: false, pageLoadStrategy: normal, platform: XP, platformName: XP, proxy: Proxy(), setWindowRect: true, strictFileInteractability: false, timeouts: {implicit: 0, pageLoad: 300000, script: 30000}, unhandledPromptBehavior: dismiss and notify}
Session ID: 9e2b019c9d2ea48e6a92a35105f416c1
2019-11-03 12:43:21,873 [main] INFO com.odoo.webutils.MyTestListener - createOpportunity script is passed
2019-11-03 12:43:44,572 [main] INFO com.odoo.webutils.MyTestListener - scheduledActivity script execution starts
2019-11-03 12:45:00,051 [main] FATAL com.odoo.webutils.MyTestListener - element click intercepted: Element <td class="fc-widget-content"></td> is not clickable at point (569, 453). Other element would receive the click: <div class="fc-bg"></div>
  (Session info: chrome=77.0.3865.120)
Build info: version: '3.141.59', revision: 'e82be7d358', time: '2018-11-14T08:17:03'
System info: host: 'ALAM-PC', ip: '192.168.1.104', os.name: 'Windows 7', os.arch: 'amd64', os.version: '6.1', java.version: '1.8.0_201'
Driver info: org.openqa.selenium.chrome.ChromeDriver
Capabilities {acceptInsecureCerts: false, browserName: chrome, browserVersion: 77.0.3865.120, chrome: {chromedriverVersion: 77.0.3865.40 (f484704e052e0..., userDataDir: C:\Users\Alam\AppData\Local...}, goog:chromeOptions: {debuggerAddress: localhost:49788}, javascriptEnabled: true, networkConnectionEnabled: false, pageLoadStrategy: normal, platform: XP, platformName: XP, proxy: Proxy(), setWindowRect: true, strictFileInteractability: false, timeouts: {implicit: 0, pageLoad: 300000, script: 30000}, unhandledPromptBehavior: dismiss and notify}
Session ID: 9e2b019c9d2ea48e6a92a35105f416c1
2019-11-03 12:45:00,060 [main] WARN com.odoo.webutils.MyTestListener - scheduledActivity script is failed
2019-11-03 12:45:00,819 [main] INFO com.odoo.webutils.MyTestListener - Screenshot has been taken 
2019-11-03 12:45:23,708 [main] INFO com.odoo.webutils.MyTestListener - Browser Closed
2019-11-03 12:45:24,374 [main] INFO com.odoo.webutils.MyTestListener - ExcelReport generated
2019-11-03 12:45:24,375 [main] INFO com.odoo.webutils.MyTestListener - Framework execution Time Taken: 311.0seconds
2019-11-03 12:45:24,375 [main] INFO com.odoo.webutils.MyTestListener - Framework execution ends
