2019-10-16 21:22:04,933 [main] INFO com.odoo.webutils.MyTestListener - Framework execution starts
2019-10-16 21:22:15,525 [main] INFO com.odoo.webutils.MyTestListener - Browser Launched and maximized
2019-10-16 21:22:26,767 [main] INFO com.odoo.webutils.MyTestListener - newCustomer script execution starts
2019-10-16 21:22:44,666 [main] FATAL com.odoo.webutils.MyTestListener - no such element: Unable to locate element: {"method":"xpath","selector":"//div[text()='CRM']"}
  (Session info: chrome=77.0.3865.120)
For documentation on this error, please visit: https://www.seleniumhq.org/exceptions/no_such_element.html
Build info: version: '3.141.59', revision: 'e82be7d358', time: '2018-11-14T08:17:03'
System info: host: 'LAPTOP-RQOJ408I', ip: '192.168.1.105', os.name: 'Windows 10', os.arch: 'amd64', os.version: '10.0', java.version: '1.8.0_211'
Driver info: org.openqa.selenium.chrome.ChromeDriver
Capabilities {acceptInsecureCerts: false, browserName: chrome, browserVersion: 77.0.3865.120, chrome: {chromedriverVersion: 77.0.3865.40 (f484704e052e0..., userDataDir: C:\Users\ASUS\AppData\Local...}, goog:chromeOptions: {debuggerAddress: localhost:50104}, javascriptEnabled: true, networkConnectionEnabled: false, pageLoadStrategy: normal, platform: XP, platformName: XP, proxy: Proxy(), setWindowRect: true, strictFileInteractability: false, timeouts: {implicit: 0, pageLoad: 300000, script: 30000}, unhandledPromptBehavior: dismiss and notify}
Session ID: 1559ea243f3db7f807f9703829329f0c
*** Element info: {Using=xpath, value=//div[text()='CRM']}
2019-10-16 21:22:44,688 [main] WARN com.odoo.webutils.MyTestListener - newCustomer script is failed
2019-10-16 21:22:45,185 [main] INFO com.odoo.webutils.MyTestListener - Screenshot has been taken 
2019-10-16 21:22:45,226 [main] FATAL com.odoo.webutils.MyTestListener - no such element: Unable to locate element: {"method":"xpath","selector":"//li[@class='o_user_menu']/a"}
  (Session info: chrome=77.0.3865.120)
For documentation on this error, please visit: https://www.seleniumhq.org/exceptions/no_such_element.html
Build info: version: '3.141.59', revision: 'e82be7d358', time: '2018-11-14T08:17:03'
System info: host: 'LAPTOP-RQOJ408I', ip: '192.168.1.105', os.name: 'Windows 10', os.arch: 'amd64', os.version: '10.0', java.version: '1.8.0_211'
Driver info: org.openqa.selenium.chrome.ChromeDriver
Capabilities {acceptInsecureCerts: false, browserName: chrome, browserVersion: 77.0.3865.120, chrome: {chromedriverVersion: 77.0.3865.40 (f484704e052e0..., userDataDir: C:\Users\ASUS\AppData\Local...}, goog:chromeOptions: {debuggerAddress: localhost:50104}, javascriptEnabled: true, networkConnectionEnabled: false, pageLoadStrategy: normal, platform: XP, platformName: XP, proxy: Proxy(), setWindowRect: true, strictFileInteractability: false, timeouts: {implicit: 0, pageLoad: 300000, script: 30000}, unhandledPromptBehavior: dismiss and notify}
Session ID: 1559ea243f3db7f807f9703829329f0c
*** Element info: {Using=xpath, value=//li[@class='o_user_menu']/a}
2019-10-16 21:22:50,042 [main] INFO com.odoo.webutils.MyTestListener - Browser Closed
2019-10-16 21:22:50,306 [main] INFO com.odoo.webutils.MyTestListener - ExcelReport generated
2019-10-16 21:22:50,306 [main] INFO com.odoo.webutils.MyTestListener - Framework execution Time Taken: 45.0seconds
2019-10-16 21:22:50,307 [main] INFO com.odoo.webutils.MyTestListener - Framework execution ends
