2019-11-03 23:40:44,759 [main] INFO com.odoo.webutils.MyTestListener - Framework execution starts
2019-11-03 23:40:52,043 [main] INFO com.odoo.webutils.MyTestListener - Browser Launched and maximized
2019-11-03 23:40:55,984 [main] INFO com.odoo.webutils.MyTestListener - newCustomer script execution starts
2019-11-03 23:41:55,723 [main] INFO com.odoo.webutils.MyTestListener - newCustomer script is passed
2019-11-03 23:42:18,230 [main] INFO com.odoo.webutils.MyTestListener - createOpportunity script execution starts
2019-11-03 23:43:07,239 [main] FATAL com.odoo.webutils.MyTestListener - element click intercepted: Element <input class="o_input" placeholder="" type="text" id="o_field_input_197"> is not clickable at point (132, 360). Other element would receive the click: <div role="dialog" class="modal o_technical_modal show" tabindex="-1" data-backdrop="static" id="modal_322" open="open" aria-modal="true" style="display: block;">...</div>
  (Session info: chrome=77.0.3865.120)
Build info: version: '3.141.59', revision: 'e82be7d358', time: '2018-11-14T08:17:03'
System info: host: 'ALAM-PC', ip: '192.168.2.105', os.name: 'Windows 7', os.arch: 'amd64', os.version: '6.1', java.version: '1.8.0_201'
Driver info: org.openqa.selenium.chrome.ChromeDriver
Capabilities {acceptInsecureCerts: false, browserName: chrome, browserVersion: 77.0.3865.120, chrome: {chromedriverVersion: 77.0.3865.40 (f484704e052e0..., userDataDir: C:\Users\Alam\AppData\Local...}, goog:chromeOptions: {debuggerAddress: localhost:51872}, javascriptEnabled: true, networkConnectionEnabled: false, pageLoadStrategy: normal, platform: XP, platformName: XP, proxy: Proxy(), setWindowRect: true, strictFileInteractability: false, timeouts: {implicit: 0, pageLoad: 300000, script: 30000}, unhandledPromptBehavior: dismiss and notify}
Session ID: eabed486279658fd27ad036cd09f0c4a
2019-11-03 23:43:07,295 [main] WARN com.odoo.webutils.MyTestListener - createOpportunity script is failed
2019-11-03 23:43:08,252 [main] INFO com.odoo.webutils.MyTestListener - Screenshot has been taken 
2019-11-03 23:43:18,465 [main] FATAL com.odoo.webutils.MyTestListener - element click intercepted: Element <a aria-expanded="false" class="dropdown-toggle" data-display="static" data-toggle="dropdown" href="#" role="button">...</a> is not clickable at point (1263, 23). Other element would receive the click: <div role="dialog" class="modal o_technical_modal show" tabindex="-1" data-backdrop="static" id="modal_322" open="open" aria-modal="true" style="display: block;">...</div>
  (Session info: chrome=77.0.3865.120)
Build info: version: '3.141.59', revision: 'e82be7d358', time: '2018-11-14T08:17:03'
System info: host: 'ALAM-PC', ip: '192.168.2.105', os.name: 'Windows 7', os.arch: 'amd64', os.version: '6.1', java.version: '1.8.0_201'
Driver info: org.openqa.selenium.chrome.ChromeDriver
Capabilities {acceptInsecureCerts: false, browserName: chrome, browserVersion: 77.0.3865.120, chrome: {chromedriverVersion: 77.0.3865.40 (f484704e052e0..., userDataDir: C:\Users\Alam\AppData\Local...}, goog:chromeOptions: {debuggerAddress: localhost:51872}, javascriptEnabled: true, networkConnectionEnabled: false, pageLoadStrategy: normal, platform: XP, platformName: XP, proxy: Proxy(), setWindowRect: true, strictFileInteractability: false, timeouts: {implicit: 0, pageLoad: 300000, script: 30000}, unhandledPromptBehavior: dismiss and notify}
Session ID: eabed486279658fd27ad036cd09f0c4a
2019-11-03 23:43:18,595 [main] INFO com.odoo.webutils.MyTestListener - scheduledActivity script execution starts
2019-11-03 23:43:18,678 [main] INFO com.odoo.webutils.MyTestListener - scheduledActivity script is skipped
2019-11-03 23:43:22,166 [main] INFO com.odoo.webutils.MyTestListener - Browser Closed
2019-11-03 23:43:22,710 [main] INFO com.odoo.webutils.MyTestListener - ExcelReport generated
2019-11-03 23:43:22,710 [main] INFO com.odoo.webutils.MyTestListener - Framework execution Time Taken: 158.0seconds
2019-11-03 23:43:22,711 [main] INFO com.odoo.webutils.MyTestListener - Framework execution ends
