2019-10-24 11:11:45,282 [main] INFO com.odoo.webutils.MyTestListener - Framework execution starts
2019-10-24 11:11:51,227 [main] INFO com.odoo.webutils.MyTestListener - Browser Launched and maximized
2019-10-24 11:11:51,992 [main] INFO com.odoo.webutils.MyTestListener - createSalesMeetTeam script execution starts
2019-10-24 11:11:54,594 [main] FATAL com.odoo.webutils.MyTestListener - no such element: Unable to locate element: {"method":"xpath","selector":"//input[@id='login']"}
  (Session info: chrome=77.0.3865.120)
For documentation on this error, please visit: https://www.seleniumhq.org/exceptions/no_such_element.html
Build info: version: '3.141.59', revision: 'e82be7d358', time: '2018-11-14T08:17:03'
System info: host: 'ALAM-PC', ip: '192.168.43.227', os.name: 'Windows 7', os.arch: 'amd64', os.version: '6.1', java.version: '1.8.0_201'
Driver info: org.openqa.selenium.chrome.ChromeDriver
Capabilities {acceptInsecureCerts: false, browserName: chrome, browserVersion: 77.0.3865.120, chrome: {chromedriverVersion: 77.0.3865.40 (f484704e052e0..., userDataDir: C:\Users\Alam\AppData\Local...}, goog:chromeOptions: {debuggerAddress: localhost:49918}, javascriptEnabled: true, networkConnectionEnabled: false, pageLoadStrategy: normal, platform: XP, platformName: XP, proxy: Proxy(), setWindowRect: true, strictFileInteractability: false, timeouts: {implicit: 0, pageLoad: 300000, script: 30000}, unhandledPromptBehavior: dismiss and notify}
Session ID: 3140a11d945065b149a196c9d923312c
*** Element info: {Using=xpath, value=//input[@id='login']}
2019-10-24 11:11:54,610 [main] WARN com.odoo.webutils.MyTestListener - createSalesMeetTeam script is failed
2019-10-24 11:11:55,301 [main] INFO com.odoo.webutils.MyTestListener - Screenshot has been taken 
2019-10-24 11:12:00,351 [main] FATAL com.odoo.webutils.MyTestListener - no such element: Unable to locate element: {"method":"xpath","selector":"//li[@class='o_user_menu']/a"}
  (Session info: chrome=77.0.3865.120)
For documentation on this error, please visit: https://www.seleniumhq.org/exceptions/no_such_element.html
Build info: version: '3.141.59', revision: 'e82be7d358', time: '2018-11-14T08:17:03'
System info: host: 'ALAM-PC', ip: '192.168.43.227', os.name: 'Windows 7', os.arch: 'amd64', os.version: '6.1', java.version: '1.8.0_201'
Driver info: org.openqa.selenium.chrome.ChromeDriver
Capabilities {acceptInsecureCerts: false, browserName: chrome, browserVersion: 77.0.3865.120, chrome: {chromedriverVersion: 77.0.3865.40 (f484704e052e0..., userDataDir: C:\Users\Alam\AppData\Local...}, goog:chromeOptions: {debuggerAddress: localhost:49918}, javascriptEnabled: true, networkConnectionEnabled: false, pageLoadStrategy: normal, platform: XP, platformName: XP, proxy: Proxy(), setWindowRect: true, strictFileInteractability: false, timeouts: {implicit: 0, pageLoad: 300000, script: 30000}, unhandledPromptBehavior: dismiss and notify}
Session ID: 3140a11d945065b149a196c9d923312c
*** Element info: {Using=xpath, value=//li[@class='o_user_menu']/a}
2019-10-24 11:12:03,604 [main] INFO com.odoo.webutils.MyTestListener - Browser Closed
2019-10-24 11:12:03,932 [main] INFO com.odoo.webutils.MyTestListener - ExcelReport generated
2019-10-24 11:12:03,933 [main] INFO com.odoo.webutils.MyTestListener - Framework execution Time Taken: 18.0seconds
2019-10-24 11:12:03,934 [main] INFO com.odoo.webutils.MyTestListener - Framework execution ends
