2019-10-17 12:29:59,877 [main] INFO com.odoo.webutils.MyTestListener - Framework execution starts
2019-10-17 12:30:12,600 [main] INFO com.odoo.webutils.MyTestListener - Browser Launched and maximized
2019-10-17 12:30:19,482 [main] INFO com.odoo.webutils.MyTestListener - createCustomer script execution starts
2019-10-17 12:30:26,833 [main] FATAL com.odoo.webutils.MyTestListener - no such element: Unable to locate element: {"method":"xpath","selector":"//div[text()='CRM']"}
  (Session info: chrome=77.0.3865.90)
For documentation on this error, please visit: https://www.seleniumhq.org/exceptions/no_such_element.html
Build info: version: '3.141.59', revision: 'e82be7d358', time: '2018-11-14T08:17:03'
System info: host: 'DESKTOP-EUBAEQM', ip: '192.168.0.118', os.name: 'Windows 10', os.arch: 'amd64', os.version: '10.0', java.version: '1.8.0_201'
Driver info: org.openqa.selenium.chrome.ChromeDriver
Capabilities {acceptInsecureCerts: false, browserName: chrome, browserVersion: 77.0.3865.90, chrome: {chromedriverVersion: 77.0.3865.40 (f484704e052e0..., userDataDir: C:\Users\Admin\AppData\Loca...}, goog:chromeOptions: {debuggerAddress: localhost:59593}, javascriptEnabled: true, networkConnectionEnabled: false, pageLoadStrategy: normal, platform: XP, platformName: XP, proxy: Proxy(), setWindowRect: true, strictFileInteractability: false, timeouts: {implicit: 0, pageLoad: 300000, script: 30000}, unhandledPromptBehavior: dismiss and notify}
Session ID: 25fd7ede8e3f8c065994b8c88094d9b1
*** Element info: {Using=xpath, value=//div[text()='CRM']}
2019-10-17 12:30:26,852 [main] WARN com.odoo.webutils.MyTestListener - createCustomer script is failed
2019-10-17 12:30:27,804 [main] INFO com.odoo.webutils.MyTestListener - Screenshot has been taken 
2019-10-17 12:30:27,850 [main] FATAL com.odoo.webutils.MyTestListener - no such element: Unable to locate element: {"method":"xpath","selector":"//li[@class='o_user_menu']/a"}
  (Session info: chrome=77.0.3865.90)
For documentation on this error, please visit: https://www.seleniumhq.org/exceptions/no_such_element.html
Build info: version: '3.141.59', revision: 'e82be7d358', time: '2018-11-14T08:17:03'
System info: host: 'DESKTOP-EUBAEQM', ip: '192.168.0.118', os.name: 'Windows 10', os.arch: 'amd64', os.version: '10.0', java.version: '1.8.0_201'
Driver info: org.openqa.selenium.chrome.ChromeDriver
Capabilities {acceptInsecureCerts: false, browserName: chrome, browserVersion: 77.0.3865.90, chrome: {chromedriverVersion: 77.0.3865.40 (f484704e052e0..., userDataDir: C:\Users\Admin\AppData\Loca...}, goog:chromeOptions: {debuggerAddress: localhost:59593}, javascriptEnabled: true, networkConnectionEnabled: false, pageLoadStrategy: normal, platform: XP, platformName: XP, proxy: Proxy(), setWindowRect: true, strictFileInteractability: false, timeouts: {implicit: 0, pageLoad: 300000, script: 30000}, unhandledPromptBehavior: dismiss and notify}
Session ID: 25fd7ede8e3f8c065994b8c88094d9b1
*** Element info: {Using=xpath, value=//li[@class='o_user_menu']/a}
2019-10-17 12:30:29,261 [main] INFO com.odoo.webutils.MyTestListener - Browser Closed
2019-10-17 12:30:29,749 [main] INFO com.odoo.webutils.MyTestListener - ExcelReport generated
2019-10-17 12:30:29,749 [main] INFO com.odoo.webutils.MyTestListener - Framework execution Time Taken: 30.0seconds
2019-10-17 12:30:29,749 [main] INFO com.odoo.webutils.MyTestListener - Framework execution ends
