2019-10-24 00:40:25,429 [main] INFO com.odoo.webutils.MyTestListener - Framework execution starts
2019-10-24 00:40:34,086 [main] INFO com.odoo.webutils.MyTestListener - Browser Launched and maximized
2019-10-24 00:40:43,587 [main] INFO com.odoo.webutils.MyTestListener - createSalesCallTeam script execution starts
2019-10-24 00:42:28,417 [main] FATAL com.odoo.webutils.MyTestListener - no such element: Unable to locate element: {"method":"xpath","selector":"//label[text()='Name']/parent::div/h1//input"}
  (Session info: chrome=77.0.3865.120)
For documentation on this error, please visit: https://www.seleniumhq.org/exceptions/no_such_element.html
Build info: version: '3.141.59', revision: 'e82be7d358', time: '2018-11-14T08:17:03'
System info: host: 'ALAM-PC', ip: '192.168.1.118', os.name: 'Windows 7', os.arch: 'amd64', os.version: '6.1', java.version: '1.8.0_201'
Driver info: org.openqa.selenium.chrome.ChromeDriver
Capabilities {acceptInsecureCerts: false, browserName: chrome, browserVersion: 77.0.3865.120, chrome: {chromedriverVersion: 77.0.3865.40 (f484704e052e0..., userDataDir: C:\Users\Alam\AppData\Local...}, goog:chromeOptions: {debuggerAddress: localhost:51096}, javascriptEnabled: true, networkConnectionEnabled: false, pageLoadStrategy: normal, platform: XP, platformName: XP, proxy: Proxy(), setWindowRect: true, strictFileInteractability: false, timeouts: {implicit: 0, pageLoad: 300000, script: 30000}, unhandledPromptBehavior: dismiss and notify}
Session ID: 3c09143c877b5b21eb8c1a2f9019e950
*** Element info: {Using=xpath, value=//label[text()='Name']/parent::div/h1//input}
2019-10-24 00:42:28,448 [main] WARN com.odoo.webutils.MyTestListener - createSalesCallTeam script is failed
2019-10-24 00:42:29,413 [main] INFO com.odoo.webutils.MyTestListener - Screenshot has been taken 
2019-10-24 00:42:34,587 [main] FATAL com.odoo.webutils.MyTestListener - element click intercepted: Element <a aria-expanded="false" class="dropdown-toggle" data-display="static" data-toggle="dropdown" href="#" role="button">...</a> is not clickable at point (1263, 23). Other element would receive the click: <div role="dialog" class="modal o_technical_modal show" tabindex="-1" data-backdrop="static" id="modal_174" open="open" aria-modal="true" style="display: block;">...</div>
  (Session info: chrome=77.0.3865.120)
Build info: version: '3.141.59', revision: 'e82be7d358', time: '2018-11-14T08:17:03'
System info: host: 'ALAM-PC', ip: '192.168.1.118', os.name: 'Windows 7', os.arch: 'amd64', os.version: '6.1', java.version: '1.8.0_201'
Driver info: org.openqa.selenium.chrome.ChromeDriver
Capabilities {acceptInsecureCerts: false, browserName: chrome, browserVersion: 77.0.3865.120, chrome: {chromedriverVersion: 77.0.3865.40 (f484704e052e0..., userDataDir: C:\Users\Alam\AppData\Local...}, goog:chromeOptions: {debuggerAddress: localhost:51096}, javascriptEnabled: true, networkConnectionEnabled: false, pageLoadStrategy: normal, platform: XP, platformName: XP, proxy: Proxy(), setWindowRect: true, strictFileInteractability: false, timeouts: {implicit: 0, pageLoad: 300000, script: 30000}, unhandledPromptBehavior: dismiss and notify}
Session ID: 3c09143c877b5b21eb8c1a2f9019e950
2019-10-24 00:42:34,626 [main] INFO com.odoo.webutils.MyTestListener - createSalesEamilTeam script execution starts
2019-10-24 00:42:34,632 [main] INFO com.odoo.webutils.MyTestListener - createSalesEamilTeam script is skipped
2019-10-24 00:42:34,657 [main] INFO com.odoo.webutils.MyTestListener - createSalesMeetTeam script execution starts
2019-10-24 00:42:34,789 [main] INFO com.odoo.webutils.MyTestListener - createSalesMeetTeam script is skipped
2019-10-24 00:42:34,805 [main] INFO com.odoo.webutils.MyTestListener - createSalesSmsTeam script execution starts
2019-10-24 00:42:34,814 [main] INFO com.odoo.webutils.MyTestListener - createSalesSmsTeam script is skipped
2019-10-24 00:42:34,831 [main] INFO com.odoo.webutils.MyTestListener - dltSalesCallTeam script execution starts
2019-10-24 00:42:34,835 [main] INFO com.odoo.webutils.MyTestListener - dltSalesCallTeam script is skipped
2019-10-24 00:42:34,840 [main] INFO com.odoo.webutils.MyTestListener - dltSalesEamilTeam script execution starts
2019-10-24 00:42:34,859 [main] INFO com.odoo.webutils.MyTestListener - dltSalesEamilTeam script is skipped
2019-10-24 00:42:34,864 [main] INFO com.odoo.webutils.MyTestListener - dltSalesMeetTeam script execution starts
2019-10-24 00:42:34,868 [main] INFO com.odoo.webutils.MyTestListener - dltSalesMeetTeam script is skipped
2019-10-24 00:42:34,873 [main] INFO com.odoo.webutils.MyTestListener - dltSalesSmsTeam script execution starts
2019-10-24 00:42:34,876 [main] INFO com.odoo.webutils.MyTestListener - dltSalesSmsTeam script is skipped
2019-10-24 00:42:35,870 [main] INFO com.odoo.webutils.MyTestListener - Browser Closed
2019-10-24 00:42:36,047 [main] INFO com.odoo.webutils.MyTestListener - ExcelReport generated
2019-10-24 00:42:36,048 [main] INFO com.odoo.webutils.MyTestListener - Framework execution Time Taken: 130.0seconds
2019-10-24 00:42:36,048 [main] INFO com.odoo.webutils.MyTestListener - Framework execution ends
