2019-10-18 13:15:29,758 [main] INFO com.odoo.webutils.MyTestListener - Framework execution starts
2019-10-18 13:15:36,398 [main] INFO com.odoo.webutils.MyTestListener - Browser Launched and maximized
2019-10-18 13:15:45,354 [main] INFO com.odoo.webutils.MyTestListener - createCustomer script execution starts
2019-10-18 13:16:42,172 [main] FATAL com.odoo.webutils.MyTestListener - no such element: Unable to locate element: {"method":"xpath","selector":"//input[@placeholder='Name']"}
  (Session info: chrome=77.0.3865.120)
For documentation on this error, please visit: https://www.seleniumhq.org/exceptions/no_such_element.html
Build info: version: '3.141.59', revision: 'e82be7d358', time: '2018-11-14T08:17:03'
System info: host: 'JENSEN-PC', ip: '192.168.0.115', os.name: 'Windows 7', os.arch: 'x86', os.version: '6.1', java.version: '1.8.0_181'
Driver info: org.openqa.selenium.chrome.ChromeDriver
Capabilities {acceptInsecureCerts: false, browserName: chrome, browserVersion: 77.0.3865.120, chrome: {chromedriverVersion: 77.0.3865.40 (f484704e052e0..., userDataDir: C:\Users\jensen\AppData\Loc...}, goog:chromeOptions: {debuggerAddress: localhost:49627}, javascriptEnabled: true, networkConnectionEnabled: false, pageLoadStrategy: normal, platform: XP, platformName: XP, proxy: Proxy(), setWindowRect: true, strictFileInteractability: false, timeouts: {implicit: 0, pageLoad: 300000, script: 30000}, unhandledPromptBehavior: dismiss and notify}
Session ID: 8f44d218c79c31e0e65d7414aedef02f
*** Element info: {Using=xpath, value=//input[@placeholder='Name']}
2019-10-18 13:16:42,186 [main] WARN com.odoo.webutils.MyTestListener - createCustomer script is failed
2019-10-18 13:16:42,720 [main] INFO com.odoo.webutils.MyTestListener - Screenshot has been taken 
2019-10-18 13:16:45,844 [main] INFO com.odoo.webutils.MyTestListener - createCustImport script execution starts
2019-10-18 13:17:06,341 [main] FATAL com.odoo.webutils.MyTestListener - no such element: Unable to locate element: {"method":"xpath","selector":"//input[@id='login']"}
  (Session info: chrome=77.0.3865.120)
For documentation on this error, please visit: https://www.seleniumhq.org/exceptions/no_such_element.html
Build info: version: '3.141.59', revision: 'e82be7d358', time: '2018-11-14T08:17:03'
System info: host: 'JENSEN-PC', ip: '192.168.0.115', os.name: 'Windows 7', os.arch: 'x86', os.version: '6.1', java.version: '1.8.0_181'
Driver info: org.openqa.selenium.chrome.ChromeDriver
Capabilities {acceptInsecureCerts: false, browserName: chrome, browserVersion: 77.0.3865.120, chrome: {chromedriverVersion: 77.0.3865.40 (f484704e052e0..., userDataDir: C:\Users\jensen\AppData\Loc...}, goog:chromeOptions: {debuggerAddress: localhost:49627}, javascriptEnabled: true, networkConnectionEnabled: false, pageLoadStrategy: normal, platform: XP, platformName: XP, proxy: Proxy(), setWindowRect: true, strictFileInteractability: false, timeouts: {implicit: 0, pageLoad: 300000, script: 30000}, unhandledPromptBehavior: dismiss and notify}
Session ID: 8f44d218c79c31e0e65d7414aedef02f
*** Element info: {Using=xpath, value=//input[@id='login']}
2019-10-18 13:17:06,349 [main] WARN com.odoo.webutils.MyTestListener - createCustImport script is failed
2019-10-18 13:17:07,300 [main] INFO com.odoo.webutils.MyTestListener - Screenshot has been taken 
2019-10-18 13:17:07,697 [main] INFO com.odoo.webutils.MyTestListener - ExcelReport generated
2019-10-18 13:17:07,697 [main] INFO com.odoo.webutils.MyTestListener - Framework execution Time Taken: 98.0seconds
2019-10-18 13:17:07,697 [main] INFO com.odoo.webutils.MyTestListener - Framework execution ends
