2019-11-02 22:45:29,848 [main] INFO com.odoo.webutils.MyTestListener - Framework execution starts
2019-11-02 22:45:34,083 [main] INFO com.odoo.webutils.MyTestListener - Browser Launched and maximized
2019-11-02 22:45:44,431 [main] INFO com.odoo.webutils.MyTestListener - createCustomer script execution starts
2019-11-02 22:46:47,798 [main] FATAL com.odoo.webutils.MyTestListener - no such element: Unable to locate element: {"method":"xpath","selector":"//div[@name='name']//input"}
  (Session info: chrome=78.0.3904.70)
For documentation on this error, please visit: https://www.seleniumhq.org/exceptions/no_such_element.html
Build info: version: '3.141.59', revision: 'e82be7d358', time: '2018-11-14T08:17:03'
System info: host: 'LAPTOP-RQOJ408I', ip: '192.168.0.123', os.name: 'Windows 10', os.arch: 'amd64', os.version: '10.0', java.version: '1.8.0_211'
Driver info: org.openqa.selenium.chrome.ChromeDriver
Capabilities {acceptInsecureCerts: false, browserName: chrome, browserVersion: 78.0.3904.70, chrome: {chromedriverVersion: 77.0.3865.40 (f484704e052e0..., userDataDir: C:\Users\ASUS\AppData\Local...}, goog:chromeOptions: {debuggerAddress: localhost:50497}, javascriptEnabled: true, networkConnectionEnabled: false, pageLoadStrategy: normal, platform: XP, platformName: XP, proxy: Proxy(), setWindowRect: true, strictFileInteractability: false, timeouts: {implicit: 0, pageLoad: 300000, script: 30000}, unhandledPromptBehavior: dismiss and notify}
Session ID: eb79ad26279124734f93074aab67a659
*** Element info: {Using=xpath, value=//div[@name='name']//input}
2019-11-02 22:46:47,893 [main] WARN com.odoo.webutils.MyTestListener - createCustomer script is failed
2019-11-02 22:46:48,544 [main] INFO com.odoo.webutils.MyTestListener - Screenshot has been taken 
2019-11-02 22:47:07,802 [main] INFO com.odoo.webutils.MyTestListener - createOpportunity script execution starts
2019-11-02 22:47:07,821 [main] INFO com.odoo.webutils.MyTestListener - createOpportunity script is skipped
2019-11-02 22:47:07,835 [main] INFO com.odoo.webutils.MyTestListener - scheduleActivity script execution starts
2019-11-02 22:47:07,861 [main] INFO com.odoo.webutils.MyTestListener - scheduleActivity script is skipped
2019-11-02 22:47:07,871 [main] INFO com.odoo.webutils.MyTestListener - drgAndDrpOpportunity script execution starts
2019-11-02 22:47:07,884 [main] INFO com.odoo.webutils.MyTestListener - drgAndDrpOpportunity script is skipped
2019-11-02 22:47:07,894 [main] INFO com.odoo.webutils.MyTestListener - deleteCustomer script execution starts
2019-11-02 22:47:07,904 [main] INFO com.odoo.webutils.MyTestListener - deleteCustomer script is skipped
2019-11-02 22:47:08,785 [main] INFO com.odoo.webutils.MyTestListener - Browser Closed
2019-11-02 22:47:09,045 [main] INFO com.odoo.webutils.MyTestListener - ExcelReport generated
2019-11-02 22:47:09,046 [main] INFO com.odoo.webutils.MyTestListener - Framework execution Time Taken: 106.0seconds
2019-11-02 22:47:09,047 [main] INFO com.odoo.webutils.MyTestListener - Framework execution ends
