2019-10-15 11:51:17,058 [main] INFO com.odoo.webutils.MyTestListener - Framework execution starts
2019-10-15 11:51:28,204 [main] INFO com.odoo.webutils.MyTestListener - Browser Launched and maximized
2019-10-15 11:51:36,824 [main] INFO com.odoo.webutils.MyTestListener - validLoginTest script execution starts
2019-10-15 11:51:55,399 [main] INFO com.odoo.webutils.MyTestListener - validLoginTest script is passed
2019-10-15 11:51:57,269 [main] INFO com.odoo.webutils.MyTestListener - createCustomer script execution starts
2019-10-15 11:52:24,930 [main] FATAL com.odoo.webutils.MyTestListener - no such element: Unable to locate element: {"method":"xpath","selector":"//span[text()='Deep']"}
  (Session info: chrome=77.0.3865.120)
For documentation on this error, please visit: https://www.seleniumhq.org/exceptions/no_such_element.html
Build info: version: '3.141.59', revision: 'e82be7d358', time: '2018-11-14T08:17:03'
System info: host: 'LAPTOP-VVD7DET5', ip: '192.168.0.120', os.name: 'Windows 10', os.arch: 'amd64', os.version: '10.0', java.version: '1.8.0_201'
Driver info: org.openqa.selenium.chrome.ChromeDriver
Capabilities {acceptInsecureCerts: false, browserName: chrome, browserVersion: 77.0.3865.120, chrome: {chromedriverVersion: 77.0.3865.40 (f484704e052e0..., userDataDir: C:\Users\HP\AppData\Local\T...}, goog:chromeOptions: {debuggerAddress: localhost:55074}, javascriptEnabled: true, networkConnectionEnabled: false, pageLoadStrategy: normal, platform: XP, platformName: XP, proxy: Proxy(), setWindowRect: true, strictFileInteractability: false, timeouts: {implicit: 0, pageLoad: 300000, script: 30000}, unhandledPromptBehavior: dismiss and notify}
Session ID: 2298ed95674161dd852989df96d83379
*** Element info: {Using=xpath, value=//span[text()='Deep']}
2019-10-15 11:52:24,948 [main] WARN com.odoo.webutils.MyTestListener - createCustomer script is failed
2019-10-15 11:52:25,387 [main] INFO com.odoo.webutils.MyTestListener - Screenshot has been taken 
2019-10-15 11:52:26,407 [main] INFO com.odoo.webutils.MyTestListener - Browser Closed
2019-10-15 11:52:26,723 [main] INFO com.odoo.webutils.MyTestListener - ExcelReport generated
2019-10-15 11:52:26,723 [main] INFO com.odoo.webutils.MyTestListener - Framework execution Time Taken: 69.0seconds
2019-10-15 11:52:26,725 [main] INFO com.odoo.webutils.MyTestListener - Framework execution ends
