2019-11-04 01:57:51,867 [main] INFO com.odoo.webutils.MyTestListener - Framework execution starts
2019-11-04 01:57:58,807 [main] INFO com.odoo.webutils.MyTestListener - Browser Launched and maximized
2019-11-04 01:58:02,518 [main] INFO com.odoo.webutils.MyTestListener - newCustomer script execution starts
2019-11-04 01:59:03,002 [main] INFO com.odoo.webutils.MyTestListener - newCustomer script is passed
2019-11-04 01:59:25,924 [main] INFO com.odoo.webutils.MyTestListener - createOpportunity script execution starts
2019-11-04 02:00:32,016 [main] INFO com.odoo.webutils.MyTestListener - createOpportunity script is passed
2019-11-04 02:00:54,966 [main] INFO com.odoo.webutils.MyTestListener - scheduledActivity script execution starts
2019-11-04 02:02:05,113 [main] FATAL com.odoo.webutils.MyTestListener - element click intercepted: Element <td class="fc-widget-content"></td> is not clickable at point (569, 453). Other element would receive the click: <div class="fc-bg"></div>
  (Session info: chrome=77.0.3865.120)
Build info: version: '3.141.59', revision: 'e82be7d358', time: '2018-11-14T08:17:03'
System info: host: 'ALAM-PC', ip: '192.168.2.105', os.name: 'Windows 7', os.arch: 'amd64', os.version: '6.1', java.version: '1.8.0_201'
Driver info: org.openqa.selenium.chrome.ChromeDriver
Capabilities {acceptInsecureCerts: false, browserName: chrome, browserVersion: 77.0.3865.120, chrome: {chromedriverVersion: 77.0.3865.40 (f484704e052e0..., userDataDir: C:\Users\Alam\AppData\Local...}, goog:chromeOptions: {debuggerAddress: localhost:61376}, javascriptEnabled: true, networkConnectionEnabled: false, pageLoadStrategy: normal, platform: XP, platformName: XP, proxy: Proxy(), setWindowRect: true, strictFileInteractability: false, timeouts: {implicit: 0, pageLoad: 300000, script: 30000}, unhandledPromptBehavior: dismiss and notify}
Session ID: 757005e9414e88ec3b1d61a79325d61f
2019-11-04 02:02:05,176 [main] WARN com.odoo.webutils.MyTestListener - scheduledActivity script is failed
2019-11-04 02:02:06,016 [main] INFO com.odoo.webutils.MyTestListener - Screenshot has been taken 
2019-11-04 02:02:27,730 [main] INFO com.odoo.webutils.MyTestListener - creatSalesAct script execution starts
2019-11-04 02:02:27,761 [main] INFO com.odoo.webutils.MyTestListener - creatSalesAct script is skipped
2019-11-04 02:02:28,686 [main] INFO com.odoo.webutils.MyTestListener - Browser Closed
2019-11-04 02:02:29,040 [main] INFO com.odoo.webutils.MyTestListener - ExcelReport generated
2019-11-04 02:02:29,040 [main] INFO com.odoo.webutils.MyTestListener - Framework execution Time Taken: 277.0seconds
2019-11-04 02:02:29,041 [main] INFO com.odoo.webutils.MyTestListener - Framework execution ends
