2019-10-17 17:03:36,012 [main] INFO com.odoo.webutils.MyTestListener - Framework execution starts
2019-10-17 17:03:42,476 [main] INFO com.odoo.webutils.MyTestListener - Browser Launched and maximized
2019-10-17 17:03:50,007 [main] INFO com.odoo.webutils.MyTestListener - newCustomer script execution starts
2019-10-17 17:05:01,308 [main] FATAL com.odoo.webutils.MyTestListener - no such element: Unable to locate element: {"method":"xpath","selector":"//div[@name='name']/input"}
  (Session info: chrome=77.0.3865.120)
For documentation on this error, please visit: https://www.seleniumhq.org/exceptions/no_such_element.html
Build info: version: '3.141.59', revision: 'e82be7d358', time: '2018-11-14T08:17:03'
System info: host: 'ALAM-PC', ip: '192.168.0.113', os.name: 'Windows 7', os.arch: 'amd64', os.version: '6.1', java.version: '1.8.0_201'
Driver info: org.openqa.selenium.chrome.ChromeDriver
Capabilities {acceptInsecureCerts: false, browserName: chrome, browserVersion: 77.0.3865.120, chrome: {chromedriverVersion: 77.0.3865.40 (f484704e052e0..., userDataDir: C:\Users\Alam\AppData\Local...}, goog:chromeOptions: {debuggerAddress: localhost:49967}, javascriptEnabled: true, networkConnectionEnabled: false, pageLoadStrategy: normal, platform: XP, platformName: XP, proxy: Proxy(), setWindowRect: true, strictFileInteractability: false, timeouts: {implicit: 0, pageLoad: 300000, script: 30000}, unhandledPromptBehavior: dismiss and notify}
Session ID: 9af25ac3b37875b45bcb8d17c5a96881
*** Element info: {Using=xpath, value=//div[@name='name']/input}
2019-10-17 17:05:01,324 [main] WARN com.odoo.webutils.MyTestListener - newCustomer script is failed
2019-10-17 17:05:02,152 [main] INFO com.odoo.webutils.MyTestListener - Screenshot has been taken 
2019-10-17 17:05:02,325 [main] FATAL com.odoo.webutils.MyTestListener - element click intercepted: Element <a aria-expanded="false" class="dropdown-toggle" data-display="static" data-toggle="dropdown" href="#" role="button">...</a> is not clickable at point (1263, 23). Other element would receive the click: <div role="dialog" class="modal o_technical_modal show" tabindex="-1" data-backdrop="static" id="modal_318" open="open" aria-modal="true" style="display: block;">...</div>
  (Session info: chrome=77.0.3865.120)
Build info: version: '3.141.59', revision: 'e82be7d358', time: '2018-11-14T08:17:03'
System info: host: 'ALAM-PC', ip: '192.168.0.113', os.name: 'Windows 7', os.arch: 'amd64', os.version: '6.1', java.version: '1.8.0_201'
Driver info: org.openqa.selenium.chrome.ChromeDriver
Capabilities {acceptInsecureCerts: false, browserName: chrome, browserVersion: 77.0.3865.120, chrome: {chromedriverVersion: 77.0.3865.40 (f484704e052e0..., userDataDir: C:\Users\Alam\AppData\Local...}, goog:chromeOptions: {debuggerAddress: localhost:49967}, javascriptEnabled: true, networkConnectionEnabled: false, pageLoadStrategy: normal, platform: XP, platformName: XP, proxy: Proxy(), setWindowRect: true, strictFileInteractability: false, timeouts: {implicit: 0, pageLoad: 300000, script: 30000}, unhandledPromptBehavior: dismiss and notify}
Session ID: 9af25ac3b37875b45bcb8d17c5a96881
2019-10-17 17:05:03,348 [main] INFO com.odoo.webutils.MyTestListener - Browser Closed
2019-10-17 17:05:03,801 [main] INFO com.odoo.webutils.MyTestListener - ExcelReport generated
2019-10-17 17:05:03,801 [main] INFO com.odoo.webutils.MyTestListener - Framework execution Time Taken: 88.0seconds
2019-10-17 17:05:03,801 [main] INFO com.odoo.webutils.MyTestListener - Framework execution ends
