2019-10-24 00:43:36,791 [main] INFO com.odoo.webutils.MyTestListener - Framework execution starts
2019-10-24 00:43:43,069 [main] INFO com.odoo.webutils.MyTestListener - Browser Launched and maximized
2019-10-24 00:43:49,773 [main] INFO com.odoo.webutils.MyTestListener - createSalesCallTeam script execution starts
2019-10-24 00:46:39,676 [main] INFO com.odoo.webutils.MyTestListener - createSalesCallTeam script is passed
2019-10-24 00:46:52,588 [main] INFO com.odoo.webutils.MyTestListener - createSalesEamilTeam script execution starts
2019-10-24 00:48:38,379 [main] FATAL com.odoo.webutils.MyTestListener - no such element: Unable to locate element: {"method":"xpath","selector":"//a[text()='Create and Edit...']"}
  (Session info: chrome=77.0.3865.120)
For documentation on this error, please visit: https://www.seleniumhq.org/exceptions/no_such_element.html
Build info: version: '3.141.59', revision: 'e82be7d358', time: '2018-11-14T08:17:03'
System info: host: 'ALAM-PC', ip: '192.168.1.118', os.name: 'Windows 7', os.arch: 'amd64', os.version: '6.1', java.version: '1.8.0_201'
Driver info: org.openqa.selenium.chrome.ChromeDriver
Capabilities {acceptInsecureCerts: false, browserName: chrome, browserVersion: 77.0.3865.120, chrome: {chromedriverVersion: 77.0.3865.40 (f484704e052e0..., userDataDir: C:\Users\Alam\AppData\Local...}, goog:chromeOptions: {debuggerAddress: localhost:51131}, javascriptEnabled: true, networkConnectionEnabled: false, pageLoadStrategy: normal, platform: XP, platformName: XP, proxy: Proxy(), setWindowRect: true, strictFileInteractability: false, timeouts: {implicit: 0, pageLoad: 300000, script: 30000}, unhandledPromptBehavior: dismiss and notify}
Session ID: 2f11317e343f5bd03bf84c8680a64db3
*** Element info: {Using=xpath, value=//a[text()='Create and Edit...']}
2019-10-24 00:48:38,398 [main] WARN com.odoo.webutils.MyTestListener - createSalesEamilTeam script is failed
2019-10-24 00:48:39,577 [main] INFO com.odoo.webutils.MyTestListener - Screenshot has been taken 
2019-10-24 00:48:51,450 [main] INFO com.odoo.webutils.MyTestListener - createSalesMeetTeam script execution starts
2019-10-24 00:50:20,734 [main] FATAL com.odoo.webutils.MyTestListener - no such element: Unable to locate element: {"method":"xpath","selector":"//input[@name='name']"}
  (Session info: chrome=77.0.3865.120)
For documentation on this error, please visit: https://www.seleniumhq.org/exceptions/no_such_element.html
Build info: version: '3.141.59', revision: 'e82be7d358', time: '2018-11-14T08:17:03'
System info: host: 'ALAM-PC', ip: '192.168.1.118', os.name: 'Windows 7', os.arch: 'amd64', os.version: '6.1', java.version: '1.8.0_201'
Driver info: org.openqa.selenium.chrome.ChromeDriver
Capabilities {acceptInsecureCerts: false, browserName: chrome, browserVersion: 77.0.3865.120, chrome: {chromedriverVersion: 77.0.3865.40 (f484704e052e0..., userDataDir: C:\Users\Alam\AppData\Local...}, goog:chromeOptions: {debuggerAddress: localhost:51131}, javascriptEnabled: true, networkConnectionEnabled: false, pageLoadStrategy: normal, platform: XP, platformName: XP, proxy: Proxy(), setWindowRect: true, strictFileInteractability: false, timeouts: {implicit: 0, pageLoad: 300000, script: 30000}, unhandledPromptBehavior: dismiss and notify}
Session ID: 2f11317e343f5bd03bf84c8680a64db3
*** Element info: {Using=xpath, value=//input[@name='name']}
2019-10-24 00:50:20,743 [main] WARN com.odoo.webutils.MyTestListener - createSalesMeetTeam script is failed
2019-10-24 00:50:21,437 [main] INFO com.odoo.webutils.MyTestListener - Screenshot has been taken 
2019-10-24 00:50:44,447 [main] INFO com.odoo.webutils.MyTestListener - createSalesSmsTeam script execution starts
2019-10-24 00:51:02,665 [main] FATAL com.odoo.webutils.MyTestListener - no such element: Unable to locate element: {"method":"xpath","selector":"//div[text()='CRM']"}
  (Session info: chrome=77.0.3865.120)
For documentation on this error, please visit: https://www.seleniumhq.org/exceptions/no_such_element.html
Build info: version: '3.141.59', revision: 'e82be7d358', time: '2018-11-14T08:17:03'
System info: host: 'ALAM-PC', ip: '192.168.1.118', os.name: 'Windows 7', os.arch: 'amd64', os.version: '6.1', java.version: '1.8.0_201'
Driver info: org.openqa.selenium.chrome.ChromeDriver
Capabilities {acceptInsecureCerts: false, browserName: chrome, browserVersion: 77.0.3865.120, chrome: {chromedriverVersion: 77.0.3865.40 (f484704e052e0..., userDataDir: C:\Users\Alam\AppData\Local...}, goog:chromeOptions: {debuggerAddress: localhost:51131}, javascriptEnabled: true, networkConnectionEnabled: false, pageLoadStrategy: normal, platform: XP, platformName: XP, proxy: Proxy(), setWindowRect: true, strictFileInteractability: false, timeouts: {implicit: 0, pageLoad: 300000, script: 30000}, unhandledPromptBehavior: dismiss and notify}
Session ID: 2f11317e343f5bd03bf84c8680a64db3
*** Element info: {Using=xpath, value=//div[text()='CRM']}
2019-10-24 00:51:02,670 [main] WARN com.odoo.webutils.MyTestListener - createSalesSmsTeam script is failed
2019-10-24 00:51:03,474 [main] INFO com.odoo.webutils.MyTestListener - Screenshot has been taken 
2019-10-24 00:51:26,267 [main] INFO com.odoo.webutils.MyTestListener - dltSalesCallTeam script execution starts
