2019-10-18 10:57:36,230 [main] INFO com.odoo.webutils.MyTestListener - Framework execution starts
2019-10-18 10:57:48,259 [main] INFO com.odoo.webutils.MyTestListener - Browser Launched and maximized
2019-10-18 10:57:57,063 [main] INFO com.odoo.webutils.MyTestListener - newCustomer script execution starts
2019-10-18 10:58:45,701 [main] FATAL com.odoo.webutils.MyTestListener - no such element: Unable to locate element: {"method":"xpath","selector":"//div[@name='name']//input"}
  (Session info: chrome=77.0.3865.120)
For documentation on this error, please visit: https://www.seleniumhq.org/exceptions/no_such_element.html
Build info: version: '3.141.59', revision: 'e82be7d358', time: '2018-11-14T08:17:03'
System info: host: 'LAPTOP-RQOJ408I', ip: '192.168.0.114', os.name: 'Windows 10', os.arch: 'amd64', os.version: '10.0', java.version: '1.8.0_211'
Driver info: org.openqa.selenium.chrome.ChromeDriver
Capabilities {acceptInsecureCerts: false, browserName: chrome, browserVersion: 77.0.3865.120, chrome: {chromedriverVersion: 77.0.3865.40 (f484704e052e0..., userDataDir: C:\Users\ASUS\AppData\Local...}, goog:chromeOptions: {debuggerAddress: localhost:64779}, javascriptEnabled: true, networkConnectionEnabled: false, pageLoadStrategy: normal, platform: XP, platformName: XP, proxy: Proxy(), setWindowRect: true, strictFileInteractability: false, timeouts: {implicit: 0, pageLoad: 300000, script: 30000}, unhandledPromptBehavior: dismiss and notify}
Session ID: 8bf68e3f4538cf7ac1239ab979f16579
*** Element info: {Using=xpath, value=//div[@name='name']//input}
2019-10-18 10:58:46,336 [main] FATAL com.odoo.webutils.MyTestListener - no such element: Unable to locate element: {"method":"xpath","selector":"//div[@name='name']//input"}
  (Session info: chrome=77.0.3865.120)
For documentation on this error, please visit: https://www.seleniumhq.org/exceptions/no_such_element.html
Build info: version: '3.141.59', revision: 'e82be7d358', time: '2018-11-14T08:17:03'
System info: host: 'LAPTOP-RQOJ408I', ip: '192.168.0.114', os.name: 'Windows 10', os.arch: 'amd64', os.version: '10.0', java.version: '1.8.0_211'
Driver info: org.openqa.selenium.chrome.ChromeDriver
Capabilities {acceptInsecureCerts: false, browserName: chrome, browserVersion: 77.0.3865.120, chrome: {chromedriverVersion: 77.0.3865.40 (f484704e052e0..., userDataDir: C:\Users\ASUS\AppData\Local...}, goog:chromeOptions: {debuggerAddress: localhost:64779}, javascriptEnabled: true, networkConnectionEnabled: false, pageLoadStrategy: normal, platform: XP, platformName: XP, proxy: Proxy(), setWindowRect: true, strictFileInteractability: false, timeouts: {implicit: 0, pageLoad: 300000, script: 30000}, unhandledPromptBehavior: dismiss and notify}
Session ID: 8bf68e3f4538cf7ac1239ab979f16579
*** Element info: {Using=xpath, value=//div[@name='name']//input}
2019-10-18 10:59:20,598 [main] INFO com.odoo.webutils.MyTestListener - newCustomer script is passed
2019-10-18 10:59:43,481 [main] INFO com.odoo.webutils.MyTestListener - deleteCustomer script execution starts
2019-10-18 11:00:54,713 [main] FATAL com.odoo.webutils.MyTestListener - no such element: Unable to locate element: {"method":"xpath","selector":"//button[contains(text(),'Action')]"}
  (Session info: chrome=77.0.3865.120)
For documentation on this error, please visit: https://www.seleniumhq.org/exceptions/no_such_element.html
Build info: version: '3.141.59', revision: 'e82be7d358', time: '2018-11-14T08:17:03'
System info: host: 'LAPTOP-RQOJ408I', ip: '192.168.0.114', os.name: 'Windows 10', os.arch: 'amd64', os.version: '10.0', java.version: '1.8.0_211'
Driver info: org.openqa.selenium.chrome.ChromeDriver
Capabilities {acceptInsecureCerts: false, browserName: chrome, browserVersion: 77.0.3865.120, chrome: {chromedriverVersion: 77.0.3865.40 (f484704e052e0..., userDataDir: C:\Users\ASUS\AppData\Local...}, goog:chromeOptions: {debuggerAddress: localhost:64779}, javascriptEnabled: true, networkConnectionEnabled: false, pageLoadStrategy: normal, platform: XP, platformName: XP, proxy: Proxy(), setWindowRect: true, strictFileInteractability: false, timeouts: {implicit: 0, pageLoad: 300000, script: 30000}, unhandledPromptBehavior: dismiss and notify}
Session ID: 8bf68e3f4538cf7ac1239ab979f16579
*** Element info: {Using=xpath, value=//button[contains(text(),'Action')]}
2019-10-18 11:00:54,729 [main] WARN com.odoo.webutils.MyTestListener - deleteCustomer script is failed
2019-10-18 11:00:55,215 [main] INFO com.odoo.webutils.MyTestListener - Screenshot has been taken 
2019-10-18 11:01:17,709 [main] INFO com.odoo.webutils.MyTestListener - Browser Closed
2019-10-18 11:01:18,120 [main] INFO com.odoo.webutils.MyTestListener - ExcelReport generated
2019-10-18 11:01:18,122 [main] INFO com.odoo.webutils.MyTestListener - Framework execution Time Taken: 221.0seconds
2019-10-18 11:01:18,122 [main] INFO com.odoo.webutils.MyTestListener - Framework execution ends
