2019-10-17 16:12:55,156 [main] INFO com.odoo.webutils.MyTestListener - Framework execution starts
2019-10-17 16:13:05,051 [main] INFO com.odoo.webutils.MyTestListener - Browser Launched and maximized
2019-10-17 16:13:08,820 [main] INFO com.odoo.webutils.MyTestListener - newCustomer script execution starts
2019-10-17 16:13:51,576 [main] FATAL com.odoo.webutils.MyTestListener - no such element: Unable to locate element: {"method":"xpath","selector":"//div[@name='name']//input"}
  (Session info: chrome=77.0.3865.120)
For documentation on this error, please visit: https://www.seleniumhq.org/exceptions/no_such_element.html
Build info: version: '3.141.59', revision: 'e82be7d358', time: '2018-11-14T08:17:03'
System info: host: 'LAPTOP-RQOJ408I', ip: '192.168.0.114', os.name: 'Windows 10', os.arch: 'amd64', os.version: '10.0', java.version: '1.8.0_211'
Driver info: org.openqa.selenium.chrome.ChromeDriver
Capabilities {acceptInsecureCerts: false, browserName: chrome, browserVersion: 77.0.3865.120, chrome: {chromedriverVersion: 77.0.3865.40 (f484704e052e0..., userDataDir: C:\Users\ASUS\AppData\Local...}, goog:chromeOptions: {debuggerAddress: localhost:63547}, javascriptEnabled: true, networkConnectionEnabled: false, pageLoadStrategy: normal, platform: XP, platformName: XP, proxy: Proxy(), setWindowRect: true, strictFileInteractability: false, timeouts: {implicit: 0, pageLoad: 300000, script: 30000}, unhandledPromptBehavior: dismiss and notify}
Session ID: ba6c239192e29dd18bba5698804e7589
*** Element info: {Using=xpath, value=//div[@name='name']//input}
2019-10-17 16:13:52,095 [main] FATAL com.odoo.webutils.MyTestListener - no such element: Unable to locate element: {"method":"xpath","selector":"//div[@name='name']//input"}
  (Session info: chrome=77.0.3865.120)
For documentation on this error, please visit: https://www.seleniumhq.org/exceptions/no_such_element.html
Build info: version: '3.141.59', revision: 'e82be7d358', time: '2018-11-14T08:17:03'
System info: host: 'LAPTOP-RQOJ408I', ip: '192.168.0.114', os.name: 'Windows 10', os.arch: 'amd64', os.version: '10.0', java.version: '1.8.0_211'
Driver info: org.openqa.selenium.chrome.ChromeDriver
Capabilities {acceptInsecureCerts: false, browserName: chrome, browserVersion: 77.0.3865.120, chrome: {chromedriverVersion: 77.0.3865.40 (f484704e052e0..., userDataDir: C:\Users\ASUS\AppData\Local...}, goog:chromeOptions: {debuggerAddress: localhost:63547}, javascriptEnabled: true, networkConnectionEnabled: false, pageLoadStrategy: normal, platform: XP, platformName: XP, proxy: Proxy(), setWindowRect: true, strictFileInteractability: false, timeouts: {implicit: 0, pageLoad: 300000, script: 30000}, unhandledPromptBehavior: dismiss and notify}
Session ID: ba6c239192e29dd18bba5698804e7589
*** Element info: {Using=xpath, value=//div[@name='name']//input}
2019-10-17 16:14:14,188 [main] INFO com.odoo.webutils.MyTestListener - newCustomer script is passed
2019-10-17 16:14:36,131 [main] INFO com.odoo.webutils.MyTestListener - deleteCustomer script execution starts
2019-10-17 16:15:56,316 [main] INFO com.odoo.webutils.MyTestListener - deleteCustomer script is passed
2019-10-17 16:16:17,767 [main] INFO com.odoo.webutils.MyTestListener - Browser Closed
2019-10-17 16:16:17,852 [main] INFO com.odoo.webutils.MyTestListener - ExcelReport generated
2019-10-17 16:16:17,852 [main] INFO com.odoo.webutils.MyTestListener - Framework execution Time Taken: 202.0seconds
2019-10-17 16:16:17,852 [main] INFO com.odoo.webutils.MyTestListener - Framework execution ends
