2019-10-17 10:19:37,779 [main] INFO com.odoo.webutils.MyTestListener - Framework execution starts
2019-10-17 10:19:53,845 [main] INFO com.odoo.webutils.MyTestListener - Browser Launched and maximized
2019-10-17 10:20:14,497 [main] INFO com.odoo.webutils.MyTestListener - creteCustomeTest script execution starts
2019-10-17 10:20:38,765 [main] FATAL com.odoo.webutils.MyTestListener - no such element: Unable to locate element: {"method":"xpath","selector":"//div[text()='CRM']"}
  (Session info: chrome=77.0.3865.120)
For documentation on this error, please visit: https://www.seleniumhq.org/exceptions/no_such_element.html
Build info: version: '3.141.59', revision: 'e82be7d358', time: '2018-11-14T08:17:03'
System info: host: 'ROBIN-PC', ip: '192.168.43.216', os.name: 'Windows 7', os.arch: 'amd64', os.version: '6.1', java.version: '1.8.0_201'
Driver info: org.openqa.selenium.chrome.ChromeDriver
Capabilities {acceptInsecureCerts: false, browserName: chrome, browserVersion: 77.0.3865.120, chrome: {chromedriverVersion: 77.0.3865.40 (f484704e052e0..., userDataDir: C:\Users\robin\AppData\Loca...}, goog:chromeOptions: {debuggerAddress: localhost:53246}, javascriptEnabled: true, networkConnectionEnabled: false, pageLoadStrategy: normal, platform: XP, platformName: XP, proxy: Proxy(), setWindowRect: true, strictFileInteractability: false, timeouts: {implicit: 0, pageLoad: 300000, script: 30000}, unhandledPromptBehavior: dismiss and notify}
Session ID: 02769bf4c2a45445ddd03521270d883c
*** Element info: {Using=xpath, value=//div[text()='CRM']}
2019-10-17 10:20:38,852 [main] WARN com.odoo.webutils.MyTestListener - creteCustomeTest script is failed
2019-10-17 10:20:41,680 [main] INFO com.odoo.webutils.MyTestListener - Screenshot has been taken 
2019-10-17 10:20:45,270 [main] INFO com.odoo.webutils.MyTestListener - deleteTest script execution starts
2019-10-17 10:21:20,078 [main] INFO com.odoo.webutils.MyTestListener - deleteTest script is passed
2019-10-17 10:21:20,272 [main] FATAL com.odoo.webutils.MyTestListener - element click intercepted: Element <a aria-expanded="false" class="dropdown-toggle" data-display="static" data-toggle="dropdown" href="#" role="button">...</a> is not clickable at point (1254, 23). Other element would receive the click: <div role="dialog" class="modal o_technical_modal show" tabindex="-1" data-backdrop="static" id="modal_303" open="open" aria-modal="true" style="display: block;">...</div>
  (Session info: chrome=77.0.3865.120)
Build info: version: '3.141.59', revision: 'e82be7d358', time: '2018-11-14T08:17:03'
System info: host: 'ROBIN-PC', ip: '192.168.43.216', os.name: 'Windows 7', os.arch: 'amd64', os.version: '6.1', java.version: '1.8.0_201'
Driver info: org.openqa.selenium.chrome.ChromeDriver
Capabilities {acceptInsecureCerts: false, browserName: chrome, browserVersion: 77.0.3865.120, chrome: {chromedriverVersion: 77.0.3865.40 (f484704e052e0..., userDataDir: C:\Users\robin\AppData\Loca...}, goog:chromeOptions: {debuggerAddress: localhost:53246}, javascriptEnabled: true, networkConnectionEnabled: false, pageLoadStrategy: normal, platform: XP, platformName: XP, proxy: Proxy(), setWindowRect: true, strictFileInteractability: false, timeouts: {implicit: 0, pageLoad: 300000, script: 30000}, unhandledPromptBehavior: dismiss and notify}
Session ID: 02769bf4c2a45445ddd03521270d883c
2019-10-17 10:21:21,986 [main] INFO com.odoo.webutils.MyTestListener - ExcelReport generated
2019-10-17 10:21:21,987 [main] INFO com.odoo.webutils.MyTestListener - Framework execution Time Taken: 104.0seconds
2019-10-17 10:21:21,987 [main] INFO com.odoo.webutils.MyTestListener - Framework execution ends
