2019-10-16 23:49:19,178 [main] INFO com.odoo.webutils.MyTestListener - Framework execution starts
2019-10-16 23:49:31,110 [main] INFO com.odoo.webutils.MyTestListener - Browser Launched and maximized
2019-10-16 23:49:37,100 [main] INFO com.odoo.webutils.MyTestListener - newCustomer script execution starts
2019-10-16 23:50:30,387 [main] INFO com.odoo.webutils.MyTestListener - newCustomer script is passed
2019-10-16 23:50:31,368 [main] INFO com.odoo.webutils.MyTestListener - dltNewCustomer script execution starts
2019-10-16 23:51:15,371 [main] FATAL com.odoo.webutils.MyTestListener - no such element: Unable to locate element: {"method":"xpath","selector":"//div[@class='btn-group o_dropdown show']//button"}
  (Session info: chrome=77.0.3865.120)
For documentation on this error, please visit: https://www.seleniumhq.org/exceptions/no_such_element.html
Build info: version: '3.141.59', revision: 'e82be7d358', time: '2018-11-14T08:17:03'
System info: host: 'ALAM-PC', ip: '192.168.0.104', os.name: 'Windows 7', os.arch: 'amd64', os.version: '6.1', java.version: '1.8.0_201'
Driver info: org.openqa.selenium.chrome.ChromeDriver
Capabilities {acceptInsecureCerts: false, browserName: chrome, browserVersion: 77.0.3865.120, chrome: {chromedriverVersion: 77.0.3865.40 (f484704e052e0..., userDataDir: C:\Users\Alam\AppData\Local...}, goog:chromeOptions: {debuggerAddress: localhost:49189}, javascriptEnabled: true, networkConnectionEnabled: false, pageLoadStrategy: normal, platform: XP, platformName: XP, proxy: Proxy(), setWindowRect: true, strictFileInteractability: false, timeouts: {implicit: 0, pageLoad: 300000, script: 30000}, unhandledPromptBehavior: dismiss and notify}
Session ID: 7c90c18857bfa006a0b36153b7b79463
*** Element info: {Using=xpath, value=//div[@class='btn-group o_dropdown show']//button}
2019-10-16 23:51:15,403 [main] WARN com.odoo.webutils.MyTestListener - dltNewCustomer script is failed
2019-10-16 23:51:16,274 [main] INFO com.odoo.webutils.MyTestListener - Screenshot has been taken 
2019-10-16 23:51:19,357 [main] INFO com.odoo.webutils.MyTestListener - Browser Closed
2019-10-16 23:51:20,073 [main] INFO com.odoo.webutils.MyTestListener - ExcelReport generated
2019-10-16 23:51:20,073 [main] INFO com.odoo.webutils.MyTestListener - Framework execution Time Taken: 121.0seconds
2019-10-16 23:51:20,074 [main] INFO com.odoo.webutils.MyTestListener - Framework execution ends
