2019-10-19 08:12:22,213 [main] INFO com.odoo.webutils.MyTestListener - Framework execution starts
2019-10-19 08:12:27,845 [main] INFO com.odoo.webutils.MyTestListener - Browser Launched and maximized
2019-10-19 08:12:32,211 [main] INFO com.odoo.webutils.MyTestListener - createOpportunity script execution starts
2019-10-19 08:13:08,330 [main] FATAL com.odoo.webutils.MyTestListener - element click intercepted: Element <button class="btn btn-primary o_kanban_add">...</button> is not clickable at point (47, 425). Other element would receive the click: <div role="dialog" class="modal o_technical_modal show" tabindex="-1" data-backdrop="static" id="modal_149" open="open" aria-modal="true" style="display: block;">...</div>
  (Session info: chrome=77.0.3865.120)
Build info: version: '3.141.59', revision: 'e82be7d358', time: '2018-11-14T08:17:03'
System info: host: 'ADARSH', ip: '192.168.1.225', os.name: 'Windows 8', os.arch: 'amd64', os.version: '6.2', java.version: '1.8.0_201'
Driver info: org.openqa.selenium.chrome.ChromeDriver
Capabilities {acceptInsecureCerts: false, browserName: chrome, browserVersion: 77.0.3865.120, chrome: {chromedriverVersion: 77.0.3865.40 (f484704e052e0..., userDataDir: C:\Users\ANSHU\AppData\Loca...}, goog:chromeOptions: {debuggerAddress: localhost:49241}, javascriptEnabled: true, networkConnectionEnabled: false, pageLoadStrategy: normal, platform: XP, platformName: XP, proxy: Proxy(), setWindowRect: true, strictFileInteractability: false, timeouts: {implicit: 0, pageLoad: 300000, script: 30000}, unhandledPromptBehavior: dismiss and notify}
Session ID: 3177d1d76765bee1243a609c96060542
2019-10-19 08:13:08,353 [main] WARN com.odoo.webutils.MyTestListener - createOpportunity script is failed
2019-10-19 08:13:08,984 [main] INFO com.odoo.webutils.MyTestListener - Screenshot has been taken 
2019-10-19 08:13:14,102 [main] FATAL com.odoo.webutils.MyTestListener - element click intercepted: Element <a aria-expanded="false" class="dropdown-toggle" data-display="static" data-toggle="dropdown" href="#" role="button">...</a> is not clickable at point (1261, 23). Other element would receive the click: <div role="dialog" class="modal o_technical_modal show" tabindex="-1" data-backdrop="static" id="modal_149" open="open" aria-modal="true" style="display: block;">...</div>
  (Session info: chrome=77.0.3865.120)
Build info: version: '3.141.59', revision: 'e82be7d358', time: '2018-11-14T08:17:03'
System info: host: 'ADARSH', ip: '192.168.1.225', os.name: 'Windows 8', os.arch: 'amd64', os.version: '6.2', java.version: '1.8.0_201'
Driver info: org.openqa.selenium.chrome.ChromeDriver
Capabilities {acceptInsecureCerts: false, browserName: chrome, browserVersion: 77.0.3865.120, chrome: {chromedriverVersion: 77.0.3865.40 (f484704e052e0..., userDataDir: C:\Users\ANSHU\AppData\Loca...}, goog:chromeOptions: {debuggerAddress: localhost:49241}, javascriptEnabled: true, networkConnectionEnabled: false, pageLoadStrategy: normal, platform: XP, platformName: XP, proxy: Proxy(), setWindowRect: true, strictFileInteractability: false, timeouts: {implicit: 0, pageLoad: 300000, script: 30000}, unhandledPromptBehavior: dismiss and notify}
Session ID: 3177d1d76765bee1243a609c96060542
2019-10-19 08:13:17,776 [main] INFO com.odoo.webutils.MyTestListener - Browser Closed
2019-10-19 08:13:17,961 [main] INFO com.odoo.webutils.MyTestListener - ExcelReport generated
2019-10-19 08:13:17,961 [main] INFO com.odoo.webutils.MyTestListener - Framework execution Time Taken: 55.0seconds
2019-10-19 08:13:17,962 [main] INFO com.odoo.webutils.MyTestListener - Framework execution ends
