2019-10-17 17:10:30,234 [main] INFO com.odoo.webutils.MyTestListener - Framework execution starts
2019-10-17 17:10:36,136 [main] INFO com.odoo.webutils.MyTestListener - Browser Launched and maximized
2019-10-17 17:10:36,871 [main] INFO com.odoo.webutils.MyTestListener - newCustomer script execution starts
2019-10-17 17:10:38,419 [main] FATAL com.odoo.webutils.MyTestListener - no such element: Unable to locate element: {"method":"xpath","selector":"//input[@id='login']"}
  (Session info: chrome=77.0.3865.120)
For documentation on this error, please visit: https://www.seleniumhq.org/exceptions/no_such_element.html
Build info: version: '3.141.59', revision: 'e82be7d358', time: '2018-11-14T08:17:03'
System info: host: 'ALAM-PC', ip: '192.168.43.227', os.name: 'Windows 7', os.arch: 'amd64', os.version: '6.1', java.version: '1.8.0_201'
Driver info: org.openqa.selenium.chrome.ChromeDriver
Capabilities {acceptInsecureCerts: false, browserName: chrome, browserVersion: 77.0.3865.120, chrome: {chromedriverVersion: 77.0.3865.40 (f484704e052e0..., userDataDir: C:\Users\Alam\AppData\Local...}, goog:chromeOptions: {debuggerAddress: localhost:50452}, javascriptEnabled: true, networkConnectionEnabled: false, pageLoadStrategy: normal, platform: XP, platformName: XP, proxy: Proxy(), setWindowRect: true, strictFileInteractability: false, timeouts: {implicit: 0, pageLoad: 300000, script: 30000}, unhandledPromptBehavior: dismiss and notify}
Session ID: ee7b186ae2972438e2197a90053d7856
*** Element info: {Using=xpath, value=//input[@id='login']}
2019-10-17 17:10:38,435 [main] WARN com.odoo.webutils.MyTestListener - newCustomer script is failed
2019-10-17 17:10:39,110 [main] INFO com.odoo.webutils.MyTestListener - Screenshot has been taken 
2019-10-17 17:10:39,172 [main] FATAL com.odoo.webutils.MyTestListener - no such element: Unable to locate element: {"method":"xpath","selector":"//li[@class='o_user_menu']/a"}
  (Session info: chrome=77.0.3865.120)
For documentation on this error, please visit: https://www.seleniumhq.org/exceptions/no_such_element.html
Build info: version: '3.141.59', revision: 'e82be7d358', time: '2018-11-14T08:17:03'
System info: host: 'ALAM-PC', ip: '192.168.43.227', os.name: 'Windows 7', os.arch: 'amd64', os.version: '6.1', java.version: '1.8.0_201'
Driver info: org.openqa.selenium.chrome.ChromeDriver
Capabilities {acceptInsecureCerts: false, browserName: chrome, browserVersion: 77.0.3865.120, chrome: {chromedriverVersion: 77.0.3865.40 (f484704e052e0..., userDataDir: C:\Users\Alam\AppData\Local...}, goog:chromeOptions: {debuggerAddress: localhost:50452}, javascriptEnabled: true, networkConnectionEnabled: false, pageLoadStrategy: normal, platform: XP, platformName: XP, proxy: Proxy(), setWindowRect: true, strictFileInteractability: false, timeouts: {implicit: 0, pageLoad: 300000, script: 30000}, unhandledPromptBehavior: dismiss and notify}
Session ID: ee7b186ae2972438e2197a90053d7856
*** Element info: {Using=xpath, value=//li[@class='o_user_menu']/a}
2019-10-17 17:10:40,116 [main] INFO com.odoo.webutils.MyTestListener - Browser Closed
2019-10-17 17:10:40,398 [main] INFO com.odoo.webutils.MyTestListener - ExcelReport generated
2019-10-17 17:10:40,414 [main] INFO com.odoo.webutils.MyTestListener - Framework execution Time Taken: 10.0seconds
2019-10-17 17:10:40,414 [main] INFO com.odoo.webutils.MyTestListener - Framework execution ends
