2019-11-04 23:14:50,855 [main] INFO com.odoo.webutils.MyTestListener - Framework execution starts
2019-11-04 23:14:59,679 [main] INFO com.odoo.webutils.MyTestListener - Browser Launched and maximized
2019-11-04 23:15:03,932 [main] INFO com.odoo.webutils.MyTestListener - newCustomer script execution starts
2019-11-04 23:16:11,301 [main] INFO com.odoo.webutils.MyTestListener - newCustomer script is passed
2019-11-04 23:16:38,737 [main] INFO com.odoo.webutils.MyTestListener - createOpportunity script execution starts
2019-11-04 23:17:48,625 [main] FATAL com.odoo.webutils.MyTestListener - element not interactable
  (Session info: chrome=78.0.3904.87)
Build info: version: '3.141.59', revision: 'e82be7d358', time: '2018-11-14T08:17:03'
System info: host: 'ALAM-PC', ip: '192.168.2.105', os.name: 'Windows 7', os.arch: 'amd64', os.version: '6.1', java.version: '1.8.0_201'
Driver info: org.openqa.selenium.chrome.ChromeDriver
Capabilities {acceptInsecureCerts: false, browserName: chrome, browserVersion: 78.0.3904.87, chrome: {chromedriverVersion: 77.0.3865.40 (f484704e052e0..., userDataDir: C:\Users\Alam\AppData\Local...}, goog:chromeOptions: {debuggerAddress: localhost:49466}, javascriptEnabled: true, networkConnectionEnabled: false, pageLoadStrategy: normal, platform: XP, platformName: XP, proxy: Proxy(), setWindowRect: true, strictFileInteractability: false, timeouts: {implicit: 0, pageLoad: 300000, script: 30000}, unhandledPromptBehavior: dismiss and notify}
Session ID: dbc358aced682c64ab983a8e322c0b3d
2019-11-04 23:17:48,703 [main] WARN com.odoo.webutils.MyTestListener - createOpportunity script is failed
2019-11-04 23:17:49,659 [main] INFO com.odoo.webutils.MyTestListener - Screenshot has been taken 
2019-11-04 23:18:04,836 [main] FATAL com.odoo.webutils.MyTestListener - element click intercepted: Element <a aria-expanded="false" class="dropdown-toggle" data-display="static" data-toggle="dropdown" href="#" role="button">...</a> is not clickable at point (1263, 23). Other element would receive the click: <div role="dialog" class="modal o_technical_modal show" tabindex="-1" data-backdrop="static" id="modal_290" open="open" aria-modal="true" style="display: block;">...</div>
  (Session info: chrome=78.0.3904.87)
Build info: version: '3.141.59', revision: 'e82be7d358', time: '2018-11-14T08:17:03'
System info: host: 'ALAM-PC', ip: '192.168.2.105', os.name: 'Windows 7', os.arch: 'amd64', os.version: '6.1', java.version: '1.8.0_201'
Driver info: org.openqa.selenium.chrome.ChromeDriver
Capabilities {acceptInsecureCerts: false, browserName: chrome, browserVersion: 78.0.3904.87, chrome: {chromedriverVersion: 77.0.3865.40 (f484704e052e0..., userDataDir: C:\Users\Alam\AppData\Local...}, goog:chromeOptions: {debuggerAddress: localhost:49466}, javascriptEnabled: true, networkConnectionEnabled: false, pageLoadStrategy: normal, platform: XP, platformName: XP, proxy: Proxy(), setWindowRect: true, strictFileInteractability: false, timeouts: {implicit: 0, pageLoad: 300000, script: 30000}, unhandledPromptBehavior: dismiss and notify}
Session ID: dbc358aced682c64ab983a8e322c0b3d
2019-11-04 23:18:04,951 [main] INFO com.odoo.webutils.MyTestListener - scheduledActivity script execution starts
2019-11-04 23:18:04,978 [main] INFO com.odoo.webutils.MyTestListener - scheduledActivity script is skipped
2019-11-04 23:18:04,985 [main] INFO com.odoo.webutils.MyTestListener - creatSalesAct script execution starts
2019-11-04 23:18:05,012 [main] INFO com.odoo.webutils.MyTestListener - creatSalesAct script is skipped
2019-11-04 23:18:06,389 [main] INFO com.odoo.webutils.MyTestListener - Browser Closed
2019-11-04 23:18:06,957 [main] INFO com.odoo.webutils.MyTestListener - ExcelReport generated
2019-11-04 23:18:06,958 [main] INFO com.odoo.webutils.MyTestListener - Framework execution Time Taken: 196.0seconds
2019-11-04 23:18:06,964 [main] INFO com.odoo.webutils.MyTestListener - Framework execution ends
