2019-10-15 00:40:49,050 [main] INFO com.odoo.webutils.MyTestListener - Framework execution starts
2019-10-15 00:40:59,240 [main] INFO com.odoo.webutils.MyTestListener - Browser Launched and maximized
2019-10-15 00:41:01,917 [main] INFO com.odoo.webutils.MyTestListener - validLoginTest script execution starts
2019-10-15 00:41:08,776 [main] INFO com.odoo.webutils.MyTestListener - validLoginTest script is passed
2019-10-15 00:41:10,718 [main] INFO com.odoo.webutils.MyTestListener - createCustomer script execution starts
2019-10-15 00:41:17,939 [main] FATAL com.odoo.webutils.MyTestListener - no such element: Unable to locate element: {"method":"xpath","selector":"//li/a[contains(text(),'Sales')]"}
  (Session info: chrome=77.0.3865.120)
For documentation on this error, please visit: https://www.seleniumhq.org/exceptions/no_such_element.html
Build info: version: '3.141.59', revision: 'e82be7d358', time: '2018-11-14T08:17:03'
System info: host: 'LAPTOP-VVD7DET5', ip: '192.168.0.241', os.name: 'Windows 10', os.arch: 'amd64', os.version: '10.0', java.version: '1.8.0_201'
Driver info: org.openqa.selenium.chrome.ChromeDriver
Capabilities {acceptInsecureCerts: false, browserName: chrome, browserVersion: 77.0.3865.120, chrome: {chromedriverVersion: 77.0.3865.40 (f484704e052e0..., userDataDir: C:\Users\HP\AppData\Local\T...}, goog:chromeOptions: {debuggerAddress: localhost:62650}, javascriptEnabled: true, networkConnectionEnabled: false, pageLoadStrategy: normal, platform: XP, platformName: XP, proxy: Proxy(), setWindowRect: true, strictFileInteractability: false, timeouts: {implicit: 0, pageLoad: 300000, script: 30000}, unhandledPromptBehavior: dismiss and notify}
Session ID: d32047cc7ec1129c9494dcaa457ffdd1
*** Element info: {Using=xpath, value=//li/a[contains(text(),'Sales')]}
2019-10-15 00:41:17,949 [main] WARN com.odoo.webutils.MyTestListener - createCustomer script is failed
2019-10-15 00:41:18,569 [main] INFO com.odoo.webutils.MyTestListener - Screenshot has been taken 
2019-10-15 00:41:20,184 [main] INFO com.odoo.webutils.MyTestListener - Browser Closed
2019-10-15 00:41:20,453 [main] INFO com.odoo.webutils.MyTestListener - ExcelReport generated
2019-10-15 00:41:20,453 [main] INFO com.odoo.webutils.MyTestListener - Framework execution Time Taken: 31.0seconds
2019-10-15 00:41:20,453 [main] INFO com.odoo.webutils.MyTestListener - Framework execution ends
