2019-10-17 12:16:46,555 [main] INFO com.odoo.webutils.MyTestListener - Framework execution starts
2019-10-17 12:16:51,634 [main] INFO com.odoo.webutils.MyTestListener - Browser Launched and maximized
2019-10-17 12:16:53,903 [main] INFO com.odoo.webutils.MyTestListener - newCustomer script execution starts
2019-10-17 12:17:40,756 [main] INFO com.odoo.webutils.MyTestListener - newCustomer script is passed
2019-10-17 12:17:42,478 [main] INFO com.odoo.webutils.MyTestListener - dltNewCustomer script execution starts
2019-10-17 12:18:26,968 [main] FATAL com.odoo.webutils.MyTestListener - no such element: Unable to locate element: {"method":"xpath","selector":"//div[@class='btn-group o_dropdown show']//button"}
  (Session info: chrome=77.0.3865.120)
For documentation on this error, please visit: https://www.seleniumhq.org/exceptions/no_such_element.html
Build info: version: '3.141.59', revision: 'e82be7d358', time: '2018-11-14T08:17:03'
System info: host: 'DESKTOP-6TFCGIK', ip: '192.168.0.105', os.name: 'Windows 10', os.arch: 'amd64', os.version: '10.0', java.version: '1.8.0_221'
Driver info: org.openqa.selenium.chrome.ChromeDriver
Capabilities {acceptInsecureCerts: false, browserName: chrome, browserVersion: 77.0.3865.120, chrome: {chromedriverVersion: 77.0.3865.40 (f484704e052e0..., userDataDir: C:\Users\dell\AppData\Local...}, goog:chromeOptions: {debuggerAddress: localhost:60419}, javascriptEnabled: true, networkConnectionEnabled: false, pageLoadStrategy: normal, platform: XP, platformName: XP, proxy: Proxy(), setWindowRect: true, strictFileInteractability: false, timeouts: {implicit: 0, pageLoad: 300000, script: 30000}, unhandledPromptBehavior: dismiss and notify}
Session ID: d16431fb3217c0f67d68ed3790a54237
*** Element info: {Using=xpath, value=//div[@class='btn-group o_dropdown show']//button}
2019-10-17 12:18:26,975 [main] WARN com.odoo.webutils.MyTestListener - dltNewCustomer script is failed
2019-10-17 12:18:27,416 [main] INFO com.odoo.webutils.MyTestListener - Screenshot has been taken 
2019-10-17 12:18:29,781 [main] INFO com.odoo.webutils.MyTestListener - Browser Closed
2019-10-17 12:18:30,013 [main] INFO com.odoo.webutils.MyTestListener - ExcelReport generated
2019-10-17 12:18:30,013 [main] INFO com.odoo.webutils.MyTestListener - Framework execution Time Taken: 103.0seconds
2019-10-17 12:18:30,013 [main] INFO com.odoo.webutils.MyTestListener - Framework execution ends
