2019-10-17 10:27:35,814 [main] INFO com.odoo.webutils.MyTestListener - Framework execution starts
2019-10-17 10:27:40,691 [main] INFO com.odoo.webutils.MyTestListener - Browser Launched and maximized
2019-10-17 10:27:44,071 [main] INFO com.odoo.webutils.MyTestListener - createCustomer script execution starts
2019-10-17 10:28:27,968 [main] INFO com.odoo.webutils.MyTestListener - createCustomer script is passed
2019-10-17 10:28:29,438 [main] INFO com.odoo.webutils.MyTestListener - deletecustomerfrompage script execution starts
2019-10-17 10:28:29,532 [main] FATAL com.odoo.webutils.MyTestListener - no such element: Unable to locate element: {"method":"xpath","selector":"//input[@id='login']"}
  (Session info: chrome=77.0.3865.120)
For documentation on this error, please visit: https://www.seleniumhq.org/exceptions/no_such_element.html
Build info: version: '3.141.59', revision: 'e82be7d358', time: '2018-11-14T08:17:03'
System info: host: 'ABC-PC', ip: '192.168.43.236', os.name: 'Windows 7', os.arch: 'amd64', os.version: '6.1', java.version: '1.8.0_201'
Driver info: org.openqa.selenium.chrome.ChromeDriver
Capabilities {acceptInsecureCerts: false, browserName: chrome, browserVersion: 77.0.3865.120, chrome: {chromedriverVersion: 77.0.3865.40 (f484704e052e0..., userDataDir: C:\Users\abc\AppData\Local\...}, goog:chromeOptions: {debuggerAddress: localhost:51427}, javascriptEnabled: true, networkConnectionEnabled: false, pageLoadStrategy: normal, platform: XP, platformName: XP, proxy: Proxy(), setWindowRect: true, strictFileInteractability: false, timeouts: {implicit: 0, pageLoad: 300000, script: 30000}, unhandledPromptBehavior: dismiss and notify}
Session ID: ef1cda3f415189e29b84a57acc539413
*** Element info: {Using=xpath, value=//input[@id='login']}
2019-10-17 10:28:29,542 [main] WARN com.odoo.webutils.MyTestListener - deletecustomerfrompage script is failed
2019-10-17 10:28:29,915 [main] INFO com.odoo.webutils.MyTestListener - Screenshot has been taken 
2019-10-17 10:28:29,928 [main] FATAL com.odoo.webutils.MyTestListener - no such element: Unable to locate element: {"method":"xpath","selector":"//li[@class='o_user_menu']/a"}
  (Session info: chrome=77.0.3865.120)
For documentation on this error, please visit: https://www.seleniumhq.org/exceptions/no_such_element.html
Build info: version: '3.141.59', revision: 'e82be7d358', time: '2018-11-14T08:17:03'
System info: host: 'ABC-PC', ip: '192.168.43.236', os.name: 'Windows 7', os.arch: 'amd64', os.version: '6.1', java.version: '1.8.0_201'
Driver info: org.openqa.selenium.chrome.ChromeDriver
Capabilities {acceptInsecureCerts: false, browserName: chrome, browserVersion: 77.0.3865.120, chrome: {chromedriverVersion: 77.0.3865.40 (f484704e052e0..., userDataDir: C:\Users\abc\AppData\Local\...}, goog:chromeOptions: {debuggerAddress: localhost:51427}, javascriptEnabled: true, networkConnectionEnabled: false, pageLoadStrategy: normal, platform: XP, platformName: XP, proxy: Proxy(), setWindowRect: true, strictFileInteractability: false, timeouts: {implicit: 0, pageLoad: 300000, script: 30000}, unhandledPromptBehavior: dismiss and notify}
Session ID: ef1cda3f415189e29b84a57acc539413
*** Element info: {Using=xpath, value=//li[@class='o_user_menu']/a}
2019-10-17 10:28:30,165 [main] INFO com.odoo.webutils.MyTestListener - ExcelReport generated
2019-10-17 10:28:30,165 [main] INFO com.odoo.webutils.MyTestListener - Framework execution Time Taken: 54.0seconds
2019-10-17 10:28:30,165 [main] INFO com.odoo.webutils.MyTestListener - Framework execution ends
