2019-10-23 12:03:35,229 [main] INFO com.odoo.webutils.MyTestListener - Framework execution starts
2019-10-23 12:03:45,572 [main] INFO com.odoo.webutils.MyTestListener - Browser Launched and maximized
2019-10-23 12:04:01,715 [main] INFO com.odoo.webutils.MyTestListener - createCustomer script execution starts
2019-10-23 12:04:57,307 [main] FATAL com.odoo.webutils.MyTestListener - no such element: Unable to locate element: {"method":"xpath","selector":"//div[@name='name']//input"}
  (Session info: chrome=78.0.3904.70)
For documentation on this error, please visit: https://www.seleniumhq.org/exceptions/no_such_element.html
Build info: version: '3.141.59', revision: 'e82be7d358', time: '2018-11-14T08:17:03'
System info: host: 'LAPTOP-RQOJ408I', ip: '192.168.0.130', os.name: 'Windows 10', os.arch: 'amd64', os.version: '10.0', java.version: '1.8.0_211'
Driver info: org.openqa.selenium.chrome.ChromeDriver
Capabilities {acceptInsecureCerts: false, browserName: chrome, browserVersion: 78.0.3904.70, chrome: {chromedriverVersion: 77.0.3865.40 (f484704e052e0..., userDataDir: C:\Users\ASUS\AppData\Local...}, goog:chromeOptions: {debuggerAddress: localhost:63879}, javascriptEnabled: true, networkConnectionEnabled: false, pageLoadStrategy: normal, platform: XP, platformName: XP, proxy: Proxy(), setWindowRect: true, strictFileInteractability: false, timeouts: {implicit: 0, pageLoad: 300000, script: 30000}, unhandledPromptBehavior: dismiss and notify}
Session ID: 7a422a5a343a1183d45ea40ff8c5aedb
*** Element info: {Using=xpath, value=//div[@name='name']//input}
2019-10-23 12:04:57,821 [main] FATAL com.odoo.webutils.MyTestListener - no such element: Unable to locate element: {"method":"xpath","selector":"//div[@name='name']//input"}
  (Session info: chrome=78.0.3904.70)
For documentation on this error, please visit: https://www.seleniumhq.org/exceptions/no_such_element.html
Build info: version: '3.141.59', revision: 'e82be7d358', time: '2018-11-14T08:17:03'
System info: host: 'LAPTOP-RQOJ408I', ip: '192.168.0.130', os.name: 'Windows 10', os.arch: 'amd64', os.version: '10.0', java.version: '1.8.0_211'
Driver info: org.openqa.selenium.chrome.ChromeDriver
Capabilities {acceptInsecureCerts: false, browserName: chrome, browserVersion: 78.0.3904.70, chrome: {chromedriverVersion: 77.0.3865.40 (f484704e052e0..., userDataDir: C:\Users\ASUS\AppData\Local...}, goog:chromeOptions: {debuggerAddress: localhost:63879}, javascriptEnabled: true, networkConnectionEnabled: false, pageLoadStrategy: normal, platform: XP, platformName: XP, proxy: Proxy(), setWindowRect: true, strictFileInteractability: false, timeouts: {implicit: 0, pageLoad: 300000, script: 30000}, unhandledPromptBehavior: dismiss and notify}
Session ID: 7a422a5a343a1183d45ea40ff8c5aedb
*** Element info: {Using=xpath, value=//div[@name='name']//input}
2019-10-23 12:05:29,964 [main] INFO com.odoo.webutils.MyTestListener - createCustomer script is passed
2019-10-23 12:05:46,875 [main] INFO com.odoo.webutils.MyTestListener - Browser Closed
2019-10-23 12:05:46,971 [main] INFO com.odoo.webutils.MyTestListener - ExcelReport generated
2019-10-23 12:05:46,971 [main] INFO com.odoo.webutils.MyTestListener - Framework execution Time Taken: 131.0seconds
2019-10-23 12:05:46,971 [main] INFO com.odoo.webutils.MyTestListener - Framework execution ends
