2019-10-31 14:19:03,637 [main] INFO com.odoo.webutils.MyTestListener - Framework execution starts
2019-10-31 14:19:17,697 [main] INFO com.odoo.webutils.MyTestListener - Browser Launched and maximized
2019-10-31 14:19:27,423 [main] INFO com.odoo.webutils.MyTestListener - scheduledActivity script execution starts
2019-10-31 14:19:56,764 [main] FATAL com.odoo.webutils.MyTestListener - no such element: Unable to locate element: {"method":"xpath","selector":"//strong[text()='Schedule an activity']"}
  (Session info: chrome=77.0.3865.120)
For documentation on this error, please visit: https://www.seleniumhq.org/exceptions/no_such_element.html
Build info: version: '3.141.59', revision: 'e82be7d358', time: '2018-11-14T08:17:03'
System info: host: 'ALAM-PC', ip: '192.168.43.227', os.name: 'Windows 7', os.arch: 'amd64', os.version: '6.1', java.version: '1.8.0_201'
Driver info: org.openqa.selenium.chrome.ChromeDriver
Capabilities {acceptInsecureCerts: false, browserName: chrome, browserVersion: 77.0.3865.120, chrome: {chromedriverVersion: 77.0.3865.40 (f484704e052e0..., userDataDir: C:\Users\Alam\AppData\Local...}, goog:chromeOptions: {debuggerAddress: localhost:57415}, javascriptEnabled: true, networkConnectionEnabled: false, pageLoadStrategy: normal, platform: XP, platformName: XP, proxy: Proxy(), setWindowRect: true, strictFileInteractability: false, timeouts: {implicit: 0, pageLoad: 300000, script: 30000}, unhandledPromptBehavior: dismiss and notify}
Session ID: 968caa7fb38361c00e066bd025219446
*** Element info: {Using=xpath, value=//strong[text()='Schedule an activity']}
2019-10-31 14:19:56,838 [main] WARN com.odoo.webutils.MyTestListener - scheduledActivity script is failed
2019-10-31 14:19:57,602 [main] INFO com.odoo.webutils.MyTestListener - Screenshot has been taken 
2019-10-31 14:20:18,028 [main] FATAL com.odoo.webutils.MyTestListener - element not interactable
  (Session info: chrome=77.0.3865.120)
Build info: version: '3.141.59', revision: 'e82be7d358', time: '2018-11-14T08:17:03'
System info: host: 'ALAM-PC', ip: '192.168.43.227', os.name: 'Windows 7', os.arch: 'amd64', os.version: '6.1', java.version: '1.8.0_201'
Driver info: org.openqa.selenium.chrome.ChromeDriver
Capabilities {acceptInsecureCerts: false, browserName: chrome, browserVersion: 77.0.3865.120, chrome: {chromedriverVersion: 77.0.3865.40 (f484704e052e0..., userDataDir: C:\Users\Alam\AppData\Local...}, goog:chromeOptions: {debuggerAddress: localhost:57415}, javascriptEnabled: true, networkConnectionEnabled: false, pageLoadStrategy: normal, platform: XP, platformName: XP, proxy: Proxy(), setWindowRect: true, strictFileInteractability: false, timeouts: {implicit: 0, pageLoad: 300000, script: 30000}, unhandledPromptBehavior: dismiss and notify}
Session ID: 968caa7fb38361c00e066bd025219446
2019-10-31 14:20:21,686 [main] INFO com.odoo.webutils.MyTestListener - Browser Closed
2019-10-31 14:20:22,909 [main] INFO com.odoo.webutils.MyTestListener - ExcelReport generated
2019-10-31 14:20:22,910 [main] INFO com.odoo.webutils.MyTestListener - Framework execution Time Taken: 79.0seconds
2019-10-31 14:20:22,910 [main] INFO com.odoo.webutils.MyTestListener - Framework execution ends
