2019-10-18 11:54:36,474 [main] INFO com.odoo.webutils.MyTestListener - Framework execution starts
2019-10-18 11:54:42,153 [main] INFO com.odoo.webutils.MyTestListener - Browser Launched and maximized
2019-10-18 11:54:50,507 [main] INFO com.odoo.webutils.MyTestListener - CreateCustomerTest script execution starts
2019-10-18 11:55:06,964 [main] FATAL com.odoo.webutils.MyTestListener - no such element: Unable to locate element: {"method":"xpath","selector":"(//a[contains(text(),'Sales')])[1]"}
  (Session info: chrome=77.0.3865.120)
For documentation on this error, please visit: https://www.seleniumhq.org/exceptions/no_such_element.html
Build info: version: '3.141.59', revision: 'e82be7d358', time: '2018-11-14T08:17:03'
System info: host: 'PRASHANT-PC', ip: '192.168.43.127', os.name: 'Windows 7', os.arch: 'x86', os.version: '6.1', java.version: '1.8.0_221'
Driver info: org.openqa.selenium.chrome.ChromeDriver
Capabilities {acceptInsecureCerts: false, browserName: chrome, browserVersion: 77.0.3865.120, chrome: {chromedriverVersion: 77.0.3865.40 (f484704e052e0..., userDataDir: C:\Users\prashant\AppData\L...}, goog:chromeOptions: {debuggerAddress: localhost:60676}, javascriptEnabled: true, networkConnectionEnabled: false, pageLoadStrategy: normal, platform: XP, platformName: XP, proxy: Proxy(), setWindowRect: true, strictFileInteractability: false, timeouts: {implicit: 0, pageLoad: 300000, script: 30000}, unhandledPromptBehavior: dismiss and notify}
Session ID: 44351bc9665481b601f061d31660c0c7
*** Element info: {Using=xpath, value=(//a[contains(text(),'Sales')])[1]}
2019-10-18 11:55:06,982 [main] WARN com.odoo.webutils.MyTestListener - CreateCustomerTest script is failed
2019-10-18 11:55:08,890 [main] INFO com.odoo.webutils.MyTestListener - Screenshot has been taken 
2019-10-18 11:55:11,106 [main] INFO com.odoo.webutils.MyTestListener - deleteCustomerTest script execution starts
2019-10-18 11:55:11,313 [main] FATAL com.odoo.webutils.MyTestListener - no such element: Unable to locate element: {"method":"xpath","selector":"//input[@id='login']"}
  (Session info: chrome=77.0.3865.120)
For documentation on this error, please visit: https://www.seleniumhq.org/exceptions/no_such_element.html
Build info: version: '3.141.59', revision: 'e82be7d358', time: '2018-11-14T08:17:03'
System info: host: 'PRASHANT-PC', ip: '192.168.43.127', os.name: 'Windows 7', os.arch: 'x86', os.version: '6.1', java.version: '1.8.0_221'
Driver info: org.openqa.selenium.chrome.ChromeDriver
Capabilities {acceptInsecureCerts: false, browserName: chrome, browserVersion: 77.0.3865.120, chrome: {chromedriverVersion: 77.0.3865.40 (f484704e052e0..., userDataDir: C:\Users\prashant\AppData\L...}, goog:chromeOptions: {debuggerAddress: localhost:60676}, javascriptEnabled: true, networkConnectionEnabled: false, pageLoadStrategy: normal, platform: XP, platformName: XP, proxy: Proxy(), setWindowRect: true, strictFileInteractability: false, timeouts: {implicit: 0, pageLoad: 300000, script: 30000}, unhandledPromptBehavior: dismiss and notify}
Session ID: 44351bc9665481b601f061d31660c0c7
*** Element info: {Using=xpath, value=//input[@id='login']}
2019-10-18 11:55:11,318 [main] WARN com.odoo.webutils.MyTestListener - deleteCustomerTest script is failed
2019-10-18 11:55:11,695 [main] INFO com.odoo.webutils.MyTestListener - Screenshot has been taken 
2019-10-18 11:55:12,631 [main] INFO com.odoo.webutils.MyTestListener - Browser Closed
2019-10-18 11:55:12,944 [main] INFO com.odoo.webutils.MyTestListener - ExcelReport generated
2019-10-18 11:55:12,945 [main] INFO com.odoo.webutils.MyTestListener - Framework execution Time Taken: 36.0seconds
2019-10-18 11:55:12,945 [main] INFO com.odoo.webutils.MyTestListener - Framework execution ends
