2019-10-16 12:10:30,135 [main] INFO com.odoo.webutils.MyTestListener - Framework execution starts
2019-10-16 12:10:40,319 [main] INFO com.odoo.webutils.MyTestListener - Browser Launched and maximized
2019-10-16 12:10:42,176 [main] INFO com.odoo.webutils.MyTestListener - validLoginTest script execution starts
2019-10-16 12:10:42,193 [main] WARN com.odoo.webutils.MyTestListener - validLoginTest script is failed
2019-10-16 12:10:42,874 [main] INFO com.odoo.webutils.MyTestListener - Screenshot has been taken 
2019-10-16 12:10:42,908 [main] FATAL com.odoo.webutils.MyTestListener - no such element: Unable to locate element: {"method":"xpath","selector":"//li[@class='o_user_menu']/a"}
  (Session info: chrome=77.0.3865.120)
For documentation on this error, please visit: https://www.seleniumhq.org/exceptions/no_such_element.html
Build info: version: '3.141.59', revision: 'e82be7d358', time: '2018-11-14T08:17:03'
System info: host: 'LAPTOP-VVD7DET5', ip: '192.168.0.120', os.name: 'Windows 10', os.arch: 'amd64', os.version: '10.0', java.version: '1.8.0_201'
Driver info: org.openqa.selenium.chrome.ChromeDriver
Capabilities {acceptInsecureCerts: false, browserName: chrome, browserVersion: 77.0.3865.120, chrome: {chromedriverVersion: 77.0.3865.40 (f484704e052e0..., userDataDir: C:\Users\HP\AppData\Local\T...}, goog:chromeOptions: {debuggerAddress: localhost:49498}, javascriptEnabled: true, networkConnectionEnabled: false, pageLoadStrategy: normal, platform: XP, platformName: XP, proxy: Proxy(), setWindowRect: true, strictFileInteractability: false, timeouts: {implicit: 0, pageLoad: 300000, script: 30000}, unhandledPromptBehavior: dismiss and notify}
Session ID: 4b87d3135345987b9bc71d37b41e47d2
*** Element info: {Using=xpath, value=//li[@class='o_user_menu']/a}
2019-10-16 12:10:42,937 [main] INFO com.odoo.webutils.MyTestListener - createCustomer script execution starts
2019-10-16 12:10:42,941 [main] INFO com.odoo.webutils.MyTestListener - createCustomer script is skipped
2019-10-16 12:10:42,951 [main] INFO com.odoo.webutils.MyTestListener - createOppExitingCus script execution starts
2019-10-16 12:10:42,954 [main] INFO com.odoo.webutils.MyTestListener - createOppExitingCus script is skipped
2019-10-16 12:10:43,731 [main] INFO com.odoo.webutils.MyTestListener - Browser Closed
2019-10-16 12:10:44,297 [main] INFO com.odoo.webutils.MyTestListener - ExcelReport generated
2019-10-16 12:10:44,297 [main] INFO com.odoo.webutils.MyTestListener - Framework execution Time Taken: 14.0seconds
2019-10-16 12:10:44,297 [main] INFO com.odoo.webutils.MyTestListener - Framework execution ends
