2019-10-15 15:31:50,051 [main] INFO com.odoo.webutils.MyTestListener - Framework execution starts
2019-10-15 15:31:55,693 [main] INFO com.odoo.webutils.MyTestListener - Browser Launched and maximized
2019-10-15 15:32:21,378 [main] INFO com.odoo.webutils.MyTestListener - CreateCustomerTest script execution starts
2019-10-15 15:32:45,439 [main] FATAL com.odoo.webutils.MyTestListener - no such element: Unable to locate element: {"method":"xpath","selector":"//div[text()='CRM']"}
  (Session info: chrome=77.0.3865.120)
For documentation on this error, please visit: https://www.seleniumhq.org/exceptions/no_such_element.html
Build info: version: '3.141.59', revision: 'e82be7d358', time: '2018-11-14T08:17:03'
System info: host: 'PRASHANT-PC', ip: '192.168.43.127', os.name: 'Windows 7', os.arch: 'x86', os.version: '6.1', java.version: '1.8.0_221'
Driver info: org.openqa.selenium.chrome.ChromeDriver
Capabilities {acceptInsecureCerts: false, browserName: chrome, browserVersion: 77.0.3865.120, chrome: {chromedriverVersion: 77.0.3865.40 (f484704e052e0..., userDataDir: C:\Users\prashant\AppData\L...}, goog:chromeOptions: {debuggerAddress: localhost:49746}, javascriptEnabled: true, networkConnectionEnabled: false, pageLoadStrategy: normal, platform: XP, platformName: XP, proxy: Proxy(), setWindowRect: true, strictFileInteractability: false, timeouts: {implicit: 0, pageLoad: 300000, script: 30000}, unhandledPromptBehavior: dismiss and notify}
Session ID: 570dda82e0c27a1208251430b2f171d3
*** Element info: {Using=xpath, value=//div[text()='CRM']}
2019-10-15 15:32:45,464 [main] WARN com.odoo.webutils.MyTestListener - CreateCustomerTest script is failed
2019-10-15 15:32:45,949 [main] INFO com.odoo.webutils.MyTestListener - Screenshot has been taken 
2019-10-15 15:32:45,993 [main] FATAL com.odoo.webutils.MyTestListener - no such element: Unable to locate element: {"method":"xpath","selector":"//li[@class='o_user_menu']/a"}
  (Session info: chrome=77.0.3865.120)
For documentation on this error, please visit: https://www.seleniumhq.org/exceptions/no_such_element.html
Build info: version: '3.141.59', revision: 'e82be7d358', time: '2018-11-14T08:17:03'
System info: host: 'PRASHANT-PC', ip: '192.168.43.127', os.name: 'Windows 7', os.arch: 'x86', os.version: '6.1', java.version: '1.8.0_221'
Driver info: org.openqa.selenium.chrome.ChromeDriver
Capabilities {acceptInsecureCerts: false, browserName: chrome, browserVersion: 77.0.3865.120, chrome: {chromedriverVersion: 77.0.3865.40 (f484704e052e0..., userDataDir: C:\Users\prashant\AppData\L...}, goog:chromeOptions: {debuggerAddress: localhost:49746}, javascriptEnabled: true, networkConnectionEnabled: false, pageLoadStrategy: normal, platform: XP, platformName: XP, proxy: Proxy(), setWindowRect: true, strictFileInteractability: false, timeouts: {implicit: 0, pageLoad: 300000, script: 30000}, unhandledPromptBehavior: dismiss and notify}
Session ID: 570dda82e0c27a1208251430b2f171d3
*** Element info: {Using=xpath, value=//li[@class='o_user_menu']/a}
2019-10-15 15:32:47,130 [main] INFO com.odoo.webutils.MyTestListener - Browser Closed
2019-10-15 15:32:47,575 [main] INFO com.odoo.webutils.MyTestListener - ExcelReport generated
2019-10-15 15:32:47,575 [main] INFO com.odoo.webutils.MyTestListener - Framework execution Time Taken: 57.0seconds
2019-10-15 15:32:47,576 [main] INFO com.odoo.webutils.MyTestListener - Framework execution ends
