2019-10-17 12:32:21,063 [main] INFO com.odoo.webutils.MyTestListener - Framework execution starts
2019-10-17 12:32:27,806 [main] INFO com.odoo.webutils.MyTestListener - Browser Launched and maximized
2019-10-17 12:32:33,394 [main] INFO com.odoo.webutils.MyTestListener - CreateCustomerTest script execution starts
2019-10-17 12:33:15,306 [main] FATAL com.odoo.webutils.MyTestListener - no such element: Unable to locate element: {"method":"xpath","selector":"(//span[contains(text(),'Ok')])"}
  (Session info: chrome=77.0.3865.120)
For documentation on this error, please visit: https://www.seleniumhq.org/exceptions/no_such_element.html
Build info: version: '3.141.59', revision: 'e82be7d358', time: '2018-11-14T08:17:03'
System info: host: 'PRASHANT-PC', ip: '192.168.0.117', os.name: 'Windows 7', os.arch: 'x86', os.version: '6.1', java.version: '1.8.0_221'
Driver info: org.openqa.selenium.chrome.ChromeDriver
Capabilities {acceptInsecureCerts: false, browserName: chrome, browserVersion: 77.0.3865.120, chrome: {chromedriverVersion: 77.0.3865.40 (f484704e052e0..., userDataDir: C:\Users\prashant\AppData\L...}, goog:chromeOptions: {debuggerAddress: localhost:52851}, javascriptEnabled: true, networkConnectionEnabled: false, pageLoadStrategy: normal, platform: XP, platformName: XP, proxy: Proxy(), setWindowRect: true, strictFileInteractability: false, timeouts: {implicit: 0, pageLoad: 300000, script: 30000}, unhandledPromptBehavior: dismiss and notify}
Session ID: 5a7a5d98f6b6240f1eeed22a246d6802
*** Element info: {Using=xpath, value=(//span[contains(text(),'Ok')])}
2019-10-17 12:33:15,321 [main] WARN com.odoo.webutils.MyTestListener - CreateCustomerTest script is failed
2019-10-17 12:33:16,180 [main] INFO com.odoo.webutils.MyTestListener - Screenshot has been taken 
2019-10-17 12:33:20,381 [main] FATAL com.odoo.webutils.MyTestListener - element click intercepted: Element <a aria-expanded="false" class="dropdown-toggle" data-display="static" data-toggle="dropdown" href="#" role="button">...</a> is not clickable at point (1241, 23). Other element would receive the click: <div role="dialog" class="modal o_technical_modal show" tabindex="-1" data-backdrop="static" id="modal_309" open="open" aria-modal="true" style="display: block;">...</div>
  (Session info: chrome=77.0.3865.120)
Build info: version: '3.141.59', revision: 'e82be7d358', time: '2018-11-14T08:17:03'
System info: host: 'PRASHANT-PC', ip: '192.168.0.117', os.name: 'Windows 7', os.arch: 'x86', os.version: '6.1', java.version: '1.8.0_221'
Driver info: org.openqa.selenium.chrome.ChromeDriver
Capabilities {acceptInsecureCerts: false, browserName: chrome, browserVersion: 77.0.3865.120, chrome: {chromedriverVersion: 77.0.3865.40 (f484704e052e0..., userDataDir: C:\Users\prashant\AppData\L...}, goog:chromeOptions: {debuggerAddress: localhost:52851}, javascriptEnabled: true, networkConnectionEnabled: false, pageLoadStrategy: normal, platform: XP, platformName: XP, proxy: Proxy(), setWindowRect: true, strictFileInteractability: false, timeouts: {implicit: 0, pageLoad: 300000, script: 30000}, unhandledPromptBehavior: dismiss and notify}
Session ID: 5a7a5d98f6b6240f1eeed22a246d6802
2019-10-17 12:33:21,865 [main] INFO com.odoo.webutils.MyTestListener - Browser Closed
2019-10-17 12:33:22,615 [main] INFO com.odoo.webutils.MyTestListener - ExcelReport generated
2019-10-17 12:33:22,615 [main] INFO com.odoo.webutils.MyTestListener - Framework execution Time Taken: 61.0seconds
2019-10-17 12:33:22,615 [main] INFO com.odoo.webutils.MyTestListener - Framework execution ends
