2019-10-16 11:14:10,268 [main] INFO com.odoo.webutils.MyTestListener - Framework execution starts
2019-10-16 11:14:17,270 [main] INFO com.odoo.webutils.MyTestListener - Browser Launched and maximized
2019-10-16 11:14:20,830 [main] INFO com.odoo.webutils.MyTestListener - newCustomer script execution starts
2019-10-16 11:14:48,047 [main] FATAL com.odoo.webutils.MyTestListener - no such element: Unable to locate element: {"method":"xpath","selector":"//div[text()='CRM']"}
  (Session info: chrome=77.0.3865.120)
For documentation on this error, please visit: https://www.seleniumhq.org/exceptions/no_such_element.html
Build info: version: '3.141.59', revision: 'e82be7d358', time: '2018-11-14T08:17:03'
System info: host: 'DESKTOP-6TFCGIK', ip: '192.168.0.102', os.name: 'Windows 10', os.arch: 'amd64', os.version: '10.0', java.version: '1.8.0_221'
Driver info: org.openqa.selenium.chrome.ChromeDriver
Capabilities {acceptInsecureCerts: false, browserName: chrome, browserVersion: 77.0.3865.120, chrome: {chromedriverVersion: 77.0.3865.40 (f484704e052e0..., userDataDir: C:\Users\dell\AppData\Local...}, goog:chromeOptions: {debuggerAddress: localhost:51460}, javascriptEnabled: true, networkConnectionEnabled: false, pageLoadStrategy: normal, platform: XP, platformName: XP, proxy: Proxy(), setWindowRect: true, strictFileInteractability: false, timeouts: {implicit: 0, pageLoad: 300000, script: 30000}, unhandledPromptBehavior: dismiss and notify}
Session ID: 886afe2b99f66b3023532a043f12a251
*** Element info: {Using=xpath, value=//div[text()='CRM']}
2019-10-16 11:14:48,568 [main] FATAL com.odoo.webutils.MyTestListener - no such element: Unable to locate element: {"method":"xpath","selector":"//div[text()='CRM']"}
  (Session info: chrome=77.0.3865.120)
For documentation on this error, please visit: https://www.seleniumhq.org/exceptions/no_such_element.html
Build info: version: '3.141.59', revision: 'e82be7d358', time: '2018-11-14T08:17:03'
System info: host: 'DESKTOP-6TFCGIK', ip: '192.168.0.102', os.name: 'Windows 10', os.arch: 'amd64', os.version: '10.0', java.version: '1.8.0_221'
Driver info: org.openqa.selenium.chrome.ChromeDriver
Capabilities {acceptInsecureCerts: false, browserName: chrome, browserVersion: 77.0.3865.120, chrome: {chromedriverVersion: 77.0.3865.40 (f484704e052e0..., userDataDir: C:\Users\dell\AppData\Local...}, goog:chromeOptions: {debuggerAddress: localhost:51460}, javascriptEnabled: true, networkConnectionEnabled: false, pageLoadStrategy: normal, platform: XP, platformName: XP, proxy: Proxy(), setWindowRect: true, strictFileInteractability: false, timeouts: {implicit: 0, pageLoad: 300000, script: 30000}, unhandledPromptBehavior: dismiss and notify}
Session ID: 886afe2b99f66b3023532a043f12a251
*** Element info: {Using=xpath, value=//div[text()='CRM']}
2019-10-16 11:15:22,444 [main] INFO com.odoo.webutils.MyTestListener - newCustomer script is passed
2019-10-16 11:15:23,439 [main] INFO com.odoo.webutils.MyTestListener - Browser Closed
2019-10-16 11:15:24,020 [main] INFO com.odoo.webutils.MyTestListener - ExcelReport generated
2019-10-16 11:15:24,021 [main] INFO com.odoo.webutils.MyTestListener - Framework execution Time Taken: 73.0seconds
2019-10-16 11:15:24,021 [main] INFO com.odoo.webutils.MyTestListener - Framework execution ends
