2019-10-26 11:46:25,228 [main] INFO com.odoo.webutils.MyTestListener - Framework execution starts
2019-10-26 11:46:32,596 [main] INFO com.odoo.webutils.MyTestListener - Browser Launched and maximized
2019-10-26 11:46:40,536 [main] INFO com.odoo.webutils.MyTestListener - createOpportunity script execution starts
2019-10-26 11:48:02,831 [main] FATAL com.odoo.webutils.MyTestListener - element not interactable
  (Session info: chrome=77.0.3865.120)
Build info: version: '3.141.59', revision: 'e82be7d358', time: '2018-11-14T08:17:03'
System info: host: 'ALAM-PC', ip: '192.168.43.227', os.name: 'Windows 7', os.arch: 'amd64', os.version: '6.1', java.version: '1.8.0_201'
Driver info: org.openqa.selenium.chrome.ChromeDriver
Capabilities {acceptInsecureCerts: false, browserName: chrome, browserVersion: 77.0.3865.120, chrome: {chromedriverVersion: 77.0.3865.40 (f484704e052e0..., userDataDir: C:\Users\Alam\AppData\Local...}, goog:chromeOptions: {debuggerAddress: localhost:63199}, javascriptEnabled: true, networkConnectionEnabled: false, pageLoadStrategy: normal, platform: XP, platformName: XP, proxy: Proxy(), setWindowRect: true, strictFileInteractability: false, timeouts: {implicit: 0, pageLoad: 300000, script: 30000}, unhandledPromptBehavior: dismiss and notify}
Session ID: df2cfcb25bc36f31d2c9fe96255aa156
2019-10-26 11:48:02,915 [main] WARN com.odoo.webutils.MyTestListener - createOpportunity script is failed
2019-10-26 11:48:03,809 [main] INFO com.odoo.webutils.MyTestListener - Screenshot has been taken 
2019-10-26 11:48:13,987 [main] FATAL com.odoo.webutils.MyTestListener - element click intercepted: Element <a aria-expanded="false" class="dropdown-toggle" data-display="static" data-toggle="dropdown" href="#" role="button">...</a> is not clickable at point (1263, 23). Other element would receive the click: <div role="dialog" class="modal o_technical_modal show" tabindex="-1" data-backdrop="static" id="modal_355" open="open" aria-modal="true" style="display: block;">...</div>
  (Session info: chrome=77.0.3865.120)
Build info: version: '3.141.59', revision: 'e82be7d358', time: '2018-11-14T08:17:03'
System info: host: 'ALAM-PC', ip: '192.168.43.227', os.name: 'Windows 7', os.arch: 'amd64', os.version: '6.1', java.version: '1.8.0_201'
Driver info: org.openqa.selenium.chrome.ChromeDriver
Capabilities {acceptInsecureCerts: false, browserName: chrome, browserVersion: 77.0.3865.120, chrome: {chromedriverVersion: 77.0.3865.40 (f484704e052e0..., userDataDir: C:\Users\Alam\AppData\Local...}, goog:chromeOptions: {debuggerAddress: localhost:63199}, javascriptEnabled: true, networkConnectionEnabled: false, pageLoadStrategy: normal, platform: XP, platformName: XP, proxy: Proxy(), setWindowRect: true, strictFileInteractability: false, timeouts: {implicit: 0, pageLoad: 300000, script: 30000}, unhandledPromptBehavior: dismiss and notify}
Session ID: df2cfcb25bc36f31d2c9fe96255aa156
2019-10-26 11:48:17,637 [main] INFO com.odoo.webutils.MyTestListener - Browser Closed
2019-10-26 11:48:18,457 [main] INFO com.odoo.webutils.MyTestListener - ExcelReport generated
2019-10-26 11:48:18,457 [main] INFO com.odoo.webutils.MyTestListener - Framework execution Time Taken: 113.0seconds
2019-10-26 11:48:18,458 [main] INFO com.odoo.webutils.MyTestListener - Framework execution ends
