2019-10-20 18:07:56,657 [main] INFO com.odoo.webutils.MyTestListener - Framework execution starts
2019-10-20 18:08:06,639 [main] INFO com.odoo.webutils.MyTestListener - Browser Launched and maximized
2019-10-20 18:08:10,404 [main] INFO com.odoo.webutils.MyTestListener - createSalesTeam script execution starts
2019-10-20 18:09:14,464 [main] FATAL com.odoo.webutils.MyTestListener - element not interactable
  (Session info: chrome=77.0.3865.120)
Build info: version: '3.141.59', revision: 'e82be7d358', time: '2018-11-14T08:17:03'
System info: host: 'LAPTOP-RQOJ408I', ip: '192.168.0.110', os.name: 'Windows 10', os.arch: 'amd64', os.version: '10.0', java.version: '1.8.0_211'
Driver info: org.openqa.selenium.chrome.ChromeDriver
Capabilities {acceptInsecureCerts: false, browserName: chrome, browserVersion: 77.0.3865.120, chrome: {chromedriverVersion: 77.0.3865.40 (f484704e052e0..., userDataDir: C:\Users\ASUS\AppData\Local...}, goog:chromeOptions: {debuggerAddress: localhost:49578}, javascriptEnabled: true, networkConnectionEnabled: false, pageLoadStrategy: normal, platform: XP, platformName: XP, proxy: Proxy(), setWindowRect: true, strictFileInteractability: false, timeouts: {implicit: 0, pageLoad: 300000, script: 30000}, unhandledPromptBehavior: dismiss and notify}
Session ID: 3842e49c107a9f2abe64484646562f1a
2019-10-20 18:09:14,468 [main] WARN com.odoo.webutils.MyTestListener - createSalesTeam script is failed
2019-10-20 18:09:14,827 [main] INFO com.odoo.webutils.MyTestListener - Screenshot has been taken 
2019-10-20 18:09:24,957 [main] FATAL com.odoo.webutils.MyTestListener - element not interactable
  (Session info: chrome=77.0.3865.120)
Build info: version: '3.141.59', revision: 'e82be7d358', time: '2018-11-14T08:17:03'
System info: host: 'LAPTOP-RQOJ408I', ip: '192.168.0.110', os.name: 'Windows 10', os.arch: 'amd64', os.version: '10.0', java.version: '1.8.0_211'
Driver info: org.openqa.selenium.chrome.ChromeDriver
Capabilities {acceptInsecureCerts: false, browserName: chrome, browserVersion: 77.0.3865.120, chrome: {chromedriverVersion: 77.0.3865.40 (f484704e052e0..., userDataDir: C:\Users\ASUS\AppData\Local...}, goog:chromeOptions: {debuggerAddress: localhost:49578}, javascriptEnabled: true, networkConnectionEnabled: false, pageLoadStrategy: normal, platform: XP, platformName: XP, proxy: Proxy(), setWindowRect: true, strictFileInteractability: false, timeouts: {implicit: 0, pageLoad: 300000, script: 30000}, unhandledPromptBehavior: dismiss and notify}
Session ID: 3842e49c107a9f2abe64484646562f1a
2019-10-20 18:09:29,913 [main] INFO com.odoo.webutils.MyTestListener - Browser Closed
2019-10-20 18:09:29,978 [main] INFO com.odoo.webutils.MyTestListener - ExcelReport generated
2019-10-20 18:09:29,978 [main] INFO com.odoo.webutils.MyTestListener - Framework execution Time Taken: 93.0seconds
2019-10-20 18:09:29,978 [main] INFO com.odoo.webutils.MyTestListener - Framework execution ends
