2019-10-15 16:38:22,963 [main] INFO com.odoo.webutils.MyTestListener - Framework execution starts
2019-10-15 16:38:33,552 [main] INFO com.odoo.webutils.MyTestListener - Browser Launched and maximized
2019-10-15 16:38:36,423 [main] INFO com.odoo.webutils.MyTestListener - validLoginTest script execution starts
2019-10-15 16:38:57,402 [main] FATAL com.odoo.webutils.MyTestListener - no such element: Unable to locate element: {"method":"xpath","selector":"//div[text()='CRM']"}
  (Session info: chrome=77.0.3865.120)
For documentation on this error, please visit: https://www.seleniumhq.org/exceptions/no_such_element.html
Build info: version: '3.141.59', revision: 'e82be7d358', time: '2018-11-14T08:17:03'
System info: host: 'LAPTOP-VVD7DET5', ip: '192.168.0.120', os.name: 'Windows 10', os.arch: 'amd64', os.version: '10.0', java.version: '1.8.0_201'
Driver info: org.openqa.selenium.chrome.ChromeDriver
Capabilities {acceptInsecureCerts: false, browserName: chrome, browserVersion: 77.0.3865.120, chrome: {chromedriverVersion: 77.0.3865.40 (f484704e052e0..., userDataDir: C:\Users\HP\AppData\Local\T...}, goog:chromeOptions: {debuggerAddress: localhost:62602}, javascriptEnabled: true, networkConnectionEnabled: false, pageLoadStrategy: normal, platform: XP, platformName: XP, proxy: Proxy(), setWindowRect: true, strictFileInteractability: false, timeouts: {implicit: 0, pageLoad: 300000, script: 30000}, unhandledPromptBehavior: dismiss and notify}
Session ID: 7f50308296a5baad434ac7ff8e72889d
*** Element info: {Using=xpath, value=//div[text()='CRM']}
2019-10-15 16:38:58,031 [main] WARN com.odoo.webutils.MyTestListener - validLoginTest script is failed
2019-10-15 16:38:58,668 [main] INFO com.odoo.webutils.MyTestListener - Screenshot has been taken 
2019-10-15 16:39:00,419 [main] INFO com.odoo.webutils.MyTestListener - createCustomer script execution starts
2019-10-15 16:39:41,716 [main] INFO com.odoo.webutils.MyTestListener - createCustomer script is passed
2019-10-15 16:39:43,206 [main] INFO com.odoo.webutils.MyTestListener - createOppExitingCus script execution starts
2019-10-15 16:40:05,901 [main] WARN com.odoo.webutils.MyTestListener - createOppExitingCus script is failed
2019-10-15 16:40:06,196 [main] INFO com.odoo.webutils.MyTestListener - Screenshot has been taken 
2019-10-15 16:40:09,058 [main] INFO com.odoo.webutils.MyTestListener - Browser Closed
2019-10-15 16:40:09,277 [main] INFO com.odoo.webutils.MyTestListener - ExcelReport generated
2019-10-15 16:40:09,278 [main] INFO com.odoo.webutils.MyTestListener - Framework execution Time Taken: 106.0seconds
2019-10-15 16:40:09,278 [main] INFO com.odoo.webutils.MyTestListener - Framework execution ends
