2019-10-22 14:17:26,416 [main] INFO com.odoo.webutils.MyTestListener - Framework execution starts
2019-10-22 14:17:32,380 [main] INFO com.odoo.webutils.MyTestListener - Browser Launched and maximized
2019-10-22 14:17:39,532 [main] INFO com.odoo.webutils.MyTestListener - dltSalesTeam script execution starts
2019-10-22 14:18:57,896 [main] FATAL com.odoo.webutils.MyTestListener - no such element: Unable to locate element: {"method":"xpath","selector":"//span[text()='Ok']"}
  (Session info: chrome=77.0.3865.120)
For documentation on this error, please visit: https://www.seleniumhq.org/exceptions/no_such_element.html
Build info: version: '3.141.59', revision: 'e82be7d358', time: '2018-11-14T08:17:03'
System info: host: 'ALAM-PC', ip: '192.168.0.117', os.name: 'Windows 7', os.arch: 'amd64', os.version: '6.1', java.version: '1.8.0_201'
Driver info: org.openqa.selenium.chrome.ChromeDriver
Capabilities {acceptInsecureCerts: false, browserName: chrome, browserVersion: 77.0.3865.120, chrome: {chromedriverVersion: 77.0.3865.40 (f484704e052e0..., userDataDir: C:\Users\Alam\AppData\Local...}, goog:chromeOptions: {debuggerAddress: localhost:53464}, javascriptEnabled: true, networkConnectionEnabled: false, pageLoadStrategy: normal, platform: XP, platformName: XP, proxy: Proxy(), setWindowRect: true, strictFileInteractability: false, timeouts: {implicit: 0, pageLoad: 300000, script: 30000}, unhandledPromptBehavior: dismiss and notify}
Session ID: b88df7977775e2950aac881a5ebf4e52
*** Element info: {Using=xpath, value=//span[text()='Ok']}
2019-10-22 14:18:57,910 [main] WARN com.odoo.webutils.MyTestListener - dltSalesTeam script is failed
2019-10-22 14:18:58,680 [main] INFO com.odoo.webutils.MyTestListener - Screenshot has been taken 
2019-10-22 14:19:03,849 [main] FATAL com.odoo.webutils.MyTestListener - element click intercepted: Element <a aria-expanded="false" class="dropdown-toggle" data-display="static" data-toggle="dropdown" href="#" role="button">...</a> is not clickable at point (1263, 23). Other element would receive the click: <div role="dialog" class="modal o_technical_modal show" tabindex="-1" data-backdrop="static" id="modal_187" open="open" aria-modal="true" style="display: block;">...</div>
  (Session info: chrome=77.0.3865.120)
Build info: version: '3.141.59', revision: 'e82be7d358', time: '2018-11-14T08:17:03'
System info: host: 'ALAM-PC', ip: '192.168.0.117', os.name: 'Windows 7', os.arch: 'amd64', os.version: '6.1', java.version: '1.8.0_201'
Driver info: org.openqa.selenium.chrome.ChromeDriver
Capabilities {acceptInsecureCerts: false, browserName: chrome, browserVersion: 77.0.3865.120, chrome: {chromedriverVersion: 77.0.3865.40 (f484704e052e0..., userDataDir: C:\Users\Alam\AppData\Local...}, goog:chromeOptions: {debuggerAddress: localhost:53464}, javascriptEnabled: true, networkConnectionEnabled: false, pageLoadStrategy: normal, platform: XP, platformName: XP, proxy: Proxy(), setWindowRect: true, strictFileInteractability: false, timeouts: {implicit: 0, pageLoad: 300000, script: 30000}, unhandledPromptBehavior: dismiss and notify}
Session ID: b88df7977775e2950aac881a5ebf4e52
2019-10-22 14:19:06,674 [main] INFO com.odoo.webutils.MyTestListener - Browser Closed
2019-10-22 14:19:07,062 [main] INFO com.odoo.webutils.MyTestListener - ExcelReport generated
2019-10-22 14:19:07,063 [main] INFO com.odoo.webutils.MyTestListener - Framework execution Time Taken: 100.0seconds
2019-10-22 14:19:07,064 [main] INFO com.odoo.webutils.MyTestListener - Framework execution ends
