2019-10-19 17:58:25,611 [main] INFO com.odoo.webutils.MyTestListener - Framework execution starts
2019-10-19 17:58:30,864 [main] INFO com.odoo.webutils.MyTestListener - Browser Launched and maximized
2019-10-19 17:58:38,119 [main] INFO com.odoo.webutils.MyTestListener - createOpportunity script execution starts
2019-10-19 17:59:38,598 [main] FATAL com.odoo.webutils.MyTestListener - element not interactable
  (Session info: chrome=77.0.3865.120)
Build info: version: '3.141.59', revision: 'e82be7d358', time: '2018-11-14T08:17:03'
System info: host: 'ADARSH', ip: '192.168.1.2', os.name: 'Windows 8', os.arch: 'amd64', os.version: '6.2', java.version: '1.8.0_201'
Driver info: org.openqa.selenium.chrome.ChromeDriver
Capabilities {acceptInsecureCerts: false, browserName: chrome, browserVersion: 77.0.3865.120, chrome: {chromedriverVersion: 77.0.3865.40 (f484704e052e0..., userDataDir: C:\Users\ANSHU\AppData\Loca...}, goog:chromeOptions: {debuggerAddress: localhost:51816}, javascriptEnabled: true, networkConnectionEnabled: false, pageLoadStrategy: normal, platform: XP, platformName: XP, proxy: Proxy(), setWindowRect: true, strictFileInteractability: false, timeouts: {implicit: 0, pageLoad: 300000, script: 30000}, unhandledPromptBehavior: dismiss and notify}
Session ID: f225ef9ca7b3c537f77b09f580006939
2019-10-19 17:59:38,611 [main] WARN com.odoo.webutils.MyTestListener - createOpportunity script is failed
2019-10-19 17:59:39,090 [main] INFO com.odoo.webutils.MyTestListener - Screenshot has been taken 
2019-10-19 17:59:44,231 [main] FATAL com.odoo.webutils.MyTestListener - element click intercepted: Element <a aria-expanded="false" class="dropdown-toggle" data-display="static" data-toggle="dropdown" href="#" role="button">...</a> is not clickable at point (1261, 23). Other element would receive the click: <div role="dialog" class="modal o_technical_modal show" tabindex="-1" data-backdrop="static" id="modal_135" open="open" aria-modal="true" style="display: block;">...</div>
  (Session info: chrome=77.0.3865.120)
Build info: version: '3.141.59', revision: 'e82be7d358', time: '2018-11-14T08:17:03'
System info: host: 'ADARSH', ip: '192.168.1.2', os.name: 'Windows 8', os.arch: 'amd64', os.version: '6.2', java.version: '1.8.0_201'
Driver info: org.openqa.selenium.chrome.ChromeDriver
Capabilities {acceptInsecureCerts: false, browserName: chrome, browserVersion: 77.0.3865.120, chrome: {chromedriverVersion: 77.0.3865.40 (f484704e052e0..., userDataDir: C:\Users\ANSHU\AppData\Loca...}, goog:chromeOptions: {debuggerAddress: localhost:51816}, javascriptEnabled: true, networkConnectionEnabled: false, pageLoadStrategy: normal, platform: XP, platformName: XP, proxy: Proxy(), setWindowRect: true, strictFileInteractability: false, timeouts: {implicit: 0, pageLoad: 300000, script: 30000}, unhandledPromptBehavior: dismiss and notify}
Session ID: f225ef9ca7b3c537f77b09f580006939
2019-10-19 17:59:47,983 [main] INFO com.odoo.webutils.MyTestListener - Browser Closed
2019-10-19 17:59:48,228 [main] INFO com.odoo.webutils.MyTestListener - ExcelReport generated
2019-10-19 17:59:48,228 [main] INFO com.odoo.webutils.MyTestListener - Framework execution Time Taken: 82.0seconds
2019-10-19 17:59:48,232 [main] INFO com.odoo.webutils.MyTestListener - Framework execution ends
