2019-10-15 14:41:19,897 [main] INFO com.odoo.webutils.MyTestListener - Framework execution starts
2019-10-15 14:41:26,425 [main] INFO com.odoo.webutils.MyTestListener - Browser Launched and maximized
2019-10-15 14:41:39,665 [main] INFO com.odoo.webutils.MyTestListener - CreateCustomerTest script execution starts
2019-10-15 14:41:48,877 [main] FATAL com.odoo.webutils.MyTestListener - no such element: Unable to locate element: {"method":"xpath","selector":"//div[text()='CRM']"}
  (Session info: chrome=77.0.3865.120)
For documentation on this error, please visit: https://www.seleniumhq.org/exceptions/no_such_element.html
Build info: version: '3.141.59', revision: 'e82be7d358', time: '2018-11-14T08:17:03'
System info: host: 'PRASHANT-PC', ip: '192.168.43.127', os.name: 'Windows 7', os.arch: 'x86', os.version: '6.1', java.version: '1.8.0_221'
Driver info: org.openqa.selenium.chrome.ChromeDriver
Capabilities {acceptInsecureCerts: false, browserName: chrome, browserVersion: 77.0.3865.120, chrome: {chromedriverVersion: 77.0.3865.40 (f484704e052e0..., userDataDir: C:\Users\prashant\AppData\L...}, goog:chromeOptions: {debuggerAddress: localhost:49424}, javascriptEnabled: true, networkConnectionEnabled: false, pageLoadStrategy: normal, platform: XP, platformName: XP, proxy: Proxy(), setWindowRect: true, strictFileInteractability: false, timeouts: {implicit: 0, pageLoad: 300000, script: 30000}, unhandledPromptBehavior: dismiss and notify}
Session ID: d0f35a71eff88e54d1c39d17dede34a0
*** Element info: {Using=xpath, value=//div[text()='CRM']}
2019-10-15 14:41:48,893 [main] WARN com.odoo.webutils.MyTestListener - CreateCustomerTest script is failed
2019-10-15 14:41:49,277 [main] INFO com.odoo.webutils.MyTestListener - Screenshot has been taken 
2019-10-15 14:41:49,311 [main] FATAL com.odoo.webutils.MyTestListener - no such element: Unable to locate element: {"method":"xpath","selector":"//li[@class='o_user_menu']/a"}
  (Session info: chrome=77.0.3865.120)
For documentation on this error, please visit: https://www.seleniumhq.org/exceptions/no_such_element.html
Build info: version: '3.141.59', revision: 'e82be7d358', time: '2018-11-14T08:17:03'
System info: host: 'PRASHANT-PC', ip: '192.168.43.127', os.name: 'Windows 7', os.arch: 'x86', os.version: '6.1', java.version: '1.8.0_221'
Driver info: org.openqa.selenium.chrome.ChromeDriver
Capabilities {acceptInsecureCerts: false, browserName: chrome, browserVersion: 77.0.3865.120, chrome: {chromedriverVersion: 77.0.3865.40 (f484704e052e0..., userDataDir: C:\Users\prashant\AppData\L...}, goog:chromeOptions: {debuggerAddress: localhost:49424}, javascriptEnabled: true, networkConnectionEnabled: false, pageLoadStrategy: normal, platform: XP, platformName: XP, proxy: Proxy(), setWindowRect: true, strictFileInteractability: false, timeouts: {implicit: 0, pageLoad: 300000, script: 30000}, unhandledPromptBehavior: dismiss and notify}
Session ID: d0f35a71eff88e54d1c39d17dede34a0
*** Element info: {Using=xpath, value=//li[@class='o_user_menu']/a}
2019-10-15 14:41:52,253 [main] INFO com.odoo.webutils.MyTestListener - Browser Closed
2019-10-15 14:41:52,734 [main] INFO com.odoo.webutils.MyTestListener - ExcelReport generated
2019-10-15 14:41:52,735 [main] INFO com.odoo.webutils.MyTestListener - Framework execution Time Taken: 33.0seconds
2019-10-15 14:41:52,736 [main] INFO com.odoo.webutils.MyTestListener - Framework execution ends
