2019-10-26 17:10:26,358 [main] INFO com.odoo.webutils.MyTestListener - Framework execution starts
2019-10-26 17:10:32,855 [main] INFO com.odoo.webutils.MyTestListener - Browser Launched and maximized
2019-10-26 17:10:36,703 [main] INFO com.odoo.webutils.MyTestListener - createOpportunity script execution starts
2019-10-26 17:12:03,433 [main] FATAL com.odoo.webutils.MyTestListener - element click intercepted: Element <input class="o_input" placeholder="" type="text" id="o_field_input_233"> is not clickable at point (132, 360). Other element would receive the click: <div role="dialog" class="modal o_technical_modal show" tabindex="-1" data-backdrop="static" id="modal_355" open="open" aria-modal="true" style="display: block;">...</div>
  (Session info: chrome=77.0.3865.120)
Build info: version: '3.141.59', revision: 'e82be7d358', time: '2018-11-14T08:17:03'
System info: host: 'ALAM-PC', ip: '192.168.0.103', os.name: 'Windows 7', os.arch: 'amd64', os.version: '6.1', java.version: '1.8.0_201'
Driver info: org.openqa.selenium.chrome.ChromeDriver
Capabilities {acceptInsecureCerts: false, browserName: chrome, browserVersion: 77.0.3865.120, chrome: {chromedriverVersion: 77.0.3865.40 (f484704e052e0..., userDataDir: C:\Users\Alam\AppData\Local...}, goog:chromeOptions: {debuggerAddress: localhost:54679}, javascriptEnabled: true, networkConnectionEnabled: false, pageLoadStrategy: normal, platform: XP, platformName: XP, proxy: Proxy(), setWindowRect: true, strictFileInteractability: false, timeouts: {implicit: 0, pageLoad: 300000, script: 30000}, unhandledPromptBehavior: dismiss and notify}
Session ID: ebf7b2e0e0da567b7aa7aaadebefad7d
2019-10-26 17:12:03,456 [main] WARN com.odoo.webutils.MyTestListener - createOpportunity script is failed
2019-10-26 17:12:04,896 [main] INFO com.odoo.webutils.MyTestListener - Screenshot has been taken 
2019-10-26 17:12:15,120 [main] FATAL com.odoo.webutils.MyTestListener - element click intercepted: Element <a aria-expanded="false" class="dropdown-toggle" data-display="static" data-toggle="dropdown" href="#" role="button">...</a> is not clickable at point (1263, 23). Other element would receive the click: <div role="dialog" class="modal o_technical_modal show" tabindex="-1" data-backdrop="static" id="modal_355" open="open" aria-modal="true" style="display: block;">...</div>
  (Session info: chrome=77.0.3865.120)
Build info: version: '3.141.59', revision: 'e82be7d358', time: '2018-11-14T08:17:03'
System info: host: 'ALAM-PC', ip: '192.168.0.103', os.name: 'Windows 7', os.arch: 'amd64', os.version: '6.1', java.version: '1.8.0_201'
Driver info: org.openqa.selenium.chrome.ChromeDriver
Capabilities {acceptInsecureCerts: false, browserName: chrome, browserVersion: 77.0.3865.120, chrome: {chromedriverVersion: 77.0.3865.40 (f484704e052e0..., userDataDir: C:\Users\Alam\AppData\Local...}, goog:chromeOptions: {debuggerAddress: localhost:54679}, javascriptEnabled: true, networkConnectionEnabled: false, pageLoadStrategy: normal, platform: XP, platformName: XP, proxy: Proxy(), setWindowRect: true, strictFileInteractability: false, timeouts: {implicit: 0, pageLoad: 300000, script: 30000}, unhandledPromptBehavior: dismiss and notify}
Session ID: ebf7b2e0e0da567b7aa7aaadebefad7d
2019-10-26 17:12:16,152 [main] INFO com.odoo.webutils.MyTestListener - Browser Closed
2019-10-26 17:12:17,187 [main] INFO com.odoo.webutils.MyTestListener - ExcelReport generated
2019-10-26 17:12:17,188 [main] INFO com.odoo.webutils.MyTestListener - Framework execution Time Taken: 111.0seconds
2019-10-26 17:12:17,189 [main] INFO com.odoo.webutils.MyTestListener - Framework execution ends
