2019-10-17 00:13:16,852 [main] INFO com.odoo.webutils.MyTestListener - Framework execution starts
2019-10-17 00:13:23,673 [main] INFO com.odoo.webutils.MyTestListener - Browser Launched and maximized
2019-10-17 00:13:57,407 [main] INFO com.odoo.webutils.MyTestListener - newCustomer script execution starts
2019-10-17 00:14:49,414 [main] FATAL com.odoo.webutils.MyTestListener - no such element: Unable to locate element: {"method":"xpath","selector":"//ul[@class='o_menu_sections']//a[contains(text(),'Sales')]"}
  (Session info: chrome=77.0.3865.120)
For documentation on this error, please visit: https://www.seleniumhq.org/exceptions/no_such_element.html
Build info: version: '3.141.59', revision: 'e82be7d358', time: '2018-11-14T08:17:03'
System info: host: 'ALAM-PC', ip: '192.168.0.104', os.name: 'Windows 7', os.arch: 'amd64', os.version: '6.1', java.version: '1.8.0_201'
Driver info: org.openqa.selenium.chrome.ChromeDriver
Capabilities {acceptInsecureCerts: false, browserName: chrome, browserVersion: 77.0.3865.120, chrome: {chromedriverVersion: 77.0.3865.40 (f484704e052e0..., userDataDir: C:\Users\Alam\AppData\Local...}, goog:chromeOptions: {debuggerAddress: localhost:50060}, javascriptEnabled: true, networkConnectionEnabled: false, pageLoadStrategy: normal, platform: XP, platformName: XP, proxy: Proxy(), setWindowRect: true, strictFileInteractability: false, timeouts: {implicit: 0, pageLoad: 300000, script: 30000}, unhandledPromptBehavior: dismiss and notify}
Session ID: cbe058d487f52bcd91a647fe49b0a6e7
*** Element info: {Using=xpath, value=//ul[@class='o_menu_sections']//a[contains(text(),'Sales')]}
2019-10-17 00:14:49,465 [main] WARN com.odoo.webutils.MyTestListener - newCustomer script is failed
2019-10-17 00:14:50,833 [main] INFO com.odoo.webutils.MyTestListener - Screenshot has been taken 
2019-10-17 00:14:57,141 [main] INFO com.odoo.webutils.MyTestListener - dltNewCustomer script execution starts
2019-10-17 00:15:45,423 [main] FATAL com.odoo.webutils.MyTestListener - no such element: Unable to locate element: {"method":"xpath","selector":"//div[@class='btn-group o_dropdown show']//button"}
  (Session info: chrome=77.0.3865.120)
For documentation on this error, please visit: https://www.seleniumhq.org/exceptions/no_such_element.html
Build info: version: '3.141.59', revision: 'e82be7d358', time: '2018-11-14T08:17:03'
System info: host: 'ALAM-PC', ip: '192.168.0.104', os.name: 'Windows 7', os.arch: 'amd64', os.version: '6.1', java.version: '1.8.0_201'
Driver info: org.openqa.selenium.chrome.ChromeDriver
Capabilities {acceptInsecureCerts: false, browserName: chrome, browserVersion: 77.0.3865.120, chrome: {chromedriverVersion: 77.0.3865.40 (f484704e052e0..., userDataDir: C:\Users\Alam\AppData\Local...}, goog:chromeOptions: {debuggerAddress: localhost:50060}, javascriptEnabled: true, networkConnectionEnabled: false, pageLoadStrategy: normal, platform: XP, platformName: XP, proxy: Proxy(), setWindowRect: true, strictFileInteractability: false, timeouts: {implicit: 0, pageLoad: 300000, script: 30000}, unhandledPromptBehavior: dismiss and notify}
Session ID: cbe058d487f52bcd91a647fe49b0a6e7
*** Element info: {Using=xpath, value=//div[@class='btn-group o_dropdown show']//button}
2019-10-17 00:15:45,442 [main] WARN com.odoo.webutils.MyTestListener - dltNewCustomer script is failed
2019-10-17 00:15:46,186 [main] INFO com.odoo.webutils.MyTestListener - Screenshot has been taken 
2019-10-17 00:15:48,796 [main] INFO com.odoo.webutils.MyTestListener - Browser Closed
2019-10-17 00:15:49,215 [main] INFO com.odoo.webutils.MyTestListener - ExcelReport generated
2019-10-17 00:15:49,216 [main] INFO com.odoo.webutils.MyTestListener - Framework execution Time Taken: 152.0seconds
2019-10-17 00:15:49,217 [main] INFO com.odoo.webutils.MyTestListener - Framework execution ends
