2019-10-19 18:19:56,367 [main] INFO com.odoo.webutils.MyTestListener - Framework execution starts
2019-10-19 18:20:01,678 [main] INFO com.odoo.webutils.MyTestListener - Browser Launched and maximized
2019-10-19 18:20:14,470 [main] INFO com.odoo.webutils.MyTestListener - createOpportunity script execution starts
2019-10-19 18:21:17,565 [main] FATAL com.odoo.webutils.MyTestListener - no such element: Unable to locate element: {"method":"xpath","selector":"//span[text()='Create']"}
  (Session info: chrome=77.0.3865.120)
For documentation on this error, please visit: https://www.seleniumhq.org/exceptions/no_such_element.html
Build info: version: '3.141.59', revision: 'e82be7d358', time: '2018-11-14T08:17:03'
System info: host: 'ADARSH', ip: '192.168.1.2', os.name: 'Windows 8', os.arch: 'amd64', os.version: '6.2', java.version: '1.8.0_201'
Driver info: org.openqa.selenium.chrome.ChromeDriver
Capabilities {acceptInsecureCerts: false, browserName: chrome, browserVersion: 77.0.3865.120, chrome: {chromedriverVersion: 77.0.3865.40 (f484704e052e0..., userDataDir: C:\Users\ANSHU\AppData\Loca...}, goog:chromeOptions: {debuggerAddress: localhost:52701}, javascriptEnabled: true, networkConnectionEnabled: false, pageLoadStrategy: normal, platform: XP, platformName: XP, proxy: Proxy(), setWindowRect: true, strictFileInteractability: false, timeouts: {implicit: 0, pageLoad: 300000, script: 30000}, unhandledPromptBehavior: dismiss and notify}
Session ID: 90d3639ff45b6b89cb58432903d3a4ec
*** Element info: {Using=xpath, value=//span[text()='Create']}
2019-10-19 18:21:17,581 [main] WARN com.odoo.webutils.MyTestListener - createOpportunity script is failed
2019-10-19 18:21:18,101 [main] INFO com.odoo.webutils.MyTestListener - Screenshot has been taken 
2019-10-19 18:21:33,386 [main] FATAL com.odoo.webutils.MyTestListener - element not interactable
  (Session info: chrome=77.0.3865.120)
Build info: version: '3.141.59', revision: 'e82be7d358', time: '2018-11-14T08:17:03'
System info: host: 'ADARSH', ip: '192.168.1.2', os.name: 'Windows 8', os.arch: 'amd64', os.version: '6.2', java.version: '1.8.0_201'
Driver info: org.openqa.selenium.chrome.ChromeDriver
Capabilities {acceptInsecureCerts: false, browserName: chrome, browserVersion: 77.0.3865.120, chrome: {chromedriverVersion: 77.0.3865.40 (f484704e052e0..., userDataDir: C:\Users\ANSHU\AppData\Loca...}, goog:chromeOptions: {debuggerAddress: localhost:52701}, javascriptEnabled: true, networkConnectionEnabled: false, pageLoadStrategy: normal, platform: XP, platformName: XP, proxy: Proxy(), setWindowRect: true, strictFileInteractability: false, timeouts: {implicit: 0, pageLoad: 300000, script: 30000}, unhandledPromptBehavior: dismiss and notify}
Session ID: 90d3639ff45b6b89cb58432903d3a4ec
2019-10-19 18:21:35,650 [main] INFO com.odoo.webutils.MyTestListener - Browser Closed
2019-10-19 18:21:35,807 [main] INFO com.odoo.webutils.MyTestListener - ExcelReport generated
2019-10-19 18:21:35,807 [main] INFO com.odoo.webutils.MyTestListener - Framework execution Time Taken: 99.0seconds
2019-10-19 18:21:35,807 [main] INFO com.odoo.webutils.MyTestListener - Framework execution ends
