2019-10-16 18:40:38,247 [main] INFO com.odoo.webutils.MyTestListener - Framework execution starts
2019-10-16 18:40:43,254 [main] INFO com.odoo.webutils.MyTestListener - Browser Launched and maximized
2019-10-16 18:40:49,007 [main] INFO com.odoo.webutils.MyTestListener - newCustomer script execution starts
2019-10-16 18:40:50,472 [main] FATAL com.odoo.webutils.MyTestListener - no such element: Unable to locate element: {"method":"xpath","selector":"//input[@id='login']"}
  (Session info: chrome=77.0.3865.120)
For documentation on this error, please visit: https://www.seleniumhq.org/exceptions/no_such_element.html
Build info: version: '3.141.59', revision: 'e82be7d358', time: '2018-11-14T08:17:03'
System info: host: 'DESKTOP-6TFCGIK', ip: '192.168.0.113', os.name: 'Windows 10', os.arch: 'amd64', os.version: '10.0', java.version: '1.8.0_221'
Driver info: org.openqa.selenium.chrome.ChromeDriver
Capabilities {acceptInsecureCerts: false, browserName: chrome, browserVersion: 77.0.3865.120, chrome: {chromedriverVersion: 77.0.3865.40 (f484704e052e0..., userDataDir: C:\Users\dell\AppData\Local...}, goog:chromeOptions: {debuggerAddress: localhost:55005}, javascriptEnabled: true, networkConnectionEnabled: false, pageLoadStrategy: normal, platform: XP, platformName: XP, proxy: Proxy(), setWindowRect: true, strictFileInteractability: false, timeouts: {implicit: 0, pageLoad: 300000, script: 30000}, unhandledPromptBehavior: dismiss and notify}
Session ID: a06294aea38bf1154e2712b8f07a130f
*** Element info: {Using=xpath, value=//input[@id='login']}
2019-10-16 18:40:50,496 [main] WARN com.odoo.webutils.MyTestListener - newCustomer script is failed
2019-10-16 18:40:50,871 [main] INFO com.odoo.webutils.MyTestListener - Screenshot has been taken 
2019-10-16 18:40:50,910 [main] FATAL com.odoo.webutils.MyTestListener - no such element: Unable to locate element: {"method":"xpath","selector":"//li[@class='o_user_menu']/a"}
  (Session info: chrome=77.0.3865.120)
For documentation on this error, please visit: https://www.seleniumhq.org/exceptions/no_such_element.html
Build info: version: '3.141.59', revision: 'e82be7d358', time: '2018-11-14T08:17:03'
System info: host: 'DESKTOP-6TFCGIK', ip: '192.168.0.113', os.name: 'Windows 10', os.arch: 'amd64', os.version: '10.0', java.version: '1.8.0_221'
Driver info: org.openqa.selenium.chrome.ChromeDriver
Capabilities {acceptInsecureCerts: false, browserName: chrome, browserVersion: 77.0.3865.120, chrome: {chromedriverVersion: 77.0.3865.40 (f484704e052e0..., userDataDir: C:\Users\dell\AppData\Local...}, goog:chromeOptions: {debuggerAddress: localhost:55005}, javascriptEnabled: true, networkConnectionEnabled: false, pageLoadStrategy: normal, platform: XP, platformName: XP, proxy: Proxy(), setWindowRect: true, strictFileInteractability: false, timeouts: {implicit: 0, pageLoad: 300000, script: 30000}, unhandledPromptBehavior: dismiss and notify}
Session ID: a06294aea38bf1154e2712b8f07a130f
*** Element info: {Using=xpath, value=//li[@class='o_user_menu']/a}
2019-10-16 18:40:51,740 [main] INFO com.odoo.webutils.MyTestListener - Browser Closed
2019-10-16 18:40:52,039 [main] INFO com.odoo.webutils.MyTestListener - ExcelReport generated
2019-10-16 18:40:52,040 [main] INFO com.odoo.webutils.MyTestListener - Framework execution Time Taken: 13.0seconds
2019-10-16 18:40:52,040 [main] INFO com.odoo.webutils.MyTestListener - Framework execution ends
