2019-10-21 16:06:39,726 [main] INFO com.odoo.webutils.MyTestListener - Framework execution starts
2019-10-21 16:06:52,799 [main] INFO com.odoo.webutils.MyTestListener - Browser Launched and maximized
2019-10-21 16:07:18,518 [main] INFO com.odoo.webutils.MyTestListener - dltNewCustomer script execution starts
2019-10-21 16:07:38,270 [main] FATAL com.odoo.webutils.MyTestListener - no such element: Unable to locate element: {"method":"xpath","selector":"//div[text()='CRM']"}
  (Session info: chrome=77.0.3865.90)
For documentation on this error, please visit: https://www.seleniumhq.org/exceptions/no_such_element.html
Build info: version: '3.141.59', revision: 'e82be7d358', time: '2018-11-14T08:17:03'
System info: host: 'DESKTOP-EUBAEQM', ip: '192.168.43.219', os.name: 'Windows 10', os.arch: 'amd64', os.version: '10.0', java.version: '1.8.0_201'
Driver info: org.openqa.selenium.chrome.ChromeDriver
Capabilities {acceptInsecureCerts: false, browserName: chrome, browserVersion: 77.0.3865.90, chrome: {chromedriverVersion: 77.0.3865.40 (f484704e052e0..., userDataDir: C:\Users\Admin\AppData\Loca...}, goog:chromeOptions: {debuggerAddress: localhost:64327}, javascriptEnabled: true, networkConnectionEnabled: false, pageLoadStrategy: normal, platform: XP, platformName: XP, proxy: Proxy(), setWindowRect: true, strictFileInteractability: false, timeouts: {implicit: 0, pageLoad: 300000, script: 30000}, unhandledPromptBehavior: dismiss and notify}
Session ID: 692909f74c3f082951f6e94917acd5f5
*** Element info: {Using=xpath, value=//div[text()='CRM']}
2019-10-21 16:07:38,295 [main] WARN com.odoo.webutils.MyTestListener - dltNewCustomer script is failed
2019-10-21 16:07:38,763 [main] INFO com.odoo.webutils.MyTestListener - Screenshot has been taken 
2019-10-21 16:07:49,113 [main] INFO com.odoo.webutils.MyTestListener - newCustomer script execution starts
2019-10-21 16:07:55,041 [main] FATAL com.odoo.webutils.MyTestListener - no such element: Unable to locate element: {"method":"xpath","selector":"//input[@id='login']"}
  (Session info: chrome=77.0.3865.90)
For documentation on this error, please visit: https://www.seleniumhq.org/exceptions/no_such_element.html
Build info: version: '3.141.59', revision: 'e82be7d358', time: '2018-11-14T08:17:03'
System info: host: 'DESKTOP-EUBAEQM', ip: '192.168.43.219', os.name: 'Windows 10', os.arch: 'amd64', os.version: '10.0', java.version: '1.8.0_201'
Driver info: org.openqa.selenium.chrome.ChromeDriver
Capabilities {acceptInsecureCerts: false, browserName: chrome, browserVersion: 77.0.3865.90, chrome: {chromedriverVersion: 77.0.3865.40 (f484704e052e0..., userDataDir: C:\Users\Admin\AppData\Loca...}, goog:chromeOptions: {debuggerAddress: localhost:64327}, javascriptEnabled: true, networkConnectionEnabled: false, pageLoadStrategy: normal, platform: XP, platformName: XP, proxy: Proxy(), setWindowRect: true, strictFileInteractability: false, timeouts: {implicit: 0, pageLoad: 300000, script: 30000}, unhandledPromptBehavior: dismiss and notify}
Session ID: 692909f74c3f082951f6e94917acd5f5
*** Element info: {Using=xpath, value=//input[@id='login']}
2019-10-21 16:07:55,051 [main] WARN com.odoo.webutils.MyTestListener - newCustomer script is failed
2019-10-21 16:07:55,529 [main] INFO com.odoo.webutils.MyTestListener - Screenshot has been taken 
2019-10-21 16:07:56,790 [main] INFO com.odoo.webutils.MyTestListener - Browser Closed
2019-10-21 16:07:57,066 [main] INFO com.odoo.webutils.MyTestListener - ExcelReport generated
2019-10-21 16:07:57,067 [main] INFO com.odoo.webutils.MyTestListener - Framework execution Time Taken: 77.0seconds
2019-10-21 16:07:57,068 [main] INFO com.odoo.webutils.MyTestListener - Framework execution ends
