2019-11-02 13:55:26,131 [main] INFO com.odoo.webutils.MyTestListener - Framework execution starts
2019-11-02 13:55:30,337 [main] INFO com.odoo.webutils.MyTestListener - Browser Launched and maximized
2019-11-02 13:55:35,384 [main] INFO com.odoo.webutils.MyTestListener - createCustomer script execution starts
2019-11-02 13:57:17,405 [main] INFO com.odoo.webutils.MyTestListener - createCustomer script is passed
2019-11-02 13:57:35,137 [main] INFO com.odoo.webutils.MyTestListener - createOpportunity script execution starts
2019-11-02 13:58:21,695 [main] FATAL com.odoo.webutils.MyTestListener - no such element: Unable to locate element: {"method":"xpath","selector":"//td/input[@name='name']"}
  (Session info: chrome=78.0.3904.70)
For documentation on this error, please visit: https://www.seleniumhq.org/exceptions/no_such_element.html
Build info: version: '3.141.59', revision: 'e82be7d358', time: '2018-11-14T08:17:03'
System info: host: 'LAPTOP-RQOJ408I', ip: '192.168.0.123', os.name: 'Windows 10', os.arch: 'amd64', os.version: '10.0', java.version: '1.8.0_211'
Driver info: org.openqa.selenium.chrome.ChromeDriver
Capabilities {acceptInsecureCerts: false, browserName: chrome, browserVersion: 78.0.3904.70, chrome: {chromedriverVersion: 77.0.3865.40 (f484704e052e0..., userDataDir: C:\Users\ASUS\AppData\Local...}, goog:chromeOptions: {debuggerAddress: localhost:64535}, javascriptEnabled: true, networkConnectionEnabled: false, pageLoadStrategy: normal, platform: XP, platformName: XP, proxy: Proxy(), setWindowRect: true, strictFileInteractability: false, timeouts: {implicit: 0, pageLoad: 300000, script: 30000}, unhandledPromptBehavior: dismiss and notify}
Session ID: 9da794883bdb7d77c4d17c489177e5db
*** Element info: {Using=xpath, value=//td/input[@name='name']}
2019-11-02 13:58:21,727 [main] WARN com.odoo.webutils.MyTestListener - createOpportunity script is failed
2019-11-02 13:58:22,316 [main] INFO com.odoo.webutils.MyTestListener - Screenshot has been taken 
2019-11-02 13:58:38,775 [main] INFO com.odoo.webutils.MyTestListener - scheduleActivity script execution starts
2019-11-02 13:58:38,789 [main] INFO com.odoo.webutils.MyTestListener - scheduleActivity script is skipped
2019-11-02 13:58:39,738 [main] INFO com.odoo.webutils.MyTestListener - Browser Closed
2019-11-02 13:58:40,014 [main] INFO com.odoo.webutils.MyTestListener - ExcelReport generated
2019-11-02 13:58:40,014 [main] INFO com.odoo.webutils.MyTestListener - Framework execution Time Taken: 200.0seconds
2019-11-02 13:58:40,017 [main] INFO com.odoo.webutils.MyTestListener - Framework execution ends
