2019-10-28 20:27:54,443 [main] INFO com.odoo.webutils.MyTestListener - Framework execution starts
2019-10-28 20:28:01,856 [main] INFO com.odoo.webutils.MyTestListener - Browser Launched and maximized
2019-10-28 20:28:07,589 [main] INFO com.odoo.webutils.MyTestListener - newCustomer script execution starts
2019-10-28 20:29:03,915 [main] INFO com.odoo.webutils.MyTestListener - newCustomer script is passed
2019-10-28 20:29:26,604 [main] INFO com.odoo.webutils.MyTestListener - createOpportunity script execution starts
2019-10-28 20:30:35,213 [main] FATAL com.odoo.webutils.MyTestListener - stale element reference: element is not attached to the page document
  (Session info: chrome=77.0.3865.120)
For documentation on this error, please visit: https://www.seleniumhq.org/exceptions/stale_element_reference.html
Build info: version: '3.141.59', revision: 'e82be7d358', time: '2018-11-14T08:17:03'
System info: host: 'ALAM-PC', ip: '192.168.0.102', os.name: 'Windows 7', os.arch: 'amd64', os.version: '6.1', java.version: '1.8.0_201'
Driver info: org.openqa.selenium.chrome.ChromeDriver
Capabilities {acceptInsecureCerts: false, browserName: chrome, browserVersion: 77.0.3865.120, chrome: {chromedriverVersion: 77.0.3865.40 (f484704e052e0..., userDataDir: C:\Users\Alam\AppData\Local...}, goog:chromeOptions: {debuggerAddress: localhost:58893}, javascriptEnabled: true, networkConnectionEnabled: false, pageLoadStrategy: normal, platform: XP, platformName: XP, proxy: Proxy(), setWindowRect: true, strictFileInteractability: false, timeouts: {implicit: 0, pageLoad: 300000, script: 30000}, unhandledPromptBehavior: dismiss and notify}
Session ID: 156519bc9ca942c8a3ae32ee15f89aa2
2019-10-28 20:30:46,684 [main] INFO com.odoo.webutils.MyTestListener - createOpportunity script is passed
2019-10-28 20:31:09,835 [main] INFO com.odoo.webutils.MyTestListener - scheduledActivity script execution starts
2019-10-28 20:31:49,306 [main] INFO com.odoo.webutils.MyTestListener - scheduledActivity script is passed
2019-10-28 20:32:12,151 [main] INFO com.odoo.webutils.MyTestListener - Browser Closed
2019-10-28 20:32:12,569 [main] INFO com.odoo.webutils.MyTestListener - ExcelReport generated
2019-10-28 20:32:12,570 [main] INFO com.odoo.webutils.MyTestListener - Framework execution Time Taken: 258.0seconds
2019-10-28 20:32:12,570 [main] INFO com.odoo.webutils.MyTestListener - Framework execution ends
