2019-10-20 14:42:40,357 [main] INFO com.odoo.webutils.MyTestListener - Framework execution starts
2019-10-20 14:42:50,633 [main] INFO com.odoo.webutils.MyTestListener - Browser Launched and maximized
2019-10-20 14:42:52,823 [main] INFO com.odoo.webutils.MyTestListener - createCustomer script execution starts
2019-10-20 14:43:34,062 [main] INFO com.odoo.webutils.MyTestListener - createCustomer script is passed
2019-10-20 14:43:35,545 [main] INFO com.odoo.webutils.MyTestListener - creadteOpp script execution starts
2019-10-20 14:43:51,681 [main] FATAL com.odoo.webutils.MyTestListener - no such element: Unable to locate element: {"method":"xpath","selector":"//strong[@class='o_kanban_record_title']/span"}
  (Session info: chrome=77.0.3865.120)
For documentation on this error, please visit: https://www.seleniumhq.org/exceptions/no_such_element.html
Build info: version: '3.141.59', revision: 'e82be7d358', time: '2018-11-14T08:17:03'
System info: host: 'LAPTOP-VVD7DET5', ip: '192.168.0.241', os.name: 'Windows 10', os.arch: 'amd64', os.version: '10.0', java.version: '1.8.0_201'
Driver info: org.openqa.selenium.chrome.ChromeDriver
Capabilities {acceptInsecureCerts: false, browserName: chrome, browserVersion: 77.0.3865.120, chrome: {chromedriverVersion: 77.0.3865.40 (f484704e052e0..., userDataDir: C:\Users\HP\AppData\Local\T...}, goog:chromeOptions: {debuggerAddress: localhost:57763}, javascriptEnabled: true, networkConnectionEnabled: false, pageLoadStrategy: normal, platform: XP, platformName: XP, proxy: Proxy(), setWindowRect: true, strictFileInteractability: false, timeouts: {implicit: 0, pageLoad: 300000, script: 30000}, unhandledPromptBehavior: dismiss and notify}
Session ID: 68bb60c3fba3d4c5e76c3e35bdfbb8b2
*** Element info: {Using=xpath, value=//strong[@class='o_kanban_record_title']/span}
2019-10-20 14:43:51,694 [main] WARN com.odoo.webutils.MyTestListener - creadteOpp script is failed
2019-10-20 14:43:52,039 [main] INFO com.odoo.webutils.MyTestListener - Screenshot has been taken 
2019-10-20 14:43:53,943 [main] INFO com.odoo.webutils.MyTestListener - Browser Closed
2019-10-20 14:43:54,173 [main] INFO com.odoo.webutils.MyTestListener - ExcelReport generated
2019-10-20 14:43:54,176 [main] INFO com.odoo.webutils.MyTestListener - Framework execution Time Taken: 73.0seconds
2019-10-20 14:43:54,176 [main] INFO com.odoo.webutils.MyTestListener - Framework execution ends
