2019-10-30 21:55:55,672 [main] INFO com.odoo.webutils.MyTestListener - Framework execution starts
2019-10-30 21:56:30,023 [main] INFO com.odoo.webutils.MyTestListener - Browser Launched and maximized
2019-10-30 21:56:42,476 [main] INFO com.odoo.webutils.MyTestListener - scheduledActivity script execution starts
2019-10-30 21:57:33,930 [main] FATAL com.odoo.webutils.MyTestListener - no such element: Unable to locate element: {"method":"xpath","selector":"//div[@name='activity_type_id']"}
  (Session info: chrome=77.0.3865.120)
For documentation on this error, please visit: https://www.seleniumhq.org/exceptions/no_such_element.html
Build info: version: '3.141.59', revision: 'e82be7d358', time: '2018-11-14T08:17:03'
System info: host: 'ALAM-PC', ip: '192.168.2.105', os.name: 'Windows 7', os.arch: 'amd64', os.version: '6.1', java.version: '1.8.0_201'
Driver info: org.openqa.selenium.chrome.ChromeDriver
Capabilities {acceptInsecureCerts: false, browserName: chrome, browserVersion: 77.0.3865.120, chrome: {chromedriverVersion: 77.0.3865.40 (f484704e052e0..., userDataDir: C:\Users\Alam\AppData\Local...}, goog:chromeOptions: {debuggerAddress: localhost:59609}, javascriptEnabled: true, networkConnectionEnabled: false, pageLoadStrategy: normal, platform: XP, platformName: XP, proxy: Proxy(), setWindowRect: true, strictFileInteractability: false, timeouts: {implicit: 0, pageLoad: 300000, script: 30000}, unhandledPromptBehavior: dismiss and notify}
Session ID: 222a661f9474b4a617a5c7f836f49afe
*** Element info: {Using=xpath, value=//div[@name='activity_type_id']}
2019-10-30 21:57:34,170 [main] WARN com.odoo.webutils.MyTestListener - scheduledActivity script is failed
2019-10-30 21:57:35,033 [main] INFO com.odoo.webutils.MyTestListener - Screenshot has been taken 
2019-10-30 21:57:45,220 [main] FATAL com.odoo.webutils.MyTestListener - element click intercepted: Element <a aria-expanded="false" class="dropdown-toggle" data-display="static" data-toggle="dropdown" href="#" role="button">...</a> is not clickable at point (1263, 23). Other element would receive the click: <div role="dialog" class="modal o_technical_modal show" tabindex="-1" data-backdrop="static" id="modal_174" open="open" aria-modal="true" style="display: block;">...</div>
  (Session info: chrome=77.0.3865.120)
Build info: version: '3.141.59', revision: 'e82be7d358', time: '2018-11-14T08:17:03'
System info: host: 'ALAM-PC', ip: '192.168.2.105', os.name: 'Windows 7', os.arch: 'amd64', os.version: '6.1', java.version: '1.8.0_201'
Driver info: org.openqa.selenium.chrome.ChromeDriver
Capabilities {acceptInsecureCerts: false, browserName: chrome, browserVersion: 77.0.3865.120, chrome: {chromedriverVersion: 77.0.3865.40 (f484704e052e0..., userDataDir: C:\Users\Alam\AppData\Local...}, goog:chromeOptions: {debuggerAddress: localhost:59609}, javascriptEnabled: true, networkConnectionEnabled: false, pageLoadStrategy: normal, platform: XP, platformName: XP, proxy: Proxy(), setWindowRect: true, strictFileInteractability: false, timeouts: {implicit: 0, pageLoad: 300000, script: 30000}, unhandledPromptBehavior: dismiss and notify}
Session ID: 222a661f9474b4a617a5c7f836f49afe
2019-10-30 21:57:47,161 [main] INFO com.odoo.webutils.MyTestListener - Browser Closed
2019-10-30 21:57:48,909 [main] INFO com.odoo.webutils.MyTestListener - ExcelReport generated
2019-10-30 21:57:48,910 [main] INFO com.odoo.webutils.MyTestListener - Framework execution Time Taken: 113.0seconds
2019-10-30 21:57:48,910 [main] INFO com.odoo.webutils.MyTestListener - Framework execution ends
