2019-10-17 15:37:49,512 [main] INFO com.odoo.webutils.MyTestListener - Framework execution starts
2019-10-17 15:38:21,445 [main] INFO com.odoo.webutils.MyTestListener - Browser Launched and maximized
2019-10-17 15:38:33,474 [main] INFO com.odoo.webutils.MyTestListener - creteCustomeTest script execution starts
2019-10-17 15:39:02,829 [main] FATAL com.odoo.webutils.MyTestListener - no such element: Unable to locate element: {"method":"xpath","selector":"//div[text()='CRM']"}
  (Session info: chrome=77.0.3865.120)
For documentation on this error, please visit: https://www.seleniumhq.org/exceptions/no_such_element.html
Build info: version: '3.141.59', revision: 'e82be7d358', time: '2018-11-14T08:17:03'
System info: host: 'ROBIN-PC', ip: '192.168.0.111', os.name: 'Windows 7', os.arch: 'amd64', os.version: '6.1', java.version: '1.8.0_201'
Driver info: org.openqa.selenium.chrome.ChromeDriver
Capabilities {acceptInsecureCerts: false, browserName: chrome, browserVersion: 77.0.3865.120, chrome: {chromedriverVersion: 77.0.3865.40 (f484704e052e0..., userDataDir: C:\Users\robin\AppData\Loca...}, goog:chromeOptions: {debuggerAddress: localhost:55717}, javascriptEnabled: true, networkConnectionEnabled: false, pageLoadStrategy: normal, platform: XP, platformName: XP, proxy: Proxy(), setWindowRect: true, strictFileInteractability: false, timeouts: {implicit: 0, pageLoad: 300000, script: 30000}, unhandledPromptBehavior: dismiss and notify}
Session ID: bb157919120f711bf1a2811c83f82638
*** Element info: {Using=xpath, value=//div[text()='CRM']}
2019-10-17 15:39:02,926 [main] WARN com.odoo.webutils.MyTestListener - creteCustomeTest script is failed
2019-10-17 15:39:03,632 [main] INFO com.odoo.webutils.MyTestListener - Screenshot has been taken 
2019-10-17 15:39:03,717 [main] FATAL com.odoo.webutils.MyTestListener - no such element: Unable to locate element: {"method":"xpath","selector":"//li[@class='o_user_menu']/a"}
  (Session info: chrome=77.0.3865.120)
For documentation on this error, please visit: https://www.seleniumhq.org/exceptions/no_such_element.html
Build info: version: '3.141.59', revision: 'e82be7d358', time: '2018-11-14T08:17:03'
System info: host: 'ROBIN-PC', ip: '192.168.0.111', os.name: 'Windows 7', os.arch: 'amd64', os.version: '6.1', java.version: '1.8.0_201'
Driver info: org.openqa.selenium.chrome.ChromeDriver
Capabilities {acceptInsecureCerts: false, browserName: chrome, browserVersion: 77.0.3865.120, chrome: {chromedriverVersion: 77.0.3865.40 (f484704e052e0..., userDataDir: C:\Users\robin\AppData\Loca...}, goog:chromeOptions: {debuggerAddress: localhost:55717}, javascriptEnabled: true, networkConnectionEnabled: false, pageLoadStrategy: normal, platform: XP, platformName: XP, proxy: Proxy(), setWindowRect: true, strictFileInteractability: false, timeouts: {implicit: 0, pageLoad: 300000, script: 30000}, unhandledPromptBehavior: dismiss and notify}
Session ID: bb157919120f711bf1a2811c83f82638
*** Element info: {Using=xpath, value=//li[@class='o_user_menu']/a}
2019-10-17 15:39:06,602 [main] INFO com.odoo.webutils.MyTestListener - ExcelReport generated
2019-10-17 15:39:06,603 [main] INFO com.odoo.webutils.MyTestListener - Framework execution Time Taken: 77.0seconds
2019-10-17 15:39:06,603 [main] INFO com.odoo.webutils.MyTestListener - Framework execution ends
