2019-10-17 12:30:57,921 [main] INFO com.odoo.webutils.MyTestListener - Framework execution starts
2019-10-17 12:31:02,812 [main] INFO com.odoo.webutils.MyTestListener - Browser Launched and maximized
2019-10-17 12:31:08,233 [main] INFO com.odoo.webutils.MyTestListener - createCustomer script execution starts
2019-10-17 12:31:54,008 [main] INFO com.odoo.webutils.MyTestListener - createCustomer script is passed
2019-10-17 12:31:55,303 [main] INFO com.odoo.webutils.MyTestListener - deletecustomerfrompage script execution starts
2019-10-17 12:31:55,404 [main] FATAL com.odoo.webutils.MyTestListener - no such element: Unable to locate element: {"method":"xpath","selector":"//input[@id='login']"}
  (Session info: chrome=77.0.3865.120)
For documentation on this error, please visit: https://www.seleniumhq.org/exceptions/no_such_element.html
Build info: version: '3.141.59', revision: 'e82be7d358', time: '2018-11-14T08:17:03'
System info: host: 'ABC-PC', ip: '192.168.0.112', os.name: 'Windows 7', os.arch: 'amd64', os.version: '6.1', java.version: '1.8.0_201'
Driver info: org.openqa.selenium.chrome.ChromeDriver
Capabilities {acceptInsecureCerts: false, browserName: chrome, browserVersion: 77.0.3865.120, chrome: {chromedriverVersion: 77.0.3865.40 (f484704e052e0..., userDataDir: C:\Users\abc\AppData\Local\...}, goog:chromeOptions: {debuggerAddress: localhost:49318}, javascriptEnabled: true, networkConnectionEnabled: false, pageLoadStrategy: normal, platform: XP, platformName: XP, proxy: Proxy(), setWindowRect: true, strictFileInteractability: false, timeouts: {implicit: 0, pageLoad: 300000, script: 30000}, unhandledPromptBehavior: dismiss and notify}
Session ID: 9ad5e18bdf28c4324462943b39f445f1
*** Element info: {Using=xpath, value=//input[@id='login']}
2019-10-17 12:31:55,408 [main] WARN com.odoo.webutils.MyTestListener - deletecustomerfrompage script is failed
2019-10-17 12:31:55,842 [main] INFO com.odoo.webutils.MyTestListener - Screenshot has been taken 
2019-10-17 12:31:55,856 [main] FATAL com.odoo.webutils.MyTestListener - no such element: Unable to locate element: {"method":"xpath","selector":"//li[@class='o_user_menu']/a"}
  (Session info: chrome=77.0.3865.120)
For documentation on this error, please visit: https://www.seleniumhq.org/exceptions/no_such_element.html
Build info: version: '3.141.59', revision: 'e82be7d358', time: '2018-11-14T08:17:03'
System info: host: 'ABC-PC', ip: '192.168.0.112', os.name: 'Windows 7', os.arch: 'amd64', os.version: '6.1', java.version: '1.8.0_201'
Driver info: org.openqa.selenium.chrome.ChromeDriver
Capabilities {acceptInsecureCerts: false, browserName: chrome, browserVersion: 77.0.3865.120, chrome: {chromedriverVersion: 77.0.3865.40 (f484704e052e0..., userDataDir: C:\Users\abc\AppData\Local\...}, goog:chromeOptions: {debuggerAddress: localhost:49318}, javascriptEnabled: true, networkConnectionEnabled: false, pageLoadStrategy: normal, platform: XP, platformName: XP, proxy: Proxy(), setWindowRect: true, strictFileInteractability: false, timeouts: {implicit: 0, pageLoad: 300000, script: 30000}, unhandledPromptBehavior: dismiss and notify}
Session ID: 9ad5e18bdf28c4324462943b39f445f1
*** Element info: {Using=xpath, value=//li[@class='o_user_menu']/a}
2019-10-17 12:31:56,586 [main] INFO com.odoo.webutils.MyTestListener - Browser Closed
2019-10-17 12:31:56,828 [main] INFO com.odoo.webutils.MyTestListener - ExcelReport generated
2019-10-17 12:31:56,828 [main] INFO com.odoo.webutils.MyTestListener - Framework execution Time Taken: 58.0seconds
2019-10-17 12:31:56,828 [main] INFO com.odoo.webutils.MyTestListener - Framework execution ends
