2019-10-23 00:38:36,915 [main] INFO com.odoo.webutils.MyTestListener - Framework execution starts
2019-10-23 00:38:43,185 [main] INFO com.odoo.webutils.MyTestListener - Browser Launched and maximized
2019-10-23 00:38:48,341 [main] INFO com.odoo.webutils.MyTestListener - createSalesTeam script execution starts
2019-10-23 00:38:51,279 [main] WARN com.odoo.webutils.MyTestListener - createSalesTeam script is failed
2019-10-23 00:38:52,187 [main] INFO com.odoo.webutils.MyTestListener - Screenshot has been taken 
2019-10-23 00:38:57,273 [main] FATAL com.odoo.webutils.MyTestListener - no such element: Unable to locate element: {"method":"xpath","selector":"//li[@class='o_user_menu']/a"}
  (Session info: chrome=77.0.3865.120)
For documentation on this error, please visit: https://www.seleniumhq.org/exceptions/no_such_element.html
Build info: version: '3.141.59', revision: 'e82be7d358', time: '2018-11-14T08:17:03'
System info: host: 'ALAM-PC', ip: '192.168.0.105', os.name: 'Windows 7', os.arch: 'amd64', os.version: '6.1', java.version: '1.8.0_201'
Driver info: org.openqa.selenium.chrome.ChromeDriver
Capabilities {acceptInsecureCerts: false, browserName: chrome, browserVersion: 77.0.3865.120, chrome: {chromedriverVersion: 77.0.3865.40 (f484704e052e0..., userDataDir: C:\Users\Alam\AppData\Local...}, goog:chromeOptions: {debuggerAddress: localhost:50450}, javascriptEnabled: true, networkConnectionEnabled: false, pageLoadStrategy: normal, platform: XP, platformName: XP, proxy: Proxy(), setWindowRect: true, strictFileInteractability: false, timeouts: {implicit: 0, pageLoad: 300000, script: 30000}, unhandledPromptBehavior: dismiss and notify}
Session ID: c81c9dadc4309f3ee459ec20e0dfac6f
*** Element info: {Using=xpath, value=//li[@class='o_user_menu']/a}
2019-10-23 00:38:57,302 [main] INFO com.odoo.webutils.MyTestListener - dltSalesTeam script execution starts
2019-10-23 00:38:57,306 [main] INFO com.odoo.webutils.MyTestListener - dltSalesTeam script is skipped
2019-10-23 00:39:00,222 [main] INFO com.odoo.webutils.MyTestListener - Browser Closed
2019-10-23 00:39:00,505 [main] INFO com.odoo.webutils.MyTestListener - ExcelReport generated
2019-10-23 00:39:00,520 [main] INFO com.odoo.webutils.MyTestListener - Framework execution Time Taken: 23.0seconds
2019-10-23 00:39:00,520 [main] INFO com.odoo.webutils.MyTestListener - Framework execution ends
