2019-10-22 13:22:12,712 [main] INFO com.odoo.webutils.MyTestListener - Framework execution starts
2019-10-22 13:22:18,385 [main] INFO com.odoo.webutils.MyTestListener - Browser Launched and maximized
2019-10-22 13:22:25,768 [main] INFO com.odoo.webutils.MyTestListener - lost script execution starts
2019-10-22 13:23:11,464 [main] INFO com.odoo.webutils.MyTestListener - lost script is passed
2019-10-22 13:23:12,571 [main] INFO com.odoo.webutils.MyTestListener - salesteam script execution starts
2019-10-22 13:23:12,689 [main] FATAL com.odoo.webutils.MyTestListener - no such element: Unable to locate element: {"method":"xpath","selector":"//input[@id='login']"}
  (Session info: chrome=77.0.3865.120)
For documentation on this error, please visit: https://www.seleniumhq.org/exceptions/no_such_element.html
Build info: version: '3.141.59', revision: 'e82be7d358', time: '2018-11-14T08:17:03'
System info: host: 'ABC-PC', ip: '192.168.0.129', os.name: 'Windows 7', os.arch: 'amd64', os.version: '6.1', java.version: '1.8.0_201'
Driver info: org.openqa.selenium.chrome.ChromeDriver
Capabilities {acceptInsecureCerts: false, browserName: chrome, browserVersion: 77.0.3865.120, chrome: {chromedriverVersion: 77.0.3865.40 (f484704e052e0..., userDataDir: C:\Users\abc\AppData\Local\...}, goog:chromeOptions: {debuggerAddress: localhost:49816}, javascriptEnabled: true, networkConnectionEnabled: false, pageLoadStrategy: normal, platform: XP, platformName: XP, proxy: Proxy(), setWindowRect: true, strictFileInteractability: false, timeouts: {implicit: 0, pageLoad: 300000, script: 30000}, unhandledPromptBehavior: dismiss and notify}
Session ID: 2a296c6955151a1ce3d912912a33d336
*** Element info: {Using=xpath, value=//input[@id='login']}
2019-10-22 13:23:12,695 [main] WARN com.odoo.webutils.MyTestListener - salesteam script is failed
2019-10-22 13:23:13,038 [main] INFO com.odoo.webutils.MyTestListener - Screenshot has been taken 
2019-10-22 13:23:13,059 [main] FATAL com.odoo.webutils.MyTestListener - no such element: Unable to locate element: {"method":"xpath","selector":"//li[@class='o_user_menu']/a"}
  (Session info: chrome=77.0.3865.120)
For documentation on this error, please visit: https://www.seleniumhq.org/exceptions/no_such_element.html
Build info: version: '3.141.59', revision: 'e82be7d358', time: '2018-11-14T08:17:03'
System info: host: 'ABC-PC', ip: '192.168.0.129', os.name: 'Windows 7', os.arch: 'amd64', os.version: '6.1', java.version: '1.8.0_201'
Driver info: org.openqa.selenium.chrome.ChromeDriver
Capabilities {acceptInsecureCerts: false, browserName: chrome, browserVersion: 77.0.3865.120, chrome: {chromedriverVersion: 77.0.3865.40 (f484704e052e0..., userDataDir: C:\Users\abc\AppData\Local\...}, goog:chromeOptions: {debuggerAddress: localhost:49816}, javascriptEnabled: true, networkConnectionEnabled: false, pageLoadStrategy: normal, platform: XP, platformName: XP, proxy: Proxy(), setWindowRect: true, strictFileInteractability: false, timeouts: {implicit: 0, pageLoad: 300000, script: 30000}, unhandledPromptBehavior: dismiss and notify}
Session ID: 2a296c6955151a1ce3d912912a33d336
*** Element info: {Using=xpath, value=//li[@class='o_user_menu']/a}
2019-10-22 13:23:13,269 [main] INFO com.odoo.webutils.MyTestListener - ExcelReport generated
2019-10-22 13:23:13,269 [main] INFO com.odoo.webutils.MyTestListener - Framework execution Time Taken: 60.0seconds
2019-10-22 13:23:13,269 [main] INFO com.odoo.webutils.MyTestListener - Framework execution ends
