2019-10-15 14:49:19,375 [main] INFO com.odoo.webutils.MyTestListener - Framework execution starts
2019-10-15 14:49:29,890 [main] INFO com.odoo.webutils.MyTestListener - Browser Launched and maximized
2019-10-15 14:49:39,398 [main] INFO com.odoo.webutils.MyTestListener - validLoginTest script execution starts
2019-10-15 14:50:09,342 [main] INFO com.odoo.webutils.MyTestListener - validLoginTest script is passed
2019-10-15 14:50:12,419 [main] INFO com.odoo.webutils.MyTestListener - createCustomer script execution starts
2019-10-15 14:50:33,288 [main] FATAL com.odoo.webutils.MyTestListener - element click intercepted: Element <button class="btn btn-primary o-kanban-button-new" type="button" data-accesskey="c">...</button> is not clickable at point (49, 106). Other element would receive the click: <div class="blockUI blockOverlay" style="z-index: 1100; border: none; margin: 0px; padding: 0px; width: 100%; height: 100%; top: 0px; left: 0px; background-color: rgb(0, 0, 0); opacity: 0.6; cursor: wait; position: fixed;"></div>
  (Session info: chrome=77.0.3865.120)
Build info: version: '3.141.59', revision: 'e82be7d358', time: '2018-11-14T08:17:03'
System info: host: 'LAPTOP-VVD7DET5', ip: '192.168.0.120', os.name: 'Windows 10', os.arch: 'amd64', os.version: '10.0', java.version: '1.8.0_201'
Driver info: org.openqa.selenium.chrome.ChromeDriver
Capabilities {acceptInsecureCerts: false, browserName: chrome, browserVersion: 77.0.3865.120, chrome: {chromedriverVersion: 77.0.3865.40 (f484704e052e0..., userDataDir: C:\Users\HP\AppData\Local\T...}, goog:chromeOptions: {debuggerAddress: localhost:58925}, javascriptEnabled: true, networkConnectionEnabled: false, pageLoadStrategy: normal, platform: XP, platformName: XP, proxy: Proxy(), setWindowRect: true, strictFileInteractability: false, timeouts: {implicit: 0, pageLoad: 300000, script: 30000}, unhandledPromptBehavior: dismiss and notify}
Session ID: 29495076f04d19d2e352ac7515e7e6f2
2019-10-15 14:50:33,297 [main] WARN com.odoo.webutils.MyTestListener - createCustomer script is failed
2019-10-15 14:50:33,660 [main] INFO com.odoo.webutils.MyTestListener - Screenshot has been taken 
2019-10-15 14:50:33,731 [main] FATAL com.odoo.webutils.MyTestListener - element click intercepted: Element <a aria-expanded="false" class="dropdown-toggle" data-display="static" data-toggle="dropdown" href="#" role="button">...</a> is not clickable at point (1264, 23). Other element would receive the click: <div class="blockUI blockOverlay" style="z-index: 1100; border: none; margin: 0px; padding: 0px; width: 100%; height: 100%; top: 0px; left: 0px; background-color: rgb(0, 0, 0); opacity: 0.6; cursor: wait; position: fixed;"></div>
  (Session info: chrome=77.0.3865.120)
Build info: version: '3.141.59', revision: 'e82be7d358', time: '2018-11-14T08:17:03'
System info: host: 'LAPTOP-VVD7DET5', ip: '192.168.0.120', os.name: 'Windows 10', os.arch: 'amd64', os.version: '10.0', java.version: '1.8.0_201'
Driver info: org.openqa.selenium.chrome.ChromeDriver
Capabilities {acceptInsecureCerts: false, browserName: chrome, browserVersion: 77.0.3865.120, chrome: {chromedriverVersion: 77.0.3865.40 (f484704e052e0..., userDataDir: C:\Users\HP\AppData\Local\T...}, goog:chromeOptions: {debuggerAddress: localhost:58925}, javascriptEnabled: true, networkConnectionEnabled: false, pageLoadStrategy: normal, platform: XP, platformName: XP, proxy: Proxy(), setWindowRect: true, strictFileInteractability: false, timeouts: {implicit: 0, pageLoad: 300000, script: 30000}, unhandledPromptBehavior: dismiss and notify}
Session ID: 29495076f04d19d2e352ac7515e7e6f2
2019-10-15 14:50:33,747 [main] INFO com.odoo.webutils.MyTestListener - createOppExitingCus script execution starts
2019-10-15 14:50:33,752 [main] INFO com.odoo.webutils.MyTestListener - createOppExitingCus script is skipped
2019-10-15 14:50:34,744 [main] INFO com.odoo.webutils.MyTestListener - Browser Closed
2019-10-15 14:50:34,964 [main] INFO com.odoo.webutils.MyTestListener - ExcelReport generated
2019-10-15 14:50:34,964 [main] INFO com.odoo.webutils.MyTestListener - Framework execution Time Taken: 75.0seconds
2019-10-15 14:50:34,965 [main] INFO com.odoo.webutils.MyTestListener - Framework execution ends
