2019-10-21 16:20:34,158 [main] INFO com.odoo.webutils.MyTestListener - Framework execution starts
2019-10-21 16:20:47,437 [main] INFO com.odoo.webutils.MyTestListener - Browser Launched and maximized
2019-10-21 16:20:58,671 [main] INFO com.odoo.webutils.MyTestListener - dltNewCustomer script execution starts
2019-10-21 16:21:26,178 [main] FATAL com.odoo.webutils.MyTestListener - no such element: Unable to locate element: {"method":"xpath","selector":"//div[text()='CRM']"}
  (Session info: chrome=77.0.3865.90)
For documentation on this error, please visit: https://www.seleniumhq.org/exceptions/no_such_element.html
Build info: version: '3.141.59', revision: 'e82be7d358', time: '2018-11-14T08:17:03'
System info: host: 'DESKTOP-EUBAEQM', ip: '192.168.43.219', os.name: 'Windows 10', os.arch: 'amd64', os.version: '10.0', java.version: '1.8.0_201'
Driver info: org.openqa.selenium.chrome.ChromeDriver
Capabilities {acceptInsecureCerts: false, browserName: chrome, browserVersion: 77.0.3865.90, chrome: {chromedriverVersion: 77.0.3865.40 (f484704e052e0..., userDataDir: C:\Users\Admin\AppData\Loca...}, goog:chromeOptions: {debuggerAddress: localhost:64738}, javascriptEnabled: true, networkConnectionEnabled: false, pageLoadStrategy: normal, platform: XP, platformName: XP, proxy: Proxy(), setWindowRect: true, strictFileInteractability: false, timeouts: {implicit: 0, pageLoad: 300000, script: 30000}, unhandledPromptBehavior: dismiss and notify}
Session ID: aea1529751f13a6f3107f3d28b7913f1
*** Element info: {Using=xpath, value=//div[text()='CRM']}
2019-10-21 16:21:26,203 [main] WARN com.odoo.webutils.MyTestListener - dltNewCustomer script is failed
2019-10-21 16:21:26,679 [main] INFO com.odoo.webutils.MyTestListener - Screenshot has been taken 
2019-10-21 16:21:30,577 [main] INFO com.odoo.webutils.MyTestListener - newCustomer script execution starts
2019-10-21 16:21:36,567 [main] FATAL com.odoo.webutils.MyTestListener - no such element: Unable to locate element: {"method":"xpath","selector":"//input[@id='login']"}
  (Session info: chrome=77.0.3865.90)
For documentation on this error, please visit: https://www.seleniumhq.org/exceptions/no_such_element.html
Build info: version: '3.141.59', revision: 'e82be7d358', time: '2018-11-14T08:17:03'
System info: host: 'DESKTOP-EUBAEQM', ip: '192.168.43.219', os.name: 'Windows 10', os.arch: 'amd64', os.version: '10.0', java.version: '1.8.0_201'
Driver info: org.openqa.selenium.chrome.ChromeDriver
Capabilities {acceptInsecureCerts: false, browserName: chrome, browserVersion: 77.0.3865.90, chrome: {chromedriverVersion: 77.0.3865.40 (f484704e052e0..., userDataDir: C:\Users\Admin\AppData\Loca...}, goog:chromeOptions: {debuggerAddress: localhost:64738}, javascriptEnabled: true, networkConnectionEnabled: false, pageLoadStrategy: normal, platform: XP, platformName: XP, proxy: Proxy(), setWindowRect: true, strictFileInteractability: false, timeouts: {implicit: 0, pageLoad: 300000, script: 30000}, unhandledPromptBehavior: dismiss and notify}
Session ID: aea1529751f13a6f3107f3d28b7913f1
*** Element info: {Using=xpath, value=//input[@id='login']}
2019-10-21 16:21:36,579 [main] WARN com.odoo.webutils.MyTestListener - newCustomer script is failed
2019-10-21 16:21:37,007 [main] INFO com.odoo.webutils.MyTestListener - Screenshot has been taken 
2019-10-21 16:21:38,399 [main] INFO com.odoo.webutils.MyTestListener - Browser Closed
2019-10-21 16:21:38,703 [main] INFO com.odoo.webutils.MyTestListener - ExcelReport generated
2019-10-21 16:21:38,703 [main] INFO com.odoo.webutils.MyTestListener - Framework execution Time Taken: 64.0seconds
2019-10-21 16:21:38,707 [main] INFO com.odoo.webutils.MyTestListener - Framework execution ends
