2019-10-17 09:23:12,179 [main] INFO com.odoo.webutils.MyTestListener - Framework execution starts
2019-10-17 09:23:23,058 [main] INFO com.odoo.webutils.MyTestListener - Browser Launched and maximized
2019-10-17 09:23:28,305 [main] INFO com.odoo.webutils.MyTestListener - newCustomer script execution starts
2019-10-17 09:24:10,352 [main] FATAL com.odoo.webutils.MyTestListener - no such element: Unable to locate element: {"method":"xpath","selector":"//div[@name='name']//input"}
  (Session info: chrome=77.0.3865.120)
For documentation on this error, please visit: https://www.seleniumhq.org/exceptions/no_such_element.html
Build info: version: '3.141.59', revision: 'e82be7d358', time: '2018-11-14T08:17:03'
System info: host: 'LAPTOP-RQOJ408I', ip: '192.168.0.114', os.name: 'Windows 10', os.arch: 'amd64', os.version: '10.0', java.version: '1.8.0_211'
Driver info: org.openqa.selenium.chrome.ChromeDriver
Capabilities {acceptInsecureCerts: false, browserName: chrome, browserVersion: 77.0.3865.120, chrome: {chromedriverVersion: 77.0.3865.40 (f484704e052e0..., userDataDir: C:\Users\ASUS\AppData\Local...}, goog:chromeOptions: {debuggerAddress: localhost:54475}, javascriptEnabled: true, networkConnectionEnabled: false, pageLoadStrategy: normal, platform: XP, platformName: XP, proxy: Proxy(), setWindowRect: true, strictFileInteractability: false, timeouts: {implicit: 0, pageLoad: 300000, script: 30000}, unhandledPromptBehavior: dismiss and notify}
Session ID: 42e325b404de275812e3447d3b539b08
*** Element info: {Using=xpath, value=//div[@name='name']//input}
2019-10-17 09:24:10,963 [main] FATAL com.odoo.webutils.MyTestListener - no such element: Unable to locate element: {"method":"xpath","selector":"//div[@name='name']//input"}
  (Session info: chrome=77.0.3865.120)
For documentation on this error, please visit: https://www.seleniumhq.org/exceptions/no_such_element.html
Build info: version: '3.141.59', revision: 'e82be7d358', time: '2018-11-14T08:17:03'
System info: host: 'LAPTOP-RQOJ408I', ip: '192.168.0.114', os.name: 'Windows 10', os.arch: 'amd64', os.version: '10.0', java.version: '1.8.0_211'
Driver info: org.openqa.selenium.chrome.ChromeDriver
Capabilities {acceptInsecureCerts: false, browserName: chrome, browserVersion: 77.0.3865.120, chrome: {chromedriverVersion: 77.0.3865.40 (f484704e052e0..., userDataDir: C:\Users\ASUS\AppData\Local...}, goog:chromeOptions: {debuggerAddress: localhost:54475}, javascriptEnabled: true, networkConnectionEnabled: false, pageLoadStrategy: normal, platform: XP, platformName: XP, proxy: Proxy(), setWindowRect: true, strictFileInteractability: false, timeouts: {implicit: 0, pageLoad: 300000, script: 30000}, unhandledPromptBehavior: dismiss and notify}
Session ID: 42e325b404de275812e3447d3b539b08
*** Element info: {Using=xpath, value=//div[@name='name']//input}
2019-10-17 09:24:15,056 [main] INFO com.odoo.webutils.MyTestListener - newCustomer script is passed
2019-10-17 09:24:16,145 [main] INFO com.odoo.webutils.MyTestListener - Browser Closed
2019-10-17 09:24:16,459 [main] INFO com.odoo.webutils.MyTestListener - ExcelReport generated
2019-10-17 09:24:16,460 [main] INFO com.odoo.webutils.MyTestListener - Framework execution Time Taken: 64.0seconds
2019-10-17 09:24:16,460 [main] INFO com.odoo.webutils.MyTestListener - Framework execution ends
