2019-10-18 17:10:18,284 [main] INFO com.odoo.webutils.MyTestListener - Framework execution starts
2019-10-18 17:10:23,638 [main] INFO com.odoo.webutils.MyTestListener - Browser Launched and maximized
2019-10-18 17:10:32,218 [main] INFO com.odoo.webutils.MyTestListener - createCustomer script execution starts
2019-10-18 17:11:17,920 [main] FATAL com.odoo.webutils.MyTestListener - element not interactable
  (Session info: chrome=77.0.3865.120)
Build info: version: '3.141.59', revision: 'e82be7d358', time: '2018-11-14T08:17:03'
System info: host: 'ADARSH', ip: '192.168.0.106', os.name: 'Windows 8', os.arch: 'amd64', os.version: '6.2', java.version: '1.8.0_201'
Driver info: org.openqa.selenium.chrome.ChromeDriver
Capabilities {acceptInsecureCerts: false, browserName: chrome, browserVersion: 77.0.3865.120, chrome: {chromedriverVersion: 77.0.3865.40 (f484704e052e0..., userDataDir: C:\Users\ANSHU\AppData\Loca...}, goog:chromeOptions: {debuggerAddress: localhost:55280}, javascriptEnabled: true, networkConnectionEnabled: false, pageLoadStrategy: normal, platform: XP, platformName: XP, proxy: Proxy(), setWindowRect: true, strictFileInteractability: false, timeouts: {implicit: 0, pageLoad: 300000, script: 30000}, unhandledPromptBehavior: dismiss and notify}
Session ID: ff62cb77537aba5f7a5b936293a32731
2019-10-18 17:11:17,937 [main] WARN com.odoo.webutils.MyTestListener - createCustomer script is failed
2019-10-18 17:11:18,516 [main] INFO com.odoo.webutils.MyTestListener - Screenshot has been taken 
2019-10-18 17:11:18,657 [main] FATAL com.odoo.webutils.MyTestListener - element click intercepted: Element <a aria-expanded="false" class="dropdown-toggle" data-display="static" data-toggle="dropdown" href="#" role="button">...</a> is not clickable at point (1261, 23). Other element would receive the click: <div role="dialog" class="modal o_technical_modal show" tabindex="-1" data-backdrop="static" id="modal_354" open="open" aria-modal="true" style="display: block;">...</div>
  (Session info: chrome=77.0.3865.120)
Build info: version: '3.141.59', revision: 'e82be7d358', time: '2018-11-14T08:17:03'
System info: host: 'ADARSH', ip: '192.168.0.106', os.name: 'Windows 8', os.arch: 'amd64', os.version: '6.2', java.version: '1.8.0_201'
Driver info: org.openqa.selenium.chrome.ChromeDriver
Capabilities {acceptInsecureCerts: false, browserName: chrome, browserVersion: 77.0.3865.120, chrome: {chromedriverVersion: 77.0.3865.40 (f484704e052e0..., userDataDir: C:\Users\ANSHU\AppData\Loca...}, goog:chromeOptions: {debuggerAddress: localhost:55280}, javascriptEnabled: true, networkConnectionEnabled: false, pageLoadStrategy: normal, platform: XP, platformName: XP, proxy: Proxy(), setWindowRect: true, strictFileInteractability: false, timeouts: {implicit: 0, pageLoad: 300000, script: 30000}, unhandledPromptBehavior: dismiss and notify}
Session ID: ff62cb77537aba5f7a5b936293a32731
2019-10-18 17:11:20,487 [main] INFO com.odoo.webutils.MyTestListener - Browser Closed
2019-10-18 17:11:20,800 [main] INFO com.odoo.webutils.MyTestListener - ExcelReport generated
2019-10-18 17:11:20,800 [main] INFO com.odoo.webutils.MyTestListener - Framework execution Time Taken: 62.0seconds
2019-10-18 17:11:20,800 [main] INFO com.odoo.webutils.MyTestListener - Framework execution ends
