2019-10-20 17:09:55,165 [main] INFO com.odoo.webutils.MyTestListener - Framework execution starts
2019-10-20 17:10:05,874 [main] INFO com.odoo.webutils.MyTestListener - Browser Launched and maximized
2019-10-20 17:10:14,338 [main] INFO com.odoo.webutils.MyTestListener - createSalesTeam script execution starts
2019-10-20 17:10:31,304 [main] FATAL com.odoo.webutils.MyTestListener - no such element: Unable to locate element: {"method":"xpath","selector":"//div[text()='CRM']"}
  (Session info: chrome=77.0.3865.120)
For documentation on this error, please visit: https://www.seleniumhq.org/exceptions/no_such_element.html
Build info: version: '3.141.59', revision: 'e82be7d358', time: '2018-11-14T08:17:03'
System info: host: 'LAPTOP-RQOJ408I', ip: '192.168.0.110', os.name: 'Windows 10', os.arch: 'amd64', os.version: '10.0', java.version: '1.8.0_211'
Driver info: org.openqa.selenium.chrome.ChromeDriver
Capabilities {acceptInsecureCerts: false, browserName: chrome, browserVersion: 77.0.3865.120, chrome: {chromedriverVersion: 77.0.3865.40 (f484704e052e0..., userDataDir: C:\Users\ASUS\AppData\Local...}, goog:chromeOptions: {debuggerAddress: localhost:65213}, javascriptEnabled: true, networkConnectionEnabled: false, pageLoadStrategy: normal, platform: XP, platformName: XP, proxy: Proxy(), setWindowRect: true, strictFileInteractability: false, timeouts: {implicit: 0, pageLoad: 300000, script: 30000}, unhandledPromptBehavior: dismiss and notify}
Session ID: eb0fa83c5e06fc0e264b4c24edd94c0b
*** Element info: {Using=xpath, value=//div[text()='CRM']}
2019-10-20 17:10:31,318 [main] WARN com.odoo.webutils.MyTestListener - createSalesTeam script is failed
2019-10-20 17:10:31,843 [main] INFO com.odoo.webutils.MyTestListener - Screenshot has been taken 
2019-10-20 17:10:37,029 [main] FATAL com.odoo.webutils.MyTestListener - element click intercepted: Element <a aria-expanded="false" class="dropdown-toggle" data-display="static" data-toggle="dropdown" href="#" role="button">...</a> is not clickable at point (1419, 23). Other element would receive the click: <div role="dialog" class="modal o_technical_modal show" tabindex="-1" data-backdrop="static" id="modal_8" open="open" aria-modal="true" style="display: block;">...</div>
  (Session info: chrome=77.0.3865.120)
Build info: version: '3.141.59', revision: 'e82be7d358', time: '2018-11-14T08:17:03'
System info: host: 'LAPTOP-RQOJ408I', ip: '192.168.0.110', os.name: 'Windows 10', os.arch: 'amd64', os.version: '10.0', java.version: '1.8.0_211'
Driver info: org.openqa.selenium.chrome.ChromeDriver
Capabilities {acceptInsecureCerts: false, browserName: chrome, browserVersion: 77.0.3865.120, chrome: {chromedriverVersion: 77.0.3865.40 (f484704e052e0..., userDataDir: C:\Users\ASUS\AppData\Local...}, goog:chromeOptions: {debuggerAddress: localhost:65213}, javascriptEnabled: true, networkConnectionEnabled: false, pageLoadStrategy: normal, platform: XP, platformName: XP, proxy: Proxy(), setWindowRect: true, strictFileInteractability: false, timeouts: {implicit: 0, pageLoad: 300000, script: 30000}, unhandledPromptBehavior: dismiss and notify}
Session ID: eb0fa83c5e06fc0e264b4c24edd94c0b
2019-10-20 17:10:38,049 [main] INFO com.odoo.webutils.MyTestListener - Browser Closed
2019-10-20 17:10:38,339 [main] INFO com.odoo.webutils.MyTestListener - ExcelReport generated
2019-10-20 17:10:38,340 [main] INFO com.odoo.webutils.MyTestListener - Framework execution Time Taken: 43.0seconds
2019-10-20 17:10:38,341 [main] INFO com.odoo.webutils.MyTestListener - Framework execution ends
