2019-10-16 23:56:25,396 [main] INFO com.odoo.webutils.MyTestListener - Framework execution starts
2019-10-16 23:56:32,769 [main] INFO com.odoo.webutils.MyTestListener - Browser Launched and maximized
2019-10-16 23:56:41,438 [main] INFO com.odoo.webutils.MyTestListener - newCustomer script execution starts
2019-10-16 23:57:40,417 [main] FATAL com.odoo.webutils.MyTestListener - no such element: Unable to locate element: {"method":"xpath","selector":"//div[text()='CRM']"}
  (Session info: chrome=77.0.3865.120)
For documentation on this error, please visit: https://www.seleniumhq.org/exceptions/no_such_element.html
Build info: version: '3.141.59', revision: 'e82be7d358', time: '2018-11-14T08:17:03'
System info: host: 'ALAM-PC', ip: '192.168.0.104', os.name: 'Windows 7', os.arch: 'amd64', os.version: '6.1', java.version: '1.8.0_201'
Driver info: org.openqa.selenium.chrome.ChromeDriver
Capabilities {acceptInsecureCerts: false, browserName: chrome, browserVersion: 77.0.3865.120, chrome: {chromedriverVersion: 77.0.3865.40 (f484704e052e0..., userDataDir: C:\Users\Alam\AppData\Local...}, goog:chromeOptions: {debuggerAddress: localhost:49301}, javascriptEnabled: true, networkConnectionEnabled: false, pageLoadStrategy: normal, platform: XP, platformName: XP, proxy: Proxy(), setWindowRect: true, strictFileInteractability: false, timeouts: {implicit: 0, pageLoad: 300000, script: 30000}, unhandledPromptBehavior: dismiss and notify}
Session ID: d95f720436bb588e3e5a9356cb847ce8
*** Element info: {Using=xpath, value=//div[text()='CRM']}
2019-10-16 23:57:40,435 [main] WARN com.odoo.webutils.MyTestListener - newCustomer script is failed
2019-10-16 23:57:41,018 [main] INFO com.odoo.webutils.MyTestListener - Screenshot has been taken 
2019-10-16 23:57:41,057 [main] FATAL com.odoo.webutils.MyTestListener - no such element: Unable to locate element: {"method":"xpath","selector":"//li[@class='o_user_menu']/a"}
  (Session info: chrome=77.0.3865.120)
For documentation on this error, please visit: https://www.seleniumhq.org/exceptions/no_such_element.html
Build info: version: '3.141.59', revision: 'e82be7d358', time: '2018-11-14T08:17:03'
System info: host: 'ALAM-PC', ip: '192.168.0.104', os.name: 'Windows 7', os.arch: 'amd64', os.version: '6.1', java.version: '1.8.0_201'
Driver info: org.openqa.selenium.chrome.ChromeDriver
Capabilities {acceptInsecureCerts: false, browserName: chrome, browserVersion: 77.0.3865.120, chrome: {chromedriverVersion: 77.0.3865.40 (f484704e052e0..., userDataDir: C:\Users\Alam\AppData\Local...}, goog:chromeOptions: {debuggerAddress: localhost:49301}, javascriptEnabled: true, networkConnectionEnabled: false, pageLoadStrategy: normal, platform: XP, platformName: XP, proxy: Proxy(), setWindowRect: true, strictFileInteractability: false, timeouts: {implicit: 0, pageLoad: 300000, script: 30000}, unhandledPromptBehavior: dismiss and notify}
Session ID: d95f720436bb588e3e5a9356cb847ce8
*** Element info: {Using=xpath, value=//li[@class='o_user_menu']/a}
2019-10-16 23:57:41,096 [main] INFO com.odoo.webutils.MyTestListener - dltNewCustomer script execution starts
2019-10-16 23:57:41,111 [main] INFO com.odoo.webutils.MyTestListener - dltNewCustomer script is skipped
2019-10-16 23:57:44,261 [main] INFO com.odoo.webutils.MyTestListener - Browser Closed
2019-10-16 23:57:44,671 [main] INFO com.odoo.webutils.MyTestListener - ExcelReport generated
2019-10-16 23:57:44,671 [main] INFO com.odoo.webutils.MyTestListener - Framework execution Time Taken: 79.0seconds
2019-10-16 23:57:44,672 [main] INFO com.odoo.webutils.MyTestListener - Framework execution ends
