2019-10-17 12:23:35,380 [main] INFO com.odoo.webutils.MyTestListener - Framework execution starts
2019-10-17 12:23:41,296 [main] INFO com.odoo.webutils.MyTestListener - Browser Launched and maximized
2019-10-17 12:23:49,442 [main] INFO com.odoo.webutils.MyTestListener - newCustomer script execution starts
2019-10-17 12:24:50,045 [main] FATAL com.odoo.webutils.MyTestListener - no such element: Unable to locate element: {"method":"xpath","selector":"//div[@name='name']/input"}
  (Session info: chrome=77.0.3865.120)
For documentation on this error, please visit: https://www.seleniumhq.org/exceptions/no_such_element.html
Build info: version: '3.141.59', revision: 'e82be7d358', time: '2018-11-14T08:17:03'
System info: host: 'ALAM-PC', ip: '192.168.0.113', os.name: 'Windows 7', os.arch: 'amd64', os.version: '6.1', java.version: '1.8.0_201'
Driver info: org.openqa.selenium.chrome.ChromeDriver
Capabilities {acceptInsecureCerts: false, browserName: chrome, browserVersion: 77.0.3865.120, chrome: {chromedriverVersion: 77.0.3865.40 (f484704e052e0..., userDataDir: C:\Users\Alam\AppData\Local...}, goog:chromeOptions: {debuggerAddress: localhost:54779}, javascriptEnabled: true, networkConnectionEnabled: false, pageLoadStrategy: normal, platform: XP, platformName: XP, proxy: Proxy(), setWindowRect: true, strictFileInteractability: false, timeouts: {implicit: 0, pageLoad: 300000, script: 30000}, unhandledPromptBehavior: dismiss and notify}
Session ID: a65af4be51dde7f95cdc69c3f81cc16e
*** Element info: {Using=xpath, value=//div[@name='name']/input}
2019-10-17 12:24:50,089 [main] WARN com.odoo.webutils.MyTestListener - newCustomer script is failed
2019-10-17 12:24:50,908 [main] INFO com.odoo.webutils.MyTestListener - Screenshot has been taken 
2019-10-17 12:24:53,242 [main] INFO com.odoo.webutils.MyTestListener - dltNewCustomer script execution starts
2019-10-17 12:25:54,206 [main] FATAL com.odoo.webutils.MyTestListener - element not interactable
  (Session info: chrome=77.0.3865.120)
Build info: version: '3.141.59', revision: 'e82be7d358', time: '2018-11-14T08:17:03'
System info: host: 'ALAM-PC', ip: '192.168.0.113', os.name: 'Windows 7', os.arch: 'amd64', os.version: '6.1', java.version: '1.8.0_201'
Driver info: org.openqa.selenium.chrome.ChromeDriver
Capabilities {acceptInsecureCerts: false, browserName: chrome, browserVersion: 77.0.3865.120, chrome: {chromedriverVersion: 77.0.3865.40 (f484704e052e0..., userDataDir: C:\Users\Alam\AppData\Local...}, goog:chromeOptions: {debuggerAddress: localhost:54779}, javascriptEnabled: true, networkConnectionEnabled: false, pageLoadStrategy: normal, platform: XP, platformName: XP, proxy: Proxy(), setWindowRect: true, strictFileInteractability: false, timeouts: {implicit: 0, pageLoad: 300000, script: 30000}, unhandledPromptBehavior: dismiss and notify}
Session ID: a65af4be51dde7f95cdc69c3f81cc16e
2019-10-17 12:25:54,213 [main] WARN com.odoo.webutils.MyTestListener - dltNewCustomer script is failed
2019-10-17 12:25:54,875 [main] INFO com.odoo.webutils.MyTestListener - Screenshot has been taken 
2019-10-17 12:25:57,571 [main] INFO com.odoo.webutils.MyTestListener - Browser Closed
2019-10-17 12:25:57,868 [main] INFO com.odoo.webutils.MyTestListener - ExcelReport generated
2019-10-17 12:25:57,868 [main] INFO com.odoo.webutils.MyTestListener - Framework execution Time Taken: 142.0seconds
2019-10-17 12:25:57,868 [main] INFO com.odoo.webutils.MyTestListener - Framework execution ends
