2019-10-17 10:31:15,572 [main] INFO com.odoo.webutils.MyTestListener - Framework execution starts
2019-10-17 10:31:23,380 [main] INFO com.odoo.webutils.MyTestListener - Browser Launched and maximized
2019-10-17 10:31:27,613 [main] INFO com.odoo.webutils.MyTestListener - creteCustomeTest script execution starts
2019-10-17 10:32:03,658 [main] INFO com.odoo.webutils.MyTestListener - creteCustomeTest script is passed
2019-10-17 10:32:05,464 [main] INFO com.odoo.webutils.MyTestListener - deleteTest script execution starts
2019-10-17 10:32:06,207 [main] FATAL com.odoo.webutils.MyTestListener - no such element: Unable to locate element: {"method":"xpath","selector":"//input[@id='login']"}
  (Session info: chrome=77.0.3865.120)
For documentation on this error, please visit: https://www.seleniumhq.org/exceptions/no_such_element.html
Build info: version: '3.141.59', revision: 'e82be7d358', time: '2018-11-14T08:17:03'
System info: host: 'ROBIN-PC', ip: '192.168.43.216', os.name: 'Windows 7', os.arch: 'amd64', os.version: '6.1', java.version: '1.8.0_201'
Driver info: org.openqa.selenium.chrome.ChromeDriver
Capabilities {acceptInsecureCerts: false, browserName: chrome, browserVersion: 77.0.3865.120, chrome: {chromedriverVersion: 77.0.3865.40 (f484704e052e0..., userDataDir: C:\Users\robin\AppData\Loca...}, goog:chromeOptions: {debuggerAddress: localhost:54118}, javascriptEnabled: true, networkConnectionEnabled: false, pageLoadStrategy: normal, platform: XP, platformName: XP, proxy: Proxy(), setWindowRect: true, strictFileInteractability: false, timeouts: {implicit: 0, pageLoad: 300000, script: 30000}, unhandledPromptBehavior: dismiss and notify}
Session ID: 707e3a0cc3561aa6425834e601296496
*** Element info: {Using=xpath, value=//input[@id='login']}
2019-10-17 10:32:06,492 [main] WARN com.odoo.webutils.MyTestListener - deleteTest script is failed
2019-10-17 10:32:07,312 [main] INFO com.odoo.webutils.MyTestListener - Screenshot has been taken 
2019-10-17 10:32:07,356 [main] FATAL com.odoo.webutils.MyTestListener - no such element: Unable to locate element: {"method":"xpath","selector":"//li[@class='o_user_menu']/a"}
  (Session info: chrome=77.0.3865.120)
For documentation on this error, please visit: https://www.seleniumhq.org/exceptions/no_such_element.html
Build info: version: '3.141.59', revision: 'e82be7d358', time: '2018-11-14T08:17:03'
System info: host: 'ROBIN-PC', ip: '192.168.43.216', os.name: 'Windows 7', os.arch: 'amd64', os.version: '6.1', java.version: '1.8.0_201'
Driver info: org.openqa.selenium.chrome.ChromeDriver
Capabilities {acceptInsecureCerts: false, browserName: chrome, browserVersion: 77.0.3865.120, chrome: {chromedriverVersion: 77.0.3865.40 (f484704e052e0..., userDataDir: C:\Users\robin\AppData\Loca...}, goog:chromeOptions: {debuggerAddress: localhost:54118}, javascriptEnabled: true, networkConnectionEnabled: false, pageLoadStrategy: normal, platform: XP, platformName: XP, proxy: Proxy(), setWindowRect: true, strictFileInteractability: false, timeouts: {implicit: 0, pageLoad: 300000, script: 30000}, unhandledPromptBehavior: dismiss and notify}
Session ID: 707e3a0cc3561aa6425834e601296496
*** Element info: {Using=xpath, value=//li[@class='o_user_menu']/a}
2019-10-17 10:32:08,410 [main] INFO com.odoo.webutils.MyTestListener - ExcelReport generated
2019-10-17 10:32:08,411 [main] INFO com.odoo.webutils.MyTestListener - Framework execution Time Taken: 52.0seconds
2019-10-17 10:32:08,423 [main] INFO com.odoo.webutils.MyTestListener - Framework execution ends
