2019-10-17 10:36:20,826 [main] INFO com.odoo.webutils.MyTestListener - Framework execution starts
2019-10-17 10:36:36,978 [main] INFO com.odoo.webutils.MyTestListener - Browser Launched and maximized
2019-10-17 10:36:43,727 [main] INFO com.odoo.webutils.MyTestListener - creteCustomeTest script execution starts
2019-10-17 10:37:20,325 [main] INFO com.odoo.webutils.MyTestListener - creteCustomeTest script is passed
2019-10-17 10:37:22,373 [main] INFO com.odoo.webutils.MyTestListener - deleteTest script execution starts
2019-10-17 10:37:22,639 [main] FATAL com.odoo.webutils.MyTestListener - no such element: Unable to locate element: {"method":"xpath","selector":"//input[@id='login']"}
  (Session info: chrome=77.0.3865.120)
For documentation on this error, please visit: https://www.seleniumhq.org/exceptions/no_such_element.html
Build info: version: '3.141.59', revision: 'e82be7d358', time: '2018-11-14T08:17:03'
System info: host: 'ROBIN-PC', ip: '192.168.43.216', os.name: 'Windows 7', os.arch: 'amd64', os.version: '6.1', java.version: '1.8.0_201'
Driver info: org.openqa.selenium.chrome.ChromeDriver
Capabilities {acceptInsecureCerts: false, browserName: chrome, browserVersion: 77.0.3865.120, chrome: {chromedriverVersion: 77.0.3865.40 (f484704e052e0..., userDataDir: C:\Users\robin\AppData\Loca...}, goog:chromeOptions: {debuggerAddress: localhost:54491}, javascriptEnabled: true, networkConnectionEnabled: false, pageLoadStrategy: normal, platform: XP, platformName: XP, proxy: Proxy(), setWindowRect: true, strictFileInteractability: false, timeouts: {implicit: 0, pageLoad: 300000, script: 30000}, unhandledPromptBehavior: dismiss and notify}
Session ID: 1d394fcf6b81449c1ce12ac6efbe3033
*** Element info: {Using=xpath, value=//input[@id='login']}
2019-10-17 10:37:22,696 [main] WARN com.odoo.webutils.MyTestListener - deleteTest script is failed
2019-10-17 10:37:23,134 [main] INFO com.odoo.webutils.MyTestListener - Screenshot has been taken 
2019-10-17 10:37:23,180 [main] FATAL com.odoo.webutils.MyTestListener - no such element: Unable to locate element: {"method":"xpath","selector":"//li[@class='o_user_menu']/a"}
  (Session info: chrome=77.0.3865.120)
For documentation on this error, please visit: https://www.seleniumhq.org/exceptions/no_such_element.html
Build info: version: '3.141.59', revision: 'e82be7d358', time: '2018-11-14T08:17:03'
System info: host: 'ROBIN-PC', ip: '192.168.43.216', os.name: 'Windows 7', os.arch: 'amd64', os.version: '6.1', java.version: '1.8.0_201'
Driver info: org.openqa.selenium.chrome.ChromeDriver
Capabilities {acceptInsecureCerts: false, browserName: chrome, browserVersion: 77.0.3865.120, chrome: {chromedriverVersion: 77.0.3865.40 (f484704e052e0..., userDataDir: C:\Users\robin\AppData\Loca...}, goog:chromeOptions: {debuggerAddress: localhost:54491}, javascriptEnabled: true, networkConnectionEnabled: false, pageLoadStrategy: normal, platform: XP, platformName: XP, proxy: Proxy(), setWindowRect: true, strictFileInteractability: false, timeouts: {implicit: 0, pageLoad: 300000, script: 30000}, unhandledPromptBehavior: dismiss and notify}
Session ID: 1d394fcf6b81449c1ce12ac6efbe3033
*** Element info: {Using=xpath, value=//li[@class='o_user_menu']/a}
2019-10-17 10:37:24,026 [main] INFO com.odoo.webutils.MyTestListener - ExcelReport generated
2019-10-17 10:37:24,026 [main] INFO com.odoo.webutils.MyTestListener - Framework execution Time Taken: 63.0seconds
2019-10-17 10:37:24,027 [main] INFO com.odoo.webutils.MyTestListener - Framework execution ends
