2019-10-15 14:51:06,266 [main] INFO com.odoo.webutils.MyTestListener - Framework execution starts
2019-10-15 14:51:16,784 [main] INFO com.odoo.webutils.MyTestListener - Browser Launched and maximized
2019-10-15 14:51:27,095 [main] INFO com.odoo.webutils.MyTestListener - validLoginTest script execution starts
2019-10-15 14:51:45,371 [main] INFO com.odoo.webutils.MyTestListener - validLoginTest script is passed
2019-10-15 14:51:48,057 [main] INFO com.odoo.webutils.MyTestListener - createCustomer script execution starts
2019-10-15 14:52:25,358 [main] INFO com.odoo.webutils.MyTestListener - createCustomer script is passed
2019-10-15 14:52:26,289 [main] INFO com.odoo.webutils.MyTestListener - createOppExitingCus script execution starts
2019-10-15 14:52:26,417 [main] FATAL com.odoo.webutils.MyTestListener - no such element: Unable to locate element: {"method":"xpath","selector":"//input[@id='login']"}
  (Session info: chrome=77.0.3865.120)
For documentation on this error, please visit: https://www.seleniumhq.org/exceptions/no_such_element.html
Build info: version: '3.141.59', revision: 'e82be7d358', time: '2018-11-14T08:17:03'
System info: host: 'LAPTOP-VVD7DET5', ip: '192.168.0.120', os.name: 'Windows 10', os.arch: 'amd64', os.version: '10.0', java.version: '1.8.0_201'
Driver info: org.openqa.selenium.chrome.ChromeDriver
Capabilities {acceptInsecureCerts: false, browserName: chrome, browserVersion: 77.0.3865.120, chrome: {chromedriverVersion: 77.0.3865.40 (f484704e052e0..., userDataDir: C:\Users\HP\AppData\Local\T...}, goog:chromeOptions: {debuggerAddress: localhost:59060}, javascriptEnabled: true, networkConnectionEnabled: false, pageLoadStrategy: normal, platform: XP, platformName: XP, proxy: Proxy(), setWindowRect: true, strictFileInteractability: false, timeouts: {implicit: 0, pageLoad: 300000, script: 30000}, unhandledPromptBehavior: dismiss and notify}
Session ID: 25b688598924e6a595353be5a676eda9
*** Element info: {Using=xpath, value=//input[@id='login']}
2019-10-15 14:52:26,428 [main] WARN com.odoo.webutils.MyTestListener - createOppExitingCus script is failed
2019-10-15 14:52:26,841 [main] INFO com.odoo.webutils.MyTestListener - Screenshot has been taken 
2019-10-15 14:52:26,859 [main] FATAL com.odoo.webutils.MyTestListener - no such element: Unable to locate element: {"method":"xpath","selector":"//li[@class='o_user_menu']/a"}
  (Session info: chrome=77.0.3865.120)
For documentation on this error, please visit: https://www.seleniumhq.org/exceptions/no_such_element.html
Build info: version: '3.141.59', revision: 'e82be7d358', time: '2018-11-14T08:17:03'
System info: host: 'LAPTOP-VVD7DET5', ip: '192.168.0.120', os.name: 'Windows 10', os.arch: 'amd64', os.version: '10.0', java.version: '1.8.0_201'
Driver info: org.openqa.selenium.chrome.ChromeDriver
Capabilities {acceptInsecureCerts: false, browserName: chrome, browserVersion: 77.0.3865.120, chrome: {chromedriverVersion: 77.0.3865.40 (f484704e052e0..., userDataDir: C:\Users\HP\AppData\Local\T...}, goog:chromeOptions: {debuggerAddress: localhost:59060}, javascriptEnabled: true, networkConnectionEnabled: false, pageLoadStrategy: normal, platform: XP, platformName: XP, proxy: Proxy(), setWindowRect: true, strictFileInteractability: false, timeouts: {implicit: 0, pageLoad: 300000, script: 30000}, unhandledPromptBehavior: dismiss and notify}
Session ID: 25b688598924e6a595353be5a676eda9
*** Element info: {Using=xpath, value=//li[@class='o_user_menu']/a}
2019-10-15 14:52:27,731 [main] INFO com.odoo.webutils.MyTestListener - Browser Closed
2019-10-15 14:52:27,910 [main] INFO com.odoo.webutils.MyTestListener - ExcelReport generated
2019-10-15 14:52:27,910 [main] INFO com.odoo.webutils.MyTestListener - Framework execution Time Taken: 81.0seconds
2019-10-15 14:52:27,910 [main] INFO com.odoo.webutils.MyTestListener - Framework execution ends
