2019-11-04 23:38:05,190 [main] INFO com.odoo.webutils.MyTestListener - Framework execution starts
2019-11-04 23:38:12,435 [main] INFO com.odoo.webutils.MyTestListener - Browser Launched and maximized
2019-11-04 23:38:15,631 [main] INFO com.odoo.webutils.MyTestListener - newCustomer script execution starts
2019-11-04 23:39:17,331 [main] INFO com.odoo.webutils.MyTestListener - newCustomer script is passed
2019-11-04 23:39:44,810 [main] INFO com.odoo.webutils.MyTestListener - createOpportunity script execution starts
2019-11-04 23:40:49,511 [main] FATAL com.odoo.webutils.MyTestListener - element not interactable
  (Session info: chrome=78.0.3904.87)
Build info: version: '3.141.59', revision: 'e82be7d358', time: '2018-11-14T08:17:03'
System info: host: 'ALAM-PC', ip: '192.168.2.105', os.name: 'Windows 7', os.arch: 'amd64', os.version: '6.1', java.version: '1.8.0_201'
Driver info: org.openqa.selenium.chrome.ChromeDriver
Capabilities {acceptInsecureCerts: false, browserName: chrome, browserVersion: 78.0.3904.87, chrome: {chromedriverVersion: 78.0.3904.70 (edb9c9f3de024..., userDataDir: C:\Users\Alam\AppData\Local...}, goog:chromeOptions: {debuggerAddress: localhost:49698}, javascriptEnabled: true, networkConnectionEnabled: false, pageLoadStrategy: normal, platform: XP, platformName: XP, proxy: Proxy(), setWindowRect: true, strictFileInteractability: false, timeouts: {implicit: 0, pageLoad: 300000, script: 30000}, unhandledPromptBehavior: dismiss and notify}
Session ID: add87c4dd4955a59c91dba0df75c5c96
2019-11-04 23:40:49,531 [main] WARN com.odoo.webutils.MyTestListener - createOpportunity script is failed
2019-11-04 23:40:50,364 [main] INFO com.odoo.webutils.MyTestListener - Screenshot has been taken 
2019-11-04 23:41:05,588 [main] FATAL com.odoo.webutils.MyTestListener - element click intercepted: Element <a aria-expanded="false" class="dropdown-toggle" data-display="static" data-toggle="dropdown" href="#" role="button">...</a> is not clickable at point (1263, 23). Other element would receive the click: <div role="dialog" class="modal o_technical_modal show" tabindex="-1" data-backdrop="static" id="modal_290" open="open" aria-modal="true" style="display: block;">...</div>
  (Session info: chrome=78.0.3904.87)
Build info: version: '3.141.59', revision: 'e82be7d358', time: '2018-11-14T08:17:03'
System info: host: 'ALAM-PC', ip: '192.168.2.105', os.name: 'Windows 7', os.arch: 'amd64', os.version: '6.1', java.version: '1.8.0_201'
Driver info: org.openqa.selenium.chrome.ChromeDriver
Capabilities {acceptInsecureCerts: false, browserName: chrome, browserVersion: 78.0.3904.87, chrome: {chromedriverVersion: 78.0.3904.70 (edb9c9f3de024..., userDataDir: C:\Users\Alam\AppData\Local...}, goog:chromeOptions: {debuggerAddress: localhost:49698}, javascriptEnabled: true, networkConnectionEnabled: false, pageLoadStrategy: normal, platform: XP, platformName: XP, proxy: Proxy(), setWindowRect: true, strictFileInteractability: false, timeouts: {implicit: 0, pageLoad: 300000, script: 30000}, unhandledPromptBehavior: dismiss and notify}
Session ID: add87c4dd4955a59c91dba0df75c5c96
2019-11-04 23:41:05,653 [main] INFO com.odoo.webutils.MyTestListener - scheduledActivity script execution starts
2019-11-04 23:41:05,686 [main] INFO com.odoo.webutils.MyTestListener - scheduledActivity script is skipped
2019-11-04 23:41:05,695 [main] INFO com.odoo.webutils.MyTestListener - creatSalesAct script execution starts
2019-11-04 23:41:05,707 [main] INFO com.odoo.webutils.MyTestListener - creatSalesAct script is skipped
2019-11-04 23:41:06,971 [main] INFO com.odoo.webutils.MyTestListener - Browser Closed
2019-11-04 23:41:07,431 [main] INFO com.odoo.webutils.MyTestListener - ExcelReport generated
2019-11-04 23:41:07,432 [main] INFO com.odoo.webutils.MyTestListener - Framework execution Time Taken: 182.0seconds
2019-11-04 23:41:07,437 [main] INFO com.odoo.webutils.MyTestListener - Framework execution ends
