2019-11-02 13:08:39,436 [main] INFO com.odoo.webutils.MyTestListener - Framework execution starts
2019-11-02 13:08:43,636 [main] INFO com.odoo.webutils.MyTestListener - Browser Launched and maximized
2019-11-02 13:08:47,612 [main] INFO com.odoo.webutils.MyTestListener - createCustomer script execution starts
2019-11-02 13:10:20,611 [main] INFO com.odoo.webutils.MyTestListener - createCustomer script is passed
2019-11-02 13:10:37,515 [main] INFO com.odoo.webutils.MyTestListener - createOpportunity script execution starts
2019-11-02 13:11:44,502 [main] INFO com.odoo.webutils.MyTestListener - createOpportunity script is passed
2019-11-02 13:12:01,724 [main] INFO com.odoo.webutils.MyTestListener - scheduleActivity script execution starts
2019-11-02 13:13:39,105 [main] FATAL com.odoo.webutils.MyTestListener - element click intercepted: Element <td class="fc-widget-content"></td> is not clickable at point (653, 478). Other element would receive the click: <div class="fc-bg"></div>
  (Session info: chrome=78.0.3904.70)
Build info: version: '3.141.59', revision: 'e82be7d358', time: '2018-11-14T08:17:03'
System info: host: 'LAPTOP-RQOJ408I', ip: '192.168.0.123', os.name: 'Windows 10', os.arch: 'amd64', os.version: '10.0', java.version: '1.8.0_201'
Driver info: org.openqa.selenium.chrome.ChromeDriver
Capabilities {acceptInsecureCerts: false, browserName: chrome, browserVersion: 78.0.3904.70, chrome: {chromedriverVersion: 77.0.3865.40 (f484704e052e0..., userDataDir: C:\Users\ASUS\AppData\Local...}, goog:chromeOptions: {debuggerAddress: localhost:64247}, javascriptEnabled: true, networkConnectionEnabled: false, pageLoadStrategy: normal, platform: XP, platformName: XP, proxy: Proxy(), setWindowRect: true, strictFileInteractability: false, timeouts: {implicit: 0, pageLoad: 300000, script: 30000}, unhandledPromptBehavior: dismiss and notify}
Session ID: c48f78bbb8477382403b368e60f6df8d
2019-11-02 13:13:39,105 [main] WARN com.odoo.webutils.MyTestListener - scheduleActivity script is failed
2019-11-02 13:13:39,859 [main] INFO com.odoo.webutils.MyTestListener - Screenshot has been taken 
2019-11-02 13:14:00,762 [main] INFO com.odoo.webutils.MyTestListener - Browser Closed
2019-11-02 13:14:00,840 [main] INFO com.odoo.webutils.MyTestListener - ExcelReport generated
2019-11-02 13:14:00,840 [main] INFO com.odoo.webutils.MyTestListener - Framework execution Time Taken: 328.0seconds
2019-11-02 13:14:00,840 [main] INFO com.odoo.webutils.MyTestListener - Framework execution ends
