2019-10-23 13:26:46,180 [main] INFO com.odoo.webutils.MyTestListener - Framework execution starts
2019-10-23 13:26:56,149 [main] INFO com.odoo.webutils.MyTestListener - Browser Launched and maximized
2019-10-23 13:27:00,876 [main] INFO com.odoo.webutils.MyTestListener - createCustomer script execution starts
2019-10-23 13:27:40,907 [main] FATAL com.odoo.webutils.MyTestListener - no such element: Unable to locate element: {"method":"xpath","selector":"//div[@name='name']//input"}
  (Session info: chrome=78.0.3904.70)
For documentation on this error, please visit: https://www.seleniumhq.org/exceptions/no_such_element.html
Build info: version: '3.141.59', revision: 'e82be7d358', time: '2018-11-14T08:17:03'
System info: host: 'LAPTOP-RQOJ408I', ip: '192.168.0.130', os.name: 'Windows 10', os.arch: 'amd64', os.version: '10.0', java.version: '1.8.0_211'
Driver info: org.openqa.selenium.chrome.ChromeDriver
Capabilities {acceptInsecureCerts: false, browserName: chrome, browserVersion: 78.0.3904.70, chrome: {chromedriverVersion: 77.0.3865.40 (f484704e052e0..., userDataDir: C:\Users\ASUS\AppData\Local...}, goog:chromeOptions: {debuggerAddress: localhost:64176}, javascriptEnabled: true, networkConnectionEnabled: false, pageLoadStrategy: normal, platform: XP, platformName: XP, proxy: Proxy(), setWindowRect: true, strictFileInteractability: false, timeouts: {implicit: 0, pageLoad: 300000, script: 30000}, unhandledPromptBehavior: dismiss and notify}
Session ID: 0ac8eca896ec630864a994c91f3ea8c1
*** Element info: {Using=xpath, value=//div[@name='name']//input}
2019-10-23 13:27:41,427 [main] FATAL com.odoo.webutils.MyTestListener - no such element: Unable to locate element: {"method":"xpath","selector":"//div[@name='name']//input"}
  (Session info: chrome=78.0.3904.70)
For documentation on this error, please visit: https://www.seleniumhq.org/exceptions/no_such_element.html
Build info: version: '3.141.59', revision: 'e82be7d358', time: '2018-11-14T08:17:03'
System info: host: 'LAPTOP-RQOJ408I', ip: '192.168.0.130', os.name: 'Windows 10', os.arch: 'amd64', os.version: '10.0', java.version: '1.8.0_211'
Driver info: org.openqa.selenium.chrome.ChromeDriver
Capabilities {acceptInsecureCerts: false, browserName: chrome, browserVersion: 78.0.3904.70, chrome: {chromedriverVersion: 77.0.3865.40 (f484704e052e0..., userDataDir: C:\Users\ASUS\AppData\Local...}, goog:chromeOptions: {debuggerAddress: localhost:64176}, javascriptEnabled: true, networkConnectionEnabled: false, pageLoadStrategy: normal, platform: XP, platformName: XP, proxy: Proxy(), setWindowRect: true, strictFileInteractability: false, timeouts: {implicit: 0, pageLoad: 300000, script: 30000}, unhandledPromptBehavior: dismiss and notify}
Session ID: 0ac8eca896ec630864a994c91f3ea8c1
*** Element info: {Using=xpath, value=//div[@name='name']//input}
2019-10-23 13:28:13,552 [main] INFO com.odoo.webutils.MyTestListener - createCustomer script is passed
2019-10-23 13:28:30,245 [main] INFO com.odoo.webutils.MyTestListener - Browser Closed
2019-10-23 13:28:30,326 [main] INFO com.odoo.webutils.MyTestListener - ExcelReport generated
2019-10-23 13:28:30,326 [main] INFO com.odoo.webutils.MyTestListener - Framework execution Time Taken: 104.0seconds
2019-10-23 13:28:30,326 [main] INFO com.odoo.webutils.MyTestListener - Framework execution ends
