2019-11-03 20:38:16,605 [main] INFO com.odoo.webutils.MyTestListener - Framework execution starts
2019-11-03 20:38:23,843 [main] INFO com.odoo.webutils.MyTestListener - Browser Launched and maximized
2019-11-03 20:38:30,968 [main] INFO com.odoo.webutils.MyTestListener - newCustomer script execution starts
2019-11-03 20:39:32,682 [main] INFO com.odoo.webutils.MyTestListener - newCustomer script is passed
2019-11-03 20:39:55,219 [main] INFO com.odoo.webutils.MyTestListener - createOpportunity script execution starts
2019-11-03 20:41:17,024 [main] INFO com.odoo.webutils.MyTestListener - createOpportunity script is passed
2019-11-03 20:41:40,397 [main] INFO com.odoo.webutils.MyTestListener - scheduledActivity script execution starts
2019-11-03 20:43:17,499 [main] FATAL com.odoo.webutils.MyTestListener - no such element: Unable to locate element: {"method":"xpath","selector":"//div[@name='activity_ids']//strong/following-sibling::strong"}
  (Session info: chrome=77.0.3865.120)
For documentation on this error, please visit: https://www.seleniumhq.org/exceptions/no_such_element.html
Build info: version: '3.141.59', revision: 'e82be7d358', time: '2018-11-14T08:17:03'
System info: host: 'ALAM-PC', ip: '192.168.2.105', os.name: 'Windows 7', os.arch: 'amd64', os.version: '6.1', java.version: '1.8.0_201'
Driver info: org.openqa.selenium.chrome.ChromeDriver
Capabilities {acceptInsecureCerts: false, browserName: chrome, browserVersion: 77.0.3865.120, chrome: {chromedriverVersion: 77.0.3865.40 (f484704e052e0..., userDataDir: C:\Users\Alam\AppData\Local...}, goog:chromeOptions: {debuggerAddress: localhost:50446}, javascriptEnabled: true, networkConnectionEnabled: false, pageLoadStrategy: normal, platform: XP, platformName: XP, proxy: Proxy(), setWindowRect: true, strictFileInteractability: false, timeouts: {implicit: 0, pageLoad: 300000, script: 30000}, unhandledPromptBehavior: dismiss and notify}
Session ID: c4434c31d267796877cf165ac97d977b
*** Element info: {Using=xpath, value=//div[@name='activity_ids']//strong/following-sibling::strong}
2019-11-03 20:43:17,689 [main] WARN com.odoo.webutils.MyTestListener - scheduledActivity script is failed
2019-11-03 20:43:19,290 [main] INFO com.odoo.webutils.MyTestListener - Screenshot has been taken 
2019-11-03 20:43:50,430 [main] INFO com.odoo.webutils.MyTestListener - Browser Closed
2019-11-03 20:43:54,957 [main] INFO com.odoo.webutils.MyTestListener - ExcelReport generated
2019-11-03 20:43:54,958 [main] INFO com.odoo.webutils.MyTestListener - Framework execution Time Taken: 338.0seconds
2019-11-03 20:43:54,959 [main] INFO com.odoo.webutils.MyTestListener - Framework execution ends
