2019-10-17 12:21:41,322 [main] INFO com.odoo.webutils.MyTestListener - Framework execution starts
2019-10-17 12:21:46,074 [main] INFO com.odoo.webutils.MyTestListener - Browser Launched and maximized
2019-10-17 12:21:54,650 [main] INFO com.odoo.webutils.MyTestListener - createCustomer script execution starts
2019-10-17 12:22:33,076 [main] FATAL com.odoo.webutils.MyTestListener - element click intercepted: Element <button class="btn btn-primary o-kanban-button-new" type="button" data-accesskey="c">...</button> is not clickable at point (49, 106). Other element would receive the click: <div class="blockUI blockOverlay" style="z-index: 1100; border: none; margin: 0px; padding: 0px; width: 100%; height: 100%; top: 0px; left: 0px; background-color: rgb(0, 0, 0); opacity: 0.6; cursor: wait; position: fixed;"></div>
  (Session info: chrome=77.0.3865.120)
Build info: version: '3.141.59', revision: 'e82be7d358', time: '2018-11-14T08:17:03'
System info: host: 'ABC-PC', ip: '192.168.0.112', os.name: 'Windows 7', os.arch: 'amd64', os.version: '6.1', java.version: '1.8.0_201'
Driver info: org.openqa.selenium.chrome.ChromeDriver
Capabilities {acceptInsecureCerts: false, browserName: chrome, browserVersion: 77.0.3865.120, chrome: {chromedriverVersion: 77.0.3865.40 (f484704e052e0..., userDataDir: C:\Users\abc\AppData\Local\...}, goog:chromeOptions: {debuggerAddress: localhost:49229}, javascriptEnabled: true, networkConnectionEnabled: false, pageLoadStrategy: normal, platform: XP, platformName: XP, proxy: Proxy(), setWindowRect: true, strictFileInteractability: false, timeouts: {implicit: 0, pageLoad: 300000, script: 30000}, unhandledPromptBehavior: dismiss and notify}
Session ID: 57a1af1843f9e286411b0a01b0f75a37
2019-10-17 12:22:33,087 [main] WARN com.odoo.webutils.MyTestListener - createCustomer script is failed
2019-10-17 12:22:33,473 [main] INFO com.odoo.webutils.MyTestListener - Screenshot has been taken 
2019-10-17 12:22:33,530 [main] FATAL com.odoo.webutils.MyTestListener - element click intercepted: Element <a aria-expanded="false" class="dropdown-toggle" data-display="static" data-toggle="dropdown" href="#" role="button">...</a> is not clickable at point (998, 23). Other element would receive the click: <div class="blockUI blockOverlay" style="z-index: 1100; border: none; margin: 0px; padding: 0px; width: 100%; height: 100%; top: 0px; left: 0px; background-color: rgb(0, 0, 0); opacity: 0.6; cursor: wait; position: fixed;"></div>
  (Session info: chrome=77.0.3865.120)
Build info: version: '3.141.59', revision: 'e82be7d358', time: '2018-11-14T08:17:03'
System info: host: 'ABC-PC', ip: '192.168.0.112', os.name: 'Windows 7', os.arch: 'amd64', os.version: '6.1', java.version: '1.8.0_201'
Driver info: org.openqa.selenium.chrome.ChromeDriver
Capabilities {acceptInsecureCerts: false, browserName: chrome, browserVersion: 77.0.3865.120, chrome: {chromedriverVersion: 77.0.3865.40 (f484704e052e0..., userDataDir: C:\Users\abc\AppData\Local\...}, goog:chromeOptions: {debuggerAddress: localhost:49229}, javascriptEnabled: true, networkConnectionEnabled: false, pageLoadStrategy: normal, platform: XP, platformName: XP, proxy: Proxy(), setWindowRect: true, strictFileInteractability: false, timeouts: {implicit: 0, pageLoad: 300000, script: 30000}, unhandledPromptBehavior: dismiss and notify}
Session ID: 57a1af1843f9e286411b0a01b0f75a37
2019-10-17 12:22:33,542 [main] INFO com.odoo.webutils.MyTestListener - deletecustomerfrompage script execution starts
2019-10-17 12:22:33,544 [main] INFO com.odoo.webutils.MyTestListener - deletecustomerfrompage script is skipped
2019-10-17 12:22:33,747 [main] INFO com.odoo.webutils.MyTestListener - ExcelReport generated
2019-10-17 12:22:33,747 [main] INFO com.odoo.webutils.MyTestListener - Framework execution Time Taken: 52.0seconds
2019-10-17 12:22:33,748 [main] INFO com.odoo.webutils.MyTestListener - Framework execution ends
