2019-10-22 14:39:15,538 [main] INFO com.odoo.webutils.MyTestListener - Framework execution starts
2019-10-22 14:39:26,445 [main] INFO com.odoo.webutils.MyTestListener - Browser Launched and maximized
2019-10-22 14:39:31,594 [main] INFO com.odoo.webutils.MyTestListener - createOpportunity script execution starts
2019-10-22 14:39:52,298 [main] FATAL com.odoo.webutils.MyTestListener - no such element: Unable to locate element: {"method":"xpath","selector":"//ul[@class='o_menu_sections']//a[contains(text(),'Sales')]"}
  (Session info: chrome=77.0.3865.120)
For documentation on this error, please visit: https://www.seleniumhq.org/exceptions/no_such_element.html
Build info: version: '3.141.59', revision: 'e82be7d358', time: '2018-11-14T08:17:03'
System info: host: 'LAPTOP-RQOJ408I', ip: '192.168.0.130', os.name: 'Windows 10', os.arch: 'amd64', os.version: '10.0', java.version: '1.8.0_211'
Driver info: org.openqa.selenium.chrome.ChromeDriver
Capabilities {acceptInsecureCerts: false, browserName: chrome, browserVersion: 77.0.3865.120, chrome: {chromedriverVersion: 77.0.3865.40 (f484704e052e0..., userDataDir: C:\Users\ASUS\AppData\Local...}, goog:chromeOptions: {debuggerAddress: localhost:59028}, javascriptEnabled: true, networkConnectionEnabled: false, pageLoadStrategy: normal, platform: XP, platformName: XP, proxy: Proxy(), setWindowRect: true, strictFileInteractability: false, timeouts: {implicit: 0, pageLoad: 300000, script: 30000}, unhandledPromptBehavior: dismiss and notify}
Session ID: d43d21a3c463c100b44127b2965276ca
*** Element info: {Using=xpath, value=//ul[@class='o_menu_sections']//a[contains(text(),'Sales')]}
2019-10-22 14:39:52,315 [main] WARN com.odoo.webutils.MyTestListener - createOpportunity script is failed
2019-10-22 14:39:53,737 [main] INFO com.odoo.webutils.MyTestListener - Screenshot has been taken 
2019-10-22 14:40:10,306 [main] INFO com.odoo.webutils.MyTestListener - drgAndDrpOpportunity script execution starts
2019-10-22 14:40:10,310 [main] INFO com.odoo.webutils.MyTestListener - drgAndDrpOpportunity script is skipped
2019-10-22 14:40:11,157 [main] INFO com.odoo.webutils.MyTestListener - Browser Closed
2019-10-22 14:40:11,492 [main] INFO com.odoo.webutils.MyTestListener - ExcelReport generated
2019-10-22 14:40:11,492 [main] INFO com.odoo.webutils.MyTestListener - Framework execution Time Taken: 56.0seconds
2019-10-22 14:40:11,493 [main] INFO com.odoo.webutils.MyTestListener - Framework execution ends
