2019-10-19 08:22:11,769 [main] INFO com.odoo.webutils.MyTestListener - Framework execution starts
2019-10-19 08:22:17,199 [main] INFO com.odoo.webutils.MyTestListener - Browser Launched and maximized
2019-10-19 08:22:21,461 [main] INFO com.odoo.webutils.MyTestListener - createCustomer script execution starts
2019-10-19 08:23:07,410 [main] INFO com.odoo.webutils.MyTestListener - createCustomer script is passed
2019-10-19 08:23:19,788 [main] INFO com.odoo.webutils.MyTestListener - createOpportunity script execution starts
2019-10-19 08:24:04,332 [main] FATAL com.odoo.webutils.MyTestListener - element not interactable
  (Session info: chrome=77.0.3865.120)
Build info: version: '3.141.59', revision: 'e82be7d358', time: '2018-11-14T08:17:03'
System info: host: 'ADARSH', ip: '192.168.1.225', os.name: 'Windows 8', os.arch: 'amd64', os.version: '6.2', java.version: '1.8.0_201'
Driver info: org.openqa.selenium.chrome.ChromeDriver
Capabilities {acceptInsecureCerts: false, browserName: chrome, browserVersion: 77.0.3865.120, chrome: {chromedriverVersion: 77.0.3865.40 (f484704e052e0..., userDataDir: C:\Users\ANSHU\AppData\Loca...}, goog:chromeOptions: {debuggerAddress: localhost:49862}, javascriptEnabled: true, networkConnectionEnabled: false, pageLoadStrategy: normal, platform: XP, platformName: XP, proxy: Proxy(), setWindowRect: true, strictFileInteractability: false, timeouts: {implicit: 0, pageLoad: 300000, script: 30000}, unhandledPromptBehavior: dismiss and notify}
Session ID: 6fc42cca7001e14fe9b4df8760dd6d85
2019-10-19 08:24:04,341 [main] WARN com.odoo.webutils.MyTestListener - createOpportunity script is failed
2019-10-19 08:24:04,817 [main] INFO com.odoo.webutils.MyTestListener - Screenshot has been taken 
2019-10-19 08:24:09,943 [main] FATAL com.odoo.webutils.MyTestListener - element click intercepted: Element <a aria-expanded="false" class="dropdown-toggle" data-display="static" data-toggle="dropdown" href="#" role="button">...</a> is not clickable at point (1261, 23). Other element would receive the click: <div role="dialog" class="modal o_technical_modal show" tabindex="-1" data-backdrop="static" id="modal_149" open="open" aria-modal="true" style="display: block;">...</div>
  (Session info: chrome=77.0.3865.120)
Build info: version: '3.141.59', revision: 'e82be7d358', time: '2018-11-14T08:17:03'
System info: host: 'ADARSH', ip: '192.168.1.225', os.name: 'Windows 8', os.arch: 'amd64', os.version: '6.2', java.version: '1.8.0_201'
Driver info: org.openqa.selenium.chrome.ChromeDriver
Capabilities {acceptInsecureCerts: false, browserName: chrome, browserVersion: 77.0.3865.120, chrome: {chromedriverVersion: 77.0.3865.40 (f484704e052e0..., userDataDir: C:\Users\ANSHU\AppData\Loca...}, goog:chromeOptions: {debuggerAddress: localhost:49862}, javascriptEnabled: true, networkConnectionEnabled: false, pageLoadStrategy: normal, platform: XP, platformName: XP, proxy: Proxy(), setWindowRect: true, strictFileInteractability: false, timeouts: {implicit: 0, pageLoad: 300000, script: 30000}, unhandledPromptBehavior: dismiss and notify}
Session ID: 6fc42cca7001e14fe9b4df8760dd6d85
2019-10-19 08:24:09,970 [main] INFO com.odoo.webutils.MyTestListener - deleteCustomer script execution starts
2019-10-19 08:24:09,970 [main] INFO com.odoo.webutils.MyTestListener - deleteCustomer script is skipped
2019-10-19 08:24:13,725 [main] INFO com.odoo.webutils.MyTestListener - Browser Closed
2019-10-19 08:24:13,898 [main] INFO com.odoo.webutils.MyTestListener - ExcelReport generated
2019-10-19 08:24:13,898 [main] INFO com.odoo.webutils.MyTestListener - Framework execution Time Taken: 122.0seconds
2019-10-19 08:24:13,898 [main] INFO com.odoo.webutils.MyTestListener - Framework execution ends
