2019-10-26 20:38:32,378 [main] INFO com.odoo.webutils.MyTestListener - Framework execution starts
2019-10-26 20:38:39,459 [main] INFO com.odoo.webutils.MyTestListener - Browser Launched and maximized
2019-10-26 20:38:45,690 [main] INFO com.odoo.webutils.MyTestListener - createOpportunity script execution starts
2019-10-26 20:40:00,655 [main] FATAL com.odoo.webutils.MyTestListener - stale element reference: element is not attached to the page document
  (Session info: chrome=77.0.3865.120)
For documentation on this error, please visit: https://www.seleniumhq.org/exceptions/stale_element_reference.html
Build info: version: '3.141.59', revision: 'e82be7d358', time: '2018-11-14T08:17:03'
System info: host: 'ALAM-PC', ip: '192.168.43.227', os.name: 'Windows 7', os.arch: 'amd64', os.version: '6.1', java.version: '1.8.0_201'
Driver info: org.openqa.selenium.chrome.ChromeDriver
Capabilities {acceptInsecureCerts: false, browserName: chrome, browserVersion: 77.0.3865.120, chrome: {chromedriverVersion: 77.0.3865.40 (f484704e052e0..., userDataDir: C:\Users\Alam\AppData\Local...}, goog:chromeOptions: {debuggerAddress: localhost:60326}, javascriptEnabled: true, networkConnectionEnabled: false, pageLoadStrategy: normal, platform: XP, platformName: XP, proxy: Proxy(), setWindowRect: true, strictFileInteractability: false, timeouts: {implicit: 0, pageLoad: 300000, script: 30000}, unhandledPromptBehavior: dismiss and notify}
Session ID: 2d27ac47707e661fcfba072c78bc66b1
2019-10-26 20:40:12,312 [main] INFO com.odoo.webutils.MyTestListener - createOpportunity script is passed
2019-10-26 20:40:36,140 [main] INFO com.odoo.webutils.MyTestListener - deleteOpportunity script execution starts
2019-10-26 20:41:11,026 [main] FATAL com.odoo.webutils.MyTestListener - element not interactable
  (Session info: chrome=77.0.3865.120)
Build info: version: '3.141.59', revision: 'e82be7d358', time: '2018-11-14T08:17:03'
System info: host: 'ALAM-PC', ip: '192.168.43.227', os.name: 'Windows 7', os.arch: 'amd64', os.version: '6.1', java.version: '1.8.0_201'
Driver info: org.openqa.selenium.chrome.ChromeDriver
Capabilities {acceptInsecureCerts: false, browserName: chrome, browserVersion: 77.0.3865.120, chrome: {chromedriverVersion: 77.0.3865.40 (f484704e052e0..., userDataDir: C:\Users\Alam\AppData\Local...}, goog:chromeOptions: {debuggerAddress: localhost:60326}, javascriptEnabled: true, networkConnectionEnabled: false, pageLoadStrategy: normal, platform: XP, platformName: XP, proxy: Proxy(), setWindowRect: true, strictFileInteractability: false, timeouts: {implicit: 0, pageLoad: 300000, script: 30000}, unhandledPromptBehavior: dismiss and notify}
Session ID: 2d27ac47707e661fcfba072c78bc66b1
2019-10-26 20:41:11,048 [main] WARN com.odoo.webutils.MyTestListener - deleteOpportunity script is failed
2019-10-26 20:41:11,928 [main] INFO com.odoo.webutils.MyTestListener - Screenshot has been taken 
2019-10-26 20:41:37,097 [main] INFO com.odoo.webutils.MyTestListener - Browser Closed
2019-10-26 20:41:37,831 [main] INFO com.odoo.webutils.MyTestListener - ExcelReport generated
2019-10-26 20:41:37,832 [main] INFO com.odoo.webutils.MyTestListener - Framework execution Time Taken: 185.0seconds
2019-10-26 20:41:37,832 [main] INFO com.odoo.webutils.MyTestListener - Framework execution ends
