2019-11-01 13:39:56,251 [main] INFO com.odoo.webutils.MyTestListener - Framework execution starts
2019-11-01 13:40:00,472 [main] INFO com.odoo.webutils.MyTestListener - Browser Launched and maximized
2019-11-01 13:40:03,815 [main] INFO com.odoo.webutils.MyTestListener - scheduleActivity script execution starts
2019-11-01 13:41:56,440 [main] FATAL com.odoo.webutils.MyTestListener - element not interactable
  (Session info: chrome=78.0.3904.70)
Build info: version: '3.141.59', revision: 'e82be7d358', time: '2018-11-14T08:17:03'
System info: host: 'LAPTOP-RQOJ408I', ip: '192.168.43.244', os.name: 'Windows 10', os.arch: 'amd64', os.version: '10.0', java.version: '1.8.0_211'
Driver info: org.openqa.selenium.chrome.ChromeDriver
Capabilities {acceptInsecureCerts: false, browserName: chrome, browserVersion: 78.0.3904.70, chrome: {chromedriverVersion: 77.0.3865.40 (f484704e052e0..., userDataDir: C:\Users\ASUS\AppData\Local...}, goog:chromeOptions: {debuggerAddress: localhost:53715}, javascriptEnabled: true, networkConnectionEnabled: false, pageLoadStrategy: normal, platform: XP, platformName: XP, proxy: Proxy(), setWindowRect: true, strictFileInteractability: false, timeouts: {implicit: 0, pageLoad: 300000, script: 30000}, unhandledPromptBehavior: dismiss and notify}
Session ID: fc771272d3994450fc1a7c43fe89686a
2019-11-01 13:41:56,447 [main] WARN com.odoo.webutils.MyTestListener - scheduleActivity script is failed
2019-11-01 13:41:57,126 [main] INFO com.odoo.webutils.MyTestListener - Screenshot has been taken 
2019-11-01 13:42:07,315 [main] FATAL com.odoo.webutils.MyTestListener - element click intercepted: Element <a role="button" class="dropdown-toggle" data-toggle="dropdown" data-display="static" aria-expanded="false" href="#">...</a> is not clickable at point (1415, 23). Other element would receive the click: <div role="dialog" class="modal o_technical_modal show" tabindex="-1" data-backdrop="static" id="modal_248" open="open" aria-modal="true" style="display: block;">...</div>
  (Session info: chrome=78.0.3904.70)
Build info: version: '3.141.59', revision: 'e82be7d358', time: '2018-11-14T08:17:03'
System info: host: 'LAPTOP-RQOJ408I', ip: '192.168.43.244', os.name: 'Windows 10', os.arch: 'amd64', os.version: '10.0', java.version: '1.8.0_211'
Driver info: org.openqa.selenium.chrome.ChromeDriver
Capabilities {acceptInsecureCerts: false, browserName: chrome, browserVersion: 78.0.3904.70, chrome: {chromedriverVersion: 77.0.3865.40 (f484704e052e0..., userDataDir: C:\Users\ASUS\AppData\Local...}, goog:chromeOptions: {debuggerAddress: localhost:53715}, javascriptEnabled: true, networkConnectionEnabled: false, pageLoadStrategy: normal, platform: XP, platformName: XP, proxy: Proxy(), setWindowRect: true, strictFileInteractability: false, timeouts: {implicit: 0, pageLoad: 300000, script: 30000}, unhandledPromptBehavior: dismiss and notify}
Session ID: fc771272d3994450fc1a7c43fe89686a
2019-11-01 13:42:08,562 [main] INFO com.odoo.webutils.MyTestListener - Browser Closed
2019-11-01 13:42:08,938 [main] INFO com.odoo.webutils.MyTestListener - ExcelReport generated
2019-11-01 13:42:08,938 [main] INFO com.odoo.webutils.MyTestListener - Framework execution Time Taken: 139.0seconds
2019-11-01 13:42:08,944 [main] INFO com.odoo.webutils.MyTestListener - Framework execution ends
