2019-10-17 15:43:41,558 [main] INFO com.odoo.webutils.MyTestListener - Framework execution starts
2019-10-17 15:43:49,519 [main] INFO com.odoo.webutils.MyTestListener - Browser Launched and maximized
2019-10-17 15:43:55,048 [main] INFO com.odoo.webutils.MyTestListener - creteCustomeTest script execution starts
2019-10-17 15:44:54,260 [main] FATAL com.odoo.webutils.MyTestListener - element click intercepted: Element <button accesskey="s" class="btn btn-primary o_form_button_save" type="button">...</button> is not clickable at point (41, 106). Other element would receive the click: <div role="dialog" class="modal o_technical_modal show" tabindex="-1" data-backdrop="static" id="modal_350" open="open" aria-modal="true" style="display: block;">...</div>
  (Session info: chrome=77.0.3865.120)
Build info: version: '3.141.59', revision: 'e82be7d358', time: '2018-11-14T08:17:03'
System info: host: 'ROBIN-PC', ip: '192.168.0.111', os.name: 'Windows 7', os.arch: 'amd64', os.version: '6.1', java.version: '1.8.0_201'
Driver info: org.openqa.selenium.chrome.ChromeDriver
Capabilities {acceptInsecureCerts: false, browserName: chrome, browserVersion: 77.0.3865.120, chrome: {chromedriverVersion: 77.0.3865.40 (f484704e052e0..., userDataDir: C:\Users\robin\AppData\Loca...}, goog:chromeOptions: {debuggerAddress: localhost:56094}, javascriptEnabled: true, networkConnectionEnabled: false, pageLoadStrategy: normal, platform: XP, platformName: XP, proxy: Proxy(), setWindowRect: true, strictFileInteractability: false, timeouts: {implicit: 0, pageLoad: 300000, script: 30000}, unhandledPromptBehavior: dismiss and notify}
Session ID: 86987284abc13919af789353b897eabb
2019-10-17 15:44:54,525 [main] WARN com.odoo.webutils.MyTestListener - creteCustomeTest script is failed
2019-10-17 15:44:59,047 [main] INFO com.odoo.webutils.MyTestListener - Screenshot has been taken 
2019-10-17 15:44:59,207 [main] FATAL com.odoo.webutils.MyTestListener - element click intercepted: Element <a aria-expanded="false" class="dropdown-toggle" data-display="static" data-toggle="dropdown" href="#" role="button">...</a> is not clickable at point (1254, 23). Other element would receive the click: <div role="dialog" class="modal o_technical_modal show" tabindex="-1" data-backdrop="static" id="modal_350" open="open" aria-modal="true" style="display: block;">...</div>
  (Session info: chrome=77.0.3865.120)
Build info: version: '3.141.59', revision: 'e82be7d358', time: '2018-11-14T08:17:03'
System info: host: 'ROBIN-PC', ip: '192.168.0.111', os.name: 'Windows 7', os.arch: 'amd64', os.version: '6.1', java.version: '1.8.0_201'
Driver info: org.openqa.selenium.chrome.ChromeDriver
Capabilities {acceptInsecureCerts: false, browserName: chrome, browserVersion: 77.0.3865.120, chrome: {chromedriverVersion: 77.0.3865.40 (f484704e052e0..., userDataDir: C:\Users\robin\AppData\Loca...}, goog:chromeOptions: {debuggerAddress: localhost:56094}, javascriptEnabled: true, networkConnectionEnabled: false, pageLoadStrategy: normal, platform: XP, platformName: XP, proxy: Proxy(), setWindowRect: true, strictFileInteractability: false, timeouts: {implicit: 0, pageLoad: 300000, script: 30000}, unhandledPromptBehavior: dismiss and notify}
Session ID: 86987284abc13919af789353b897eabb
2019-10-17 15:45:00,265 [main] INFO com.odoo.webutils.MyTestListener - ExcelReport generated
2019-10-17 15:45:00,265 [main] INFO com.odoo.webutils.MyTestListener - Framework execution Time Taken: 78.0seconds
2019-10-17 15:45:00,265 [main] INFO com.odoo.webutils.MyTestListener - Framework execution ends
