2019-10-22 12:42:21,022 [main] INFO com.odoo.webutils.MyTestListener - Framework execution starts
2019-10-22 12:42:25,909 [main] INFO com.odoo.webutils.MyTestListener - Browser Launched and maximized
2019-10-22 12:42:32,070 [main] INFO com.odoo.webutils.MyTestListener - lost script execution starts
2019-10-22 12:43:15,917 [main] INFO com.odoo.webutils.MyTestListener - lost script is passed
2019-10-22 12:43:17,339 [main] INFO com.odoo.webutils.MyTestListener - salesteam script execution starts
2019-10-22 12:43:17,437 [main] FATAL com.odoo.webutils.MyTestListener - no such element: Unable to locate element: {"method":"xpath","selector":"//input[@id='login']"}
  (Session info: chrome=77.0.3865.120)
For documentation on this error, please visit: https://www.seleniumhq.org/exceptions/no_such_element.html
Build info: version: '3.141.59', revision: 'e82be7d358', time: '2018-11-14T08:17:03'
System info: host: 'ABC-PC', ip: '192.168.0.129', os.name: 'Windows 7', os.arch: 'amd64', os.version: '6.1', java.version: '1.8.0_201'
Driver info: org.openqa.selenium.chrome.ChromeDriver
Capabilities {acceptInsecureCerts: false, browserName: chrome, browserVersion: 77.0.3865.120, chrome: {chromedriverVersion: 77.0.3865.40 (f484704e052e0..., userDataDir: C:\Users\abc\AppData\Local\...}, goog:chromeOptions: {debuggerAddress: localhost:49417}, javascriptEnabled: true, networkConnectionEnabled: false, pageLoadStrategy: normal, platform: XP, platformName: XP, proxy: Proxy(), setWindowRect: true, strictFileInteractability: false, timeouts: {implicit: 0, pageLoad: 300000, script: 30000}, unhandledPromptBehavior: dismiss and notify}
Session ID: 17718cdd1e406eb664cc9ae9d4b3bafd
*** Element info: {Using=xpath, value=//input[@id='login']}
2019-10-22 12:43:17,443 [main] WARN com.odoo.webutils.MyTestListener - salesteam script is failed
2019-10-22 12:43:17,824 [main] INFO com.odoo.webutils.MyTestListener - Screenshot has been taken 
2019-10-22 12:43:17,837 [main] FATAL com.odoo.webutils.MyTestListener - no such element: Unable to locate element: {"method":"xpath","selector":"//li[@class='o_user_menu']/a"}
  (Session info: chrome=77.0.3865.120)
For documentation on this error, please visit: https://www.seleniumhq.org/exceptions/no_such_element.html
Build info: version: '3.141.59', revision: 'e82be7d358', time: '2018-11-14T08:17:03'
System info: host: 'ABC-PC', ip: '192.168.0.129', os.name: 'Windows 7', os.arch: 'amd64', os.version: '6.1', java.version: '1.8.0_201'
Driver info: org.openqa.selenium.chrome.ChromeDriver
Capabilities {acceptInsecureCerts: false, browserName: chrome, browserVersion: 77.0.3865.120, chrome: {chromedriverVersion: 77.0.3865.40 (f484704e052e0..., userDataDir: C:\Users\abc\AppData\Local\...}, goog:chromeOptions: {debuggerAddress: localhost:49417}, javascriptEnabled: true, networkConnectionEnabled: false, pageLoadStrategy: normal, platform: XP, platformName: XP, proxy: Proxy(), setWindowRect: true, strictFileInteractability: false, timeouts: {implicit: 0, pageLoad: 300000, script: 30000}, unhandledPromptBehavior: dismiss and notify}
Session ID: 17718cdd1e406eb664cc9ae9d4b3bafd
*** Element info: {Using=xpath, value=//li[@class='o_user_menu']/a}
2019-10-22 12:43:18,061 [main] INFO com.odoo.webutils.MyTestListener - ExcelReport generated
2019-10-22 12:43:18,061 [main] INFO com.odoo.webutils.MyTestListener - Framework execution Time Taken: 57.0seconds
2019-10-22 12:43:18,061 [main] INFO com.odoo.webutils.MyTestListener - Framework execution ends
