2019-10-31 22:35:03,961 [main] INFO com.odoo.webutils.MyTestListener - Framework execution starts
2019-10-31 22:35:04,177 [main] INFO com.odoo.webutils.MyTestListener - Framework execution starts
2019-10-31 22:35:17,543 [main] INFO com.odoo.webutils.MyTestListener - Browser Launched and maximized
2019-10-31 22:35:17,593 [main] INFO com.odoo.webutils.MyTestListener - Browser Launched and maximized
2019-10-31 22:35:20,890 [main] INFO com.odoo.webutils.MyTestListener - createOpportunity script execution starts
2019-10-31 22:35:21,596 [main] INFO com.odoo.webutils.MyTestListener - createOpportunity script execution starts
2019-10-31 22:35:24,698 [main] WARN com.odoo.webutils.MyTestListener - createOpportunity script is failed
2019-10-31 22:35:25,083 [main] WARN com.odoo.webutils.MyTestListener - createOpportunity script is failed
2019-10-31 22:35:25,973 [main] INFO com.odoo.webutils.MyTestListener - Screenshot has been taken 
2019-10-31 22:35:26,420 [main] INFO com.odoo.webutils.MyTestListener - Screenshot has been taken 
2019-10-31 22:35:36,066 [main] FATAL com.odoo.webutils.MyTestListener - no such element: Unable to locate element: {"method":"xpath","selector":"//li[@class='o_user_menu']/a"}
  (Session info: chrome=78.0.3904.70)
For documentation on this error, please visit: https://www.seleniumhq.org/exceptions/no_such_element.html
Build info: version: '3.141.59', revision: 'e82be7d358', time: '2018-11-14T08:17:03'
System info: host: 'LAPTOP-RQOJ408I', ip: '192.168.0.123', os.name: 'Windows 10', os.arch: 'amd64', os.version: '10.0', java.version: '1.8.0_211'
Driver info: org.openqa.selenium.chrome.ChromeDriver
Capabilities {acceptInsecureCerts: false, browserName: chrome, browserVersion: 78.0.3904.70, chrome: {chromedriverVersion: 77.0.3865.40 (f484704e052e0..., userDataDir: C:\Users\ASUS\AppData\Local...}, goog:chromeOptions: {debuggerAddress: localhost:50149}, javascriptEnabled: true, networkConnectionEnabled: false, pageLoadStrategy: normal, platform: XP, platformName: XP, proxy: Proxy(), setWindowRect: true, strictFileInteractability: false, timeouts: {implicit: 0, pageLoad: 300000, script: 30000}, unhandledPromptBehavior: dismiss and notify}
Session ID: b58d3889358704ebeb84df55599c391c
*** Element info: {Using=xpath, value=//li[@class='o_user_menu']/a}
2019-10-31 22:35:36,520 [main] FATAL com.odoo.webutils.MyTestListener - no such element: Unable to locate element: {"method":"xpath","selector":"//li[@class='o_user_menu']/a"}
  (Session info: chrome=78.0.3904.70)
For documentation on this error, please visit: https://www.seleniumhq.org/exceptions/no_such_element.html
Build info: version: '3.141.59', revision: 'e82be7d358', time: '2018-11-14T08:17:03'
System info: host: 'LAPTOP-RQOJ408I', ip: '192.168.0.123', os.name: 'Windows 10', os.arch: 'amd64', os.version: '10.0', java.version: '1.8.0_211'
Driver info: org.openqa.selenium.chrome.ChromeDriver
Capabilities {acceptInsecureCerts: false, browserName: chrome, browserVersion: 78.0.3904.70, chrome: {chromedriverVersion: 77.0.3865.40 (f484704e052e0..., userDataDir: C:\Users\ASUS\AppData\Local...}, goog:chromeOptions: {debuggerAddress: localhost:50148}, javascriptEnabled: true, networkConnectionEnabled: false, pageLoadStrategy: normal, platform: XP, platformName: XP, proxy: Proxy(), setWindowRect: true, strictFileInteractability: false, timeouts: {implicit: 0, pageLoad: 300000, script: 30000}, unhandledPromptBehavior: dismiss and notify}
Session ID: 6c1874c08cd19687d8631cdebf1a7e93
*** Element info: {Using=xpath, value=//li[@class='o_user_menu']/a}
2019-10-31 22:35:37,080 [main] INFO com.odoo.webutils.MyTestListener - Browser Closed
2019-10-31 22:35:37,330 [main] INFO com.odoo.webutils.MyTestListener - Browser Closed
2019-10-31 22:35:37,357 [main] INFO com.odoo.webutils.MyTestListener - ExcelReport generated
2019-10-31 22:35:37,360 [main] INFO com.odoo.webutils.MyTestListener - Framework execution Time Taken: 33.0seconds
2019-10-31 22:35:37,362 [main] INFO com.odoo.webutils.MyTestListener - Framework execution ends
2019-10-31 22:35:37,592 [main] INFO com.odoo.webutils.MyTestListener - ExcelReport generated
2019-10-31 22:35:37,593 [main] INFO com.odoo.webutils.MyTestListener - Framework execution Time Taken: 33.0seconds
2019-10-31 22:35:37,593 [main] INFO com.odoo.webutils.MyTestListener - Framework execution ends
