2019-10-30 13:58:16,887 [main] INFO com.odoo.webutils.MyTestListener - Framework execution starts
2019-10-30 13:58:23,632 [main] INFO com.odoo.webutils.MyTestListener - Browser Launched and maximized
2019-10-30 13:58:41,845 [main] INFO com.odoo.webutils.MyTestListener - newCustomer script execution starts
2019-10-30 13:59:54,228 [main] INFO com.odoo.webutils.MyTestListener - newCustomer script is passed
2019-10-30 14:00:17,110 [main] INFO com.odoo.webutils.MyTestListener - createOpportunity script execution starts
2019-10-30 14:01:25,318 [main] FATAL com.odoo.webutils.MyTestListener - stale element reference: element is not attached to the page document
  (Session info: chrome=77.0.3865.120)
For documentation on this error, please visit: https://www.seleniumhq.org/exceptions/stale_element_reference.html
Build info: version: '3.141.59', revision: 'e82be7d358', time: '2018-11-14T08:17:03'
System info: host: 'ALAM-PC', ip: '192.168.43.227', os.name: 'Windows 7', os.arch: 'amd64', os.version: '6.1', java.version: '1.8.0_201'
Driver info: org.openqa.selenium.chrome.ChromeDriver
Capabilities {acceptInsecureCerts: false, browserName: chrome, browserVersion: 77.0.3865.120, chrome: {chromedriverVersion: 77.0.3865.40 (f484704e052e0..., userDataDir: C:\Users\Alam\AppData\Local...}, goog:chromeOptions: {debuggerAddress: localhost:50283}, javascriptEnabled: true, networkConnectionEnabled: false, pageLoadStrategy: normal, platform: XP, platformName: XP, proxy: Proxy(), setWindowRect: true, strictFileInteractability: false, timeouts: {implicit: 0, pageLoad: 300000, script: 30000}, unhandledPromptBehavior: dismiss and notify}
Session ID: 5802bdfb38fd0b95f7cefe7387f91383
2019-10-30 14:01:36,800 [main] INFO com.odoo.webutils.MyTestListener - createOpportunity script is passed
2019-10-30 14:02:00,507 [main] INFO com.odoo.webutils.MyTestListener - scheduledActivity script execution starts
2019-10-30 14:02:40,357 [main] INFO com.odoo.webutils.MyTestListener - scheduledActivity script is passed
2019-10-30 14:03:03,830 [main] INFO com.odoo.webutils.MyTestListener - Browser Closed
2019-10-30 14:03:04,365 [main] INFO com.odoo.webutils.MyTestListener - ExcelReport generated
2019-10-30 14:03:04,367 [main] INFO com.odoo.webutils.MyTestListener - Framework execution Time Taken: 287.0seconds
2019-10-30 14:03:04,368 [main] INFO com.odoo.webutils.MyTestListener - Framework execution ends
