2019-10-20 17:05:05,909 [main] INFO com.odoo.webutils.MyTestListener - Framework execution starts
2019-10-20 17:05:16,940 [main] INFO com.odoo.webutils.MyTestListener - Browser Launched and maximized
2019-10-20 17:05:21,680 [main] INFO com.odoo.webutils.MyTestListener - createSalesTeam script execution starts
2019-10-20 17:06:28,375 [main] FATAL com.odoo.webutils.MyTestListener - element not interactable
  (Session info: chrome=77.0.3865.120)
Build info: version: '3.141.59', revision: 'e82be7d358', time: '2018-11-14T08:17:03'
System info: host: 'LAPTOP-RQOJ408I', ip: '192.168.0.110', os.name: 'Windows 10', os.arch: 'amd64', os.version: '10.0', java.version: '1.8.0_211'
Driver info: org.openqa.selenium.chrome.ChromeDriver
Capabilities {acceptInsecureCerts: false, browserName: chrome, browserVersion: 77.0.3865.120, chrome: {chromedriverVersion: 77.0.3865.40 (f484704e052e0..., userDataDir: C:\Users\ASUS\AppData\Local...}, goog:chromeOptions: {debuggerAddress: localhost:65153}, javascriptEnabled: true, networkConnectionEnabled: false, pageLoadStrategy: normal, platform: XP, platformName: XP, proxy: Proxy(), setWindowRect: true, strictFileInteractability: false, timeouts: {implicit: 0, pageLoad: 300000, script: 30000}, unhandledPromptBehavior: dismiss and notify}
Session ID: 6527423e06e3a1d7ed9d2142d4b9d57e
2019-10-20 17:06:28,388 [main] WARN com.odoo.webutils.MyTestListener - createSalesTeam script is failed
2019-10-20 17:06:29,069 [main] INFO com.odoo.webutils.MyTestListener - Screenshot has been taken 
2019-10-20 17:06:34,237 [main] FATAL com.odoo.webutils.MyTestListener - element click intercepted: Element <a aria-expanded="false" class="dropdown-toggle" data-display="static" data-toggle="dropdown" href="#" role="button">...</a> is not clickable at point (1420, 23). Other element would receive the click: <div role="dialog" class="modal o_technical_modal show" tabindex="-1" data-backdrop="static" id="modal_153" open="open" aria-modal="true" style="display: block;">...</div>
  (Session info: chrome=77.0.3865.120)
Build info: version: '3.141.59', revision: 'e82be7d358', time: '2018-11-14T08:17:03'
System info: host: 'LAPTOP-RQOJ408I', ip: '192.168.0.110', os.name: 'Windows 10', os.arch: 'amd64', os.version: '10.0', java.version: '1.8.0_211'
Driver info: org.openqa.selenium.chrome.ChromeDriver
Capabilities {acceptInsecureCerts: false, browserName: chrome, browserVersion: 77.0.3865.120, chrome: {chromedriverVersion: 77.0.3865.40 (f484704e052e0..., userDataDir: C:\Users\ASUS\AppData\Local...}, goog:chromeOptions: {debuggerAddress: localhost:65153}, javascriptEnabled: true, networkConnectionEnabled: false, pageLoadStrategy: normal, platform: XP, platformName: XP, proxy: Proxy(), setWindowRect: true, strictFileInteractability: false, timeouts: {implicit: 0, pageLoad: 300000, script: 30000}, unhandledPromptBehavior: dismiss and notify}
Session ID: 6527423e06e3a1d7ed9d2142d4b9d57e
2019-10-20 17:06:35,126 [main] INFO com.odoo.webutils.MyTestListener - Browser Closed
2019-10-20 17:06:35,313 [main] INFO com.odoo.webutils.MyTestListener - ExcelReport generated
2019-10-20 17:06:35,314 [main] INFO com.odoo.webutils.MyTestListener - Framework execution Time Taken: 89.0seconds
2019-10-20 17:06:35,315 [main] INFO com.odoo.webutils.MyTestListener - Framework execution ends
